This file contains any messages produced by compilers while
running configure, to aid debugging if configure makes a mistake.

It was created by configure, which was
generated by GNU Autoconf 2.64.  Invocation command line was

  $ ../binutils-2.21.1/configure --target=sparc64-sun-xomb --prefix=/home/att14/ultraxomb/local --disable-werror --enable-gold --enable-plugins

## --------- ##
## Platform. ##
## --------- ##

hostname = deadreckoning
uname -m = x86_64
uname -r = 3.0-ARCH
uname -s = Linux
uname -v = #1 SMP PREEMPT Wed Aug 17 21:55:57 CEST 2011

/usr/bin/uname -p = unknown
/bin/uname -X     = unknown

/bin/arch              = x86_64
/usr/bin/arch -k       = unknown
/usr/convex/getsysinfo = unknown
/usr/bin/hostinfo      = unknown
/bin/machine           = unknown
/usr/bin/oslevel       = unknown
/bin/universe          = unknown

PATH: /home/att14/ultraxomb/local/bin
PATH: /bin
PATH: /usr/bin
PATH: /sbin
PATH: /usr/sbin
PATH: /usr/local/bin
PATH: /usr/local/games
PATH: /opt/google-appengine
PATH: /opt/java/bin
PATH: /opt/java/db/bin
PATH: /opt/java/jre/bin
PATH: /usr/bin/site_perl
PATH: /usr/bin/vendor_perl
PATH: /usr/bin/core_perl


## ----------- ##
## Core tests. ##
## ----------- ##

configure:2197: checking build system type
configure:2211: result: x86_64-unknown-linux-gnu
configure:2258: checking host system type
configure:2271: result: x86_64-unknown-linux-gnu
configure:2291: checking target system type
configure:2304: result: sparc64-sun-xomb
configure:2358: checking for a BSD-compatible install
configure:2426: result: /bin/install -c
configure:2437: checking whether ln works
configure:2459: result: yes
configure:2463: checking whether ln -s works
configure:2467: result: yes
configure:2474: checking for a sed that does not truncate output
configure:2538: result: /bin/sed
configure:2547: checking for gawk
configure:2563: found /bin/gawk
configure:2574: result: gawk
configure:3858: checking for gcc
configure:3874: found /usr/bin/gcc
configure:3885: result: gcc
configure:4114: checking for C compiler version
configure:4123: gcc --version >&5
gcc (GCC) 4.6.1
Copyright (C) 2011 Free Software Foundation, Inc.
This is free software; see the source for copying conditions.  There is NO
warranty; not even for MERCHANTABILITY or FITNESS FOR A PARTICULAR PURPOSE.

configure:4134: $? = 0
configure:4123: gcc -v >&5
Using built-in specs.
COLLECT_GCC=gcc
COLLECT_LTO_WRAPPER=/usr/lib/gcc/x86_64-unknown-linux-gnu/4.6.1/lto-wrapper
Target: x86_64-unknown-linux-gnu
Configured with: /build/src/gcc-4.6.1/configure --prefix=/usr --libdir=/usr/lib --libexecdir=/usr/lib --mandir=/usr/share/man --infodir=/usr/share/info --with-bugurl=https://bugs.archlinux.org/ --enable-languages=c,c++,ada,fortran,go,lto,objc,obj-c++ --enable-shared --enable-threads=posix --with-system-zlib --enable-__cxa_atexit --disable-libunwind-exceptions --enable-clocale=gnu --enable-gnu-unique-object --enable-linker-build-id --with-ppl --enable-cloog-backend=isl --enable-lto --enable-gold --enable-ld=default --enable-plugin --with-plugin-ld=ld.gold --disable-multilib --disable-libstdcxx-pch --enable-checking=release
Thread model: posix
gcc version 4.6.1 (GCC) 
configure:4134: $? = 0
configure:4123: gcc -V >&5
gcc: error: unrecognized option '-V'
gcc: fatal error: no input files
compilation terminated.
configure:4134: $? = 1
configure:4123: gcc -qversion >&5
gcc: error: unrecognized option '-qversion'
gcc: fatal error: no input files
compilation terminated.
configure:4134: $? = 1
configure:4154: checking for C compiler default output file name
configure:4176: gcc    conftest.c  >&5
configure:4180: $? = 0
configure:4217: result: a.out
configure:4233: checking whether the C compiler works
configure:4242: ./a.out
configure:4246: $? = 0
configure:4261: result: yes
configure:4268: checking whether we are cross compiling
configure:4270: result: no
configure:4273: checking for suffix of executables
configure:4280: gcc -o conftest    conftest.c  >&5
configure:4284: $? = 0
configure:4306: result: 
configure:4312: checking for suffix of object files
configure:4334: gcc -c   conftest.c >&5
configure:4338: $? = 0
configure:4359: result: o
configure:4363: checking whether we are using the GNU C compiler
configure:4382: gcc -c   conftest.c >&5
configure:4382: $? = 0
configure:4391: result: yes
configure:4400: checking whether gcc accepts -g
configure:4420: gcc -c -g  conftest.c >&5
configure:4420: $? = 0
configure:4461: result: yes
configure:4478: checking for gcc option to accept ISO C89
configure:4542: gcc  -c -g -O2  conftest.c >&5
configure:4542: $? = 0
configure:4555: result: none needed
configure:4633: checking for g++
configure:4649: found /usr/bin/g++
configure:4660: result: g++
configure:4687: checking for C++ compiler version
configure:4696: g++ --version >&5
g++ (GCC) 4.6.1
Copyright (C) 2011 Free Software Foundation, Inc.
This is free software; see the source for copying conditions.  There is NO
warranty; not even for MERCHANTABILITY or FITNESS FOR A PARTICULAR PURPOSE.

configure:4707: $? = 0
configure:4696: g++ -v >&5
Using built-in specs.
COLLECT_GCC=g++
COLLECT_LTO_WRAPPER=/usr/lib/gcc/x86_64-unknown-linux-gnu/4.6.1/lto-wrapper
Target: x86_64-unknown-linux-gnu
Configured with: /build/src/gcc-4.6.1/configure --prefix=/usr --libdir=/usr/lib --libexecdir=/usr/lib --mandir=/usr/share/man --infodir=/usr/share/info --with-bugurl=https://bugs.archlinux.org/ --enable-languages=c,c++,ada,fortran,go,lto,objc,obj-c++ --enable-shared --enable-threads=posix --with-system-zlib --enable-__cxa_atexit --disable-libunwind-exceptions --enable-clocale=gnu --enable-gnu-unique-object --enable-linker-build-id --with-ppl --enable-cloog-backend=isl --enable-lto --enable-gold --enable-ld=default --enable-plugin --with-plugin-ld=ld.gold --disable-multilib --disable-libstdcxx-pch --enable-checking=release
Thread model: posix
gcc version 4.6.1 (GCC) 
configure:4707: $? = 0
configure:4696: g++ -V >&5
g++: error: unrecognized option '-V'
g++: fatal error: no input files
compilation terminated.
configure:4707: $? = 1
configure:4696: g++ -qversion >&5
g++: error: unrecognized option '-qversion'
g++: fatal error: no input files
compilation terminated.
configure:4707: $? = 1
configure:4711: checking whether we are using the GNU C++ compiler
configure:4730: g++ -c   conftest.cpp >&5
configure:4730: $? = 0
configure:4739: result: yes
configure:4748: checking whether g++ accepts -g
configure:4768: g++ -c -g  conftest.cpp >&5
configure:4768: $? = 0
configure:4809: result: yes
configure:4898: checking for gnatbind
configure:4928: result: no
configure:4990: checking for gnatmake
configure:5020: result: no
configure:5039: checking whether compiler driver understands Ada
configure:5062: result: no
configure:5071: checking how to compare bootstrapped objects
configure:5096: result: cmp --ignore-initial=16 $$f1 $$f2
configure:5112: checking for objdir
configure:5127: result: .libs
configure:5658: checking for version 0.10 (or later revision) of PPL
configure:5675: gcc -c -g -O2    conftest.c >&5
configure:5675: $? = 0
configure:5676: result: yes
configure:5753: checking for version 0.15.5 (or later revision) of CLooG
configure:5770: gcc -c -g -O2  -DCLOOG_PPL_BACKEND     conftest.c >&5
In file included from /usr/include/cloog/cloog.h:45:0,
                 from conftest.c:10:
/usr/include/cloog/int.h:34:2: error: #error "No integer type defined"
/usr/include/cloog/int.h:122:1: error: unknown type name 'cloog_int_t'
/usr/include/cloog/int.h:122:23: error: unknown type name 'cloog_int_t'
/usr/include/cloog/int.h:122:38: error: unknown type name 'cloog_int_t'
/usr/include/cloog/int.h:154:2: error: unknown type name 'cloog_int_t'
/usr/include/cloog/int.h:160:30: error: unknown type name 'cloog_int_t'
/usr/include/cloog/int.h:161:20: error: unknown type name 'cloog_int_t'
/usr/include/cloog/int.h:161:38: error: unknown type name 'cloog_int_t'
/usr/include/cloog/int.h:162:20: error: unknown type name 'cloog_int_t'
/usr/include/cloog/int.h:162:38: error: unknown type name 'cloog_int_t'
/usr/include/cloog/int.h:163:24: error: unknown type name 'cloog_int_t'
/usr/include/cloog/int.h:163:42: error: unknown type name 'cloog_int_t'
/usr/include/cloog/int.h:163:58: error: unknown type name 'cloog_int_t'
/usr/include/cloog/int.h:164:4: error: unknown type name 'cloog_int_t'
/usr/include/cloog/int.h:164:20: error: unknown type name 'cloog_int_t'
/usr/include/cloog/int.h:165:20: error: unknown type name 'cloog_int_t'
/usr/include/cloog/int.h:165:50: error: unknown type name 'cloog_int_t'
/usr/include/cloog/int.h:166:22: error: unknown type name 'cloog_int_t'
/usr/include/cloog/int.h:166:39: error: unknown type name 'cloog_int_t'
/usr/include/cloog/int.h:167:26: error: unknown type name 'cloog_int_t'
In file included from /usr/include/cloog/cloog.h:46:0,
                 from conftest.c:10:
/usr/include/cloog/matrix.h:41:3: error: unknown type name 'cloog_int_t'
/usr/include/cloog/matrix.h:42:3: error: unknown type name 'cloog_int_t'
In file included from /usr/include/cloog/cloog.h:47:0,
                 from conftest.c:10:
/usr/include/cloog/state.h:14:3: error: unknown type name 'cloog_int_t'
/usr/include/cloog/state.h:15:3: error: unknown type name 'cloog_int_t'
/usr/include/cloog/state.h:16:3: error: unknown type name 'cloog_int_t'
In file included from /usr/include/cloog/cloog.h:50:0,
                 from conftest.c:10:
/usr/include/cloog/constraints.h:81:49: error: unknown type name 'cloog_int_t'
/usr/include/cloog/constraints.h:105:4: error: unknown type name 'cloog_int_t'
/usr/include/cloog/constraints.h:107:13: error: unknown type name 'cloog_int_t'
/usr/include/cloog/constraints.h:109:13: error: unknown type name 'cloog_int_t'
/usr/include/cloog/constraints.h:112:4: error: unknown type name 'cloog_int_t'
In file included from /usr/include/cloog/cloog.h:51:0,
                 from conftest.c:10:
/usr/include/cloog/stride.h:13:3: error: unknown type name 'cloog_int_t'
/usr/include/cloog/stride.h:14:3: error: unknown type name 'cloog_int_t'
/usr/include/cloog/stride.h:15:3: error: unknown type name 'cloog_int_t'
/usr/include/cloog/stride.h:20:33: error: unknown type name 'cloog_int_t'
/usr/include/cloog/stride.h:20:53: error: unknown type name 'cloog_int_t'
/usr/include/cloog/stride.h:21:49: error: unknown type name 'cloog_int_t'
/usr/include/cloog/stride.h:22:31: error: unknown type name 'cloog_int_t'
In file included from /usr/include/cloog/cloog.h:52:0,
                 from conftest.c:10:
/usr/include/cloog/domain.h:132:55: error: unknown type name 'cloog_int_t'
/usr/include/cloog/domain.h:132:70: error: unknown type name 'cloog_int_t'
/usr/include/cloog/domain.h:142:9: error: unknown type name 'cloog_int_t'
/usr/include/cloog/domain.h:144:9: error: unknown type name 'cloog_int_t'
/usr/include/cloog/domain.h:155:14: error: unknown type name 'cloog_int_t'
/usr/include/cloog/domain.h:155:31: error: unknown type name 'cloog_int_t'
In file included from /usr/include/cloog/cloog.h:54:0,
                 from conftest.c:10:
/usr/include/cloog/block.h:65:3: error: unknown type name 'cloog_int_t'
/usr/include/cloog/block.h:107:9: error: unknown type name 'cloog_int_t'
In file included from /usr/include/cloog/cloog.h:59:0,
                 from conftest.c:10:
/usr/include/cloog/clast.h:30:5: error: unknown type name 'cloog_int_t'
/usr/include/cloog/clast.h:48:5: error: unknown type name 'cloog_int_t'
/usr/include/cloog/clast.h:99:5: error: unknown type name 'cloog_int_t'
/usr/include/cloog/clast.h:124:35: error: unknown type name 'cloog_int_t'
/usr/include/cloog/clast.h:126:35: error: unknown type name 'cloog_int_t'
configure:5770: $? = 1
configure: failed program was:
| /* confdefs.h */
| #define PACKAGE_NAME ""
| #define PACKAGE_TARNAME ""
| #define PACKAGE_VERSION ""
| #define PACKAGE_STRING ""
| #define PACKAGE_BUGREPORT ""
| #define PACKAGE_URL ""
| #define LT_OBJDIR ".libs/"
| /* end confdefs.h.  */
| #include "cloog/cloog.h"
| int
| main ()
| {
| 
|   #if ((CLOOG_VERSION_MAJOR < 0) || (CLOOG_VERSION_MAJOR == 0 && CLOOG_VERSION_MINOR < 15) || (CLOOG_VERSION_MAJOR == 0 && CLOOG_VERSION_MINOR == 15 && CLOOG_VERSION_REVISION < 5))
|   choke me
|   #endif
| 
|   ;
|   return 0;
| }
configure:5795: result: no
configure:6838: checking for default BUILD_CONFIG
configure:6870: result: 
configure:7317: checking for bison
configure:7333: found /usr/bin/bison
configure:7344: result: bison -y
configure:7365: checking for bison
configure:7381: found /usr/bin/bison
configure:7392: result: bison
configure:7412: checking for gm4
configure:7442: result: no
configure:7412: checking for gnum4
configure:7442: result: no
configure:7412: checking for m4
configure:7428: found /usr/bin/m4
configure:7439: result: m4
configure:7459: checking for flex
configure:7475: found /usr/bin/flex
configure:7486: result: flex
configure:7507: checking for flex
configure:7523: found /usr/bin/flex
configure:7534: result: flex
configure:7554: checking for makeinfo
configure:7570: found /usr/bin/makeinfo
configure:7581: result: makeinfo
configure:7615: checking for expect
configure:7631: found /usr/bin/expect
configure:7642: result: expect
configure:7664: checking for runtest
configure:7694: result: no
configure:7809: checking for ar
configure:7825: found /usr/bin/ar
configure:7836: result: ar
configure:7950: checking for as
configure:7966: found /usr/bin/as
configure:7977: result: as
configure:8091: checking for dlltool
configure:8121: result: no
configure:8232: checking for ld
configure:8248: found /usr/bin/ld
configure:8259: result: ld
configure:8373: checking for lipo
configure:8403: result: no
configure:8514: checking for nm
configure:8530: found /usr/bin/nm
configure:8541: result: nm
configure:8655: checking for ranlib
configure:8671: found /usr/bin/ranlib
configure:8682: result: ranlib
configure:8791: checking for strip
configure:8807: found /usr/bin/strip
configure:8818: result: strip
configure:8927: checking for windres
configure:8957: result: no
configure:9068: checking for windmc
configure:9098: result: no
configure:9209: checking for objcopy
configure:9225: found /usr/bin/objcopy
configure:9236: result: objcopy
configure:9350: checking for objdump
configure:9366: found /usr/bin/objdump
configure:9377: result: objdump
configure:9491: checking for sparc64-sun-xomb-cc
configure:9521: result: no
configure:9491: checking for sparc64-sun-xomb-gcc
configure:9521: result: no
configure:9652: checking for sparc64-sun-xomb-c++
configure:9682: result: no
configure:9652: checking for sparc64-sun-xomb-g++
configure:9682: result: no
configure:9652: checking for sparc64-sun-xomb-cxx
configure:9682: result: no
configure:9652: checking for sparc64-sun-xomb-gxx
configure:9682: result: no
configure:9813: checking for sparc64-sun-xomb-gcc
configure:9843: result: no
configure:9969: checking for sparc64-sun-xomb-gcj
configure:9999: result: no
configure:10130: checking for sparc64-sun-xomb-gfortran
configure:10160: result: no
configure:10371: checking for sparc64-sun-xomb-ar
configure:10401: result: no
configure:10601: checking for sparc64-sun-xomb-as
configure:10631: result: no
configure:10831: checking for sparc64-sun-xomb-dlltool
configure:10861: result: no
configure:11061: checking for sparc64-sun-xomb-ld
configure:11091: result: no
configure:11291: checking for sparc64-sun-xomb-lipo
configure:11321: result: no
configure:11521: checking for sparc64-sun-xomb-nm
configure:11551: result: no
configure:11751: checking for sparc64-sun-xomb-objdump
configure:11781: result: no
configure:11981: checking for sparc64-sun-xomb-ranlib
configure:12011: result: no
configure:12211: checking for sparc64-sun-xomb-strip
configure:12241: result: no
configure:12441: checking for sparc64-sun-xomb-windres
configure:12471: result: no
configure:12671: checking for sparc64-sun-xomb-windmc
configure:12701: result: no
configure:12768: checking where to find the target ar
configure:12791: result: just compiled
configure:12810: checking where to find the target as
configure:12833: result: just compiled
configure:12852: checking where to find the target cc
configure:12889: result: pre-installed
configure:12894: checking where to find the target c++
configure:12934: result: pre-installed
configure:12939: checking where to find the target c++ for libstdc++
configure:12979: result: pre-installed
configure:12984: checking where to find the target dlltool
configure:13007: result: just compiled
configure:13026: checking where to find the target gcc
configure:13063: result: pre-installed
configure:13068: checking where to find the target gcj
configure:13108: result: pre-installed
configure:13113: checking where to find the target gfortran
configure:13153: result: pre-installed
configure:13158: checking where to find the target ld
configure:13181: result: just compiled
configure:13200: checking where to find the target lipo
configure:13226: result: pre-installed
configure:13231: checking where to find the target nm
configure:13254: result: just compiled
configure:13273: checking where to find the target objdump
configure:13296: result: just compiled
configure:13315: checking where to find the target ranlib
configure:13338: result: just compiled
configure:13357: checking where to find the target strip
configure:13380: result: just compiled
configure:13399: checking where to find the target windres
configure:13422: result: just compiled
configure:13441: checking where to find the target windmc
configure:13464: result: just compiled
configure:13511: checking whether to enable maintainer-specific portions of Makefiles
configure:13520: result: no
configure:13553: checking whether -fkeep-inline-functions is supported
configure:13572: gcc -c -g -O2 -fkeep-inline-functions  conftest.c >&5
configure:13572: $? = 0
configure:13573: result: yes
configure:13770: creating ./config.status

## ---------------------- ##
## Running config.status. ##
## ---------------------- ##

This file was extended by config.status, which was
generated by GNU Autoconf 2.64.  Invocation command line was

  CONFIG_FILES    = 
  CONFIG_HEADERS  = 
  CONFIG_LINKS    = 
  CONFIG_COMMANDS = 
  $ ./config.status 

on deadreckoning

config.status:931: creating Makefile

## ---------------- ##
## Cache variables. ##
## ---------------- ##

ac_cv_build=x86_64-unknown-linux-gnu
ac_cv_c_compiler_gnu=yes
ac_cv_cxx_compiler_gnu=yes
ac_cv_env_AR_FOR_TARGET_set=
ac_cv_env_AR_FOR_TARGET_value=
ac_cv_env_AR_set=
ac_cv_env_AR_value=
ac_cv_env_AS_FOR_TARGET_set=
ac_cv_env_AS_FOR_TARGET_value=
ac_cv_env_AS_set=
ac_cv_env_AS_value=
ac_cv_env_CCC_set=
ac_cv_env_CCC_value=
ac_cv_env_CC_FOR_TARGET_set=
ac_cv_env_CC_FOR_TARGET_value=
ac_cv_env_CC_set=
ac_cv_env_CC_value=
ac_cv_env_CFLAGS_set=
ac_cv_env_CFLAGS_value=
ac_cv_env_CPPFLAGS_set=
ac_cv_env_CPPFLAGS_value=
ac_cv_env_CXXFLAGS_set=
ac_cv_env_CXXFLAGS_value=
ac_cv_env_CXX_FOR_TARGET_set=
ac_cv_env_CXX_FOR_TARGET_value=
ac_cv_env_CXX_set=
ac_cv_env_CXX_value=
ac_cv_env_DLLTOOL_FOR_TARGET_set=
ac_cv_env_DLLTOOL_FOR_TARGET_value=
ac_cv_env_DLLTOOL_set=
ac_cv_env_DLLTOOL_value=
ac_cv_env_GCC_FOR_TARGET_set=
ac_cv_env_GCC_FOR_TARGET_value=
ac_cv_env_GCJ_FOR_TARGET_set=
ac_cv_env_GCJ_FOR_TARGET_value=
ac_cv_env_GFORTRAN_FOR_TARGET_set=
ac_cv_env_GFORTRAN_FOR_TARGET_value=
ac_cv_env_LDFLAGS_set=
ac_cv_env_LDFLAGS_value=
ac_cv_env_LD_FOR_TARGET_set=
ac_cv_env_LD_FOR_TARGET_value=
ac_cv_env_LD_set=
ac_cv_env_LD_value=
ac_cv_env_LIBS_set=
ac_cv_env_LIBS_value=
ac_cv_env_LIPO_FOR_TARGET_set=
ac_cv_env_LIPO_FOR_TARGET_value=
ac_cv_env_LIPO_set=
ac_cv_env_LIPO_value=
ac_cv_env_NM_FOR_TARGET_set=
ac_cv_env_NM_FOR_TARGET_value=
ac_cv_env_NM_set=
ac_cv_env_NM_value=
ac_cv_env_OBJCOPY_set=
ac_cv_env_OBJCOPY_value=
ac_cv_env_OBJDUMP_FOR_TARGET_set=
ac_cv_env_OBJDUMP_FOR_TARGET_value=
ac_cv_env_OBJDUMP_set=
ac_cv_env_OBJDUMP_value=
ac_cv_env_RANLIB_FOR_TARGET_set=
ac_cv_env_RANLIB_FOR_TARGET_value=
ac_cv_env_RANLIB_set=
ac_cv_env_RANLIB_value=
ac_cv_env_STRIP_FOR_TARGET_set=
ac_cv_env_STRIP_FOR_TARGET_value=
ac_cv_env_STRIP_set=
ac_cv_env_STRIP_value=
ac_cv_env_WINDMC_FOR_TARGET_set=
ac_cv_env_WINDMC_FOR_TARGET_value=
ac_cv_env_WINDMC_set=
ac_cv_env_WINDMC_value=
ac_cv_env_WINDRES_FOR_TARGET_set=
ac_cv_env_WINDRES_FOR_TARGET_value=
ac_cv_env_WINDRES_set=
ac_cv_env_WINDRES_value=
ac_cv_env_build_alias_set=
ac_cv_env_build_alias_value=
ac_cv_env_build_configargs_set=
ac_cv_env_build_configargs_value=
ac_cv_env_host_alias_set=
ac_cv_env_host_alias_value=
ac_cv_env_host_configargs_set=
ac_cv_env_host_configargs_value=
ac_cv_env_target_alias_set=set
ac_cv_env_target_alias_value=sparc64-sun-xomb
ac_cv_env_target_configargs_set=
ac_cv_env_target_configargs_value=
ac_cv_host=x86_64-unknown-linux-gnu
ac_cv_objext=o
ac_cv_path_SED=/bin/sed
ac_cv_path_install='/bin/install -c'
ac_cv_prog_AR=ar
ac_cv_prog_AS=as
ac_cv_prog_AWK=gawk
ac_cv_prog_BISON=bison
ac_cv_prog_EXPECT=expect
ac_cv_prog_FLEX=flex
ac_cv_prog_LD=ld
ac_cv_prog_LEX=flex
ac_cv_prog_M4=m4
ac_cv_prog_MAKEINFO=makeinfo
ac_cv_prog_NM=nm
ac_cv_prog_OBJCOPY=objcopy
ac_cv_prog_OBJDUMP=objdump
ac_cv_prog_RANLIB=ranlib
ac_cv_prog_STRIP=strip
ac_cv_prog_YACC='bison -y'
ac_cv_prog_ac_ct_CC=gcc
ac_cv_prog_ac_ct_CXX=g++
ac_cv_prog_cc_c89=
ac_cv_prog_cc_g=yes
ac_cv_prog_cxx_g=yes
ac_cv_target=sparc64-sun-xomb
acx_cv_cc_gcc_supports_ada=no
acx_cv_prog_LN=ln
gcc_cv_prog_cmp_skip='cmp --ignore-initial=16 $$f1 $$f2'
gcc_cv_tool_dirs=
gcc_cv_tool_prefix=/home/att14/ultraxomb/local
lt_cv_objdir=.libs

## ----------------- ##
## Output variables. ##
## ----------------- ##

AR='ar'
AR_FOR_BUILD='$(AR)'
AR_FOR_TARGET='$$r/$(HOST_SUBDIR)/binutils/ar'
AS='as'
AS_FOR_BUILD='$(AS)'
AS_FOR_TARGET='$$r/$(HOST_SUBDIR)/gas/as-new'
AWK='gawk'
BISON='bison'
BUILD_CONFIG=''
CC='gcc'
CC_FOR_BUILD='$(CC)'
CC_FOR_TARGET='sparc64-sun-xomb-cc'
CFLAGS='-g -O2'
CFLAGS_FOR_BUILD='-g -O2'
CFLAGS_FOR_TARGET='-g -O2'
COMPILER_AS_FOR_TARGET='$(AS_FOR_TARGET)'
COMPILER_LD_FOR_TARGET='$(LD_FOR_TARGET)'
COMPILER_NM_FOR_TARGET='$(NM_FOR_TARGET)'
CONFIGURE_GDB_TK=''
CPPFLAGS=''
CXX='g++'
CXXFLAGS='-g -O2'
CXXFLAGS_FOR_BUILD='-g -O2'
CXXFLAGS_FOR_TARGET='-g -O2'
CXX_FOR_BUILD='$(CXX)'
CXX_FOR_TARGET='sparc64-sun-xomb-c++'
DEBUG_PREFIX_CFLAGS_FOR_TARGET=''
DEFS='-DPACKAGE_NAME=\"\" -DPACKAGE_TARNAME=\"\" -DPACKAGE_VERSION=\"\" -DPACKAGE_STRING=\"\" -DPACKAGE_BUGREPORT=\"\" -DPACKAGE_URL=\"\" -DLT_OBJDIR=\".libs/\"'
DLLTOOL='dlltool'
DLLTOOL_FOR_BUILD='$(DLLTOOL)'
DLLTOOL_FOR_TARGET='$$r/$(HOST_SUBDIR)/binutils/dlltool'
ECHO_C=''
ECHO_N='-n'
ECHO_T=''
EXEEXT=''
EXPECT='expect'
FLAGS_FOR_TARGET=' -L$$r/$(HOST_SUBDIR)/ld'
FLEX='flex'
GCC_FOR_TARGET='sparc64-sun-xomb-gcc'
GCC_SHLIB_SUBDIR=''
GCJ_FOR_BUILD='$(GCJ)'
GCJ_FOR_TARGET='sparc64-sun-xomb-gcj'
GDB_TK=''
GFORTRAN_FOR_BUILD='$(GFORTRAN)'
GFORTRAN_FOR_TARGET='sparc64-sun-xomb-gfortran'
GNATBIND='no'
GNATMAKE='no'
INSTALL_DATA='${INSTALL} -m 644'
INSTALL_GDB_TK=''
INSTALL_PROGRAM='${INSTALL}'
INSTALL_SCRIPT='${INSTALL}'
LD='ld'
LDFLAGS=''
LDFLAGS_FOR_BUILD=''
LD_FOR_BUILD='$(LD)'
LD_FOR_TARGET='$$r/$(HOST_SUBDIR)/ld/ld-new'
LEX='flex'
LIBOBJS=''
LIBS=''
LIPO='lipo'
LIPO_FOR_TARGET='sparc64-sun-xomb-lipo'
LN='ln'
LN_S='ln -s'
LTLIBOBJS=''
M4='m4'
MAINT='#'
MAINTAINER_MODE_FALSE=''
MAINTAINER_MODE_TRUE='#'
MAKEINFO='makeinfo'
NM='nm'
NM_FOR_BUILD='$(NM)'
NM_FOR_TARGET='$$r/$(HOST_SUBDIR)/binutils/nm-new'
OBJCOPY='objcopy'
OBJDUMP='objdump'
OBJDUMP_FOR_TARGET='$$r/$(HOST_SUBDIR)/binutils/objdump'
OBJEXT='o'
PACKAGE_BUGREPORT=''
PACKAGE_NAME=''
PACKAGE_STRING=''
PACKAGE_TARNAME=''
PACKAGE_URL=''
PACKAGE_VERSION=''
PATH_SEPARATOR=':'
RANLIB='ranlib'
RANLIB_FOR_BUILD='$(RANLIB)'
RANLIB_FOR_TARGET='$$r/$(HOST_SUBDIR)/binutils/ranlib'
RAW_CXX_FOR_TARGET='sparc64-sun-xomb-c++'
RPATH_ENVVAR='LD_LIBRARY_PATH'
RUNTEST='runtest'
SED='/bin/sed'
SHELL='/bin/sh'
STRIP='strip'
STRIP_FOR_TARGET='$$r/$(HOST_SUBDIR)/binutils/strip'
SYSROOT_CFLAGS_FOR_TARGET=''
TOPLEVEL_CONFIGURE_ARGUMENTS='../binutils-2.21.1/configure --target=sparc64-sun-xomb --prefix=/home/att14/ultraxomb/local --disable-werror --enable-gold --enable-plugins'
WINDMC='windmc'
WINDMC_FOR_BUILD='$(WINDMC)'
WINDMC_FOR_TARGET='$$r/$(HOST_SUBDIR)/binutils/windmc'
WINDRES='windres'
WINDRES_FOR_BUILD='$(WINDRES)'
WINDRES_FOR_TARGET='$$r/$(HOST_SUBDIR)/binutils/windres'
YACC='bison -y'
ac_ct_CC='gcc'
ac_ct_CXX='g++'
bindir='${exec_prefix}/bin'
build='x86_64-unknown-linux-gnu'
build_alias=''
build_configargs=' --cache-file=../config.cache '\''--prefix=/home/att14/ultraxomb/local'\'' '\''--disable-werror'\'' '\''--enable-gold'\'' '\''--enable-plugins'\'' --program-transform-name='\''s&^&sparc64-sun-xomb-&'\'' --disable-option-checking'
build_configdirs=' libiberty'
build_cpu='x86_64'
build_libsubdir='build-x86_64-unknown-linux-gnu'
build_noncanonical='x86_64-unknown-linux-gnu'
build_os='linux-gnu'
build_subdir='build-x86_64-unknown-linux-gnu'
build_tooldir='${exec_prefix}/sparc64-sun-xomb'
build_vendor='unknown'
clooginc=''
clooglibs=''
compare_exclusions='gcc/cc*-checksum$(objext) | gcc/ada/*tools/*'
config_shell='/bin/sh'
configdirs=' intl libiberty opcodes bfd binutils gas ld gprof etc'
datadir='${datarootdir}'
datarootdir='${prefix}/share'
do_compare='cmp --ignore-initial=16 $$f1 $$f2'
docdir='${datarootdir}/doc/${PACKAGE}'
dvidir='${docdir}'
exec_prefix='${prefix}'
extra_host_libiberty_configure_flags=''
extra_mpc_gmp_configure_flags=''
extra_mpc_mpfr_configure_flags=''
extra_mpfr_configure_flags=''
gmpinc=''
gmplibs='-lmpc -lmpfr -lgmp'
host='x86_64-unknown-linux-gnu'
host_alias=''
host_configargs=' --cache-file=./config.cache  --with-gnu-as --with-gnu-ld --with-system-zlib '\''--prefix=/home/att14/ultraxomb/local'\'' '\''--disable-werror'\'' '\''--enable-gold'\'' '\''--enable-plugins'\'' --program-transform-name='\''s&^&sparc64-sun-xomb-&'\'' --disable-option-checking'
host_cpu='x86_64'
host_noncanonical='x86_64-unknown-linux-gnu'
host_os='linux-gnu'
host_subdir='.'
host_vendor='unknown'
htmldir='${docdir}'
includedir='${prefix}/include'
infodir='${datarootdir}/info'
libdir='${exec_prefix}/lib'
libexecdir='${exec_prefix}/libexec'
localedir='${datarootdir}/locale'
localstatedir='${prefix}/var'
mandir='${datarootdir}/man'
oldincludedir='/usr/include'
pdfdir='${docdir}'
poststage1_ldflags=''
poststage1_libs=''
pplinc=''
ppllibs=' -lppl_c -lppl -lgmpxx'
prefix='/home/att14/ultraxomb/local'
program_transform_name='s&^&sparc64-sun-xomb-&'
psdir='${docdir}'
sbindir='${exec_prefix}/sbin'
sharedstatedir='${prefix}/com'
stage1_cflags='-g -fkeep-inline-functions'
stage1_checking='--enable-checking=yes,types'
stage1_languages=',c,'
stage1_ldflags=''
stage1_libs=''
stage2_werror_flag=''
sysconfdir='${prefix}/etc'
target='sparc64-sun-xomb'
target_alias='sparc64-sun-xomb'
target_configargs='--cache-file=./config.cache --enable-multilib --with-cross-host=x86_64-unknown-linux-gnu  '\''--prefix=/home/att14/ultraxomb/local'\'' '\''--disable-werror'\'' '\''--enable-gold'\'' '\''--enable-plugins'\'' --program-transform-name='\''s&^&sparc64-sun-xomb-&'\'' --disable-option-checking'
target_configdirs=''
target_cpu='sparc64'
target_noncanonical='sparc64-sun-xomb'
target_os='xomb'
target_subdir='sparc64-sun-xomb'
target_vendor='sun'
tooldir='${exec_prefix}/sparc64-sun-xomb'

## ------------------- ##
## File substitutions. ##
## ------------------- ##

alphaieee_frag='/dev/null'
host_makefile_frag='/dev/null'
ospace_frag='/dev/null'
serialization_dependencies='serdep.tmp'
target_makefile_frag='/dev/null'

## ----------- ##
## confdefs.h. ##
## ----------- ##

/* confdefs.h */
#define PACKAGE_NAME ""
#define PACKAGE_TARNAME ""
#define PACKAGE_VERSION ""
#define PACKAGE_STRING ""
#define PACKAGE_BUGREPORT ""
#define PACKAGE_URL ""
#define LT_OBJDIR ".libs/"

configure: exit 0
