This file contains any messages produced by compilers while
running configure, to aid debugging if configure makes a mistake.

It was created by newlib configure 1.19.0, which was
generated by GNU Autoconf 2.65.  Invocation command line was

  $ /home/edf12/buildtools_cross/build/newlib-1.19.0/newlib/configure --cache-file=./config.cache --with-newlib --enable-multilib --with-cross-host=x86_64-unknown-linux-gnu --prefix=/home/edf12/buildtools_cross/local --with-gmp=/home/edf12/buildtools_cross/local --with-mpfr=/home/edf12/buildtools_cross/local --enable-newlib-hw-fp --program-transform-name=s&^&sparc64-pc-xomb-& --disable-option-checking --with-target-subdir=sparc64-pc-xomb --build=x86_64-unknown-linux-gnu --host=sparc64-pc-xomb --target=sparc64-pc-xomb --srcdir=../../../newlib-1.19.0/newlib

## --------- ##
## Platform. ##
## --------- ##

hostname = deadreckoning
uname -m = x86_64
uname -r = 3.0-ARCH
uname -s = Linux
uname -v = #1 SMP PREEMPT Wed Aug 17 21:55:57 CEST 2011

/usr/bin/uname -p = unknown
/bin/uname -X     = unknown

/bin/arch              = x86_64
/usr/bin/arch -k       = unknown
/usr/convex/getsysinfo = unknown
/usr/bin/hostinfo      = unknown
/bin/machine           = unknown
/usr/bin/oslevel       = unknown
/bin/universe          = unknown

PATH: /home/edf12/buildtools_cross/local/bin/
PATH: /home/edf12/buildtools/local/bin
PATH: /bin
PATH: /usr/bin
PATH: /sbin
PATH: /usr/sbin
PATH: /usr/local/bin
PATH: /usr/local/games
PATH: /opt/google-appengine
PATH: /opt/java/bin
PATH: /opt/java/db/bin
PATH: /opt/java/jre/bin
PATH: /usr/bin/site_perl
PATH: /usr/bin/vendor_perl
PATH: /usr/bin/core_perl


## ----------- ##
## Core tests. ##
## ----------- ##

configure:2101: creating cache ./config.cache
configure:2343: checking build system type
configure:2357: result: x86_64-unknown-linux-gnu
configure:2377: checking host system type
configure:2390: result: sparc64-pc-xomb
configure:2426: checking for a BSD-compatible install
configure:2494: result: /bin/install -c
configure:2505: checking whether build environment is sane
configure:2555: result: yes
configure:2604: checking for sparc64-pc-xomb-strip
configure:2631: result: sparc64-pc-xomb-strip
configure:2696: checking for a thread-safe mkdir -p
configure:2735: result: /bin/mkdir -p
configure:2748: checking for gawk
configure:2775: result: gawk
configure:2786: checking whether make sets $(MAKE)
configure:2808: result: yes
configure:2838: checking for style of include used by make
configure:2866: result: GNU
configure:3075: checking for gcc
configure:3102: result: sparc64-pc-xomb-gcc -B/home/edf12/buildtools_cross/build/newlib-obj/sparc64-pc-xomb/newlib/ -isystem /home/edf12/buildtools_cross/build/newlib-obj/sparc64-pc-xomb/newlib/targ-include -isystem /home/edf12/buildtools_cross/build/newlib-1.19.0/newlib/libc/include -B/home/edf12/buildtools_cross/build/newlib-obj/sparc64-pc-xomb/libgloss/sparc64 -L/home/edf12/buildtools_cross/build/newlib-obj/sparc64-pc-xomb/libgloss/libnosys -L/home/edf12/buildtools_cross/build/newlib-1.19.0/libgloss/sparc64   
configure:3113: checking dependency style of sparc64-pc-xomb-gcc -B/home/edf12/buildtools_cross/build/newlib-obj/sparc64-pc-xomb/newlib/ -isystem /home/edf12/buildtools_cross/build/newlib-obj/sparc64-pc-xomb/newlib/targ-include -isystem /home/edf12/buildtools_cross/build/newlib-1.19.0/newlib/libc/include -B/home/edf12/buildtools_cross/build/newlib-obj/sparc64-pc-xomb/libgloss/sparc64 -L/home/edf12/buildtools_cross/build/newlib-obj/sparc64-pc-xomb/libgloss/libnosys -L/home/edf12/buildtools_cross/build/newlib-1.19.0/libgloss/sparc64   
configure:3223: result: gcc3
configure:3296: checking whether we are using GNU C
configure:3307: sparc64-pc-xomb-gcc -B/home/edf12/buildtools_cross/build/newlib-obj/sparc64-pc-xomb/newlib/ -isystem /home/edf12/buildtools_cross/build/newlib-obj/sparc64-pc-xomb/newlib/targ-include -isystem /home/edf12/buildtools_cross/build/newlib-1.19.0/newlib/libc/include -B/home/edf12/buildtools_cross/build/newlib-obj/sparc64-pc-xomb/libgloss/sparc64 -L/home/edf12/buildtools_cross/build/newlib-obj/sparc64-pc-xomb/libgloss/libnosys -L/home/edf12/buildtools_cross/build/newlib-1.19.0/libgloss/sparc64    -E conftest.c
configure:3310: $? = 0
configure:3317: result: yes
configure:3326: checking whether sparc64-pc-xomb-gcc -B/home/edf12/buildtools_cross/build/newlib-obj/sparc64-pc-xomb/newlib/ -isystem /home/edf12/buildtools_cross/build/newlib-obj/sparc64-pc-xomb/newlib/targ-include -isystem /home/edf12/buildtools_cross/build/newlib-1.19.0/newlib/libc/include -B/home/edf12/buildtools_cross/build/newlib-obj/sparc64-pc-xomb/libgloss/sparc64 -L/home/edf12/buildtools_cross/build/newlib-obj/sparc64-pc-xomb/libgloss/libnosys -L/home/edf12/buildtools_cross/build/newlib-1.19.0/libgloss/sparc64    accepts -g
configure:3346: sparc64-pc-xomb-gcc -B/home/edf12/buildtools_cross/build/newlib-obj/sparc64-pc-xomb/newlib/ -isystem /home/edf12/buildtools_cross/build/newlib-obj/sparc64-pc-xomb/newlib/targ-include -isystem /home/edf12/buildtools_cross/build/newlib-1.19.0/newlib/libc/include -B/home/edf12/buildtools_cross/build/newlib-obj/sparc64-pc-xomb/libgloss/sparc64 -L/home/edf12/buildtools_cross/build/newlib-obj/sparc64-pc-xomb/libgloss/libnosys -L/home/edf12/buildtools_cross/build/newlib-1.19.0/libgloss/sparc64    -c -g  conftest.c >&5
configure:3346: $? = 0
configure: failed program was:
| /* confdefs.h */
| #define PACKAGE_NAME "newlib"
| #define PACKAGE_TARNAME "newlib"
| #define PACKAGE_VERSION "1.19.0"
| #define PACKAGE_STRING "newlib 1.19.0"
| #define PACKAGE_BUGREPORT ""
| #define PACKAGE_URL ""
| /* end confdefs.h.  */
| 
| int
| main ()
| {
| 
|   ;
|   return 0;
| }
configure:3361: sparc64-pc-xomb-gcc -B/home/edf12/buildtools_cross/build/newlib-obj/sparc64-pc-xomb/newlib/ -isystem /home/edf12/buildtools_cross/build/newlib-obj/sparc64-pc-xomb/newlib/targ-include -isystem /home/edf12/buildtools_cross/build/newlib-1.19.0/newlib/libc/include -B/home/edf12/buildtools_cross/build/newlib-obj/sparc64-pc-xomb/libgloss/sparc64 -L/home/edf12/buildtools_cross/build/newlib-obj/sparc64-pc-xomb/libgloss/libnosys -L/home/edf12/buildtools_cross/build/newlib-1.19.0/libgloss/sparc64    -c   conftest.c >&5
configure:3361: $? = 0
configure: failed program was:
| /* confdefs.h */
| #define PACKAGE_NAME "newlib"
| #define PACKAGE_TARNAME "newlib"
| #define PACKAGE_VERSION "1.19.0"
| #define PACKAGE_STRING "newlib 1.19.0"
| #define PACKAGE_BUGREPORT ""
| #define PACKAGE_URL ""
| /* end confdefs.h.  */
| 
| int
| main ()
| {
| 
|   ;
|   return 0;
| }
configure:3377: sparc64-pc-xomb-gcc -B/home/edf12/buildtools_cross/build/newlib-obj/sparc64-pc-xomb/newlib/ -isystem /home/edf12/buildtools_cross/build/newlib-obj/sparc64-pc-xomb/newlib/targ-include -isystem /home/edf12/buildtools_cross/build/newlib-1.19.0/newlib/libc/include -B/home/edf12/buildtools_cross/build/newlib-obj/sparc64-pc-xomb/libgloss/sparc64 -L/home/edf12/buildtools_cross/build/newlib-obj/sparc64-pc-xomb/libgloss/libnosys -L/home/edf12/buildtools_cross/build/newlib-1.19.0/libgloss/sparc64    -c -g  conftest.c >&5
configure:3377: $? = 0
configure: failed program was:
| /* confdefs.h */
| #define PACKAGE_NAME "newlib"
| #define PACKAGE_TARNAME "newlib"
| #define PACKAGE_VERSION "1.19.0"
| #define PACKAGE_STRING "newlib 1.19.0"
| #define PACKAGE_BUGREPORT ""
| #define PACKAGE_URL ""
| /* end confdefs.h.  */
| 
| int
| main ()
| {
| 
|   ;
|   return 0;
| }
configure:3387: result: no
configure:3420: checking for sparc64-pc-xomb-as
configure:3447: result: sparc64-pc-xomb-as
configure:3512: checking for sparc64-pc-xomb-ar
configure:3539: result: sparc64-pc-xomb-ar
configure:3604: checking for sparc64-pc-xomb-ranlib
configure:3631: result: sparc64-pc-xomb-ranlib
configure:3696: checking for sparc64-pc-xomb-readelf
configure:3712: found /home/edf12/buildtools_cross/local/bin//sparc64-pc-xomb-readelf
configure:3723: result: sparc64-pc-xomb-readelf
configure:3792: checking whether to enable maintainer-specific portions of Makefiles
configure:3801: result: no
configure:3908: checking for a sed that does not truncate output
configure:3972: result: /bin/sed
configure:3994: checking how to print strings
configure:4021: result: printf
configure:4046: checking for gawk
configure:4073: result: gawk
configure:12294: checking for .preinit_array/.init_array/.fini_array support
configure:12307: sparc64-pc-xomb-gcc -B/home/edf12/buildtools_cross/build/newlib-obj/sparc64-pc-xomb/newlib/ -isystem /home/edf12/buildtools_cross/build/newlib-obj/sparc64-pc-xomb/newlib/targ-include -isystem /home/edf12/buildtools_cross/build/newlib-1.19.0/newlib/libc/include -B/home/edf12/buildtools_cross/build/newlib-obj/sparc64-pc-xomb/libgloss/sparc64 -L/home/edf12/buildtools_cross/build/newlib-obj/sparc64-pc-xomb/libgloss/libnosys -L/home/edf12/buildtools_cross/build/newlib-1.19.0/libgloss/sparc64    -g -O2  -c -o conftest conftest.c
							1>&5
configure:12310: $? = 0
configure:12323: result: yes
configure:12333: checking whether long double type exists
configure:12353: sparc64-pc-xomb-gcc -B/home/edf12/buildtools_cross/build/newlib-obj/sparc64-pc-xomb/newlib/ -isystem /home/edf12/buildtools_cross/build/newlib-obj/sparc64-pc-xomb/newlib/targ-include -isystem /home/edf12/buildtools_cross/build/newlib-1.19.0/newlib/libc/include -B/home/edf12/buildtools_cross/build/newlib-obj/sparc64-pc-xomb/libgloss/sparc64 -L/home/edf12/buildtools_cross/build/newlib-obj/sparc64-pc-xomb/libgloss/libnosys -L/home/edf12/buildtools_cross/build/newlib-1.19.0/libgloss/sparc64    -g -O2  -c -o conftest.o conftest.c
							1>&5
configure:12356: $? = 0
configure:12365: result: yes
configure:12382: checking whether long double equals double
configure:12398: sparc64-pc-xomb-gcc -B/home/edf12/buildtools_cross/build/newlib-obj/sparc64-pc-xomb/newlib/ -isystem /home/edf12/buildtools_cross/build/newlib-obj/sparc64-pc-xomb/newlib/targ-include -isystem /home/edf12/buildtools_cross/build/newlib-1.19.0/newlib/libc/include -B/home/edf12/buildtools_cross/build/newlib-obj/sparc64-pc-xomb/libgloss/sparc64 -L/home/edf12/buildtools_cross/build/newlib-obj/sparc64-pc-xomb/libgloss/libnosys -L/home/edf12/buildtools_cross/build/newlib-1.19.0/libgloss/sparc64    -g -O2  -c -o conftest.o conftest.c
							1>&5
conftest.c:5:4: error: #error "LDBL != DBL"
configure:12401: $? = 1
configure:12410: result: no
configure:12488: updating cache ./config.cache
configure:12589: creating ./config.status

## ---------------------- ##
## Running config.status. ##
## ---------------------- ##

This file was extended by newlib config.status 1.19.0, which was
generated by GNU Autoconf 2.65.  Invocation command line was

  CONFIG_FILES    = 
  CONFIG_HEADERS  = 
  CONFIG_LINKS    = 
  CONFIG_COMMANDS = 
  $ ./config.status 

on deadreckoning

config.status:1127: creating Makefile
config.status:1127: creating newlib.h
config.status:1340: executing depfiles commands
configure:14890: === configuring in libc (/home/edf12/buildtools_cross/build/newlib-obj/sparc64-pc-xomb/newlib/libc)
configure:14953: running /bin/sh ../../../../newlib-1.19.0/newlib/libc/configure --disable-option-checking '--prefix=/home/edf12/buildtools_cross/local'  '--with-newlib' '--enable-multilib' '--with-cross-host=x86_64-unknown-linux-gnu' '--with-gmp=/home/edf12/buildtools_cross/local' '--with-mpfr=/home/edf12/buildtools_cross/local' '--enable-newlib-hw-fp' '--program-transform-name=s&^&sparc64-pc-xomb-&' '--with-target-subdir=sparc64-pc-xomb' '--build=x86_64-unknown-linux-gnu' '--host=sparc64-pc-xomb' '--target=sparc64-pc-xomb' 'build_alias=x86_64-unknown-linux-gnu' 'host_alias=sparc64-pc-xomb' 'target_alias=sparc64-pc-xomb' 'CC=sparc64-pc-xomb-gcc -B/home/edf12/buildtools_cross/build/newlib-obj/sparc64-pc-xomb/newlib/ -isystem /home/edf12/buildtools_cross/build/newlib-obj/sparc64-pc-xomb/newlib/targ-include -isystem /home/edf12/buildtools_cross/build/newlib-1.19.0/newlib/libc/include -B/home/edf12/buildtools_cross/build/newlib-obj/sparc64-pc-xomb/libgloss/sparc64 -L/home/edf12/buildtools_cross/build/newlib-obj/sparc64-pc-xomb/libgloss/libnosys -L/home/edf12/buildtools_cross/build/newlib-1.19.0/libgloss/sparc64   ' 'CFLAGS=-g -O2' 'LDFLAGS=' 'CPPFLAGS=' --cache-file=.././config.cache --srcdir=../../../../newlib-1.19.0/newlib/libc
configure:14890: === configuring in libm (/home/edf12/buildtools_cross/build/newlib-obj/sparc64-pc-xomb/newlib/libm)
configure:14953: running /bin/sh ../../../../newlib-1.19.0/newlib/libm/configure --disable-option-checking '--prefix=/home/edf12/buildtools_cross/local'  '--with-newlib' '--enable-multilib' '--with-cross-host=x86_64-unknown-linux-gnu' '--with-gmp=/home/edf12/buildtools_cross/local' '--with-mpfr=/home/edf12/buildtools_cross/local' '--enable-newlib-hw-fp' '--program-transform-name=s&^&sparc64-pc-xomb-&' '--with-target-subdir=sparc64-pc-xomb' '--build=x86_64-unknown-linux-gnu' '--host=sparc64-pc-xomb' '--target=sparc64-pc-xomb' 'build_alias=x86_64-unknown-linux-gnu' 'host_alias=sparc64-pc-xomb' 'target_alias=sparc64-pc-xomb' 'CC=sparc64-pc-xomb-gcc -B/home/edf12/buildtools_cross/build/newlib-obj/sparc64-pc-xomb/newlib/ -isystem /home/edf12/buildtools_cross/build/newlib-obj/sparc64-pc-xomb/newlib/targ-include -isystem /home/edf12/buildtools_cross/build/newlib-1.19.0/newlib/libc/include -B/home/edf12/buildtools_cross/build/newlib-obj/sparc64-pc-xomb/libgloss/sparc64 -L/home/edf12/buildtools_cross/build/newlib-obj/sparc64-pc-xomb/libgloss/libnosys -L/home/edf12/buildtools_cross/build/newlib-1.19.0/libgloss/sparc64   ' 'CFLAGS=-g -O2' 'LDFLAGS=' 'CPPFLAGS=' --cache-file=.././config.cache --srcdir=../../../../newlib-1.19.0/newlib/libm
configure:14890: === configuring in doc (/home/edf12/buildtools_cross/build/newlib-obj/sparc64-pc-xomb/newlib/doc)
configure:14953: running /bin/sh ../../../../newlib-1.19.0/newlib/doc/configure --disable-option-checking '--prefix=/home/edf12/buildtools_cross/local'  '--with-newlib' '--enable-multilib' '--with-cross-host=x86_64-unknown-linux-gnu' '--with-gmp=/home/edf12/buildtools_cross/local' '--with-mpfr=/home/edf12/buildtools_cross/local' '--enable-newlib-hw-fp' '--program-transform-name=s&^&sparc64-pc-xomb-&' '--with-target-subdir=sparc64-pc-xomb' '--build=x86_64-unknown-linux-gnu' '--host=sparc64-pc-xomb' '--target=sparc64-pc-xomb' 'build_alias=x86_64-unknown-linux-gnu' 'host_alias=sparc64-pc-xomb' 'target_alias=sparc64-pc-xomb' 'CC=sparc64-pc-xomb-gcc -B/home/edf12/buildtools_cross/build/newlib-obj/sparc64-pc-xomb/newlib/ -isystem /home/edf12/buildtools_cross/build/newlib-obj/sparc64-pc-xomb/newlib/targ-include -isystem /home/edf12/buildtools_cross/build/newlib-1.19.0/newlib/libc/include -B/home/edf12/buildtools_cross/build/newlib-obj/sparc64-pc-xomb/libgloss/sparc64 -L/home/edf12/buildtools_cross/build/newlib-obj/sparc64-pc-xomb/libgloss/libnosys -L/home/edf12/buildtools_cross/build/newlib-1.19.0/libgloss/sparc64   ' 'CFLAGS=-g -O2' 'LDFLAGS=' 'CPPFLAGS=' --cache-file=.././config.cache --srcdir=../../../../newlib-1.19.0/newlib/doc

## ---------------- ##
## Cache variables. ##
## ---------------- ##

ac_cv_build=x86_64-unknown-linux-gnu
ac_cv_c_compiler_gnu=yes
ac_cv_env_CCASFLAGS_set=
ac_cv_env_CCASFLAGS_value=
ac_cv_env_CCAS_set=
ac_cv_env_CCAS_value=
ac_cv_env_CC_set=set
ac_cv_env_CC_value='sparc64-pc-xomb-gcc -B/home/edf12/buildtools_cross/build/newlib-obj/sparc64-pc-xomb/newlib/ -isystem /home/edf12/buildtools_cross/build/newlib-obj/sparc64-pc-xomb/newlib/targ-include -isystem /home/edf12/buildtools_cross/build/newlib-1.19.0/newlib/libc/include -B/home/edf12/buildtools_cross/build/newlib-obj/sparc64-pc-xomb/libgloss/sparc64 -L/home/edf12/buildtools_cross/build/newlib-obj/sparc64-pc-xomb/libgloss/libnosys -L/home/edf12/buildtools_cross/build/newlib-1.19.0/libgloss/sparc64   '
ac_cv_env_CFLAGS_set=set
ac_cv_env_CFLAGS_value='-g -O2'
ac_cv_env_CPPFLAGS_set=set
ac_cv_env_CPPFLAGS_value=
ac_cv_env_CPP_set=
ac_cv_env_CPP_value=
ac_cv_env_LDFLAGS_set=set
ac_cv_env_LDFLAGS_value=
ac_cv_env_LIBS_set=
ac_cv_env_LIBS_value=
ac_cv_env_build_alias_set=set
ac_cv_env_build_alias_value=x86_64-unknown-linux-gnu
ac_cv_env_host_alias_set=set
ac_cv_env_host_alias_value=sparc64-pc-xomb
ac_cv_env_target_alias_set=set
ac_cv_env_target_alias_value=sparc64-pc-xomb
ac_cv_host=sparc64-pc-xomb
ac_cv_path_SED=/bin/sed
ac_cv_path_mkdir=/bin/mkdir
ac_cv_prog_AR=sparc64-pc-xomb-ar
ac_cv_prog_AS=sparc64-pc-xomb-as
ac_cv_prog_AWK=gawk
ac_cv_prog_CC='sparc64-pc-xomb-gcc -B/home/edf12/buildtools_cross/build/newlib-obj/sparc64-pc-xomb/newlib/ -isystem /home/edf12/buildtools_cross/build/newlib-obj/sparc64-pc-xomb/newlib/targ-include -isystem /home/edf12/buildtools_cross/build/newlib-1.19.0/newlib/libc/include -B/home/edf12/buildtools_cross/build/newlib-obj/sparc64-pc-xomb/libgloss/sparc64 -L/home/edf12/buildtools_cross/build/newlib-obj/sparc64-pc-xomb/libgloss/libnosys -L/home/edf12/buildtools_cross/build/newlib-1.19.0/libgloss/sparc64   '
ac_cv_prog_RANLIB=sparc64-pc-xomb-ranlib
ac_cv_prog_READELF=sparc64-pc-xomb-readelf
ac_cv_prog_STRIP=sparc64-pc-xomb-strip
ac_cv_prog_cc_g=no
ac_cv_prog_make_make_set=yes
acnewlib_cv_type_long_double=yes
am_cv_CC_dependencies_compiler_type=gcc3
libc_cv_initfinit_array=yes
newlib_cv_ldbl_eq_dbl=no

## ----------------- ##
## Output variables. ##
## ----------------- ##

ACLOCAL='${SHELL} /home/edf12/buildtools_cross/build/newlib-1.19.0/missing --run aclocal-1.11'
AMDEPBACKSLASH='\'
AMDEP_FALSE='#'
AMDEP_TRUE=''
AMTAR='${SHELL} /home/edf12/buildtools_cross/build/newlib-1.19.0/missing --run tar'
AR='sparc64-pc-xomb-ar'
AS='sparc64-pc-xomb-as'
AUTOCONF='${SHELL} /home/edf12/buildtools_cross/build/newlib-1.19.0/missing --run autoconf'
AUTOHEADER='${SHELL} /home/edf12/buildtools_cross/build/newlib-1.19.0/missing --run autoheader'
AUTOMAKE='${SHELL} /home/edf12/buildtools_cross/build/newlib-1.19.0/missing --run automake-1.11'
AWK='gawk'
CC='sparc64-pc-xomb-gcc -B/home/edf12/buildtools_cross/build/newlib-obj/sparc64-pc-xomb/newlib/ -isystem /home/edf12/buildtools_cross/build/newlib-obj/sparc64-pc-xomb/newlib/targ-include -isystem /home/edf12/buildtools_cross/build/newlib-1.19.0/newlib/libc/include -B/home/edf12/buildtools_cross/build/newlib-obj/sparc64-pc-xomb/libgloss/sparc64 -L/home/edf12/buildtools_cross/build/newlib-obj/sparc64-pc-xomb/libgloss/libnosys -L/home/edf12/buildtools_cross/build/newlib-1.19.0/libgloss/sparc64   '
CCAS='sparc64-pc-xomb-gcc -B/home/edf12/buildtools_cross/build/newlib-obj/sparc64-pc-xomb/newlib/ -isystem /home/edf12/buildtools_cross/build/newlib-obj/sparc64-pc-xomb/newlib/targ-include -isystem /home/edf12/buildtools_cross/build/newlib-1.19.0/newlib/libc/include -B/home/edf12/buildtools_cross/build/newlib-obj/sparc64-pc-xomb/libgloss/sparc64 -L/home/edf12/buildtools_cross/build/newlib-obj/sparc64-pc-xomb/libgloss/libnosys -L/home/edf12/buildtools_cross/build/newlib-1.19.0/libgloss/sparc64   '
CCASFLAGS='-g -O2'
CCDEPMODE='depmode=gcc3'
CC_FOR_BUILD='gcc'
CC_FOR_NEWLIB='sparc64-pc-xomb-gcc -B/home/edf12/buildtools_cross/build/newlib-obj/sparc64-pc-xomb/newlib/ -isystem /home/edf12/buildtools_cross/build/newlib-obj/sparc64-pc-xomb/newlib/targ-include -isystem /home/edf12/buildtools_cross/build/newlib-1.19.0/newlib/libc/include -B/home/edf12/buildtools_cross/build/newlib-obj/sparc64-pc-xomb/libgloss/sparc64 -L/home/edf12/buildtools_cross/build/newlib-obj/sparc64-pc-xomb/libgloss/libnosys -L/home/edf12/buildtools_cross/build/newlib-1.19.0/libgloss/sparc64   '
CFLAGS='-g -O2'
CPP=''
CPPFLAGS=''
CRT0='crt0.o'
CRT0_DIR='libc/'
CRT1=''
CRT1_DIR=''
CYGPATH_W='echo'
DEFS='-DHAVE_CONFIG_H'
DEPDIR='.deps'
DLLTOOL='sparc64-pc-xomb-dlltool'
DSYMUTIL=''
DUMPBIN=''
ECHO_C=''
ECHO_N='-n'
ECHO_T=''
EGREP=''
ELIX_LEVEL_0_FALSE='#'
ELIX_LEVEL_0_TRUE=''
ELIX_LEVEL_1_FALSE=''
ELIX_LEVEL_1_TRUE='#'
ELIX_LEVEL_2_FALSE=''
ELIX_LEVEL_2_TRUE='#'
ELIX_LEVEL_3_FALSE=''
ELIX_LEVEL_3_TRUE='#'
ELIX_LEVEL_4_FALSE=''
ELIX_LEVEL_4_TRUE='#'
EXEEXT=''
EXTRA_DIRS=''
FGREP=''
GREP=''
HAVE_DOC_FALSE='#'
HAVE_DOC_TRUE=''
HAVE_LONG_DOUBLE_FALSE='#'
HAVE_LONG_DOUBLE_TRUE=''
INSTALL_DATA='/bin/install -c -m 644'
INSTALL_PROGRAM='/bin/install -c'
INSTALL_SCRIPT='/bin/install -c'
INSTALL_STRIP_PROGRAM='$(install_sh) -c -s'
LD='sparc64-pc-xomb-ld'
LDFLAGS=''
LIBM_MACHINE_OBJECTLIST=''
LIBOBJS=''
LIBS=''
LIBTOOL=''
LIPO='sparc64-pc-xomb-lipo'
LN_S=''
LTLIBOBJS=''
MACHINE_OBJECTLIST='libc/machine/sparc/objectlist.awk.in'
MAINT='#'
MAINTAINER_MODE_FALSE=''
MAINTAINER_MODE_TRUE='#'
MAKEINFO='makeinfo --split-size=5000000'
MAY_SUPPLY_SYSCALLS_FALSE='#'
MAY_SUPPLY_SYSCALLS_TRUE=''
MKDIR_P='/bin/mkdir -p'
NEWLIB_CFLAGS=' -DMALLOC_ALIGNMENT=8 -DREENTRANT_SYSCALLS_PROVIDED -DHAVE_BLKSIZE -DHAVE_FCNTL -DTARGET_PTR_SIZE=64 -fno-builtin'
NEWLIB_HW_FP_FALSE='#'
NEWLIB_HW_FP_TRUE=''
NM='sparc64-pc-xomb-nm'
NMEDIT=''
OBJDUMP='sparc64-pc-xomb-objdump'
OBJEXT='o'
OTOOL64=''
OTOOL=''
PACKAGE='newlib'
PACKAGE_BUGREPORT=''
PACKAGE_NAME='newlib'
PACKAGE_STRING='newlib 1.19.0'
PACKAGE_TARNAME='newlib'
PACKAGE_URL=''
PACKAGE_VERSION='1.19.0'
PATH_SEPARATOR=':'
POSIX_OBJECTLIST='libc/posix/objectlist.awk.in'
RANLIB='sparc64-pc-xomb-ranlib'
READELF='sparc64-pc-xomb-readelf'
SED='/bin/sed'
SET_MAKE=''
SHELL='/bin/sh'
SIGNAL_OBJECTLIST='libc/signal/objectlist.awk.in'
STDIO64_OBJECTLIST=''
STRIP='sparc64-pc-xomb-strip'
SYSCALL_OBJECTLIST=''
SYS_MACH_OBJECTLIST=''
SYS_OBJECTLIST='libc/sys/xomb/objectlist.awk.in'
UNIX_OBJECTLIST='libc/unix/objectlist.awk.in'
USE_LIBTOOL_FALSE=''
USE_LIBTOOL_TRUE='#'
VERSION='1.19.0'
ac_ct_CC=''
ac_ct_DUMPBIN=''
aext='a'
am__EXEEXT_FALSE=''
am__EXEEXT_TRUE='#'
am__fastdepCC_FALSE='#'
am__fastdepCC_TRUE=''
am__include='include'
am__isrc=' -I$(srcdir)'
am__leading_dot='.'
am__quote=''
am__tar='${AMTAR} chof - "$$tardir"'
am__untar='${AMTAR} xf -'
bindir='${exec_prefix}/bin'
build='x86_64-unknown-linux-gnu'
build_alias='x86_64-unknown-linux-gnu'
build_cpu='x86_64'
build_os='linux-gnu'
build_vendor='unknown'
datadir='${datarootdir}'
datarootdir='${prefix}/share'
docdir='${datarootdir}/doc/${PACKAGE_TARNAME}'
dvidir='${docdir}'
exec_prefix='${prefix}'
host='sparc64-pc-xomb'
host_alias='sparc64-pc-xomb'
host_cpu='sparc64'
host_os='xomb'
host_vendor='pc'
htmldir='${docdir}'
includedir='${prefix}/include'
infodir='${datarootdir}/info'
install_sh='${SHELL} /home/edf12/buildtools_cross/build/newlib-1.19.0/install-sh'
libc_cv_initfinit_array='yes'
libdir='${exec_prefix}/lib'
libexecdir='${exec_prefix}/libexec'
libm_machine_dir=''
localedir='${datarootdir}/locale'
localstatedir='${prefix}/var'
lpfx='lib_a-'
machine_dir='sparc'
mandir='${datarootdir}/man'
mkdir_p='/bin/mkdir -p'
newlib_basedir='../../../newlib-1.19.0/newlib/.'
oext='o'
oldincludedir='/usr/include'
pdfdir='${docdir}'
prefix='/home/edf12/buildtools_cross/local'
program_transform_name='s&^&sparc64-pc-xomb-&'
psdir='${docdir}'
sbindir='${exec_prefix}/sbin'
sharedstatedir='${prefix}/com'
subdirs=' libc libm doc'
sys_dir='xomb'
sysconfdir='${prefix}/etc'
target_alias='sparc64-pc-xomb'

## ----------- ##
## confdefs.h. ##
## ----------- ##

/* confdefs.h */
#define PACKAGE_NAME "newlib"
#define PACKAGE_TARNAME "newlib"
#define PACKAGE_VERSION "1.19.0"
#define PACKAGE_STRING "newlib 1.19.0"
#define PACKAGE_BUGREPORT ""
#define PACKAGE_URL ""
#define _MB_LEN_MAX 1
#define _NEWLIB_VERSION "1.19.0"
#define _ATEXIT_DYNAMIC_ALLOC 1
#define HAVE_INITFINI_ARRAY 1
#define _HAVE_LONG_DOUBLE 1

configure: exit 0
