This file contains any messages produced by compilers while
running configure, to aid debugging if configure makes a mistake.

It was created by GNU C Runtime Library configure 1.0, which was
generated by GNU Autoconf 2.64.  Invocation command line was

  $ /home/att14/ultraxomb/build/gcc-4.5.3/libgcc/configure --cache-file=./config.cache --enable-multilib --with-cross-host=x86_64-unknown-linux-gnu --prefix=/home/att14/ultraxomb/local --disable-libssp --with-gmp=/home/att14/ultraxomb/local --with-mpfr=/home/att14/ultraxomb/local --with-mpc=/home/att14/ultraxomb/local --without-headers --disable-nls --with-newlib --enable-languages=c,c++,lto --program-transform-name=s&^&sparc64-sun-xomb-& --disable-option-checking --with-target-subdir=sparc64-sun-xomb --build=x86_64-unknown-linux-gnu --host=sparc64-sun-xomb --target=sparc64-sun-xomb --srcdir=../../../gcc-4.5.3/libgcc

## --------- ##
## Platform. ##
## --------- ##

hostname = deadreckoning
uname -m = x86_64
uname -r = 3.0-ARCH
uname -s = Linux
uname -v = #1 SMP PREEMPT Wed Aug 17 21:55:57 CEST 2011

/usr/bin/uname -p = unknown
/bin/uname -X     = unknown

/bin/arch              = x86_64
/usr/bin/arch -k       = unknown
/usr/convex/getsysinfo = unknown
/usr/bin/hostinfo      = unknown
/bin/machine           = unknown
/usr/bin/oslevel       = unknown
/bin/universe          = unknown

PATH: /home/att14/ultraxomb/local/bin
PATH: /bin
PATH: /usr/bin
PATH: /sbin
PATH: /usr/sbin
PATH: /usr/local/bin
PATH: /usr/local/games
PATH: /opt/google-appengine
PATH: /opt/java/bin
PATH: /opt/java/db/bin
PATH: /opt/java/jre/bin
PATH: /usr/bin/site_perl
PATH: /usr/bin/vendor_perl
PATH: /usr/bin/core_perl


## ----------- ##
## Core tests. ##
## ----------- ##

configure:1739: creating cache ./config.cache
configure:1900: checking for --enable-version-specific-runtime-libs
configure:1913: result: no
configure:1961: checking for a BSD-compatible install
configure:2029: result: /bin/install -c
configure:2045: checking for gawk
configure:2072: result: gawk
configure:2092: checking build system type
configure:2106: result: x86_64-unknown-linux-gnu
configure:2126: checking host system type
configure:2139: result: sparc64-sun-xomb
configure:2210: checking for sparc64-sun-xomb-ar
configure:2237: result: /home/att14/ultraxomb/local/sparc64-sun-xomb/bin/ar
configure:2302: checking for sparc64-sun-xomb-lipo
configure:2329: result: sparc64-sun-xomb-lipo
configure:2394: checking for sparc64-sun-xomb-nm
configure:2421: result: /home/att14/ultraxomb/build/gcc-obj/./gcc/nm
configure:2486: checking for sparc64-sun-xomb-ranlib
configure:2513: result: /home/att14/ultraxomb/local/sparc64-sun-xomb/bin/ranlib
configure:2578: checking for sparc64-sun-xomb-strip
configure:2605: result: /home/att14/ultraxomb/local/sparc64-sun-xomb/bin/strip
configure:2667: checking whether ln -s works
configure:2671: result: yes
configure:2688: checking for sparc64-sun-xomb-gcc
configure:2715: result:  /home/att14/ultraxomb/build/gcc-obj/./gcc/xgcc -B/home/att14/ultraxomb/build/gcc-obj/./gcc/ -B/home/att14/ultraxomb/local/sparc64-sun-xomb/bin/ -B/home/att14/ultraxomb/local/sparc64-sun-xomb/lib/ -isystem /home/att14/ultraxomb/local/sparc64-sun-xomb/include -isystem /home/att14/ultraxomb/local/sparc64-sun-xomb/sys-include   
configure:2984: checking for C compiler version
configure:2993:  /home/att14/ultraxomb/build/gcc-obj/./gcc/xgcc -B/home/att14/ultraxomb/build/gcc-obj/./gcc/ -B/home/att14/ultraxomb/local/sparc64-sun-xomb/bin/ -B/home/att14/ultraxomb/local/sparc64-sun-xomb/lib/ -isystem /home/att14/ultraxomb/local/sparc64-sun-xomb/include -isystem /home/att14/ultraxomb/local/sparc64-sun-xomb/sys-include    --version >&5
xgcc (GCC) 4.5.3 20110428 (gdc 0.30, using dmd 1.070)
Copyright (C) 2010 Free Software Foundation, Inc.
This is free software; see the source for copying conditions.  There is NO
warranty; not even for MERCHANTABILITY or FITNESS FOR A PARTICULAR PURPOSE.

configure:3004: $? = 0
configure:2993:  /home/att14/ultraxomb/build/gcc-obj/./gcc/xgcc -B/home/att14/ultraxomb/build/gcc-obj/./gcc/ -B/home/att14/ultraxomb/local/sparc64-sun-xomb/bin/ -B/home/att14/ultraxomb/local/sparc64-sun-xomb/lib/ -isystem /home/att14/ultraxomb/local/sparc64-sun-xomb/include -isystem /home/att14/ultraxomb/local/sparc64-sun-xomb/sys-include    -v >&5
Reading specs from /home/att14/ultraxomb/build/gcc-obj/./gcc/specs
COLLECT_GCC=/home/att14/ultraxomb/build/gcc-obj/./gcc/xgcc
COLLECT_LTO_WRAPPER=/home/att14/ultraxomb/build/gcc-obj/./gcc/lto-wrapper
Target: sparc64-sun-xomb
Configured with: ../gcc-4.5.3/configure --target=sparc64-sun-xomb --prefix=/home/att14/ultraxomb/local --enable-languages=c,c++ --disable-libssp --with-gmp=/home/att14/ultraxomb/local --with-mpfr=/home/att14/ultraxomb/local --with-mpc=/home/att14/ultraxomb/local --without-headers --disable-nls --with-newlib
Thread model: single
gcc version 4.5.3 20110428 (gdc 0.30, using dmd 1.070) (GCC) 
configure:3004: $? = 0
configure:2993:  /home/att14/ultraxomb/build/gcc-obj/./gcc/xgcc -B/home/att14/ultraxomb/build/gcc-obj/./gcc/ -B/home/att14/ultraxomb/local/sparc64-sun-xomb/bin/ -B/home/att14/ultraxomb/local/sparc64-sun-xomb/lib/ -isystem /home/att14/ultraxomb/local/sparc64-sun-xomb/include -isystem /home/att14/ultraxomb/local/sparc64-sun-xomb/sys-include    -V >&5
xgcc: '-V' must come at the start of the command line
configure:3004: $? = 1
configure:2993:  /home/att14/ultraxomb/build/gcc-obj/./gcc/xgcc -B/home/att14/ultraxomb/build/gcc-obj/./gcc/ -B/home/att14/ultraxomb/local/sparc64-sun-xomb/bin/ -B/home/att14/ultraxomb/local/sparc64-sun-xomb/lib/ -isystem /home/att14/ultraxomb/local/sparc64-sun-xomb/include -isystem /home/att14/ultraxomb/local/sparc64-sun-xomb/sys-include    -qversion >&5
xgcc: unrecognized option '-qversion'
xgcc: no input files
configure:3004: $? = 1
configure:3020:  /home/att14/ultraxomb/build/gcc-obj/./gcc/xgcc -B/home/att14/ultraxomb/build/gcc-obj/./gcc/ -B/home/att14/ultraxomb/local/sparc64-sun-xomb/bin/ -B/home/att14/ultraxomb/local/sparc64-sun-xomb/lib/ -isystem /home/att14/ultraxomb/local/sparc64-sun-xomb/include -isystem /home/att14/ultraxomb/local/sparc64-sun-xomb/sys-include    -o conftest -g -O2   conftest.c  >&5
/home/att14/ultraxomb/local/sparc64-sun-xomb/bin/ld: cannot find crtbegin.o: No such file or directory
/home/att14/ultraxomb/local/sparc64-sun-xomb/bin/ld: cannot find -lgcc
/home/att14/ultraxomb/local/sparc64-sun-xomb/bin/ld: cannot find -lgcc
/home/att14/ultraxomb/local/sparc64-sun-xomb/bin/ld: cannot find crtend.o: No such file or directory
collect2: ld returned 1 exit status
configure:3023: $? = 1
configure:3211: checking for suffix of object files
configure:3233:  /home/att14/ultraxomb/build/gcc-obj/./gcc/xgcc -B/home/att14/ultraxomb/build/gcc-obj/./gcc/ -B/home/att14/ultraxomb/local/sparc64-sun-xomb/bin/ -B/home/att14/ultraxomb/local/sparc64-sun-xomb/lib/ -isystem /home/att14/ultraxomb/local/sparc64-sun-xomb/include -isystem /home/att14/ultraxomb/local/sparc64-sun-xomb/sys-include    -c -g -O2  conftest.c >&5
configure:3237: $? = 0
configure:3258: result: o
configure:3262: checking whether we are using the GNU C compiler
configure:3281:  /home/att14/ultraxomb/build/gcc-obj/./gcc/xgcc -B/home/att14/ultraxomb/build/gcc-obj/./gcc/ -B/home/att14/ultraxomb/local/sparc64-sun-xomb/bin/ -B/home/att14/ultraxomb/local/sparc64-sun-xomb/lib/ -isystem /home/att14/ultraxomb/local/sparc64-sun-xomb/include -isystem /home/att14/ultraxomb/local/sparc64-sun-xomb/sys-include    -c -g -O2  conftest.c >&5
configure:3281: $? = 0
configure:3290: result: yes
configure:3299: checking whether  /home/att14/ultraxomb/build/gcc-obj/./gcc/xgcc -B/home/att14/ultraxomb/build/gcc-obj/./gcc/ -B/home/att14/ultraxomb/local/sparc64-sun-xomb/bin/ -B/home/att14/ultraxomb/local/sparc64-sun-xomb/lib/ -isystem /home/att14/ultraxomb/local/sparc64-sun-xomb/include -isystem /home/att14/ultraxomb/local/sparc64-sun-xomb/sys-include    accepts -g
configure:3319:  /home/att14/ultraxomb/build/gcc-obj/./gcc/xgcc -B/home/att14/ultraxomb/build/gcc-obj/./gcc/ -B/home/att14/ultraxomb/local/sparc64-sun-xomb/bin/ -B/home/att14/ultraxomb/local/sparc64-sun-xomb/lib/ -isystem /home/att14/ultraxomb/local/sparc64-sun-xomb/include -isystem /home/att14/ultraxomb/local/sparc64-sun-xomb/sys-include    -c -g  conftest.c >&5
configure:3319: $? = 0
configure:3360: result: yes
configure:3377: checking for  /home/att14/ultraxomb/build/gcc-obj/./gcc/xgcc -B/home/att14/ultraxomb/build/gcc-obj/./gcc/ -B/home/att14/ultraxomb/local/sparc64-sun-xomb/bin/ -B/home/att14/ultraxomb/local/sparc64-sun-xomb/lib/ -isystem /home/att14/ultraxomb/local/sparc64-sun-xomb/include -isystem /home/att14/ultraxomb/local/sparc64-sun-xomb/sys-include    option to accept ISO C89
configure:3441:  /home/att14/ultraxomb/build/gcc-obj/./gcc/xgcc -B/home/att14/ultraxomb/build/gcc-obj/./gcc/ -B/home/att14/ultraxomb/local/sparc64-sun-xomb/bin/ -B/home/att14/ultraxomb/local/sparc64-sun-xomb/lib/ -isystem /home/att14/ultraxomb/local/sparc64-sun-xomb/include -isystem /home/att14/ultraxomb/local/sparc64-sun-xomb/sys-include     -c -g -O2  conftest.c >&5
configure:3441: $? = 0
configure:3454: result: none needed
configure:3479: checking how to run the C preprocessor
configure:3510:  /home/att14/ultraxomb/build/gcc-obj/./gcc/xgcc -B/home/att14/ultraxomb/build/gcc-obj/./gcc/ -B/home/att14/ultraxomb/local/sparc64-sun-xomb/bin/ -B/home/att14/ultraxomb/local/sparc64-sun-xomb/lib/ -isystem /home/att14/ultraxomb/local/sparc64-sun-xomb/include -isystem /home/att14/ultraxomb/local/sparc64-sun-xomb/sys-include    -E  conftest.c
configure:3510: $? = 0
configure:3524:  /home/att14/ultraxomb/build/gcc-obj/./gcc/xgcc -B/home/att14/ultraxomb/build/gcc-obj/./gcc/ -B/home/att14/ultraxomb/local/sparc64-sun-xomb/bin/ -B/home/att14/ultraxomb/local/sparc64-sun-xomb/lib/ -isystem /home/att14/ultraxomb/local/sparc64-sun-xomb/include -isystem /home/att14/ultraxomb/local/sparc64-sun-xomb/sys-include    -E  conftest.c
conftest.c:9:28: fatal error: ac_nonexistent.h: No such file or directory
compilation terminated.
configure:3524: $? = 1
configure: failed program was:
| /* confdefs.h */
| #define PACKAGE_NAME "GNU C Runtime Library"
| #define PACKAGE_TARNAME "libgcc"
| #define PACKAGE_VERSION "1.0"
| #define PACKAGE_STRING "GNU C Runtime Library 1.0"
| #define PACKAGE_BUGREPORT ""
| #define PACKAGE_URL "http://www.gnu.org/software/libgcc/"
| /* end confdefs.h.  */
| #include <ac_nonexistent.h>
configure:3549: result:  /home/att14/ultraxomb/build/gcc-obj/./gcc/xgcc -B/home/att14/ultraxomb/build/gcc-obj/./gcc/ -B/home/att14/ultraxomb/local/sparc64-sun-xomb/bin/ -B/home/att14/ultraxomb/local/sparc64-sun-xomb/lib/ -isystem /home/att14/ultraxomb/local/sparc64-sun-xomb/include -isystem /home/att14/ultraxomb/local/sparc64-sun-xomb/sys-include    -E
configure:3569:  /home/att14/ultraxomb/build/gcc-obj/./gcc/xgcc -B/home/att14/ultraxomb/build/gcc-obj/./gcc/ -B/home/att14/ultraxomb/local/sparc64-sun-xomb/bin/ -B/home/att14/ultraxomb/local/sparc64-sun-xomb/lib/ -isystem /home/att14/ultraxomb/local/sparc64-sun-xomb/include -isystem /home/att14/ultraxomb/local/sparc64-sun-xomb/sys-include    -E  conftest.c
configure:3569: $? = 0
configure:3583:  /home/att14/ultraxomb/build/gcc-obj/./gcc/xgcc -B/home/att14/ultraxomb/build/gcc-obj/./gcc/ -B/home/att14/ultraxomb/local/sparc64-sun-xomb/bin/ -B/home/att14/ultraxomb/local/sparc64-sun-xomb/lib/ -isystem /home/att14/ultraxomb/local/sparc64-sun-xomb/include -isystem /home/att14/ultraxomb/local/sparc64-sun-xomb/sys-include    -E  conftest.c
conftest.c:9:28: fatal error: ac_nonexistent.h: No such file or directory
compilation terminated.
configure:3583: $? = 1
configure: failed program was:
| /* confdefs.h */
| #define PACKAGE_NAME "GNU C Runtime Library"
| #define PACKAGE_TARNAME "libgcc"
| #define PACKAGE_VERSION "1.0"
| #define PACKAGE_STRING "GNU C Runtime Library 1.0"
| #define PACKAGE_BUGREPORT ""
| #define PACKAGE_URL "http://www.gnu.org/software/libgcc/"
| /* end confdefs.h.  */
| #include <ac_nonexistent.h>
configure:3616: checking whether decimal floating point is supported
configure:3625:  /home/att14/ultraxomb/build/gcc-obj/./gcc/xgcc -B/home/att14/ultraxomb/build/gcc-obj/./gcc/ -B/home/att14/ultraxomb/local/sparc64-sun-xomb/bin/ -B/home/att14/ultraxomb/local/sparc64-sun-xomb/lib/ -isystem /home/att14/ultraxomb/local/sparc64-sun-xomb/include -isystem /home/att14/ultraxomb/local/sparc64-sun-xomb/sys-include    -c -g -O2  conftest.c >&5
conftest.c:9:1: error: decimal floating point not supported for this target
configure:3625: $? = 1
configure: failed program was:
| /* confdefs.h */
| #define PACKAGE_NAME "GNU C Runtime Library"
| #define PACKAGE_TARNAME "libgcc"
| #define PACKAGE_VERSION "1.0"
| #define PACKAGE_STRING "GNU C Runtime Library 1.0"
| #define PACKAGE_BUGREPORT ""
| #define PACKAGE_URL "http://www.gnu.org/software/libgcc/"
| /* end confdefs.h.  */
| _Decimal32 x;
configure:3632: result: no
configure:3674: checking whether fixed-point is supported
configure:3683:  /home/att14/ultraxomb/build/gcc-obj/./gcc/xgcc -B/home/att14/ultraxomb/build/gcc-obj/./gcc/ -B/home/att14/ultraxomb/local/sparc64-sun-xomb/bin/ -B/home/att14/ultraxomb/local/sparc64-sun-xomb/lib/ -isystem /home/att14/ultraxomb/local/sparc64-sun-xomb/include -isystem /home/att14/ultraxomb/local/sparc64-sun-xomb/sys-include    -c -g -O2  conftest.c >&5
conftest.c:9:6: error: fixed-point types not supported for this target
configure:3683: $? = 1
configure: failed program was:
| /* confdefs.h */
| #define PACKAGE_NAME "GNU C Runtime Library"
| #define PACKAGE_TARNAME "libgcc"
| #define PACKAGE_VERSION "1.0"
| #define PACKAGE_STRING "GNU C Runtime Library 1.0"
| #define PACKAGE_BUGREPORT ""
| #define PACKAGE_URL "http://www.gnu.org/software/libgcc/"
| /* end confdefs.h.  */
| _Sat _Fract x;
configure:3690: result: no
configure:3740: checking for __attribute__((visibility("hidden")))
configure:3749:  /home/att14/ultraxomb/build/gcc-obj/./gcc/xgcc -B/home/att14/ultraxomb/build/gcc-obj/./gcc/ -B/home/att14/ultraxomb/local/sparc64-sun-xomb/bin/ -B/home/att14/ultraxomb/local/sparc64-sun-xomb/lib/ -isystem /home/att14/ultraxomb/local/sparc64-sun-xomb/include -isystem /home/att14/ultraxomb/local/sparc64-sun-xomb/sys-include    -Werror -S conftest.c -o conftest.s 1>&5
configure:3752: $? = 0
configure:3761: result: yes
configure:3789: checking whether the target assembler supports thread-local storage
configure:3799:  /home/att14/ultraxomb/build/gcc-obj/./gcc/xgcc -B/home/att14/ultraxomb/build/gcc-obj/./gcc/ -B/home/att14/ultraxomb/local/sparc64-sun-xomb/bin/ -B/home/att14/ultraxomb/local/sparc64-sun-xomb/lib/ -isystem /home/att14/ultraxomb/local/sparc64-sun-xomb/include -isystem /home/att14/ultraxomb/local/sparc64-sun-xomb/sys-include    -c -g -O2  conftest.c >&5
configure:3799: $? = 0
configure:3807: result: yes
configure:3817: checking whether the thread-local storage support is from emutls
configure:3826:  /home/att14/ultraxomb/build/gcc-obj/./gcc/xgcc -B/home/att14/ultraxomb/build/gcc-obj/./gcc/ -B/home/att14/ultraxomb/local/sparc64-sun-xomb/bin/ -B/home/att14/ultraxomb/local/sparc64-sun-xomb/lib/ -isystem /home/att14/ultraxomb/local/sparc64-sun-xomb/include -isystem /home/att14/ultraxomb/local/sparc64-sun-xomb/sys-include    -Werror -S -o conftest.s conftest.c 1>&5
configure:3829: $? = 0
configure:3838: result: no
configure:3937: updating cache ./config.cache
configure:4010: creating ./config.status

## ---------------------- ##
## Running config.status. ##
## ---------------------- ##

This file was extended by GNU C Runtime Library config.status 1.0, which was
generated by GNU Autoconf 2.64.  Invocation command line was

  CONFIG_FILES    = 
  CONFIG_HEADERS  = 
  CONFIG_LINKS    = 
  CONFIG_COMMANDS = 
  $ ./config.status 

on deadreckoning

config.status:782: creating Makefile
config.status:932: executing default commands

## ---------------- ##
## Cache variables. ##
## ---------------- ##

ac_cv_build=x86_64-unknown-linux-gnu
ac_cv_c_compiler_gnu=yes
ac_cv_env_CC_set=set
ac_cv_env_CC_value=' /home/att14/ultraxomb/build/gcc-obj/./gcc/xgcc -B/home/att14/ultraxomb/build/gcc-obj/./gcc/ -B/home/att14/ultraxomb/local/sparc64-sun-xomb/bin/ -B/home/att14/ultraxomb/local/sparc64-sun-xomb/lib/ -isystem /home/att14/ultraxomb/local/sparc64-sun-xomb/include -isystem /home/att14/ultraxomb/local/sparc64-sun-xomb/sys-include   '
ac_cv_env_CFLAGS_set=set
ac_cv_env_CFLAGS_value='-g -O2'
ac_cv_env_CPPFLAGS_set=set
ac_cv_env_CPPFLAGS_value=
ac_cv_env_CPP_set=
ac_cv_env_CPP_value=
ac_cv_env_LDFLAGS_set=set
ac_cv_env_LDFLAGS_value=
ac_cv_env_LIBS_set=
ac_cv_env_LIBS_value=
ac_cv_env_build_alias_set=set
ac_cv_env_build_alias_value=x86_64-unknown-linux-gnu
ac_cv_env_host_alias_set=set
ac_cv_env_host_alias_value=sparc64-sun-xomb
ac_cv_env_target_alias_set=set
ac_cv_env_target_alias_value=sparc64-sun-xomb
ac_cv_host=sparc64-sun-xomb
ac_cv_objext=o
ac_cv_path_install='/bin/install -c'
ac_cv_prog_AR=/home/att14/ultraxomb/local/sparc64-sun-xomb/bin/ar
ac_cv_prog_AWK=gawk
ac_cv_prog_CC=' /home/att14/ultraxomb/build/gcc-obj/./gcc/xgcc -B/home/att14/ultraxomb/build/gcc-obj/./gcc/ -B/home/att14/ultraxomb/local/sparc64-sun-xomb/bin/ -B/home/att14/ultraxomb/local/sparc64-sun-xomb/lib/ -isystem /home/att14/ultraxomb/local/sparc64-sun-xomb/include -isystem /home/att14/ultraxomb/local/sparc64-sun-xomb/sys-include   '
ac_cv_prog_CPP=' /home/att14/ultraxomb/build/gcc-obj/./gcc/xgcc -B/home/att14/ultraxomb/build/gcc-obj/./gcc/ -B/home/att14/ultraxomb/local/sparc64-sun-xomb/bin/ -B/home/att14/ultraxomb/local/sparc64-sun-xomb/lib/ -isystem /home/att14/ultraxomb/local/sparc64-sun-xomb/include -isystem /home/att14/ultraxomb/local/sparc64-sun-xomb/sys-include    -E'
ac_cv_prog_LIPO=sparc64-sun-xomb-lipo
ac_cv_prog_NM=/home/att14/ultraxomb/build/gcc-obj/./gcc/nm
ac_cv_prog_RANLIB=/home/att14/ultraxomb/local/sparc64-sun-xomb/bin/ranlib
ac_cv_prog_STRIP=/home/att14/ultraxomb/local/sparc64-sun-xomb/bin/strip
ac_cv_prog_cc_c89=
ac_cv_prog_cc_g=yes
gcc_cv_have_cc_tls=yes
gcc_cv_use_emutls=no
libgcc_cv_dfp=no
libgcc_cv_fixed_point=no
libgcc_cv_hidden_visibility_attribute=yes

## ----------------- ##
## Output variables. ##
## ----------------- ##

AR='/home/att14/ultraxomb/local/sparc64-sun-xomb/bin/ar'
AWK='gawk'
CC=' /home/att14/ultraxomb/build/gcc-obj/./gcc/xgcc -B/home/att14/ultraxomb/build/gcc-obj/./gcc/ -B/home/att14/ultraxomb/local/sparc64-sun-xomb/bin/ -B/home/att14/ultraxomb/local/sparc64-sun-xomb/lib/ -isystem /home/att14/ultraxomb/local/sparc64-sun-xomb/include -isystem /home/att14/ultraxomb/local/sparc64-sun-xomb/sys-include   '
CFLAGS='-g -O2'
CPP=' /home/att14/ultraxomb/build/gcc-obj/./gcc/xgcc -B/home/att14/ultraxomb/build/gcc-obj/./gcc/ -B/home/att14/ultraxomb/local/sparc64-sun-xomb/bin/ -B/home/att14/ultraxomb/local/sparc64-sun-xomb/lib/ -isystem /home/att14/ultraxomb/local/sparc64-sun-xomb/include -isystem /home/att14/ultraxomb/local/sparc64-sun-xomb/sys-include    -E'
CPPFLAGS=''
DEFS='-DPACKAGE_NAME=\"GNU\ C\ Runtime\ Library\" -DPACKAGE_TARNAME=\"libgcc\" -DPACKAGE_VERSION=\"1.0\" -DPACKAGE_STRING=\"GNU\ C\ Runtime\ Library\ 1.0\" -DPACKAGE_BUGREPORT=\"\" -DPACKAGE_URL=\"http://www.gnu.org/software/libgcc/\"'
ECHO_C=''
ECHO_N='-n'
ECHO_T=''
EXEEXT=''
INSTALL_DATA='${INSTALL} -m 644'
INSTALL_PROGRAM='${INSTALL}'
INSTALL_SCRIPT='${INSTALL}'
LDFLAGS=''
LIBOBJS=''
LIBS=''
LIPO='sparc64-sun-xomb-lipo'
LN_S='ln -s'
LTLIBOBJS=''
MAINT='#'
NM='/home/att14/ultraxomb/build/gcc-obj/./gcc/nm'
OBJEXT='o'
PACKAGE_BUGREPORT=''
PACKAGE_NAME='GNU C Runtime Library'
PACKAGE_STRING='GNU C Runtime Library 1.0'
PACKAGE_TARNAME='libgcc'
PACKAGE_URL='http://www.gnu.org/software/libgcc/'
PACKAGE_VERSION='1.0'
PATH_SEPARATOR=':'
RANLIB='/home/att14/ultraxomb/local/sparc64-sun-xomb/bin/ranlib'
SHELL='/bin/sh'
STRIP='/home/att14/ultraxomb/local/sparc64-sun-xomb/bin/strip'
ac_ct_CC=''
asm_hidden_op='.hidden'
bindir='${exec_prefix}/bin'
build='x86_64-unknown-linux-gnu'
build_alias='x86_64-unknown-linux-gnu'
build_cpu='x86_64'
build_libsubdir='build-x86_64-unknown-linux-gnu'
build_os='linux-gnu'
build_subdir='build-x86_64-unknown-linux-gnu'
build_vendor='unknown'
datadir='${datarootdir}'
datarootdir='${prefix}/share'
decimal_float='no'
docdir='${datarootdir}/doc/${PACKAGE_TARNAME}'
dvidir='${docdir}'
enable_decimal_float='no'
enable_shared='yes'
exec_prefix='${prefix}'
extra_parts='crtbegin.o crtend.o crtfastmath.o'
fixed_point='no'
host='sparc64-sun-xomb'
host_alias='sparc64-sun-xomb'
host_cpu='sparc64'
host_noncanonical='sparc64-sun-xomb'
host_os='xomb'
host_subdir='.'
host_vendor='sun'
htmldir='${docdir}'
includedir='${prefix}/include'
infodir='${datarootdir}/info'
libdir='${exec_prefix}/lib'
libexecdir='${exec_prefix}/libexec'
libgcc_topdir='../../../gcc-4.5.3/libgcc/..'
localedir='${datarootdir}/locale'
localstatedir='${prefix}/var'
mandir='${datarootdir}/man'
oldincludedir='/usr/include'
pdfdir='${docdir}'
prefix='/home/att14/ultraxomb/local'
program_transform_name='s&^&sparc64-sun-xomb-&'
psdir='${docdir}'
sbindir='${exec_prefix}/sbin'
set_have_cc_tls='-DHAVE_CC_TLS'
set_use_emutls=''
sharedstatedir='${prefix}/com'
slibdir='$(exec_prefix)/$(host_noncanonical)/lib'
sysconfdir='${prefix}/etc'
target_alias='sparc64-sun-xomb'
target_subdir='sparc64-sun-xomb'
tmake_file=' $(srcdir)/config/sparc/t-crtfm'
vis_hide='-fvisibility=hidden -DHIDE_EXPORTS'

## ----------- ##
## confdefs.h. ##
## ----------- ##

/* confdefs.h */
#define PACKAGE_NAME "GNU C Runtime Library"
#define PACKAGE_TARNAME "libgcc"
#define PACKAGE_VERSION "1.0"
#define PACKAGE_STRING "GNU C Runtime Library 1.0"
#define PACKAGE_BUGREPORT ""
#define PACKAGE_URL "http://www.gnu.org/software/libgcc/"

configure: exit 0
