This file contains any messages produced by compilers while
running configure, to aid debugging if configure makes a mistake.

It was created by configure, which was
generated by GNU Autoconf 2.64.  Invocation command line was

  $ /home/att14/ultraxomb/build/binutils-2.21.1/binutils/configure --cache-file=./config.cache --with-gnu-as --with-gnu-ld --with-system-zlib --prefix=/home/att14/ultraxomb/local --disable-werror --enable-gold --enable-plugins --program-transform-name=s&^&sparc64-pc-xomb-& --disable-option-checking --build=x86_64-unknown-linux-gnu --host=x86_64-unknown-linux-gnu --target=sparc64-pc-xomb --srcdir=../../binutils-2.21.1/binutils

## --------- ##
## Platform. ##
## --------- ##

hostname = deadreckoning
uname -m = x86_64
uname -r = 3.0-ARCH
uname -s = Linux
uname -v = #1 SMP PREEMPT Wed Aug 17 21:55:57 CEST 2011

/usr/bin/uname -p = unknown
/bin/uname -X     = unknown

/bin/arch              = x86_64
/usr/bin/arch -k       = unknown
/usr/convex/getsysinfo = unknown
/usr/bin/hostinfo      = unknown
/bin/machine           = unknown
/usr/bin/oslevel       = unknown
/bin/universe          = unknown

PATH: /home/att14/ultraxomb/local/bin
PATH: /bin
PATH: /usr/bin
PATH: /sbin
PATH: /usr/sbin
PATH: /usr/local/bin
PATH: /usr/local/games
PATH: /opt/google-appengine
PATH: /opt/java/bin
PATH: /opt/java/db/bin
PATH: /opt/java/jre/bin
PATH: /usr/bin/site_perl
PATH: /usr/bin/vendor_perl
PATH: /usr/bin/core_perl


## ----------- ##
## Core tests. ##
## ----------- ##

configure:2193: loading cache ./config.cache
configure:2306: checking build system type
configure:2320: result: x86_64-unknown-linux-gnu
configure:2340: checking host system type
configure:2353: result: x86_64-unknown-linux-gnu
configure:2373: checking target system type
configure:2386: result: sparc64-pc-xomb
configure:2420: checking for x86_64-unknown-linux-gnu-gcc
configure:2447: result: gcc
configure:2716: checking for C compiler version
configure:2725: gcc --version >&5
gcc (GCC) 4.6.1
Copyright (C) 2011 Free Software Foundation, Inc.
This is free software; see the source for copying conditions.  There is NO
warranty; not even for MERCHANTABILITY or FITNESS FOR A PARTICULAR PURPOSE.

configure:2736: $? = 0
configure:2725: gcc -v >&5
Using built-in specs.
COLLECT_GCC=gcc
COLLECT_LTO_WRAPPER=/usr/lib/gcc/x86_64-unknown-linux-gnu/4.6.1/lto-wrapper
Target: x86_64-unknown-linux-gnu
Configured with: /build/src/gcc-4.6.1/configure --prefix=/usr --libdir=/usr/lib --libexecdir=/usr/lib --mandir=/usr/share/man --infodir=/usr/share/info --with-bugurl=https://bugs.archlinux.org/ --enable-languages=c,c++,ada,fortran,go,lto,objc,obj-c++ --enable-shared --enable-threads=posix --with-system-zlib --enable-__cxa_atexit --disable-libunwind-exceptions --enable-clocale=gnu --enable-gnu-unique-object --enable-linker-build-id --with-ppl --enable-cloog-backend=isl --enable-lto --enable-gold --enable-ld=default --enable-plugin --with-plugin-ld=ld.gold --disable-multilib --disable-libstdcxx-pch --enable-checking=release
Thread model: posix
gcc version 4.6.1 (GCC) 
configure:2736: $? = 0
configure:2725: gcc -V >&5
gcc: error: unrecognized option '-V'
gcc: fatal error: no input files
compilation terminated.
configure:2736: $? = 1
configure:2725: gcc -qversion >&5
gcc: error: unrecognized option '-qversion'
gcc: fatal error: no input files
compilation terminated.
configure:2736: $? = 1
configure:2756: checking for C compiler default output file name
configure:2778: gcc -g -O2    conftest.c  >&5
configure:2782: $? = 0
configure:2819: result: a.out
configure:2835: checking whether the C compiler works
configure:2844: ./a.out
configure:2848: $? = 0
configure:2863: result: yes
configure:2870: checking whether we are cross compiling
configure:2872: result: no
configure:2875: checking for suffix of executables
configure:2882: gcc -o conftest -g -O2    conftest.c  >&5
configure:2886: $? = 0
configure:2908: result: 
configure:2914: checking for suffix of object files
configure:2961: result: o
configure:2965: checking whether we are using the GNU C compiler
configure:2993: result: yes
configure:3002: checking whether gcc accepts -g
configure:3063: result: yes
configure:3080: checking for gcc option to accept ISO C89
configure:3157: result: none needed
configure:3178: checking for library containing strerror
configure:3226: result: none required
configure:3252: checking for a BSD-compatible install
configure:3320: result: /bin/install -c
configure:3331: checking whether build environment is sane
configure:3381: result: yes
configure:3522: checking for a thread-safe mkdir -p
configure:3561: result: /bin/mkdir -p
configure:3574: checking for gawk
configure:3601: result: gawk
configure:3612: checking whether make sets $(MAKE)
configure:3634: result: yes
configure:3664: checking for style of include used by make
configure:3692: result: GNU
configure:3777: checking dependency style of gcc
configure:3887: result: gcc3
configure:3912: checking for x86_64-unknown-linux-gnu-gcc
configure:3939: result: gcc
configure:4208: checking for C compiler version
configure:4217: gcc --version >&5
gcc (GCC) 4.6.1
Copyright (C) 2011 Free Software Foundation, Inc.
This is free software; see the source for copying conditions.  There is NO
warranty; not even for MERCHANTABILITY or FITNESS FOR A PARTICULAR PURPOSE.

configure:4228: $? = 0
configure:4217: gcc -v >&5
Using built-in specs.
COLLECT_GCC=gcc
COLLECT_LTO_WRAPPER=/usr/lib/gcc/x86_64-unknown-linux-gnu/4.6.1/lto-wrapper
Target: x86_64-unknown-linux-gnu
Configured with: /build/src/gcc-4.6.1/configure --prefix=/usr --libdir=/usr/lib --libexecdir=/usr/lib --mandir=/usr/share/man --infodir=/usr/share/info --with-bugurl=https://bugs.archlinux.org/ --enable-languages=c,c++,ada,fortran,go,lto,objc,obj-c++ --enable-shared --enable-threads=posix --with-system-zlib --enable-__cxa_atexit --disable-libunwind-exceptions --enable-clocale=gnu --enable-gnu-unique-object --enable-linker-build-id --with-ppl --enable-cloog-backend=isl --enable-lto --enable-gold --enable-ld=default --enable-plugin --with-plugin-ld=ld.gold --disable-multilib --disable-libstdcxx-pch --enable-checking=release
Thread model: posix
gcc version 4.6.1 (GCC) 
configure:4228: $? = 0
configure:4217: gcc -V >&5
gcc: error: unrecognized option '-V'
gcc: fatal error: no input files
compilation terminated.
configure:4228: $? = 1
configure:4217: gcc -qversion >&5
gcc: error: unrecognized option '-qversion'
gcc: fatal error: no input files
compilation terminated.
configure:4228: $? = 1
configure:4232: checking whether we are using the GNU C compiler
configure:4260: result: yes
configure:4269: checking whether gcc accepts -g
configure:4330: result: yes
configure:4347: checking for gcc option to accept ISO C89
configure:4424: result: none needed
configure:4449: checking how to run the C preprocessor
configure:4519: result: gcc -E
configure:4539: gcc -E  conftest.c
configure:4539: $? = 0
configure:4553: gcc -E  conftest.c
conftest.c:11:28: fatal error: ac_nonexistent.h: No such file or directory
compilation terminated.
configure:4553: $? = 1
configure: failed program was:
| /* confdefs.h */
| #define PACKAGE_NAME ""
| #define PACKAGE_TARNAME ""
| #define PACKAGE_VERSION ""
| #define PACKAGE_STRING ""
| #define PACKAGE_BUGREPORT ""
| #define PACKAGE_URL ""
| #define PACKAGE "binutils"
| #define VERSION "2.21.1"
| /* end confdefs.h.  */
| #include <ac_nonexistent.h>
configure:4582: checking for grep that handles long lines and -e
configure:4640: result: /bin/grep
configure:4645: checking for egrep
configure:4707: result: /bin/grep -E
configure:4712: checking for ANSI C header files
configure:4816: result: yes
configure:4829: checking for sys/types.h
configure:4829: result: yes
configure:4829: checking for sys/stat.h
configure:4829: result: yes
configure:4829: checking for stdlib.h
configure:4829: result: yes
configure:4829: checking for string.h
configure:4829: result: yes
configure:4829: checking for memory.h
configure:4829: result: yes
configure:4829: checking for strings.h
configure:4829: result: yes
configure:4829: checking for inttypes.h
configure:4829: result: yes
configure:4829: checking for stdint.h
configure:4829: result: yes
configure:4829: checking for unistd.h
configure:4829: result: yes
configure:4843: checking for minix/config.h
configure:4843: result: no
configure:4864: checking whether it is safe to define __EXTENSIONS__
configure:4889: result: yes
configure:4949: checking for special C compiler options needed for large files
configure:4994: result: no
configure:5000: checking for _FILE_OFFSET_BITS value needed for large files
configure:5057: result: no
configure:5187: checking how to print strings
configure:5214: result: printf
configure:5235: checking for a sed that does not truncate output
configure:5299: result: /bin/sed
configure:5317: checking for fgrep
configure:5379: result: /bin/grep -F
configure:5414: checking for ld used by gcc
configure:5481: result: ld
configure:5488: checking if the linker (ld) is GNU ld
configure:5503: result: yes
configure:5515: checking for BSD- or MS-compatible name lister (nm)
configure:5564: result: nm
configure:5694: checking the name lister (nm) interface
configure:5714: result: BSD nm
configure:5717: checking whether ln -s works
configure:5721: result: yes
configure:5729: checking the maximum length of command line arguments
configure:5854: result: 1572864
configure:5871: checking whether the shell understands some XSI constructs
configure:5881: result: yes
configure:5885: checking whether the shell understands "+="
configure:5891: result: yes
configure:5926: checking for ld option to reload object files
configure:5933: result: -r
configure:5962: checking for x86_64-unknown-linux-gnu-objdump
configure:5989: result: objdump
configure:6061: checking how to recognize dependent libraries
configure:6262: result: pass_all
configure:6282: checking for x86_64-unknown-linux-gnu-ar
configure:6309: result: ar
configure:6387: checking for x86_64-unknown-linux-gnu-strip
configure:6417: result: no
configure:6427: checking for strip
configure:6454: result: strip
configure:6486: checking for x86_64-unknown-linux-gnu-ranlib
configure:6513: result: ranlib
configure:6655: checking command to parse nm output from gcc object
configure:6878: result: ok
configure:6973: gcc -c -g -O2  conftest.c >&5
configure:6976: $? = 0
configure:7713: checking for dlfcn.h
configure:7713: result: yes
configure:7900: checking for objdir
configure:7915: result: .libs
configure:8186: checking if gcc supports -fno-rtti -fno-exceptions
configure:8221: result: no
configure:8241: checking for gcc option to produce PIC
configure:8526: result: -fPIC -DPIC
configure:8538: checking if gcc PIC flag -fPIC -DPIC works
configure:8573: result: yes
configure:8597: checking if gcc static flag -static works
configure:8625: result: yes
configure:8640: checking if gcc supports -c -o file.o
configure:8687: result: yes
configure:8695: checking if gcc supports -c -o file.o
configure:8742: result: yes
configure:8775: checking whether the gcc linker (ld -m elf_x86_64) supports shared libraries
configure:9850: result: yes
configure:9887: checking whether -lc should be explicitly linked in
configure:9930: result: no
configure:10095: checking dynamic linker characteristics
configure:10772: result: GNU/Linux ld.so
configure:10879: checking how to hardcode library paths into programs
configure:10904: result: immediate
configure:11444: checking whether stripping libraries is possible
configure:11449: result: yes
configure:11484: checking if libtool supports shared libraries
configure:11486: result: yes
configure:11489: checking whether to build shared libraries
configure:11510: result: yes
configure:11513: checking whether to build static libraries
configure:11517: result: yes
configure:11651: checking for bison
configure:11678: result: bison -y
configure:11694: checking for flex
configure:11721: result: flex
configure:11758: flex conftest.l
configure:11762: $? = 0
configure:11764: checking lex output file root
configure:11778: result: lex.yy
configure:11783: checking lex library
configure:11807: result: -lfl
configure:11813: checking whether yytext is a pointer
configure:11837: result: yes
configure:11865: checking whether NLS is requested
configure:11871: result: yes
configure:11877: checking for catalogs to be installed
configure:11909: result:  bg da es fi fr id ja ro ru rw sk sv tr uk vi zh_CN zh_TW bg da es fi fr id ja ro ru rw sk sv tr uk vi zh_CN zh_TW
configure:11936: checking whether NLS is requested
configure:11945: result: yes
configure:11983: checking for msgfmt
configure:12014: result: /usr/bin/msgfmt
configure:12023: checking for gmsgfmt
configure:12054: result: /usr/bin/msgfmt
configure:12094: checking for xgettext
configure:12125: result: /usr/bin/xgettext
configure:12165: checking for msgmerge
configure:12195: result: /usr/bin/msgmerge
configure:12232: checking whether to enable maintainer-specific portions of Makefiles
configure:12241: result: no
configure:12286: checking for x86_64-unknown-linux-gnu-ranlib
configure:12313: result: ranlib
configure:12425: checking for string.h
configure:12425: result: yes
configure:12425: checking for strings.h
configure:12425: result: yes
configure:12425: checking for stdlib.h
configure:12425: result: yes
configure:12425: checking for unistd.h
configure:12425: result: yes
configure:12425: checking for fcntl.h
configure:12425: result: yes
configure:12425: checking for sys/file.h
configure:12425: result: yes
configure:12425: checking for limits.h
configure:12425: result: yes
configure:12425: checking for sys/param.h
configure:12425: result: yes
configure:12436: checking for sys/wait.h that is POSIX.1 compatible
configure:12469: result: yes
configure:12479: checking for working alloca.h
configure:12504: result: yes
configure:12512: checking for alloca
configure:12557: result: yes
configure:12670: checking for sbrk
configure:12670: result: yes
configure:12670: checking for utimes
configure:12670: result: yes
configure:12670: checking for setmode
configure:12670: result: no
configure:12670: checking for getc_unlocked
configure:12670: result: yes
configure:12670: checking for strcoll
configure:12670: result: yes
configure:12680: checking for mkstemp
configure:12680: result: yes
configure:12687: checking for mkdtemp
configure:12687: result: yes
configure:12696: checking for library containing frexp
configure:12744: result: none required
configure:12753: checking for time_t in time.h
configure:12777: result: yes
configure:12785: checking for time_t in sys/types.h
configure:12809: result: yes
configure:12817: checking for a known getopt prototype in unistd.h
configure:12841: result: yes
configure:12851: checking for utime.h
configure:12879: result: yes
configure:12887: checking whether fprintf is declared
configure:12887: result: yes
configure:12897: checking whether stpcpy is declared
configure:12897: result: yes
configure:12907: checking whether strstr is declared
configure:12907: result: yes
configure:12917: checking whether sbrk is declared
configure:12917: result: yes
configure:12927: checking whether getenv is declared
configure:12927: result: yes
configure:12937: checking whether environ is declared
configure:12937: result: yes
configure:12947: checking whether getc_unlocked is declared
configure:12947: result: yes
configure:12957: checking whether snprintf is declared
configure:12957: result: yes
configure:12967: checking whether vsnprintf is declared
configure:12967: result: yes
configure:12982: checking for library containing zlibVersion
configure:13030: result: -lz
configure:13037: checking for zlib.h
configure:13037: result: yes
configure:13074: checking for iconv.h
configure:13074: result: yes
configure:13120: checking for ld used by GCC
configure:13183: result: ld -m elf_x86_64
configure:13190: checking if the linker (ld -m elf_x86_64) is GNU ld
configure:13202: result: yes
configure:13208: checking for shared library run path origin
configure:13221: result: done
configure:13651: checking for iconv
configure:13705: result: yes
configure:13726: checking for iconv declaration
configure:13766: result: install-shextern size_t iconv (iconv_t cd, char * *inbuf, size_t *inbytesleft, char * *outbuf, size_t *outbytesleft);
configure:14141: creating ./config.status

## ---------------------- ##
## Running config.status. ##
## ---------------------- ##

This file was extended by config.status, which was
generated by GNU Autoconf 2.64.  Invocation command line was

  CONFIG_FILES    = 
  CONFIG_HEADERS  = 
  CONFIG_LINKS    = 
  CONFIG_COMMANDS = 
  $ ./config.status 

on deadreckoning

config.status:1166: creating Makefile
config.status:1166: creating doc/Makefile
config.status:1166: creating po/Makefile.in
config.status:1166: creating config.h
config.status:1331: config.h is unchanged
config.status:1379: executing depfiles commands
config.status:1379: executing libtool commands
config.status:1379: executing default-1 commands

## ---------------- ##
## Cache variables. ##
## ---------------- ##

ac_cv_build=x86_64-unknown-linux-gnu
ac_cv_c_compiler_gnu=yes
ac_cv_env_CC_set=set
ac_cv_env_CC_value=gcc
ac_cv_env_CFLAGS_set=set
ac_cv_env_CFLAGS_value='-g -O2'
ac_cv_env_CPPFLAGS_set=
ac_cv_env_CPPFLAGS_value=
ac_cv_env_CPP_set=
ac_cv_env_CPP_value=
ac_cv_env_LDFLAGS_set=set
ac_cv_env_LDFLAGS_value=' '
ac_cv_env_LIBS_set=
ac_cv_env_LIBS_value=
ac_cv_env_YACC_set=set
ac_cv_env_YACC_value='bison -y'
ac_cv_env_YFLAGS_set=
ac_cv_env_YFLAGS_value=
ac_cv_env_build_alias_set=set
ac_cv_env_build_alias_value=x86_64-unknown-linux-gnu
ac_cv_env_host_alias_set=set
ac_cv_env_host_alias_value=x86_64-unknown-linux-gnu
ac_cv_env_target_alias_set=set
ac_cv_env_target_alias_value=sparc64-pc-xomb
ac_cv_func_alloca_works=yes
ac_cv_func_getc_unlocked=yes
ac_cv_func_mkdtemp=yes
ac_cv_func_mkstemp=yes
ac_cv_func_sbrk=yes
ac_cv_func_setmode=no
ac_cv_func_strcoll=yes
ac_cv_func_utimes=yes
ac_cv_have_decl_environ=yes
ac_cv_have_decl_fprintf=yes
ac_cv_have_decl_getc_unlocked=yes
ac_cv_have_decl_getenv=yes
ac_cv_have_decl_sbrk=yes
ac_cv_have_decl_snprintf=yes
ac_cv_have_decl_stpcpy=yes
ac_cv_have_decl_strstr=yes
ac_cv_have_decl_vsnprintf=yes
ac_cv_header_dlfcn_h=yes
ac_cv_header_fcntl_h=yes
ac_cv_header_iconv_h=yes
ac_cv_header_inttypes_h=yes
ac_cv_header_limits_h=yes
ac_cv_header_memory_h=yes
ac_cv_header_minix_config_h=no
ac_cv_header_stdc=yes
ac_cv_header_stdint_h=yes
ac_cv_header_stdlib_h=yes
ac_cv_header_string_h=yes
ac_cv_header_strings_h=yes
ac_cv_header_sys_file_h=yes
ac_cv_header_sys_param_h=yes
ac_cv_header_sys_stat_h=yes
ac_cv_header_sys_types_h=yes
ac_cv_header_sys_wait_h=yes
ac_cv_header_unistd_h=yes
ac_cv_header_zlib_h=yes
ac_cv_host=x86_64-unknown-linux-gnu
ac_cv_lib_lex=-lfl
ac_cv_objext=o
ac_cv_path_EGREP='/bin/grep -E'
ac_cv_path_FGREP='/bin/grep -F'
ac_cv_path_GMSGFMT=/usr/bin/msgfmt
ac_cv_path_GREP=/bin/grep
ac_cv_path_MSGFMT=/usr/bin/msgfmt
ac_cv_path_MSGMERGE=/usr/bin/msgmerge
ac_cv_path_SED=/bin/sed
ac_cv_path_XGETTEXT=/usr/bin/xgettext
ac_cv_path_mkdir=/bin/mkdir
ac_cv_prog_AR=ar
ac_cv_prog_AWK=gawk
ac_cv_prog_CC=gcc
ac_cv_prog_CPP='gcc -E'
ac_cv_prog_LEX=flex
ac_cv_prog_OBJDUMP=objdump
ac_cv_prog_RANLIB=ranlib
ac_cv_prog_YACC='bison -y'
ac_cv_prog_ac_ct_STRIP=strip
ac_cv_prog_cc_c89=
ac_cv_prog_cc_g=yes
ac_cv_prog_lex_root=lex.yy
ac_cv_prog_lex_yytext_pointer=yes
ac_cv_prog_make_make_set=yes
ac_cv_safe_to_define___extensions__=yes
ac_cv_search_frexp='none required'
ac_cv_search_strerror='none required'
ac_cv_search_zlibVersion=-lz
ac_cv_sys_file_offset_bits=no
ac_cv_sys_largefile_CC=no
ac_cv_target=sparc64-pc-xomb
ac_cv_working_alloca_h=yes
acl_cv_hardcode_direct=no
acl_cv_hardcode_libdir_flag_spec='${wl}-rpath ${wl}$libdir'
acl_cv_hardcode_libdir_separator=
acl_cv_hardcode_minus_L=no
acl_cv_libext=a
acl_cv_path_LD='ld -m elf_x86_64'
acl_cv_prog_gnu_ld=yes
acl_cv_rpath=done
acl_cv_shlibext=so
acl_cv_wl=-Wl,
am_cv_CC_dependencies_compiler_type=gcc3
am_cv_func_iconv=yes
am_cv_lib_iconv=no
am_cv_proto_iconv='extern size_t iconv (iconv_t cd, char * *inbuf, size_t *inbytesleft, char * *outbuf, size_t *outbytesleft);'
am_cv_proto_iconv_arg1=
bu_cv_decl_getopt_unistd_h=yes
bu_cv_decl_time_t_time_h=yes
bu_cv_decl_time_t_types_h=yes
bu_cv_header_utime_h=yes
lt_cv_archive_cmds_need_lc=no
lt_cv_deplibs_check_method=pass_all
lt_cv_file_magic_cmd='$MAGIC_CMD'
lt_cv_file_magic_test_file=
lt_cv_ld_reload_flag=-r
lt_cv_nm_interface='BSD nm'
lt_cv_objdir=.libs
lt_cv_path_LD=ld
lt_cv_path_NM=nm
lt_cv_prog_compiler_c_o=yes
lt_cv_prog_compiler_pic_works=yes
lt_cv_prog_compiler_rtti_exceptions=no
lt_cv_prog_compiler_static_works=yes
lt_cv_prog_gnu_ld=yes
lt_cv_shlibpath_overrides_runpath=no
lt_cv_sys_global_symbol_pipe='sed -n -e '\''s/^.*[	 ]\([ABCDGIRSTW][ABCDGIRSTW]*\)[	 ][	 ]*\([_A-Za-z][_A-Za-z0-9]*\)$/\1 \2 \2/p'\'''
lt_cv_sys_global_symbol_to_c_name_address='sed -n -e '\''s/^: \([^ ]*\) $/  {\"\1\", (void *) 0},/p'\'' -e '\''s/^[ABCDGIRSTW]* \([^ ]*\) \([^ ]*\)$/  {"\2", (void *) \&\2},/p'\'''
lt_cv_sys_global_symbol_to_c_name_address_lib_prefix='sed -n -e '\''s/^: \([^ ]*\) $/  {\"\1\", (void *) 0},/p'\'' -e '\''s/^[ABCDGIRSTW]* \([^ ]*\) \(lib[^ ]*\)$/  {"\2", (void *) \&\2},/p'\'' -e '\''s/^[ABCDGIRSTW]* \([^ ]*\) \([^ ]*\)$/  {"lib\2", (void *) \&\2},/p'\'''
lt_cv_sys_global_symbol_to_cdecl='sed -n -e '\''s/^T .* \(.*\)$/extern int \1();/p'\'' -e '\''s/^[ABCDGIRSTW]* .* \(.*\)$/extern char \1;/p'\'''
lt_cv_sys_max_cmd_len=1572864

## ----------------- ##
## Output variables. ##
## ----------------- ##

ACLOCAL='${SHELL} /home/att14/ultraxomb/build/binutils-2.21.1/missing --run aclocal-1.11'
ALLOCA=''
AMDEPBACKSLASH='\'
AMDEP_FALSE='#'
AMDEP_TRUE=''
AMTAR='${SHELL} /home/att14/ultraxomb/build/binutils-2.21.1/missing --run tar'
AR='ar'
AUTOCONF='${SHELL} /home/att14/ultraxomb/build/binutils-2.21.1/missing --run autoconf'
AUTOHEADER='${SHELL} /home/att14/ultraxomb/build/binutils-2.21.1/missing --run autoheader'
AUTOMAKE='${SHELL} /home/att14/ultraxomb/build/binutils-2.21.1/missing --run automake-1.11'
AWK='gawk'
BUILD_DLLTOOL=''
BUILD_DLLWRAP=''
BUILD_INSTALL_MISC=''
BUILD_MISC=''
BUILD_NLMCONV=''
BUILD_SRCONV=''
BUILD_WINDMC=''
BUILD_WINDRES=''
CATALOGS=' bg.gmo da.gmo es.gmo fi.gmo fr.gmo id.gmo ja.gmo ro.gmo ru.gmo rw.gmo sk.gmo sv.gmo tr.gmo uk.gmo vi.gmo zh_CN.gmo zh_TW.gmo bg.gmo da.gmo es.gmo fi.gmo fr.gmo id.gmo ja.gmo ro.gmo ru.gmo rw.gmo sk.gmo sv.gmo tr.gmo uk.gmo vi.gmo zh_CN.gmo zh_TW.gmo'
CATOBJEXT='.gmo'
CC='gcc'
CCDEPMODE='depmode=gcc3'
CC_FOR_BUILD='gcc'
CFLAGS='-g -O2'
CPP='gcc -E'
CPPFLAGS=''
CYGPATH_W='echo'
DATADIRNAME='share'
DEFS='-DHAVE_CONFIG_H'
DEMANGLER_NAME='c++filt'
DEPDIR='.deps'
DLLTOOL_DEFS=' '
DSYMUTIL=''
DUMPBIN=''
ECHO_C=''
ECHO_N='-n'
ECHO_T=''
EGREP='/bin/grep -E'
EMULATION='vanilla'
EMULATION_VECTOR='bin_vanilla_emulation'
EXEEXT=''
EXEEXT_FOR_BUILD='$(EXEEXT)'
FGREP='/bin/grep -F'
GENCAT='gencat'
GENINSRC_NEVER_FALSE=''
GENINSRC_NEVER_TRUE='#'
GMSGFMT='/usr/bin/msgfmt'
GREP='/bin/grep'
HDEFINES=''
INCINTL=''
INSTALL_DATA='/bin/install -c -m 644'
INSTALL_PROGRAM='/bin/install -c'
INSTALL_SCRIPT='/bin/install -c'
INSTALL_STRIP_PROGRAM='$(install_sh) -c -s'
INSTOBJEXT='.mo'
LD='ld -m elf_x86_64'
LDFLAGS=' '
LEX='flex'
LEXLIB='-lfl'
LEX_OUTPUT_ROOT='lex.yy'
LIBICONV=''
LIBINTL=''
LIBINTL_DEP=''
LIBOBJS=''
LIBS='-lz '
LIBTOOL='$(SHELL) $(top_builddir)/libtool'
LIPO=''
LN_S='ln -s'
LTLIBICONV=''
LTLIBOBJS=''
MAINT='#'
MAINTAINER_MODE_FALSE=''
MAINTAINER_MODE_TRUE='#'
MAKEINFO='makeinfo --split-size=5000000'
MKDIR_P='/bin/mkdir -p'
MKINSTALLDIRS='$(top_builddir)/../../binutils-2.21.1/binutils/../mkinstalldirs'
MSGFMT='/usr/bin/msgfmt'
MSGMERGE='/usr/bin/msgmerge'
NLMCONV_DEFS=''
NM='nm'
NMEDIT=''
NO_WERROR=''
OBJDUMP='objdump'
OBJDUMP_DEFS=''
OBJEXT='o'
OTOOL64=''
OTOOL=''
PACKAGE='binutils'
PACKAGE_BUGREPORT=''
PACKAGE_NAME=''
PACKAGE_STRING=''
PACKAGE_TARNAME=''
PACKAGE_URL=''
PACKAGE_VERSION=''
PATH_SEPARATOR=':'
POSUB='po'
RANLIB='ranlib'
SED='/bin/sed'
SET_MAKE=''
SHELL='/bin/sh'
STRIP='strip'
USE_NLS='yes'
VERSION='2.21.1'
WARN_CFLAGS='-W -Wall -Wstrict-prototypes -Wmissing-prototypes -Wshadow'
XGETTEXT='/usr/bin/xgettext'
YACC='bison -y'
YFLAGS=''
ac_ct_CC=''
ac_ct_DUMPBIN=''
am__EXEEXT_FALSE=''
am__EXEEXT_TRUE='#'
am__fastdepCC_FALSE='#'
am__fastdepCC_TRUE=''
am__include='include'
am__isrc=' -I$(srcdir)'
am__leading_dot='.'
am__quote=''
am__tar='${AMTAR} chof - "$$tardir"'
am__untar='${AMTAR} xf -'
bindir='${exec_prefix}/bin'
build='x86_64-unknown-linux-gnu'
build_alias='x86_64-unknown-linux-gnu'
build_cpu='x86_64'
build_os='linux-gnu'
build_vendor='unknown'
datadir='${datarootdir}'
datarootdir='${prefix}/share'
docdir='${datarootdir}/doc/${PACKAGE}'
dvidir='${docdir}'
exec_prefix='${prefix}'
host='x86_64-unknown-linux-gnu'
host_alias='x86_64-unknown-linux-gnu'
host_cpu='x86_64'
host_os='linux-gnu'
host_vendor='unknown'
htmldir='${docdir}'
includedir='${prefix}/include'
infodir='${datarootdir}/info'
install_sh='${SHELL} /home/att14/ultraxomb/build/binutils-2.21.1/install-sh'
libdir='${exec_prefix}/lib'
libexecdir='${exec_prefix}/libexec'
localedir='${datarootdir}/locale'
localstatedir='${prefix}/var'
mandir='${datarootdir}/man'
mkdir_p='/bin/mkdir -p'
oldincludedir='/usr/include'
pdfdir='${docdir}'
prefix='/home/att14/ultraxomb/local'
program_transform_name='s&^&sparc64-pc-xomb-&'
psdir='${docdir}'
sbindir='${exec_prefix}/sbin'
sharedstatedir='${prefix}/com'
sysconfdir='${prefix}/etc'
target='sparc64-pc-xomb'
target_alias='sparc64-pc-xomb'
target_cpu='sparc64'
target_os='xomb'
target_vendor='pc'

## ----------- ##
## confdefs.h. ##
## ----------- ##

/* confdefs.h */
#define PACKAGE_NAME ""
#define PACKAGE_TARNAME ""
#define PACKAGE_VERSION ""
#define PACKAGE_STRING ""
#define PACKAGE_BUGREPORT ""
#define PACKAGE_URL ""
#define PACKAGE "binutils"
#define VERSION "2.21.1"
#define STDC_HEADERS 1
#define HAVE_SYS_TYPES_H 1
#define HAVE_SYS_STAT_H 1
#define HAVE_STDLIB_H 1
#define HAVE_STRING_H 1
#define HAVE_MEMORY_H 1
#define HAVE_STRINGS_H 1
#define HAVE_INTTYPES_H 1
#define HAVE_STDINT_H 1
#define HAVE_UNISTD_H 1
#define __EXTENSIONS__ 1
#define _ALL_SOURCE 1
#define _GNU_SOURCE 1
#define _POSIX_PTHREAD_SEMANTICS 1
#define _TANDEM_SOURCE 1
#define HAVE_DLFCN_H 1
#define LT_OBJDIR ".libs/"
#define YYTEXT_POINTER 1
#define ENABLE_NLS 1
#define EXECUTABLE_SUFFIX ""
#define HAVE_STRING_H 1
#define HAVE_STRINGS_H 1
#define HAVE_STDLIB_H 1
#define HAVE_UNISTD_H 1
#define HAVE_FCNTL_H 1
#define HAVE_SYS_FILE_H 1
#define HAVE_LIMITS_H 1
#define HAVE_SYS_PARAM_H 1
#define HAVE_SYS_WAIT_H 1
#define HAVE_ALLOCA_H 1
#define HAVE_ALLOCA 1
#define HAVE_SBRK 1
#define HAVE_UTIMES 1
#define HAVE_GETC_UNLOCKED 1
#define HAVE_STRCOLL 1
#define HAVE_MKSTEMP 1
#define HAVE_MKDTEMP 1
#define HAVE_TIME_T_IN_TIME_H 1
#define HAVE_TIME_T_IN_TYPES_H 1
#define HAVE_DECL_GETOPT 1
#define HAVE_GOOD_UTIME_H 1
#define HAVE_DECL_FPRINTF 1
#define HAVE_DECL_STPCPY 1
#define HAVE_DECL_STRSTR 1
#define HAVE_DECL_SBRK 1
#define HAVE_DECL_GETENV 1
#define HAVE_DECL_ENVIRON 1
#define HAVE_DECL_GETC_UNLOCKED 1
#define HAVE_DECL_SNPRINTF 1
#define HAVE_DECL_VSNPRINTF 1
#define HAVE_ZLIB_H 1
#define HAVE_ICONV 1
#define ICONV_CONST 
#define TARGET "sparc64-pc-xomb"
#define TARGET_PREPENDS_UNDERSCORE 0

configure: exit 0
