This file contains any messages produced by compilers while
running configure, to aid debugging if configure makes a mistake.

It was created by configure, which was
generated by GNU Autoconf 2.64.  Invocation command line was

  $ ../newlib-1.19.0/configure --target=sparc64-pc-xomb --prefix=/home/edf12/buildtools_cross/local --with-gmp=/home/edf12/buildtools_cross/local --with-mpfr=/home/edf12/buildtools_cross/local --enable-newlib-hw-fp

## --------- ##
## Platform. ##
## --------- ##

hostname = deadreckoning
uname -m = x86_64
uname -r = 3.0-ARCH
uname -s = Linux
uname -v = #1 SMP PREEMPT Wed Aug 17 21:55:57 CEST 2011

/usr/bin/uname -p = unknown
/bin/uname -X     = unknown

/bin/arch              = x86_64
/usr/bin/arch -k       = unknown
/usr/convex/getsysinfo = unknown
/usr/bin/hostinfo      = unknown
/bin/machine           = unknown
/usr/bin/oslevel       = unknown
/bin/universe          = unknown

PATH: /home/edf12/buildtools_cross/local/bin/
PATH: /home/edf12/buildtools/local/bin
PATH: /bin
PATH: /usr/bin
PATH: /sbin
PATH: /usr/sbin
PATH: /usr/local/bin
PATH: /usr/local/games
PATH: /opt/google-appengine
PATH: /opt/java/bin
PATH: /opt/java/db/bin
PATH: /opt/java/jre/bin
PATH: /usr/bin/site_perl
PATH: /usr/bin/vendor_perl
PATH: /usr/bin/core_perl


## ----------- ##
## Core tests. ##
## ----------- ##

configure:2215: checking build system type
configure:2229: result: x86_64-unknown-linux-gnu
configure:2276: checking host system type
configure:2289: result: x86_64-unknown-linux-gnu
configure:2309: checking target system type
configure:2322: result: sparc64-pc-xomb
configure:2376: checking for a BSD-compatible install
configure:2444: result: /bin/install -c
configure:2455: checking whether ln works
configure:2477: result: yes
configure:2481: checking whether ln -s works
configure:2485: result: yes
configure:2492: checking for a sed that does not truncate output
configure:2556: result: /bin/sed
configure:2565: checking for gawk
configure:2581: found /bin/gawk
configure:2592: result: gawk
configure:3909: checking for gcc
configure:3925: found /usr/bin/gcc
configure:3936: result: gcc
configure:4165: checking for C compiler version
configure:4174: gcc --version >&5
gcc (GCC) 4.6.1
Copyright (C) 2011 Free Software Foundation, Inc.
This is free software; see the source for copying conditions.  There is NO
warranty; not even for MERCHANTABILITY or FITNESS FOR A PARTICULAR PURPOSE.

configure:4185: $? = 0
configure:4174: gcc -v >&5
Using built-in specs.
COLLECT_GCC=gcc
COLLECT_LTO_WRAPPER=/usr/lib/gcc/x86_64-unknown-linux-gnu/4.6.1/lto-wrapper
Target: x86_64-unknown-linux-gnu
Configured with: /build/src/gcc-4.6.1/configure --prefix=/usr --libdir=/usr/lib --libexecdir=/usr/lib --mandir=/usr/share/man --infodir=/usr/share/info --with-bugurl=https://bugs.archlinux.org/ --enable-languages=c,c++,ada,fortran,go,lto,objc,obj-c++ --enable-shared --enable-threads=posix --with-system-zlib --enable-__cxa_atexit --disable-libunwind-exceptions --enable-clocale=gnu --enable-gnu-unique-object --enable-linker-build-id --with-ppl --enable-cloog-backend=isl --enable-lto --enable-gold --enable-ld=default --enable-plugin --with-plugin-ld=ld.gold --disable-multilib --disable-libstdcxx-pch --enable-checking=release
Thread model: posix
gcc version 4.6.1 (GCC) 
configure:4185: $? = 0
configure:4174: gcc -V >&5
gcc: error: unrecognized option '-V'
gcc: fatal error: no input files
compilation terminated.
configure:4185: $? = 1
configure:4174: gcc -qversion >&5
gcc: error: unrecognized option '-qversion'
gcc: fatal error: no input files
compilation terminated.
configure:4185: $? = 1
configure:4205: checking for C compiler default output file name
configure:4227: gcc    conftest.c  >&5
configure:4231: $? = 0
configure:4268: result: a.out
configure:4284: checking whether the C compiler works
configure:4293: ./a.out
configure:4297: $? = 0
configure:4312: result: yes
configure:4319: checking whether we are cross compiling
configure:4321: result: no
configure:4324: checking for suffix of executables
configure:4331: gcc -o conftest    conftest.c  >&5
configure:4335: $? = 0
configure:4357: result: 
configure:4363: checking for suffix of object files
configure:4385: gcc -c   conftest.c >&5
configure:4389: $? = 0
configure:4410: result: o
configure:4414: checking whether we are using the GNU C compiler
configure:4433: gcc -c   conftest.c >&5
configure:4433: $? = 0
configure:4442: result: yes
configure:4451: checking whether gcc accepts -g
configure:4471: gcc -c -g  conftest.c >&5
configure:4471: $? = 0
configure:4512: result: yes
configure:4529: checking for gcc option to accept ISO C89
configure:4593: gcc  -c -g -O2  conftest.c >&5
configure:4593: $? = 0
configure:4606: result: none needed
configure:4684: checking for g++
configure:4700: found /usr/bin/g++
configure:4711: result: g++
configure:4738: checking for C++ compiler version
configure:4747: g++ --version >&5
g++ (GCC) 4.6.1
Copyright (C) 2011 Free Software Foundation, Inc.
This is free software; see the source for copying conditions.  There is NO
warranty; not even for MERCHANTABILITY or FITNESS FOR A PARTICULAR PURPOSE.

configure:4758: $? = 0
configure:4747: g++ -v >&5
Using built-in specs.
COLLECT_GCC=g++
COLLECT_LTO_WRAPPER=/usr/lib/gcc/x86_64-unknown-linux-gnu/4.6.1/lto-wrapper
Target: x86_64-unknown-linux-gnu
Configured with: /build/src/gcc-4.6.1/configure --prefix=/usr --libdir=/usr/lib --libexecdir=/usr/lib --mandir=/usr/share/man --infodir=/usr/share/info --with-bugurl=https://bugs.archlinux.org/ --enable-languages=c,c++,ada,fortran,go,lto,objc,obj-c++ --enable-shared --enable-threads=posix --with-system-zlib --enable-__cxa_atexit --disable-libunwind-exceptions --enable-clocale=gnu --enable-gnu-unique-object --enable-linker-build-id --with-ppl --enable-cloog-backend=isl --enable-lto --enable-gold --enable-ld=default --enable-plugin --with-plugin-ld=ld.gold --disable-multilib --disable-libstdcxx-pch --enable-checking=release
Thread model: posix
gcc version 4.6.1 (GCC) 
configure:4758: $? = 0
configure:4747: g++ -V >&5
g++: error: unrecognized option '-V'
g++: fatal error: no input files
compilation terminated.
configure:4758: $? = 1
configure:4747: g++ -qversion >&5
g++: error: unrecognized option '-qversion'
g++: fatal error: no input files
compilation terminated.
configure:4758: $? = 1
configure:4762: checking whether we are using the GNU C++ compiler
configure:4781: g++ -c   conftest.cpp >&5
configure:4781: $? = 0
configure:4790: result: yes
configure:4799: checking whether g++ accepts -g
configure:4819: g++ -c -g  conftest.cpp >&5
configure:4819: $? = 0
configure:4860: result: yes
configure:4949: checking for gnatbind
configure:4979: result: no
configure:5041: checking for gnatmake
configure:5071: result: no
configure:5090: checking whether compiler driver understands Ada
configure:5113: result: no
configure:5122: checking how to compare bootstrapped objects
configure:5147: result: cmp --ignore-initial=16 $$f1 $$f2
configure:5163: checking for objdir
configure:5178: result: .libs
configure:5709: checking for version 0.10 (or later revision) of PPL
configure:5726: gcc -c -g -O2  -I/home/edf12/buildtools_cross/local/include -I/home/edf12/buildtools_cross/local/include   conftest.c >&5
configure:5726: $? = 0
configure:5727: result: yes
configure:5836: checking for installed CLooG PPL Legacy
configure:5855: gcc -o conftest -g -O2  -I/home/edf12/buildtools_cross/local/include -I/home/edf12/buildtools_cross/local/include    -DCLOOG_INT_GMP -DCLOOG_ORG    -lppl_c -lppl -lgmpxx conftest.c -lcloog  >&5
conftest.c: In function 'main':
conftest.c:15:5: error: unknown type name 'choke'
configure:5855: $? = 1
configure: failed program was:
| /* confdefs.h */
| #define PACKAGE_NAME ""
| #define PACKAGE_TARNAME ""
| #define PACKAGE_VERSION ""
| #define PACKAGE_STRING ""
| #define PACKAGE_BUGREPORT ""
| #define PACKAGE_URL ""
| #define LT_OBJDIR ".libs/"
| /* end confdefs.h.  */
| #include "cloog/cloog.h"
| int
| main ()
| {
| #ifndef CLOOG_PPL_BACKEND
|     choke me
|    #endif
|   ;
|   return 0;
| }
configure:5863: result: no
configure:7156: checking for default BUILD_CONFIG
configure:7188: result: 
configure:7636: checking for bison
configure:7652: found /usr/bin/bison
configure:7663: result: bison -y
configure:7684: checking for bison
configure:7700: found /usr/bin/bison
configure:7711: result: bison
configure:7731: checking for gm4
configure:7761: result: no
configure:7731: checking for gnum4
configure:7761: result: no
configure:7731: checking for m4
configure:7747: found /usr/bin/m4
configure:7758: result: m4
configure:7778: checking for flex
configure:7794: found /usr/bin/flex
configure:7805: result: flex
configure:7826: checking for flex
configure:7842: found /usr/bin/flex
configure:7853: result: flex
configure:7873: checking for makeinfo
configure:7889: found /usr/bin/makeinfo
configure:7900: result: makeinfo
configure:7934: checking for expect
configure:7950: found /usr/bin/expect
configure:7961: result: expect
configure:7983: checking for runtest
configure:8013: result: no
configure:8128: checking for ar
configure:8144: found /usr/bin/ar
configure:8155: result: ar
configure:8269: checking for as
configure:8285: found /usr/bin/as
configure:8296: result: as
configure:8410: checking for dlltool
configure:8440: result: no
configure:8551: checking for ld
configure:8567: found /usr/bin/ld
configure:8578: result: ld
configure:8692: checking for lipo
configure:8722: result: no
configure:8833: checking for nm
configure:8849: found /usr/bin/nm
configure:8860: result: nm
configure:8974: checking for ranlib
configure:8990: found /usr/bin/ranlib
configure:9001: result: ranlib
configure:9110: checking for strip
configure:9126: found /usr/bin/strip
configure:9137: result: strip
configure:9246: checking for windres
configure:9276: result: no
configure:9387: checking for windmc
configure:9417: result: no
configure:9528: checking for objcopy
configure:9544: found /usr/bin/objcopy
configure:9555: result: objcopy
configure:9669: checking for objdump
configure:9685: found /usr/bin/objdump
configure:9696: result: objdump
configure:9810: checking for sparc64-pc-xomb-cc
configure:9840: result: no
configure:9810: checking for sparc64-pc-xomb-gcc
configure:9826: found /home/edf12/buildtools_cross/local/bin//sparc64-pc-xomb-gcc
configure:9837: result: sparc64-pc-xomb-gcc
configure:9971: checking for sparc64-pc-xomb-c++
configure:9987: found /home/edf12/buildtools_cross/local/bin//sparc64-pc-xomb-c++
configure:9998: result: sparc64-pc-xomb-c++
configure:10132: checking for sparc64-pc-xomb-gcc
configure:10148: found /home/edf12/buildtools_cross/local/bin//sparc64-pc-xomb-gcc
configure:10159: result: sparc64-pc-xomb-gcc
configure:10288: checking for sparc64-pc-xomb-gcj
configure:10318: result: no
configure:10449: checking for sparc64-pc-xomb-gfortran
configure:10479: result: no
configure:10610: checking for sparc64-pc-xomb-gccgo
configure:10640: result: no
configure:10851: checking for sparc64-pc-xomb-ar
configure:10867: found /home/edf12/buildtools_cross/local/bin//sparc64-pc-xomb-ar
configure:10878: result: sparc64-pc-xomb-ar
configure:11081: checking for sparc64-pc-xomb-as
configure:11097: found /home/edf12/buildtools_cross/local/bin//sparc64-pc-xomb-as
configure:11108: result: sparc64-pc-xomb-as
configure:11311: checking for sparc64-pc-xomb-dlltool
configure:11341: result: no
configure:11541: checking for sparc64-pc-xomb-ld
configure:11557: found /home/edf12/buildtools_cross/local/bin//sparc64-pc-xomb-ld
configure:11568: result: sparc64-pc-xomb-ld
configure:11771: checking for sparc64-pc-xomb-lipo
configure:11801: result: no
configure:12001: checking for sparc64-pc-xomb-nm
configure:12017: found /home/edf12/buildtools_cross/local/bin//sparc64-pc-xomb-nm
configure:12028: result: sparc64-pc-xomb-nm
configure:12231: checking for sparc64-pc-xomb-objdump
configure:12247: found /home/edf12/buildtools_cross/local/bin//sparc64-pc-xomb-objdump
configure:12258: result: sparc64-pc-xomb-objdump
configure:12461: checking for sparc64-pc-xomb-ranlib
configure:12477: found /home/edf12/buildtools_cross/local/bin//sparc64-pc-xomb-ranlib
configure:12488: result: sparc64-pc-xomb-ranlib
configure:12691: checking for sparc64-pc-xomb-strip
configure:12707: found /home/edf12/buildtools_cross/local/bin//sparc64-pc-xomb-strip
configure:12718: result: sparc64-pc-xomb-strip
configure:12921: checking for sparc64-pc-xomb-windres
configure:12951: result: no
configure:13151: checking for sparc64-pc-xomb-windmc
configure:13181: result: no
configure:13248: checking where to find the target ar
configure:13285: result: pre-installed
configure:13290: checking where to find the target as
configure:13327: result: pre-installed
configure:13332: checking where to find the target cc
configure:13369: result: pre-installed
configure:13374: checking where to find the target c++
configure:13414: result: pre-installed
configure:13419: checking where to find the target c++ for libstdc++
configure:13459: result: pre-installed
configure:13464: checking where to find the target dlltool
configure:13501: result: pre-installed
configure:13506: checking where to find the target gcc
configure:13543: result: pre-installed
configure:13548: checking where to find the target gcj
configure:13588: result: pre-installed
configure:13593: checking where to find the target gfortran
configure:13633: result: pre-installed
configure:13638: checking where to find the target gccgo
configure:13678: result: pre-installed
configure:13683: checking where to find the target ld
configure:13720: result: pre-installed
configure:13725: checking where to find the target lipo
configure:13751: result: pre-installed
configure:13756: checking where to find the target nm
configure:13793: result: pre-installed
configure:13798: checking where to find the target objdump
configure:13835: result: pre-installed
configure:13840: checking where to find the target ranlib
configure:13877: result: pre-installed
configure:13882: checking where to find the target strip
configure:13919: result: pre-installed
configure:13924: checking where to find the target windres
configure:13961: result: pre-installed
configure:13966: checking where to find the target windmc
configure:14003: result: pre-installed
configure:14036: checking whether to enable maintainer-specific portions of Makefiles
configure:14045: result: no
configure:14078: checking whether -fkeep-inline-functions is supported
configure:14097: gcc -c -g -O2 -fkeep-inline-functions  conftest.c >&5
configure:14097: $? = 0
configure:14098: result: yes
configure:14295: creating ./config.status

## ---------------------- ##
## Running config.status. ##
## ---------------------- ##

This file was extended by config.status, which was
generated by GNU Autoconf 2.64.  Invocation command line was

  CONFIG_FILES    = 
  CONFIG_HEADERS  = 
  CONFIG_LINKS    = 
  CONFIG_COMMANDS = 
  $ ./config.status 

on deadreckoning

config.status:909: creating Makefile

## ---------------- ##
## Cache variables. ##
## ---------------- ##

ac_cv_build=x86_64-unknown-linux-gnu
ac_cv_c_compiler_gnu=yes
ac_cv_cxx_compiler_gnu=yes
ac_cv_env_AR_FOR_TARGET_set=
ac_cv_env_AR_FOR_TARGET_value=
ac_cv_env_AR_set=
ac_cv_env_AR_value=
ac_cv_env_AS_FOR_TARGET_set=
ac_cv_env_AS_FOR_TARGET_value=
ac_cv_env_AS_set=
ac_cv_env_AS_value=
ac_cv_env_CCC_set=
ac_cv_env_CCC_value=
ac_cv_env_CC_FOR_TARGET_set=
ac_cv_env_CC_FOR_TARGET_value=
ac_cv_env_CC_set=
ac_cv_env_CC_value=
ac_cv_env_CFLAGS_set=
ac_cv_env_CFLAGS_value=
ac_cv_env_CPPFLAGS_set=
ac_cv_env_CPPFLAGS_value=
ac_cv_env_CXXFLAGS_set=
ac_cv_env_CXXFLAGS_value=
ac_cv_env_CXX_FOR_TARGET_set=
ac_cv_env_CXX_FOR_TARGET_value=
ac_cv_env_CXX_set=
ac_cv_env_CXX_value=
ac_cv_env_DLLTOOL_FOR_TARGET_set=
ac_cv_env_DLLTOOL_FOR_TARGET_value=
ac_cv_env_DLLTOOL_set=
ac_cv_env_DLLTOOL_value=
ac_cv_env_GCC_FOR_TARGET_set=
ac_cv_env_GCC_FOR_TARGET_value=
ac_cv_env_GCJ_FOR_TARGET_set=
ac_cv_env_GCJ_FOR_TARGET_value=
ac_cv_env_GFORTRAN_FOR_TARGET_set=
ac_cv_env_GFORTRAN_FOR_TARGET_value=
ac_cv_env_GOC_FOR_TARGET_set=
ac_cv_env_GOC_FOR_TARGET_value=
ac_cv_env_LDFLAGS_set=
ac_cv_env_LDFLAGS_value=
ac_cv_env_LD_FOR_TARGET_set=
ac_cv_env_LD_FOR_TARGET_value=
ac_cv_env_LD_set=
ac_cv_env_LD_value=
ac_cv_env_LIBS_set=
ac_cv_env_LIBS_value=
ac_cv_env_LIPO_FOR_TARGET_set=
ac_cv_env_LIPO_FOR_TARGET_value=
ac_cv_env_LIPO_set=
ac_cv_env_LIPO_value=
ac_cv_env_NM_FOR_TARGET_set=
ac_cv_env_NM_FOR_TARGET_value=
ac_cv_env_NM_set=
ac_cv_env_NM_value=
ac_cv_env_OBJCOPY_set=
ac_cv_env_OBJCOPY_value=
ac_cv_env_OBJDUMP_FOR_TARGET_set=
ac_cv_env_OBJDUMP_FOR_TARGET_value=
ac_cv_env_OBJDUMP_set=
ac_cv_env_OBJDUMP_value=
ac_cv_env_RANLIB_FOR_TARGET_set=
ac_cv_env_RANLIB_FOR_TARGET_value=
ac_cv_env_RANLIB_set=
ac_cv_env_RANLIB_value=
ac_cv_env_STRIP_FOR_TARGET_set=
ac_cv_env_STRIP_FOR_TARGET_value=
ac_cv_env_STRIP_set=
ac_cv_env_STRIP_value=
ac_cv_env_WINDMC_FOR_TARGET_set=
ac_cv_env_WINDMC_FOR_TARGET_value=
ac_cv_env_WINDMC_set=
ac_cv_env_WINDMC_value=
ac_cv_env_WINDRES_FOR_TARGET_set=
ac_cv_env_WINDRES_FOR_TARGET_value=
ac_cv_env_WINDRES_set=
ac_cv_env_WINDRES_value=
ac_cv_env_build_alias_set=
ac_cv_env_build_alias_value=
ac_cv_env_build_configargs_set=
ac_cv_env_build_configargs_value=
ac_cv_env_host_alias_set=
ac_cv_env_host_alias_value=
ac_cv_env_host_configargs_set=
ac_cv_env_host_configargs_value=
ac_cv_env_target_alias_set=set
ac_cv_env_target_alias_value=sparc64-pc-xomb
ac_cv_env_target_configargs_set=
ac_cv_env_target_configargs_value=
ac_cv_host=x86_64-unknown-linux-gnu
ac_cv_objext=o
ac_cv_path_SED=/bin/sed
ac_cv_path_install='/bin/install -c'
ac_cv_prog_AR=ar
ac_cv_prog_AR_FOR_TARGET=sparc64-pc-xomb-ar
ac_cv_prog_AS=as
ac_cv_prog_AS_FOR_TARGET=sparc64-pc-xomb-as
ac_cv_prog_AWK=gawk
ac_cv_prog_BISON=bison
ac_cv_prog_CC_FOR_TARGET=sparc64-pc-xomb-gcc
ac_cv_prog_CXX_FOR_TARGET=sparc64-pc-xomb-c++
ac_cv_prog_EXPECT=expect
ac_cv_prog_FLEX=flex
ac_cv_prog_GCC_FOR_TARGET=sparc64-pc-xomb-gcc
ac_cv_prog_LD=ld
ac_cv_prog_LD_FOR_TARGET=sparc64-pc-xomb-ld
ac_cv_prog_LEX=flex
ac_cv_prog_M4=m4
ac_cv_prog_MAKEINFO=makeinfo
ac_cv_prog_NM=nm
ac_cv_prog_NM_FOR_TARGET=sparc64-pc-xomb-nm
ac_cv_prog_OBJCOPY=objcopy
ac_cv_prog_OBJDUMP=objdump
ac_cv_prog_OBJDUMP_FOR_TARGET=sparc64-pc-xomb-objdump
ac_cv_prog_RANLIB=ranlib
ac_cv_prog_RANLIB_FOR_TARGET=sparc64-pc-xomb-ranlib
ac_cv_prog_STRIP=strip
ac_cv_prog_STRIP_FOR_TARGET=sparc64-pc-xomb-strip
ac_cv_prog_YACC='bison -y'
ac_cv_prog_ac_ct_CC=gcc
ac_cv_prog_ac_ct_CXX=g++
ac_cv_prog_cc_c89=
ac_cv_prog_cc_g=yes
ac_cv_prog_cxx_g=yes
ac_cv_target=sparc64-pc-xomb
acx_cv_cc_gcc_supports_ada=no
acx_cv_prog_LN=ln
gcc_cv_cloog_type=no
gcc_cv_prog_cmp_skip='cmp --ignore-initial=16 $$f1 $$f2'
gcc_cv_tool_dirs=
gcc_cv_tool_prefix=/home/edf12/buildtools_cross/local
lt_cv_objdir=.libs

## ----------------- ##
## Output variables. ##
## ----------------- ##

AR='ar'
AR_FOR_BUILD='$(AR)'
AR_FOR_TARGET='sparc64-pc-xomb-ar'
AS='as'
AS_FOR_BUILD='$(AS)'
AS_FOR_TARGET='sparc64-pc-xomb-as'
AWK='gawk'
BISON='bison'
BUILD_CONFIG=''
CC='gcc'
CC_FOR_BUILD='$(CC)'
CC_FOR_TARGET='sparc64-pc-xomb-gcc'
CFLAGS='-g -O2'
CFLAGS_FOR_BUILD='-g -O2'
CFLAGS_FOR_TARGET='-g -O2'
COMPILER_AS_FOR_TARGET='$(AS_FOR_TARGET)'
COMPILER_LD_FOR_TARGET='$(LD_FOR_TARGET)'
COMPILER_NM_FOR_TARGET='$(NM_FOR_TARGET)'
CONFIGURE_GDB_TK=''
CPPFLAGS=''
CXX='g++'
CXXFLAGS='-g -O2'
CXXFLAGS_FOR_BUILD='-g -O2'
CXXFLAGS_FOR_TARGET='-g -O2'
CXX_FOR_BUILD='$(CXX)'
CXX_FOR_TARGET='sparc64-pc-xomb-c++'
DEBUG_PREFIX_CFLAGS_FOR_TARGET=''
DEFS='-DPACKAGE_NAME=\"\" -DPACKAGE_TARNAME=\"\" -DPACKAGE_VERSION=\"\" -DPACKAGE_STRING=\"\" -DPACKAGE_BUGREPORT=\"\" -DPACKAGE_URL=\"\" -DLT_OBJDIR=\".libs/\"'
DLLTOOL='dlltool'
DLLTOOL_FOR_BUILD='$(DLLTOOL)'
DLLTOOL_FOR_TARGET='sparc64-pc-xomb-dlltool'
ECHO_C=''
ECHO_N='-n'
ECHO_T=''
EXEEXT=''
EXPECT='expect'
FLAGS_FOR_TARGET=' -B$$r/$(TARGET_SUBDIR)/newlib/ -isystem $$r/$(TARGET_SUBDIR)/newlib/targ-include -isystem $$s/newlib/libc/include -B$$r/$(TARGET_SUBDIR)/libgloss/sparc64 -L$$r/$(TARGET_SUBDIR)/libgloss/libnosys -L$$s/libgloss/sparc64'
FLEX='flex'
GCC_FOR_TARGET='sparc64-pc-xomb-gcc'
GCC_SHLIB_SUBDIR=''
GCJ_FOR_BUILD='$(GCJ)'
GCJ_FOR_TARGET='sparc64-pc-xomb-gcj'
GDB_TK=''
GFORTRAN_FOR_BUILD='$(GFORTRAN)'
GFORTRAN_FOR_TARGET='sparc64-pc-xomb-gfortran'
GNATBIND='no'
GNATMAKE='no'
GOC_FOR_BUILD='$(GOC)'
GOC_FOR_TARGET='sparc64-pc-xomb-gccgo'
INSTALL_DATA='${INSTALL} -m 644'
INSTALL_GDB_TK=''
INSTALL_PROGRAM='${INSTALL}'
INSTALL_SCRIPT='${INSTALL}'
LD='ld'
LDFLAGS=''
LDFLAGS_FOR_BUILD=''
LD_FOR_BUILD='$(LD)'
LD_FOR_TARGET='sparc64-pc-xomb-ld'
LEX='flex'
LIBOBJS=''
LIBS=''
LIPO='lipo'
LIPO_FOR_TARGET='sparc64-pc-xomb-lipo'
LN='ln'
LN_S='ln -s'
LTLIBOBJS=''
M4='m4'
MAINT='#'
MAINTAINER_MODE_FALSE=''
MAINTAINER_MODE_TRUE='#'
MAKEINFO='makeinfo'
NM='nm'
NM_FOR_BUILD='$(NM)'
NM_FOR_TARGET='sparc64-pc-xomb-nm'
OBJCOPY='objcopy'
OBJDUMP='objdump'
OBJDUMP_FOR_TARGET='sparc64-pc-xomb-objdump'
OBJEXT='o'
PACKAGE_BUGREPORT=''
PACKAGE_NAME=''
PACKAGE_STRING=''
PACKAGE_TARNAME=''
PACKAGE_URL=''
PACKAGE_VERSION=''
PATH_SEPARATOR=':'
RANLIB='ranlib'
RANLIB_FOR_BUILD='$(RANLIB)'
RANLIB_FOR_TARGET='sparc64-pc-xomb-ranlib'
RAW_CXX_FOR_TARGET='sparc64-pc-xomb-c++'
RPATH_ENVVAR='LD_LIBRARY_PATH'
RUNTEST='runtest'
SED='/bin/sed'
SHELL='/bin/sh'
STRIP='strip'
STRIP_FOR_TARGET='sparc64-pc-xomb-strip'
SYSROOT_CFLAGS_FOR_TARGET=''
TOPLEVEL_CONFIGURE_ARGUMENTS='../newlib-1.19.0/configure --target=sparc64-pc-xomb --prefix=/home/edf12/buildtools_cross/local --with-gmp=/home/edf12/buildtools_cross/local --with-mpfr=/home/edf12/buildtools_cross/local --enable-newlib-hw-fp'
WINDMC='windmc'
WINDMC_FOR_BUILD='$(WINDMC)'
WINDMC_FOR_TARGET='sparc64-pc-xomb-windmc'
WINDRES='windres'
WINDRES_FOR_BUILD='$(WINDRES)'
WINDRES_FOR_TARGET='sparc64-pc-xomb-windres'
YACC='bison -y'
ac_ct_CC='gcc'
ac_ct_CXX='g++'
bindir='${exec_prefix}/bin'
build='x86_64-unknown-linux-gnu'
build_alias=''
build_configargs=' --cache-file=../config.cache '\''--prefix=/home/edf12/buildtools_cross/local'\'' '\''--with-gmp=/home/edf12/buildtools_cross/local'\'' '\''--with-mpfr=/home/edf12/buildtools_cross/local'\'' '\''--enable-newlib-hw-fp'\'' --program-transform-name='\''s&^&sparc64-pc-xomb-&'\'' --disable-option-checking'
build_configdirs=''
build_cpu='x86_64'
build_libsubdir='build-x86_64-unknown-linux-gnu'
build_noncanonical='x86_64-unknown-linux-gnu'
build_os='linux-gnu'
build_subdir='build-x86_64-unknown-linux-gnu'
build_tooldir='${exec_prefix}/sparc64-pc-xomb'
build_vendor='unknown'
clooginc=''
clooglibs=''
compare_exclusions='gcc/cc*-checksum$(objext) | gcc/ada/*tools/*'
config_shell='/bin/sh'
configdirs=' etc'
datadir='${datarootdir}'
datarootdir='${prefix}/share'
do_compare='cmp --ignore-initial=16 $$f1 $$f2'
docdir='${datarootdir}/doc/${PACKAGE}'
dvidir='${docdir}'
exec_prefix='${prefix}'
extra_host_libiberty_configure_flags=''
extra_mpc_gmp_configure_flags=''
extra_mpc_mpfr_configure_flags=''
extra_mpfr_configure_flags=''
gmpinc='-I/home/edf12/buildtools_cross/local/include -I/home/edf12/buildtools_cross/local/include '
gmplibs='-L/home/edf12/buildtools_cross/local/lib -L/home/edf12/buildtools_cross/local/lib -lmpc -lmpfr -lgmp'
host='x86_64-unknown-linux-gnu'
host_alias=''
host_configargs=' --cache-file=./config.cache  --with-system-zlib --with-newlib '\''--prefix=/home/edf12/buildtools_cross/local'\'' '\''--with-gmp=/home/edf12/buildtools_cross/local'\'' '\''--with-mpfr=/home/edf12/buildtools_cross/local'\'' '\''--enable-newlib-hw-fp'\'' --program-transform-name='\''s&^&sparc64-pc-xomb-&'\'' --disable-option-checking'
host_cpu='x86_64'
host_noncanonical='x86_64-unknown-linux-gnu'
host_os='linux-gnu'
host_subdir='.'
host_vendor='unknown'
htmldir='${docdir}'
includedir='${prefix}/include'
infodir='${datarootdir}/info'
libdir='${exec_prefix}/lib'
libexecdir='${exec_prefix}/libexec'
localedir='${datarootdir}/locale'
localstatedir='${prefix}/var'
mandir='${datarootdir}/man'
oldincludedir='/usr/include'
pdfdir='${docdir}'
poststage1_ldflags='-static-libstdc++ -static-libgcc'
poststage1_libs=''
pplinc=''
ppllibs=' -lppl_c -lppl -lgmpxx'
prefix='/home/edf12/buildtools_cross/local'
program_transform_name='s&^&sparc64-pc-xomb-&'
psdir='${docdir}'
sbindir='${exec_prefix}/sbin'
sharedstatedir='${prefix}/com'
stage1_cflags='-g -fkeep-inline-functions'
stage1_checking='--enable-checking=yes,types'
stage1_languages=',c,'
stage1_ldflags=''
stage1_libs=''
stage2_werror_flag=''
sysconfdir='${prefix}/etc'
target='sparc64-pc-xomb'
target_alias='sparc64-pc-xomb'
target_configargs='--cache-file=./config.cache --with-newlib --enable-multilib --with-cross-host=x86_64-unknown-linux-gnu  '\''--prefix=/home/edf12/buildtools_cross/local'\'' '\''--with-gmp=/home/edf12/buildtools_cross/local'\'' '\''--with-mpfr=/home/edf12/buildtools_cross/local'\'' '\''--enable-newlib-hw-fp'\'' --program-transform-name='\''s&^&sparc64-pc-xomb-&'\'' --disable-option-checking'
target_configdirs=' libgloss newlib'
target_cpu='sparc64'
target_noncanonical='sparc64-pc-xomb'
target_os='xomb'
target_subdir='sparc64-pc-xomb'
target_vendor='pc'
tooldir='${exec_prefix}/sparc64-pc-xomb'

## ------------------- ##
## File substitutions. ##
## ------------------- ##

alphaieee_frag='/dev/null'
host_makefile_frag='/dev/null'
ospace_frag='/dev/null'
serialization_dependencies='serdep.tmp'
target_makefile_frag='/dev/null'

## ----------- ##
## confdefs.h. ##
## ----------- ##

/* confdefs.h */
#define PACKAGE_NAME ""
#define PACKAGE_TARNAME ""
#define PACKAGE_VERSION ""
#define PACKAGE_STRING ""
#define PACKAGE_BUGREPORT ""
#define PACKAGE_URL ""
#define LT_OBJDIR ".libs/"

configure: exit 0
