This file contains any messages produced by compilers while
running configure, to aid debugging if configure makes a mistake.

It was created by configure, which was
generated by GNU Autoconf 2.64.  Invocation command line was

  $ /home/att14/ultraxomb/build/gcc-4.5.3/libiberty/configure --cache-file=../config.cache --prefix=/home/att14/ultraxomb/local --disable-libssp --with-gmp=/home/att14/ultraxomb/local --with-mpfr=/home/att14/ultraxomb/local --with-mpc=/home/att14/ultraxomb/local --without-headers --disable-nls --with-newlib --enable-languages=c,d,lto --program-transform-name=s&^&sparc64-sun-xomb-& --disable-option-checking --with-build-subdir=build-x86_64-unknown-linux-gnu --build=x86_64-unknown-linux-gnu --host=x86_64-unknown-linux-gnu --target=sparc64-sun-xomb --srcdir=../../../gcc-4.5.3/libiberty

## --------- ##
## Platform. ##
## --------- ##

hostname = deadreckoning
uname -m = x86_64
uname -r = 3.0-ARCH
uname -s = Linux
uname -v = #1 SMP PREEMPT Wed Aug 17 21:55:57 CEST 2011

/usr/bin/uname -p = unknown
/bin/uname -X     = unknown

/bin/arch              = x86_64
/usr/bin/arch -k       = unknown
/usr/convex/getsysinfo = unknown
/usr/bin/hostinfo      = unknown
/bin/machine           = unknown
/usr/bin/oslevel       = unknown
/bin/universe          = unknown

PATH: /home/att14/ultraxomb/local/bin
PATH: /bin
PATH: /usr/bin
PATH: /sbin
PATH: /usr/sbin
PATH: /usr/local/bin
PATH: /usr/local/games
PATH: /opt/google-appengine
PATH: /opt/java/bin
PATH: /opt/java/db/bin
PATH: /opt/java/jre/bin
PATH: /usr/bin/site_perl
PATH: /usr/bin/vendor_perl
PATH: /usr/bin/core_perl


## ----------- ##
## Core tests. ##
## ----------- ##

configure:2209: loading cache ../config.cache
configure:2368: checking whether to enable maintainer-specific portions of Makefiles
configure:2378: result: no
configure:2393: checking for makeinfo
configure:2420: result: makeinfo
configure:2460: checking for perl
configure:2487: result: perl
configure:2506: checking build system type
configure:2520: result: x86_64-unknown-linux-gnu
configure:2540: checking host system type
configure:2553: result: x86_64-unknown-linux-gnu
configure:2578: checking for x86_64-unknown-linux-gnu-ar
configure:2605: result: ar
configure:2670: checking for x86_64-unknown-linux-gnu-ranlib
configure:2697: result: ranlib
configure:2790: checking for x86_64-unknown-linux-gnu-gcc
configure:2817: result: gcc
configure:3086: checking for C compiler version
configure:3095: gcc --version >&5
gcc (GCC) 4.6.1
Copyright (C) 2011 Free Software Foundation, Inc.
This is free software; see the source for copying conditions.  There is NO
warranty; not even for MERCHANTABILITY or FITNESS FOR A PARTICULAR PURPOSE.

configure:3106: $? = 0
configure:3095: gcc -v >&5
Using built-in specs.
COLLECT_GCC=gcc
COLLECT_LTO_WRAPPER=/usr/lib/gcc/x86_64-unknown-linux-gnu/4.6.1/lto-wrapper
Target: x86_64-unknown-linux-gnu
Configured with: /build/src/gcc-4.6.1/configure --prefix=/usr --libdir=/usr/lib --libexecdir=/usr/lib --mandir=/usr/share/man --infodir=/usr/share/info --with-bugurl=https://bugs.archlinux.org/ --enable-languages=c,c++,ada,fortran,go,lto,objc,obj-c++ --enable-shared --enable-threads=posix --with-system-zlib --enable-__cxa_atexit --disable-libunwind-exceptions --enable-clocale=gnu --enable-gnu-unique-object --enable-linker-build-id --with-ppl --enable-cloog-backend=isl --enable-lto --enable-gold --enable-ld=default --enable-plugin --with-plugin-ld=ld.gold --disable-multilib --disable-libstdcxx-pch --enable-checking=release
Thread model: posix
gcc version 4.6.1 (GCC) 
configure:3106: $? = 0
configure:3095: gcc -V >&5
gcc: error: unrecognized option '-V'
gcc: fatal error: no input files
compilation terminated.
configure:3106: $? = 1
configure:3095: gcc -qversion >&5
gcc: error: unrecognized option '-qversion'
gcc: fatal error: no input files
compilation terminated.
configure:3106: $? = 1
configure:3122: gcc -o conftest -g -O2   conftest.c  >&5
configure:3125: $? = 0
configure:3154: checking for C compiler default output file name
configure:3176: gcc -g -O2   conftest.c  >&5
configure:3180: $? = 0
configure:3217: result: a.out
configure:3233: checking whether the C compiler works
configure:3242: ./a.out
configure:3246: $? = 0
configure:3261: result: yes
configure:3268: checking whether we are cross compiling
configure:3270: result: no
configure:3273: checking for suffix of executables
configure:3280: gcc -o conftest -g -O2   conftest.c  >&5
configure:3284: $? = 0
configure:3306: result: 
configure:3313: checking for suffix of object files
configure:3360: result: o
configure:3364: checking whether we are using the GNU C compiler
configure:3392: result: yes
configure:3401: checking whether gcc accepts -g
configure:3462: result: yes
configure:3479: checking for gcc option to accept ISO C89
configure:3556: result: none needed
configure:3584: checking for special C compiler options needed for large files
configure:3629: result: no
configure:3635: checking for _FILE_OFFSET_BITS value needed for large files
configure:3692: result: no
configure:3780: checking how to run the C preprocessor
configure:3850: result: gcc -E
configure:3870: gcc -E  conftest.c
configure:3870: $? = 0
configure:3884: gcc -E  conftest.c
conftest.c:9:28: fatal error: ac_nonexistent.h: No such file or directory
compilation terminated.
configure:3884: $? = 1
configure: failed program was:
| /* confdefs.h */
| #define PACKAGE_NAME ""
| #define PACKAGE_TARNAME ""
| #define PACKAGE_VERSION ""
| #define PACKAGE_STRING ""
| #define PACKAGE_BUGREPORT ""
| #define PACKAGE_URL ""
| /* end confdefs.h.  */
| #include <ac_nonexistent.h>
configure:3921: checking whether gcc supports -W
configure:3947: result: yes
configure:3921: checking whether gcc supports -Wall
configure:3947: result: yes
configure:3921: checking whether gcc supports -Wwrite-strings
configure:3947: result: yes
configure:3921: checking whether gcc supports -Wc++-compat
configure:3947: result: yes
configure:3921: checking whether gcc supports -Wstrict-prototypes
configure:3947: result: yes
configure:3956: checking whether gcc supports -pedantic 
configure:3982: result: yes
configure:3992: checking whether gcc and cc understand -c and -o together
configure:4092: result: yes
configure:4111: checking for an ANSI C-conforming const
configure:4183: result: yes
configure:4191: checking for inline
configure:4215: result: inline
configure:4234: checking for grep that handles long lines and -e
configure:4292: result: /bin/grep
configure:4297: checking for egrep
configure:4359: result: /bin/grep -E
configure:4364: checking for ANSI C header files
configure:4468: result: yes
configure:4481: checking for sys/types.h
configure:4481: result: yes
configure:4481: checking for sys/stat.h
configure:4481: result: yes
configure:4481: checking for stdlib.h
configure:4481: result: yes
configure:4481: checking for string.h
configure:4481: result: yes
configure:4481: checking for memory.h
configure:4481: result: yes
configure:4481: checking for strings.h
configure:4481: result: yes
configure:4481: checking for inttypes.h
configure:4481: result: yes
configure:4481: checking for stdint.h
configure:4481: result: yes
configure:4481: checking for unistd.h
configure:4481: result: yes
configure:4492: checking whether byte ordering is bigendian
configure:4698: result: no
configure:4737: checking for a BSD-compatible install
configure:4805: result: /bin/install -c
configure:4895: checking for sys/file.h
configure:4895: result: yes
configure:4895: checking for sys/param.h
configure:4895: result: yes
configure:4895: checking for limits.h
configure:4895: result: yes
configure:4895: checking for stdlib.h
configure:4895: result: yes
configure:4895: checking for malloc.h
configure:4895: result: yes
configure:4895: checking for string.h
configure:4895: result: yes
configure:4895: checking for unistd.h
configure:4895: result: yes
configure:4895: checking for strings.h
configure:4895: result: yes
configure:4895: checking for sys/time.h
configure:4895: result: yes
configure:4895: checking for time.h
configure:4895: result: yes
configure:4895: checking for sys/resource.h
configure:4895: result: yes
configure:4895: checking for sys/stat.h
configure:4895: result: yes
configure:4895: checking for sys/mman.h
configure:4895: result: yes
configure:4895: checking for fcntl.h
configure:4895: result: yes
configure:4895: checking for alloca.h
configure:4895: result: yes
configure:4895: checking for sys/pstat.h
configure:4895: result: no
configure:4895: checking for sys/sysmp.h
configure:4895: result: no
configure:4895: checking for sys/sysinfo.h
configure:4895: result: yes
configure:4895: checking for machine/hal_sysinfo.h
configure:4895: result: no
configure:4895: checking for sys/table.h
configure:4895: result: no
configure:4895: checking for sys/sysctl.h
configure:4895: result: yes
configure:4895: checking for sys/systemcfg.h
configure:4895: result: no
configure:4895: checking for stdint.h
configure:4895: result: yes
configure:4895: checking for stdio_ext.h
configure:4895: result: yes
configure:4905: checking for sys/wait.h that is POSIX.1 compatible
configure:4938: result: yes
configure:4946: checking whether time.h and sys/time.h may both be included
configure:4973: result: yes
configure:4982: checking whether errno must be declared
configure:5005: result: no
configure:5019: checking size of int
configure:5039: result: 4
configure:5051: checking for a 64-bit type
configure:5119: result: uint64_t
configure:5130: checking for intptr_t
configure:5130: result: yes
configure:5165: checking for uintptr_t
configure:5165: result: yes
configure:5208: checking for pid_t
configure:5208: result: yes
configure:5845: checking for library containing strerror
configure:5896: result: none required
configure:5907: checking for asprintf
configure:5907: result: yes
configure:5907: checking for atexit
configure:5907: result: yes
configure:5907: checking for basename
configure:5907: result: yes
configure:5907: checking for bcmp
configure:5907: result: yes
configure:5907: checking for bcopy
configure:5907: result: yes
configure:5907: checking for bsearch
configure:5907: result: yes
configure:5907: checking for bzero
configure:5907: result: yes
configure:5907: checking for calloc
configure:5907: result: yes
configure:5907: checking for clock
configure:5907: result: yes
configure:5907: checking for ffs
configure:5907: result: yes
configure:5907: checking for getcwd
configure:5907: result: yes
configure:5907: checking for getpagesize
configure:5907: result: yes
configure:5907: checking for gettimeofday
configure:5907: result: yes
configure:5907: checking for index
configure:5907: result: yes
configure:5907: checking for insque
configure:5907: result: yes
configure:5907: checking for memchr
configure:5907: result: yes
configure:5907: checking for memcmp
configure:5907: result: yes
configure:5907: checking for memcpy
configure:5907: result: yes
configure:5907: checking for memmem
configure:5907: result: yes
configure:5907: checking for memmove
configure:5907: result: yes
configure:5907: checking for mempcpy
configure:5907: result: yes
configure:5907: checking for memset
configure:5907: result: yes
configure:5907: checking for mkstemps
configure:5907: result: yes
configure:5907: checking for putenv
configure:5907: result: yes
configure:5907: checking for random
configure:5907: result: yes
configure:5907: checking for rename
configure:5907: result: yes
configure:5907: checking for rindex
configure:5907: result: yes
configure:5907: checking for setenv
configure:5907: result: yes
configure:5907: checking for snprintf
configure:5907: result: yes
configure:5907: checking for sigsetmask
configure:5907: result: yes
configure:5907: checking for stpcpy
configure:5907: result: yes
configure:5907: checking for stpncpy
configure:5907: result: yes
configure:5907: checking for strcasecmp
configure:5907: result: yes
configure:5907: checking for strchr
configure:5907: result: yes
configure:5907: checking for strdup
configure:5907: result: yes
configure:5907: checking for strncasecmp
configure:5907: result: yes
configure:5907: checking for strndup
configure:5907: result: yes
configure:5907: checking for strrchr
configure:5907: result: yes
configure:5907: checking for strstr
configure:5907: result: yes
configure:5907: checking for strtod
configure:5907: result: yes
configure:5907: checking for strtol
configure:5907: result: yes
configure:5907: checking for strtoul
configure:5907: result: yes
configure:5907: checking for strverscmp
configure:5907: result: yes
configure:5907: checking for tmpnam
configure:5907: result: yes
configure:5907: checking for vasprintf
configure:5907: result: yes
configure:5907: checking for vfprintf
configure:5907: result: yes
configure:5907: checking for vprintf
configure:5907: result: yes
configure:5907: checking for vsnprintf
configure:5907: result: yes
configure:5907: checking for vsprintf
configure:5907: result: yes
configure:5907: checking for waitpid
configure:5907: result: yes
configure:5925: checking whether alloca needs Cray hooks
configure:5948: result: no
configure:5966: checking stack direction for C alloca
configure:6003: result: -1
configure:6013: checking for vfork.h
configure:6013: result: no
configure:6025: checking for fork
configure:6025: result: yes
configure:6025: checking for vfork
configure:6025: result: yes
configure:6036: checking for working fork
configure:6068: result: yes
configure:6089: checking for working vfork
configure:6199: result: yes
configure:6258: checking for _doprnt
configure:6258: result: no
configure:6270: checking for sys_errlist
configure:6299: result: yes
configure:6270: checking for sys_nerr
configure:6299: result: yes
configure:6270: checking for sys_siglist
configure:6299: result: yes
configure:6314: checking for external symbol _system_configuration
configure:6327: gcc -c -g -O2  conftest.c >&5
conftest.c:103:27: fatal error: sys/systemcfg.h: No such file or directory
compilation terminated.
configure:6327: $? = 1
configure: failed program was:
| /* confdefs.h */
| #define PACKAGE_NAME ""
| #define PACKAGE_TARNAME ""
| #define PACKAGE_VERSION ""
| #define PACKAGE_STRING ""
| #define PACKAGE_BUGREPORT ""
| #define PACKAGE_URL ""
| #define STDC_HEADERS 1
| #define HAVE_SYS_TYPES_H 1
| #define HAVE_SYS_STAT_H 1
| #define HAVE_STDLIB_H 1
| #define HAVE_STRING_H 1
| #define HAVE_MEMORY_H 1
| #define HAVE_STRINGS_H 1
| #define HAVE_INTTYPES_H 1
| #define HAVE_STDINT_H 1
| #define HAVE_UNISTD_H 1
| #define HAVE_SYS_FILE_H 1
| #define HAVE_SYS_PARAM_H 1
| #define HAVE_LIMITS_H 1
| #define HAVE_STDLIB_H 1
| #define HAVE_MALLOC_H 1
| #define HAVE_STRING_H 1
| #define HAVE_UNISTD_H 1
| #define HAVE_STRINGS_H 1
| #define HAVE_SYS_TIME_H 1
| #define HAVE_TIME_H 1
| #define HAVE_SYS_RESOURCE_H 1
| #define HAVE_SYS_STAT_H 1
| #define HAVE_SYS_MMAN_H 1
| #define HAVE_FCNTL_H 1
| #define HAVE_ALLOCA_H 1
| #define HAVE_SYS_SYSINFO_H 1
| #define HAVE_SYS_SYSCTL_H 1
| #define HAVE_STDINT_H 1
| #define HAVE_STDIO_EXT_H 1
| #define HAVE_SYS_WAIT_H 1
| #define TIME_WITH_SYS_TIME 1
| #define SIZEOF_INT 4
| #define UNSIGNED_64BIT_TYPE uint64_t
| #define HAVE_INTPTR_T 1
| #define HAVE_UINTPTR_T 1
| #define HAVE_UINTPTR_T 1
| #define HAVE_ASPRINTF 1
| #define HAVE_ATEXIT 1
| #define HAVE_BASENAME 1
| #define HAVE_BCMP 1
| #define HAVE_BCOPY 1
| #define HAVE_BSEARCH 1
| #define HAVE_BZERO 1
| #define HAVE_CALLOC 1
| #define HAVE_CLOCK 1
| #define HAVE_FFS 1
| #define HAVE_GETCWD 1
| #define HAVE_GETPAGESIZE 1
| #define HAVE_GETTIMEOFDAY 1
| #define HAVE_INDEX 1
| #define HAVE_INSQUE 1
| #define HAVE_MEMCHR 1
| #define HAVE_MEMCMP 1
| #define HAVE_MEMCPY 1
| #define HAVE_MEMMEM 1
| #define HAVE_MEMMOVE 1
| #define HAVE_MEMPCPY 1
| #define HAVE_MEMSET 1
| #define HAVE_MKSTEMPS 1
| #define HAVE_PUTENV 1
| #define HAVE_RANDOM 1
| #define HAVE_RENAME 1
| #define HAVE_RINDEX 1
| #define HAVE_SETENV 1
| #define HAVE_SNPRINTF 1
| #define HAVE_SIGSETMASK 1
| #define HAVE_STPCPY 1
| #define HAVE_STPNCPY 1
| #define HAVE_STRCASECMP 1
| #define HAVE_STRCHR 1
| #define HAVE_STRDUP 1
| #define HAVE_STRNCASECMP 1
| #define HAVE_STRNDUP 1
| #define HAVE_STRRCHR 1
| #define HAVE_STRSTR 1
| #define HAVE_STRTOD 1
| #define HAVE_STRTOL 1
| #define HAVE_STRTOUL 1
| #define HAVE_STRVERSCMP 1
| #define HAVE_TMPNAM 1
| #define HAVE_VASPRINTF 1
| #define HAVE_VFPRINTF 1
| #define HAVE_VPRINTF 1
| #define HAVE_VSNPRINTF 1
| #define HAVE_VSPRINTF 1
| #define HAVE_WAITPID 1
| #define STACK_DIRECTION -1
| #define HAVE_FORK 1
| #define HAVE_VFORK 1
| #define HAVE_WORKING_VFORK 1
| #define HAVE_WORKING_FORK 1
| #define HAVE_SYS_ERRLIST 1
| #define HAVE_SYS_NERR 1
| #define HAVE_SYS_SIGLIST 1
| /* end confdefs.h.  */
| #include <sys/systemcfg.h>
| int
| main ()
| {
| double x = _system_configuration.physmem;
|   ;
|   return 0;
| }
configure:6334: result: no
configure:6342: checking for getrusage
configure:6342: result: yes
configure:6342: checking for on_exit
configure:6342: result: yes
configure:6342: checking for psignal
configure:6342: result: yes
configure:6342: checking for strerror
configure:6342: result: yes
configure:6342: checking for strsignal
configure:6342: result: yes
configure:6342: checking for sysconf
configure:6342: result: yes
configure:6342: checking for times
configure:6342: result: yes
configure:6342: checking for sbrk
configure:6342: result: yes
configure:6342: checking for gettimeofday
configure:6342: result: yes
configure:6342: checking for realpath
configure:6342: result: yes
configure:6342: checking for canonicalize_file_name
configure:6342: result: yes
configure:6342: checking for pstat_getstatic
configure:6342: result: no
configure:6342: checking for pstat_getdynamic
configure:6342: result: no
configure:6342: checking for sysmp
configure:6342: result: no
configure:6342: checking for getsysinfo
configure:6342: result: no
configure:6342: checking for table
configure:6342: result: no
configure:6342: checking for sysctl
configure:6342: result: yes
configure:6342: checking for wait3
configure:6342: result: yes
configure:6342: checking for wait4
configure:6342: result: yes
configure:6342: checking for __fsetlocking
configure:6342: result: yes
configure:6352: checking whether basename is declared
configure:6352: result: no
configure:6362: checking whether ffs is declared
configure:6362: result: yes
configure:6372: checking whether asprintf is declared
configure:6372: result: no
configure:6382: checking whether vasprintf is declared
configure:6382: result: no
configure:6392: checking whether snprintf is declared
configure:6392: result: yes
configure:6402: checking whether vsnprintf is declared
configure:6402: result: yes
configure:6413: checking whether calloc is declared
configure:6413: result: yes
configure:6423: checking whether getenv is declared
configure:6423: result: yes
configure:6433: checking whether getopt is declared
configure:6433: result: yes
configure:6443: checking whether malloc is declared
configure:6443: result: yes
configure:6453: checking whether realloc is declared
configure:6453: result: yes
configure:6463: checking whether sbrk is declared
configure:6463: result: yes
configure:6474: checking whether strverscmp is declared
configure:6474: result: no
configure:6485: checking whether canonicalize_file_name must be declared
configure:6524: result: yes
configure:6552: checking for stdlib.h
configure:6552: result: yes
configure:6552: checking for unistd.h
configure:6552: result: yes
configure:6564: checking for getpagesize
configure:6564: result: yes
configure:6573: checking for working mmap
configure:6720: result: yes
configure:6731: checking for working strncmp
configure:6814: result: yes
configure:6957: creating ./config.status

## ---------------------- ##
## Running config.status. ##
## ---------------------- ##

This file was extended by config.status, which was
generated by GNU Autoconf 2.64.  Invocation command line was

  CONFIG_FILES    = 
  CONFIG_HEADERS  = 
  CONFIG_LINKS    = 
  CONFIG_COMMANDS = 
  $ ./config.status 

on deadreckoning

config.status:989: creating Makefile
config.status:989: creating testsuite/Makefile
config.status:989: creating config.h
config.status:1153: config.h is unchanged
config.status:1167: executing default commands

## ---------------- ##
## Cache variables. ##
## ---------------- ##

ac_cv_build=x86_64-unknown-linux-gnu
ac_cv_c_bigendian=no
ac_cv_c_compiler_gnu=yes
ac_cv_c_const=yes
ac_cv_c_inline=inline
ac_cv_c_stack_direction=-1
ac_cv_env_CC_set=set
ac_cv_env_CC_value=gcc
ac_cv_env_CFLAGS_set=set
ac_cv_env_CFLAGS_value='-g -O2'
ac_cv_env_CPPFLAGS_set=
ac_cv_env_CPPFLAGS_value=
ac_cv_env_CPP_set=
ac_cv_env_CPP_value=
ac_cv_env_LDFLAGS_set=set
ac_cv_env_LDFLAGS_value=
ac_cv_env_LIBS_set=
ac_cv_env_LIBS_value=
ac_cv_env_build_alias_set=set
ac_cv_env_build_alias_value=x86_64-unknown-linux-gnu
ac_cv_env_host_alias_set=set
ac_cv_env_host_alias_value=x86_64-unknown-linux-gnu
ac_cv_env_target_alias_set=set
ac_cv_env_target_alias_value=sparc64-sun-xomb
ac_cv_func___fsetlocking=yes
ac_cv_func__doprnt=no
ac_cv_func_asprintf=yes
ac_cv_func_atexit=yes
ac_cv_func_basename=yes
ac_cv_func_bcmp=yes
ac_cv_func_bcopy=yes
ac_cv_func_bsearch=yes
ac_cv_func_bzero=yes
ac_cv_func_calloc=yes
ac_cv_func_canonicalize_file_name=yes
ac_cv_func_clock=yes
ac_cv_func_ffs=yes
ac_cv_func_fork=yes
ac_cv_func_fork_works=yes
ac_cv_func_getcwd=yes
ac_cv_func_getpagesize=yes
ac_cv_func_getrusage=yes
ac_cv_func_getsysinfo=no
ac_cv_func_gettimeofday=yes
ac_cv_func_index=yes
ac_cv_func_insque=yes
ac_cv_func_memchr=yes
ac_cv_func_memcmp=yes
ac_cv_func_memcpy=yes
ac_cv_func_memmem=yes
ac_cv_func_memmove=yes
ac_cv_func_mempcpy=yes
ac_cv_func_memset=yes
ac_cv_func_mkstemps=yes
ac_cv_func_mmap_fixed_mapped=yes
ac_cv_func_on_exit=yes
ac_cv_func_psignal=yes
ac_cv_func_pstat_getdynamic=no
ac_cv_func_pstat_getstatic=no
ac_cv_func_putenv=yes
ac_cv_func_random=yes
ac_cv_func_realpath=yes
ac_cv_func_rename=yes
ac_cv_func_rindex=yes
ac_cv_func_sbrk=yes
ac_cv_func_setenv=yes
ac_cv_func_sigsetmask=yes
ac_cv_func_snprintf=yes
ac_cv_func_stpcpy=yes
ac_cv_func_stpncpy=yes
ac_cv_func_strcasecmp=yes
ac_cv_func_strchr=yes
ac_cv_func_strdup=yes
ac_cv_func_strerror=yes
ac_cv_func_strncasecmp=yes
ac_cv_func_strncmp_works=yes
ac_cv_func_strndup=yes
ac_cv_func_strrchr=yes
ac_cv_func_strsignal=yes
ac_cv_func_strstr=yes
ac_cv_func_strtod=yes
ac_cv_func_strtol=yes
ac_cv_func_strtoul=yes
ac_cv_func_strverscmp=yes
ac_cv_func_sysconf=yes
ac_cv_func_sysctl=yes
ac_cv_func_sysmp=no
ac_cv_func_table=no
ac_cv_func_times=yes
ac_cv_func_tmpnam=yes
ac_cv_func_vasprintf=yes
ac_cv_func_vfork=yes
ac_cv_func_vfork_works=yes
ac_cv_func_vfprintf=yes
ac_cv_func_vprintf=yes
ac_cv_func_vsnprintf=yes
ac_cv_func_vsprintf=yes
ac_cv_func_wait3=yes
ac_cv_func_wait4=yes
ac_cv_func_waitpid=yes
ac_cv_have_decl_asprintf=no
ac_cv_have_decl_basename=no
ac_cv_have_decl_calloc=yes
ac_cv_have_decl_ffs=yes
ac_cv_have_decl_getenv=yes
ac_cv_have_decl_getopt=yes
ac_cv_have_decl_malloc=yes
ac_cv_have_decl_realloc=yes
ac_cv_have_decl_sbrk=yes
ac_cv_have_decl_snprintf=yes
ac_cv_have_decl_strverscmp=no
ac_cv_have_decl_vasprintf=no
ac_cv_have_decl_vsnprintf=yes
ac_cv_header_alloca_h=yes
ac_cv_header_fcntl_h=yes
ac_cv_header_inttypes_h=yes
ac_cv_header_limits_h=yes
ac_cv_header_machine_hal_sysinfo_h=no
ac_cv_header_malloc_h=yes
ac_cv_header_memory_h=yes
ac_cv_header_stdc=yes
ac_cv_header_stdint_h=yes
ac_cv_header_stdio_ext_h=yes
ac_cv_header_stdlib_h=yes
ac_cv_header_string_h=yes
ac_cv_header_strings_h=yes
ac_cv_header_sys_file_h=yes
ac_cv_header_sys_mman_h=yes
ac_cv_header_sys_param_h=yes
ac_cv_header_sys_pstat_h=no
ac_cv_header_sys_resource_h=yes
ac_cv_header_sys_stat_h=yes
ac_cv_header_sys_sysctl_h=yes
ac_cv_header_sys_sysinfo_h=yes
ac_cv_header_sys_sysmp_h=no
ac_cv_header_sys_systemcfg_h=no
ac_cv_header_sys_table_h=no
ac_cv_header_sys_time_h=yes
ac_cv_header_sys_types_h=yes
ac_cv_header_sys_wait_h=yes
ac_cv_header_time=yes
ac_cv_header_time_h=yes
ac_cv_header_unistd_h=yes
ac_cv_header_vfork_h=no
ac_cv_host=x86_64-unknown-linux-gnu
ac_cv_objext=o
ac_cv_os_cray=no
ac_cv_path_EGREP='/bin/grep -E'
ac_cv_path_GREP=/bin/grep
ac_cv_path_install='/bin/install -c'
ac_cv_prog_AR=ar
ac_cv_prog_CC=gcc
ac_cv_prog_CPP='gcc -E'
ac_cv_prog_MAKEINFO=makeinfo
ac_cv_prog_PERL=perl
ac_cv_prog_RANLIB=ranlib
ac_cv_prog_cc_c89=
ac_cv_prog_cc_g=yes
ac_cv_prog_cc_gcc_c_o=yes
ac_cv_search_strerror='none required'
ac_cv_sizeof_int=4
ac_cv_sys_file_offset_bits=no
ac_cv_sys_largefile_CC=no
ac_cv_type_intptr_t=yes
ac_cv_type_pid_t=yes
ac_cv_type_uintptr_t=yes
acx_cv_prog_cc_pedantic_=yes
acx_cv_prog_cc_warning__W=yes
acx_cv_prog_cc_warning__Wall=yes
acx_cv_prog_cc_warning__Wcpp_compat=yes
acx_cv_prog_cc_warning__Wstrict_prototypes=yes
acx_cv_prog_cc_warning__Wwrite_strings=yes
liberty_cv_uint64=uint64_t
libiberty_cv_decl_needed_canonicalize_file_name=yes
libiberty_cv_declare_errno=no
libiberty_cv_var_sys_errlist=yes
libiberty_cv_var_sys_nerr=yes
libiberty_cv_var_sys_siglist=yes

## ----------------- ##
## Output variables. ##
## ----------------- ##

AR='ar'
BUILD_INFO='info'
CC='gcc'
CFLAGS='-g -O2'
CHECK='really-check'
CPP='gcc -E'
CPPFLAGS=''
DEFS='-DHAVE_CONFIG_H'
ECHO_C=''
ECHO_N='-n'
ECHO_T=''
EGREP='/bin/grep -E'
EXEEXT=''
GREP='/bin/grep'
HAVE_PERL=''
INSTALL_DATA='${INSTALL} -m 644'
INSTALL_DEST='libdir'
INSTALL_PROGRAM='${INSTALL}'
INSTALL_SCRIPT='${INSTALL}'
LDFLAGS=''
LIBOBJS=''
LIBS=''
LTLIBOBJS=''
MAINT='#'
MAKEINFO='makeinfo'
NOTMAINT=''
NO_MINUS_C_MINUS_O=''
OBJEXT='o'
OUTPUT_OPTION='-o $@'
PACKAGE_BUGREPORT=''
PACKAGE_NAME=''
PACKAGE_STRING=''
PACKAGE_TARNAME=''
PACKAGE_URL=''
PACKAGE_VERSION=''
PATH_SEPARATOR=':'
PERL='perl'
PICFLAG=''
RANLIB='ranlib'
SHELL='/bin/sh'
ac_ct_CC=''
ac_libiberty_warn_cflags='-W -Wall -Wwrite-strings -Wc++-compat -Wstrict-prototypes -pedantic '
bindir='${exec_prefix}/bin'
build='x86_64-unknown-linux-gnu'
build_alias='x86_64-unknown-linux-gnu'
build_cpu='x86_64'
build_os='linux-gnu'
build_vendor='unknown'
datadir='${datarootdir}'
datarootdir='${prefix}/share'
docdir='${datarootdir}/doc/${PACKAGE}'
dvidir='${docdir}'
exec_prefix='${prefix}'
host='x86_64-unknown-linux-gnu'
host_alias='x86_64-unknown-linux-gnu'
host_cpu='x86_64'
host_os='linux-gnu'
host_vendor='unknown'
htmldir='${docdir}'
includedir='${prefix}/include'
infodir='${datarootdir}/info'
libdir='${exec_prefix}/lib'
libexecdir='${exec_prefix}/libexec'
libiberty_topdir='../../../gcc-4.5.3/libiberty/..'
localedir='${datarootdir}/locale'
localstatedir='${prefix}/var'
mandir='${datarootdir}/man'
oldincludedir='/usr/include'
pdfdir='${docdir}'
pexecute='./pex-unix.o'
prefix='/home/att14/ultraxomb/local'
program_transform_name='s&^&sparc64-sun-xomb-&'
psdir='${docdir}'
sbindir='${exec_prefix}/sbin'
sharedstatedir='${prefix}/com'
sysconfdir='${prefix}/etc'
target_alias='sparc64-sun-xomb'
target_header_dir=''

## ------------------- ##
## File substitutions. ##
## ------------------- ##

host_makefile_frag='xhost-mkfrag'

## ----------- ##
## confdefs.h. ##
## ----------- ##

/* confdefs.h */
#define PACKAGE_NAME ""
#define PACKAGE_TARNAME ""
#define PACKAGE_VERSION ""
#define PACKAGE_STRING ""
#define PACKAGE_BUGREPORT ""
#define PACKAGE_URL ""
#define STDC_HEADERS 1
#define HAVE_SYS_TYPES_H 1
#define HAVE_SYS_STAT_H 1
#define HAVE_STDLIB_H 1
#define HAVE_STRING_H 1
#define HAVE_MEMORY_H 1
#define HAVE_STRINGS_H 1
#define HAVE_INTTYPES_H 1
#define HAVE_STDINT_H 1
#define HAVE_UNISTD_H 1
#define HAVE_SYS_FILE_H 1
#define HAVE_SYS_PARAM_H 1
#define HAVE_LIMITS_H 1
#define HAVE_STDLIB_H 1
#define HAVE_MALLOC_H 1
#define HAVE_STRING_H 1
#define HAVE_UNISTD_H 1
#define HAVE_STRINGS_H 1
#define HAVE_SYS_TIME_H 1
#define HAVE_TIME_H 1
#define HAVE_SYS_RESOURCE_H 1
#define HAVE_SYS_STAT_H 1
#define HAVE_SYS_MMAN_H 1
#define HAVE_FCNTL_H 1
#define HAVE_ALLOCA_H 1
#define HAVE_SYS_SYSINFO_H 1
#define HAVE_SYS_SYSCTL_H 1
#define HAVE_STDINT_H 1
#define HAVE_STDIO_EXT_H 1
#define HAVE_SYS_WAIT_H 1
#define TIME_WITH_SYS_TIME 1
#define SIZEOF_INT 4
#define UNSIGNED_64BIT_TYPE uint64_t
#define HAVE_INTPTR_T 1
#define HAVE_UINTPTR_T 1
#define HAVE_UINTPTR_T 1
#define HAVE_ASPRINTF 1
#define HAVE_ATEXIT 1
#define HAVE_BASENAME 1
#define HAVE_BCMP 1
#define HAVE_BCOPY 1
#define HAVE_BSEARCH 1
#define HAVE_BZERO 1
#define HAVE_CALLOC 1
#define HAVE_CLOCK 1
#define HAVE_FFS 1
#define HAVE_GETCWD 1
#define HAVE_GETPAGESIZE 1
#define HAVE_GETTIMEOFDAY 1
#define HAVE_INDEX 1
#define HAVE_INSQUE 1
#define HAVE_MEMCHR 1
#define HAVE_MEMCMP 1
#define HAVE_MEMCPY 1
#define HAVE_MEMMEM 1
#define HAVE_MEMMOVE 1
#define HAVE_MEMPCPY 1
#define HAVE_MEMSET 1
#define HAVE_MKSTEMPS 1
#define HAVE_PUTENV 1
#define HAVE_RANDOM 1
#define HAVE_RENAME 1
#define HAVE_RINDEX 1
#define HAVE_SETENV 1
#define HAVE_SNPRINTF 1
#define HAVE_SIGSETMASK 1
#define HAVE_STPCPY 1
#define HAVE_STPNCPY 1
#define HAVE_STRCASECMP 1
#define HAVE_STRCHR 1
#define HAVE_STRDUP 1
#define HAVE_STRNCASECMP 1
#define HAVE_STRNDUP 1
#define HAVE_STRRCHR 1
#define HAVE_STRSTR 1
#define HAVE_STRTOD 1
#define HAVE_STRTOL 1
#define HAVE_STRTOUL 1
#define HAVE_STRVERSCMP 1
#define HAVE_TMPNAM 1
#define HAVE_VASPRINTF 1
#define HAVE_VFPRINTF 1
#define HAVE_VPRINTF 1
#define HAVE_VSNPRINTF 1
#define HAVE_VSPRINTF 1
#define HAVE_WAITPID 1
#define STACK_DIRECTION -1
#define HAVE_FORK 1
#define HAVE_VFORK 1
#define HAVE_WORKING_VFORK 1
#define HAVE_WORKING_FORK 1
#define HAVE_SYS_ERRLIST 1
#define HAVE_SYS_NERR 1
#define HAVE_SYS_SIGLIST 1
#define HAVE_GETRUSAGE 1
#define HAVE_ON_EXIT 1
#define HAVE_PSIGNAL 1
#define HAVE_STRERROR 1
#define HAVE_STRSIGNAL 1
#define HAVE_SYSCONF 1
#define HAVE_TIMES 1
#define HAVE_SBRK 1
#define HAVE_GETTIMEOFDAY 1
#define HAVE_REALPATH 1
#define HAVE_CANONICALIZE_FILE_NAME 1
#define HAVE_SYSCTL 1
#define HAVE_WAIT3 1
#define HAVE_WAIT4 1
#define HAVE___FSETLOCKING 1
#define HAVE_DECL_BASENAME 0
#define HAVE_DECL_FFS 1
#define HAVE_DECL_ASPRINTF 0
#define HAVE_DECL_VASPRINTF 0
#define HAVE_DECL_SNPRINTF 1
#define HAVE_DECL_VSNPRINTF 1
#define HAVE_DECL_CALLOC 1
#define HAVE_DECL_GETENV 1
#define HAVE_DECL_GETOPT 1
#define HAVE_DECL_MALLOC 1
#define HAVE_DECL_REALLOC 1
#define HAVE_DECL_SBRK 1
#define HAVE_DECL_STRVERSCMP 0
#define NEED_DECLARATION_CANONICALIZE_FILE_NAME 1
#define HAVE_STDLIB_H 1
#define HAVE_UNISTD_H 1
#define HAVE_GETPAGESIZE 1
#define HAVE_MMAP 1

configure: exit 0
