This file contains any messages produced by compilers while
running configure, to aid debugging if configure makes a mistake.

It was created by LTO plugin for ld configure 0.1, which was
generated by GNU Autoconf 2.64.  Invocation command line was

  $ /home/edf12/buildtools_cross/build/gcc-4.6.1/lto-plugin/configure --cache-file=./config.cache --prefix=/home/edf12/buildtools_cross/local --disable-libssp --with-gmp=/home/edf12/buildtools_cross/local --with-mpfr=/home/edf12/buildtools_cross/local --with-mpc=/home/edf12/buildtools_cross/local --without-headers --disable-nls --with-newlib --enable-languages=c,c++,lto --program-transform-name=s&^&sparc64-pc-xomb-& --disable-option-checking --build=x86_64-unknown-linux-gnu --host=x86_64-unknown-linux-gnu --target=sparc64-pc-xomb --srcdir=../../gcc-4.6.1/lto-plugin --enable-shared

## --------- ##
## Platform. ##
## --------- ##

hostname = deadreckoning
uname -m = x86_64
uname -r = 3.0-ARCH
uname -s = Linux
uname -v = #1 SMP PREEMPT Wed Aug 17 21:55:57 CEST 2011

/usr/bin/uname -p = unknown
/bin/uname -X     = unknown

/bin/arch              = x86_64
/usr/bin/arch -k       = unknown
/usr/convex/getsysinfo = unknown
/usr/bin/hostinfo      = unknown
/bin/machine           = unknown
/usr/bin/oslevel       = unknown
/bin/universe          = unknown

PATH: /home/edf12/buildtools/local/bin
PATH: /bin
PATH: /usr/bin
PATH: /sbin
PATH: /usr/sbin
PATH: /usr/local/bin
PATH: /usr/local/games
PATH: /opt/google-appengine
PATH: /opt/java/bin
PATH: /opt/java/db/bin
PATH: /opt/java/jre/bin
PATH: /usr/bin/site_perl
PATH: /usr/bin/vendor_perl
PATH: /usr/bin/core_perl


## ----------- ##
## Core tests. ##
## ----------- ##

configure:2134: creating cache ./config.cache
configure:2237: checking build system type
configure:2251: result: x86_64-unknown-linux-gnu
configure:2271: checking host system type
configure:2284: result: x86_64-unknown-linux-gnu
configure:2304: checking target system type
configure:2317: result: sparc64-pc-xomb
configure:2405: checking for a BSD-compatible install
configure:2473: result: /bin/install -c
configure:2484: checking whether build environment is sane
configure:2534: result: yes
configure:2675: checking for a thread-safe mkdir -p
configure:2714: result: /bin/mkdir -p
configure:2727: checking for gawk
configure:2754: result: gawk
configure:2765: checking whether make sets $(MAKE)
configure:2787: result: yes
configure:2868: checking whether to enable maintainer-specific portions of Makefiles
configure:2877: result: no
configure:2898: checking for x86_64-unknown-linux-gnu-gcc
configure:2925: result: gcc
configure:3194: checking for C compiler version
configure:3203: gcc --version >&5
gcc (GCC) 4.6.1
Copyright (C) 2011 Free Software Foundation, Inc.
This is free software; see the source for copying conditions.  There is NO
warranty; not even for MERCHANTABILITY or FITNESS FOR A PARTICULAR PURPOSE.

configure:3214: $? = 0
configure:3203: gcc -v >&5
Using built-in specs.
COLLECT_GCC=gcc
COLLECT_LTO_WRAPPER=/usr/lib/gcc/x86_64-unknown-linux-gnu/4.6.1/lto-wrapper
Target: x86_64-unknown-linux-gnu
Configured with: /build/src/gcc-4.6.1/configure --prefix=/usr --libdir=/usr/lib --libexecdir=/usr/lib --mandir=/usr/share/man --infodir=/usr/share/info --with-bugurl=https://bugs.archlinux.org/ --enable-languages=c,c++,ada,fortran,go,lto,objc,obj-c++ --enable-shared --enable-threads=posix --with-system-zlib --enable-__cxa_atexit --disable-libunwind-exceptions --enable-clocale=gnu --enable-gnu-unique-object --enable-linker-build-id --with-ppl --enable-cloog-backend=isl --enable-lto --enable-gold --enable-ld=default --enable-plugin --with-plugin-ld=ld.gold --disable-multilib --disable-libstdcxx-pch --enable-checking=release
Thread model: posix
gcc version 4.6.1 (GCC) 
configure:3214: $? = 0
configure:3203: gcc -V >&5
gcc: error: unrecognized option '-V'
gcc: fatal error: no input files
compilation terminated.
configure:3214: $? = 1
configure:3203: gcc -qversion >&5
gcc: error: unrecognized option '-qversion'
gcc: fatal error: no input files
compilation terminated.
configure:3214: $? = 1
configure:3234: checking for C compiler default output file name
configure:3256: gcc -g -O2    conftest.c  >&5
configure:3260: $? = 0
configure:3297: result: a.out
configure:3313: checking whether the C compiler works
configure:3322: ./a.out
configure:3326: $? = 0
configure:3341: result: yes
configure:3348: checking whether we are cross compiling
configure:3350: result: no
configure:3353: checking for suffix of executables
configure:3360: gcc -o conftest -g -O2    conftest.c  >&5
configure:3364: $? = 0
configure:3386: result: 
configure:3392: checking for suffix of object files
configure:3414: gcc -c -g -O2  conftest.c >&5
configure:3418: $? = 0
configure:3439: result: o
configure:3443: checking whether we are using the GNU C compiler
configure:3462: gcc -c -g -O2  conftest.c >&5
configure:3462: $? = 0
configure:3471: result: yes
configure:3480: checking whether gcc accepts -g
configure:3500: gcc -c -g  conftest.c >&5
configure:3500: $? = 0
configure:3541: result: yes
configure:3558: checking for gcc option to accept ISO C89
configure:3622: gcc  -c -g -O2  conftest.c >&5
configure:3622: $? = 0
configure:3635: result: none needed
configure:3666: checking for style of include used by make
configure:3694: result: GNU
configure:3719: checking dependency style of gcc
configure:3829: result: gcc3
configure:3852: checking for special C compiler options needed for large files
configure:3897: result: no
configure:3903: checking for _FILE_OFFSET_BITS value needed for large files
configure:3928: gcc -c -g -O2  conftest.c >&5
configure:3928: $? = 0
configure:3960: result: no
configure:4089: checking how to print strings
configure:4116: result: printf
configure:4137: checking for a sed that does not truncate output
configure:4201: result: /bin/sed
configure:4219: checking for grep that handles long lines and -e
configure:4277: result: /bin/grep
configure:4282: checking for egrep
configure:4344: result: /bin/grep -E
configure:4349: checking for fgrep
configure:4411: result: /bin/grep -F
configure:4446: checking for ld used by gcc
configure:4513: result: ld
configure:4520: checking if the linker (ld) is GNU ld
configure:4535: result: yes
configure:4547: checking for BSD- or MS-compatible name lister (nm)
configure:4596: result: nm
configure:4726: checking the name lister (nm) interface
configure:4733: gcc -c -g -O2  conftest.c >&5
configure:4736: nm "conftest.o"
configure:4739: output
0000000000000000 B some_variable
configure:4746: result: BSD nm
configure:4749: checking whether ln -s works
configure:4753: result: yes
configure:4761: checking the maximum length of command line arguments
configure:4886: result: 1572864
configure:4903: checking whether the shell understands some XSI constructs
configure:4913: result: yes
configure:4917: checking whether the shell understands "+="
configure:4923: result: yes
configure:4958: checking for ld option to reload object files
configure:4965: result: -r
configure:4994: checking for x86_64-unknown-linux-gnu-objdump
configure:5021: result: objdump
configure:5093: checking how to recognize dependent libraries
configure:5294: result: pass_all
configure:5314: checking for x86_64-unknown-linux-gnu-ar
configure:5341: result: ar
configure:5419: checking for x86_64-unknown-linux-gnu-strip
configure:5449: result: no
configure:5459: checking for strip
configure:5475: found /usr/bin/strip
configure:5486: result: strip
configure:5518: checking for x86_64-unknown-linux-gnu-ranlib
configure:5545: result: ranlib
configure:5687: checking command to parse nm output from gcc object
configure:5805: gcc -c -g -O2  conftest.c >&5
configure:5808: $? = 0
configure:5812: nm conftest.o \| sed -n -e 's/^.*[ ]\([ABCDGIRSTW][ABCDGIRSTW]*\)[ ][ ]*\([_A-Za-z][_A-Za-z0-9]*\)$/\1 \2 \2/p' \> conftest.nm
configure:5815: $? = 0
configure:5869: gcc -o conftest -g -O2    conftest.c conftstm.o >&5
configure:5872: $? = 0
configure:5910: result: ok
configure:6005: gcc -c -g -O2  conftest.c >&5
configure:6008: $? = 0
configure:6748: checking how to run the C preprocessor
configure:6779: gcc -E  conftest.c
configure:6779: $? = 0
configure:6793: gcc -E  conftest.c
conftest.c:11:28: fatal error: ac_nonexistent.h: No such file or directory
compilation terminated.
configure:6793: $? = 1
configure: failed program was:
| /* confdefs.h */
| #define PACKAGE_NAME "LTO plugin for ld"
| #define PACKAGE_TARNAME "lto-plugin"
| #define PACKAGE_VERSION "0.1"
| #define PACKAGE_STRING "LTO plugin for ld 0.1"
| #define PACKAGE_BUGREPORT ""
| #define PACKAGE_URL ""
| #define PACKAGE "lto-plugin"
| #define VERSION "0.1"
| /* end confdefs.h.  */
| #include <ac_nonexistent.h>
configure:6818: result: gcc -E
configure:6838: gcc -E  conftest.c
configure:6838: $? = 0
configure:6852: gcc -E  conftest.c
conftest.c:11:28: fatal error: ac_nonexistent.h: No such file or directory
compilation terminated.
configure:6852: $? = 1
configure: failed program was:
| /* confdefs.h */
| #define PACKAGE_NAME "LTO plugin for ld"
| #define PACKAGE_TARNAME "lto-plugin"
| #define PACKAGE_VERSION "0.1"
| #define PACKAGE_STRING "LTO plugin for ld 0.1"
| #define PACKAGE_BUGREPORT ""
| #define PACKAGE_URL ""
| #define PACKAGE "lto-plugin"
| #define VERSION "0.1"
| /* end confdefs.h.  */
| #include <ac_nonexistent.h>
configure:6881: checking for ANSI C header files
configure:6901: gcc -c -g -O2  conftest.c >&5
configure:6901: $? = 0
configure:6974: gcc -o conftest -g -O2    conftest.c  >&5
configure:6974: $? = 0
configure:6974: ./conftest
configure:6974: $? = 0
configure:6985: result: yes
configure:6998: checking for sys/types.h
configure:6998: gcc -c -g -O2  conftest.c >&5
configure:6998: $? = 0
configure:6998: result: yes
configure:6998: checking for sys/stat.h
configure:6998: gcc -c -g -O2  conftest.c >&5
configure:6998: $? = 0
configure:6998: result: yes
configure:6998: checking for stdlib.h
configure:6998: gcc -c -g -O2  conftest.c >&5
configure:6998: $? = 0
configure:6998: result: yes
configure:6998: checking for string.h
configure:6998: gcc -c -g -O2  conftest.c >&5
configure:6998: $? = 0
configure:6998: result: yes
configure:6998: checking for memory.h
configure:6998: gcc -c -g -O2  conftest.c >&5
configure:6998: $? = 0
configure:6998: result: yes
configure:6998: checking for strings.h
configure:6998: gcc -c -g -O2  conftest.c >&5
configure:6998: $? = 0
configure:6998: result: yes
configure:6998: checking for inttypes.h
configure:6998: gcc -c -g -O2  conftest.c >&5
configure:6998: $? = 0
configure:6998: result: yes
configure:6998: checking for stdint.h
configure:6998: gcc -c -g -O2  conftest.c >&5
configure:6998: $? = 0
configure:6998: result: yes
configure:6998: checking for unistd.h
configure:6998: gcc -c -g -O2  conftest.c >&5
configure:6998: $? = 0
configure:6998: result: yes
configure:7013: checking for dlfcn.h
configure:7013: gcc -c -g -O2  conftest.c >&5
configure:7013: $? = 0
configure:7013: result: yes
configure:7200: checking for objdir
configure:7215: result: .libs
configure:7486: checking if gcc supports -fno-rtti -fno-exceptions
configure:7504: gcc -c -g -O2  -fno-rtti -fno-exceptions conftest.c >&5
cc1: warning: command line option '-fno-rtti' is valid for C++/ObjC++ but not for C [enabled by default]
configure:7508: $? = 0
configure:7521: result: no
configure:7541: checking for gcc option to produce PIC
configure:7826: result: -fPIC -DPIC
configure:7838: checking if gcc PIC flag -fPIC -DPIC works
configure:7856: gcc -c -g -O2  -fPIC -DPIC -DPIC conftest.c >&5
configure:7860: $? = 0
configure:7873: result: yes
configure:7897: checking if gcc static flag -static works
configure:7925: result: yes
configure:7940: checking if gcc supports -c -o file.o
configure:7961: gcc -c -g -O2  -o out/conftest2.o conftest.c >&5
configure:7965: $? = 0
configure:7987: result: yes
configure:7995: checking if gcc supports -c -o file.o
configure:8042: result: yes
configure:8075: checking whether the gcc linker (ld -m elf_x86_64) supports shared libraries
configure:9146: result: yes
configure:9183: checking whether -lc should be explicitly linked in
configure:9191: gcc -c -g -O2  conftest.c >&5
configure:9194: $? = 0
configure:9209: gcc -shared conftest.o  -v -Wl,-soname -Wl,conftest -o conftest 2\>\&1 \| /bin/grep  -lc  \>/dev/null 2\>\&1
configure:9212: $? = 0
configure:9226: result: no
configure:9391: checking dynamic linker characteristics
configure:9842: gcc -o conftest -g -O2    -Wl,-rpath -Wl,/foo conftest.c  >&5
configure:9842: $? = 0
configure:10064: result: GNU/Linux ld.so
configure:10171: checking how to hardcode library paths into programs
configure:10196: result: immediate
configure:10736: checking whether stripping libraries is possible
configure:10741: result: yes
configure:10776: checking if libtool supports shared libraries
configure:10778: result: yes
configure:10781: checking whether to build shared libraries
configure:10802: result: yes
configure:10805: checking whether to build static libraries
configure:10809: result: yes
configure:10867: checking for int64_t
configure:10867: gcc -c -g -O2  conftest.c >&5
configure:10867: $? = 0
configure:10867: gcc -c -g -O2  conftest.c >&5
conftest.c: In function 'main':
conftest.c:60:53: warning: integer overflow in expression [-Woverflow]
conftest.c:59:12: error: size of array 'test_array' is negative
conftest.c:59:12: error: storage size of 'test_array' isn't constant
configure:10867: $? = 1
configure: failed program was:
| /* confdefs.h */
| #define PACKAGE_NAME "LTO plugin for ld"
| #define PACKAGE_TARNAME "lto-plugin"
| #define PACKAGE_VERSION "0.1"
| #define PACKAGE_STRING "LTO plugin for ld 0.1"
| #define PACKAGE_BUGREPORT ""
| #define PACKAGE_URL ""
| #define PACKAGE "lto-plugin"
| #define VERSION "0.1"
| #define STDC_HEADERS 1
| #define HAVE_SYS_TYPES_H 1
| #define HAVE_SYS_STAT_H 1
| #define HAVE_STDLIB_H 1
| #define HAVE_STRING_H 1
| #define HAVE_MEMORY_H 1
| #define HAVE_STRINGS_H 1
| #define HAVE_INTTYPES_H 1
| #define HAVE_STDINT_H 1
| #define HAVE_UNISTD_H 1
| #define HAVE_DLFCN_H 1
| #define LT_OBJDIR ".libs/"
| /* end confdefs.h.  */
| #include <stdio.h>
| #ifdef HAVE_SYS_TYPES_H
| # include <sys/types.h>
| #endif
| #ifdef HAVE_SYS_STAT_H
| # include <sys/stat.h>
| #endif
| #ifdef STDC_HEADERS
| # include <stdlib.h>
| # include <stddef.h>
| #else
| # ifdef HAVE_STDLIB_H
| #  include <stdlib.h>
| # endif
| #endif
| #ifdef HAVE_STRING_H
| # if !defined STDC_HEADERS && defined HAVE_MEMORY_H
| #  include <memory.h>
| # endif
| # include <string.h>
| #endif
| #ifdef HAVE_STRINGS_H
| # include <strings.h>
| #endif
| #ifdef HAVE_INTTYPES_H
| # include <inttypes.h>
| #endif
| #ifdef HAVE_STDINT_H
| # include <stdint.h>
| #endif
| #ifdef HAVE_UNISTD_H
| # include <unistd.h>
| #endif
| int
| main ()
| {
| static int test_array [1 - 2 * !((int64_t) ((((int64_t) 1 << (64 - 2)) - 1) * 2 + 1)
| 		 < (int64_t) ((((int64_t) 1 << (64 - 2)) - 1) * 2 + 2))];
| test_array [0] = 0
| 
|   ;
|   return 0;
| }
configure:10867: result: yes
configure:10878: checking for uint64_t
configure:10878: gcc -c -g -O2  conftest.c >&5
configure:10878: $? = 0
configure:10878: result: yes
configure:10892: checking for sys/wait.h that is POSIX.1 compatible
configure:10918: gcc -c -g -O2  conftest.c >&5
configure:10918: $? = 0
configure:10925: result: yes
configure:11002: updating cache ./config.cache
configure:11059: creating ./config.status

## ---------------------- ##
## Running config.status. ##
## ---------------------- ##

This file was extended by LTO plugin for ld config.status 0.1, which was
generated by GNU Autoconf 2.64.  Invocation command line was

  CONFIG_FILES    = 
  CONFIG_HEADERS  = 
  CONFIG_LINKS    = 
  CONFIG_COMMANDS = 
  $ ./config.status 

on deadreckoning

config.status:1075: creating Makefile
config.status:1075: creating config.h
config.status:1288: executing depfiles commands
config.status:1288: executing libtool commands

## ---------------- ##
## Cache variables. ##
## ---------------- ##

ac_cv_build=x86_64-unknown-linux-gnu
ac_cv_c_compiler_gnu=yes
ac_cv_c_int64_t=yes
ac_cv_c_uint64_t=yes
ac_cv_env_CC_set=set
ac_cv_env_CC_value=gcc
ac_cv_env_CFLAGS_set=set
ac_cv_env_CFLAGS_value='-g -O2'
ac_cv_env_CPPFLAGS_set=
ac_cv_env_CPPFLAGS_value=
ac_cv_env_CPP_set=
ac_cv_env_CPP_value=
ac_cv_env_LDFLAGS_set=set
ac_cv_env_LDFLAGS_value=' '
ac_cv_env_LIBS_set=
ac_cv_env_LIBS_value=
ac_cv_env_build_alias_set=set
ac_cv_env_build_alias_value=x86_64-unknown-linux-gnu
ac_cv_env_host_alias_set=set
ac_cv_env_host_alias_value=x86_64-unknown-linux-gnu
ac_cv_env_target_alias_set=set
ac_cv_env_target_alias_value=sparc64-pc-xomb
ac_cv_header_dlfcn_h=yes
ac_cv_header_inttypes_h=yes
ac_cv_header_memory_h=yes
ac_cv_header_stdc=yes
ac_cv_header_stdint_h=yes
ac_cv_header_stdlib_h=yes
ac_cv_header_string_h=yes
ac_cv_header_strings_h=yes
ac_cv_header_sys_stat_h=yes
ac_cv_header_sys_types_h=yes
ac_cv_header_sys_wait_h=yes
ac_cv_header_unistd_h=yes
ac_cv_host=x86_64-unknown-linux-gnu
ac_cv_objext=o
ac_cv_path_EGREP='/bin/grep -E'
ac_cv_path_FGREP='/bin/grep -F'
ac_cv_path_GREP=/bin/grep
ac_cv_path_SED=/bin/sed
ac_cv_path_install='/bin/install -c'
ac_cv_path_mkdir=/bin/mkdir
ac_cv_prog_AR=ar
ac_cv_prog_AWK=gawk
ac_cv_prog_CC=gcc
ac_cv_prog_CPP='gcc -E'
ac_cv_prog_OBJDUMP=objdump
ac_cv_prog_RANLIB=ranlib
ac_cv_prog_ac_ct_STRIP=strip
ac_cv_prog_cc_c89=
ac_cv_prog_cc_g=yes
ac_cv_prog_make_make_set=yes
ac_cv_sys_file_offset_bits=no
ac_cv_sys_largefile_CC=no
ac_cv_target=sparc64-pc-xomb
am_cv_CC_dependencies_compiler_type=gcc3
lt_cv_archive_cmds_need_lc=no
lt_cv_deplibs_check_method=pass_all
lt_cv_file_magic_cmd='$MAGIC_CMD'
lt_cv_file_magic_test_file=
lt_cv_ld_reload_flag=-r
lt_cv_nm_interface='BSD nm'
lt_cv_objdir=.libs
lt_cv_path_LD=ld
lt_cv_path_NM=nm
lt_cv_prog_compiler_c_o=yes
lt_cv_prog_compiler_pic_works=yes
lt_cv_prog_compiler_rtti_exceptions=no
lt_cv_prog_compiler_static_works=yes
lt_cv_prog_gnu_ld=yes
lt_cv_shlibpath_overrides_runpath=no
lt_cv_sys_global_symbol_pipe='sed -n -e '\''s/^.*[	 ]\([ABCDGIRSTW][ABCDGIRSTW]*\)[	 ][	 ]*\([_A-Za-z][_A-Za-z0-9]*\)$/\1 \2 \2/p'\'''
lt_cv_sys_global_symbol_to_c_name_address='sed -n -e '\''s/^: \([^ ]*\) $/  {\"\1\", (void *) 0},/p'\'' -e '\''s/^[ABCDGIRSTW]* \([^ ]*\) \([^ ]*\)$/  {"\2", (void *) \&\2},/p'\'''
lt_cv_sys_global_symbol_to_c_name_address_lib_prefix='sed -n -e '\''s/^: \([^ ]*\) $/  {\"\1\", (void *) 0},/p'\'' -e '\''s/^[ABCDGIRSTW]* \([^ ]*\) \(lib[^ ]*\)$/  {"\2", (void *) \&\2},/p'\'' -e '\''s/^[ABCDGIRSTW]* \([^ ]*\) \([^ ]*\)$/  {"lib\2", (void *) \&\2},/p'\'''
lt_cv_sys_global_symbol_to_cdecl='sed -n -e '\''s/^T .* \(.*\)$/extern int \1();/p'\'' -e '\''s/^[ABCDGIRSTW]* .* \(.*\)$/extern char \1;/p'\'''
lt_cv_sys_max_cmd_len=1572864

## ----------------- ##
## Output variables. ##
## ----------------- ##

ACLOCAL='${SHELL} /home/edf12/buildtools_cross/build/gcc-4.6.1/missing --run aclocal-1.11'
AMDEPBACKSLASH='\'
AMDEP_FALSE='#'
AMDEP_TRUE=''
AMTAR='${SHELL} /home/edf12/buildtools_cross/build/gcc-4.6.1/missing --run tar'
AR='ar'
AUTOCONF='${SHELL} /home/edf12/buildtools_cross/build/gcc-4.6.1/missing --run autoconf'
AUTOHEADER='${SHELL} /home/edf12/buildtools_cross/build/gcc-4.6.1/missing --run autoheader'
AUTOMAKE='${SHELL} /home/edf12/buildtools_cross/build/gcc-4.6.1/missing --run automake-1.11'
AWK='gawk'
CC='gcc'
CCDEPMODE='depmode=gcc3'
CFLAGS='-g -O2'
CPP='gcc -E'
CPPFLAGS=''
CYGPATH_W='echo'
DEFS='-DHAVE_CONFIG_H'
DEPDIR='.deps'
DSYMUTIL=''
DUMPBIN=''
ECHO_C=''
ECHO_N='-n'
ECHO_T=''
EGREP='/bin/grep -E'
EXEEXT=''
FGREP='/bin/grep -F'
GREP='/bin/grep'
INSTALL_DATA='${INSTALL} -m 644'
INSTALL_PROGRAM='${INSTALL}'
INSTALL_SCRIPT='${INSTALL}'
INSTALL_STRIP_PROGRAM='$(install_sh) -c -s'
LD='ld -m elf_x86_64'
LDFLAGS=' '
LIBOBJS=''
LIBS=''
LIBTOOL='$(SHELL) $(top_builddir)/libtool'
LIPO=''
LN_S='ln -s'
LTLIBOBJS=''
MAINT='#'
MAINTAINER_MODE_FALSE=''
MAINTAINER_MODE_TRUE='#'
MAKEINFO='makeinfo'
MKDIR_P='/bin/mkdir -p'
NM='nm'
NMEDIT=''
OBJDUMP='objdump'
OBJEXT='o'
OTOOL64=''
OTOOL=''
PACKAGE='lto-plugin'
PACKAGE_BUGREPORT=''
PACKAGE_NAME='LTO plugin for ld'
PACKAGE_STRING='LTO plugin for ld 0.1'
PACKAGE_TARNAME='lto-plugin'
PACKAGE_URL=''
PACKAGE_VERSION='0.1'
PATH_SEPARATOR=':'
RANLIB='ranlib'
SED='/bin/sed'
SET_MAKE=''
SHELL='/bin/sh'
STRIP='strip'
VERSION='0.1'
ac_ct_CC=''
ac_ct_DUMPBIN=''
am__EXEEXT_FALSE=''
am__EXEEXT_TRUE='#'
am__fastdepCC_FALSE='#'
am__fastdepCC_TRUE=''
am__include='include'
am__isrc=' -I$(srcdir)'
am__leading_dot='.'
am__quote=''
am__tar='${AMTAR} chof - "$$tardir"'
am__untar='${AMTAR} xf -'
bindir='${exec_prefix}/bin'
build='x86_64-unknown-linux-gnu'
build_alias='x86_64-unknown-linux-gnu'
build_cpu='x86_64'
build_libsubdir='build-x86_64-unknown-linux-gnu'
build_os='linux-gnu'
build_subdir='build-x86_64-unknown-linux-gnu'
build_vendor='unknown'
datadir='${datarootdir}'
datarootdir='${prefix}/share'
docdir='${datarootdir}/doc/${PACKAGE_TARNAME}'
dvidir='${docdir}'
exec_prefix='${prefix}'
host='x86_64-unknown-linux-gnu'
host_alias='x86_64-unknown-linux-gnu'
host_cpu='x86_64'
host_os='linux-gnu'
host_subdir='.'
host_vendor='unknown'
htmldir='${docdir}'
includedir='${prefix}/include'
infodir='${datarootdir}/info'
install_sh='${SHELL} /home/edf12/buildtools_cross/build/gcc-4.6.1/install-sh'
libdir='${exec_prefix}/lib'
libexecdir='${exec_prefix}/libexec'
localedir='${datarootdir}/locale'
localstatedir='${prefix}/var'
lt_host_flags=''
mandir='${datarootdir}/man'
mkdir_p='/bin/mkdir -p'
oldincludedir='/usr/include'
pdfdir='${docdir}'
prefix='/home/edf12/buildtools_cross/local'
program_transform_name='s&^&sparc64-pc-xomb-&'
psdir='${docdir}'
sbindir='${exec_prefix}/sbin'
sharedstatedir='${prefix}/com'
sysconfdir='${prefix}/etc'
target='sparc64-pc-xomb'
target_alias='sparc64-pc-xomb'
target_cpu='sparc64'
target_noncanonical='sparc64-pc-xomb'
target_os='xomb'
target_subdir='sparc64-pc-xomb'
target_vendor='pc'

## ----------- ##
## confdefs.h. ##
## ----------- ##

/* confdefs.h */
#define PACKAGE_NAME "LTO plugin for ld"
#define PACKAGE_TARNAME "lto-plugin"
#define PACKAGE_VERSION "0.1"
#define PACKAGE_STRING "LTO plugin for ld 0.1"
#define PACKAGE_BUGREPORT ""
#define PACKAGE_URL ""
#define PACKAGE "lto-plugin"
#define VERSION "0.1"
#define STDC_HEADERS 1
#define HAVE_SYS_TYPES_H 1
#define HAVE_SYS_STAT_H 1
#define HAVE_STDLIB_H 1
#define HAVE_STRING_H 1
#define HAVE_MEMORY_H 1
#define HAVE_STRINGS_H 1
#define HAVE_INTTYPES_H 1
#define HAVE_STDINT_H 1
#define HAVE_UNISTD_H 1
#define HAVE_DLFCN_H 1
#define LT_OBJDIR ".libs/"
#define HAVE_SYS_WAIT_H 1

configure: exit 0
