This file contains any messages produced by compilers while
running configure, to aid debugging if configure makes a mistake.

It was created by configure, which was
generated by GNU Autoconf 2.63.  Invocation command line was

  $ ../../../../newlib-1.19.0/libgloss/libnosys/configure --disable-option-checking --prefix=/home/att14/ultraxomb/local --with-newlib --enable-multilib --with-cross-host=x86_64-unknown-linux-gnu --with-gmp=/home/att14/ultraxomb/local --with-mpfr=/home/att14/ultraxomb/local -enable-newlib-hw-fp --program-transform-name=s&^&sparc64-sun-xomb-& --with-target-subdir=sparc64-sun-xomb --build=x86_64-unknown-linux-gnu --host=sparc64-sun-xomb --target=sparc64-sun-xomb build_alias=x86_64-unknown-linux-gnu host_alias=sparc64-sun-xomb target_alias=sparc64-sun-xomb --cache-file=.././config.cache --srcdir=../../../../newlib-1.19.0/libgloss/libnosys

## --------- ##
## Platform. ##
## --------- ##

hostname = deadreckoning
uname -m = x86_64
uname -r = 3.0-ARCH
uname -s = Linux
uname -v = #1 SMP PREEMPT Wed Aug 17 21:55:57 CEST 2011

/usr/bin/uname -p = unknown
/bin/uname -X     = unknown

/bin/arch              = x86_64
/usr/bin/arch -k       = unknown
/usr/convex/getsysinfo = unknown
/usr/bin/hostinfo      = unknown
/bin/machine           = unknown
/usr/bin/oslevel       = unknown
/bin/universe          = unknown

PATH: /home/att14/ultraxomb/local/bin
PATH: /bin
PATH: /usr/bin
PATH: /sbin
PATH: /usr/sbin
PATH: /usr/local/bin
PATH: /usr/local/games
PATH: /opt/google-appengine
PATH: /opt/java/bin
PATH: /opt/java/db/bin
PATH: /opt/java/jre/bin
PATH: /usr/bin/site_perl
PATH: /usr/bin/vendor_perl
PATH: /usr/bin/core_perl


## ----------- ##
## Core tests. ##
## ----------- ##

configure:1663: loading cache .././config.cache
configure:1813: checking build system type
configure:1831: result: x86_64-unknown-linux-gnu
configure:1853: checking host system type
configure:1868: result: sparc64-sun-xomb
configure:1890: checking target system type
configure:1905: result: sparc64-sun-xomb
configure:1958: checking for a BSD-compatible install
configure:2026: result: /bin/install -c
configure:2199: checking for symbol prefix
configure:2209: sparc64-sun-xomb-gcc -B/home/att14/ultraxomb/build/newlib-obj/sparc64-sun-xomb/newlib/ -isystem /home/att14/ultraxomb/build/newlib-obj/sparc64-sun-xomb/newlib/targ-include -isystem /home/att14/ultraxomb/build/newlib-1.19.0/newlib/libc/include -B/home/att14/ultraxomb/build/newlib-obj/sparc64-sun-xomb/libgloss/sparc64 -L/home/att14/ultraxomb/build/newlib-obj/sparc64-sun-xomb/libgloss/libnosys -L/home/att14/ultraxomb/build/newlib-1.19.0/libgloss/sparc64    -S conftest.c -o - | fgrep $foo > /dev/null
configure:2212: $? = 1
configure:2218: sparc64-sun-xomb-gcc -B/home/att14/ultraxomb/build/newlib-obj/sparc64-sun-xomb/newlib/ -isystem /home/att14/ultraxomb/build/newlib-obj/sparc64-sun-xomb/newlib/targ-include -isystem /home/att14/ultraxomb/build/newlib-1.19.0/newlib/libc/include -B/home/att14/ultraxomb/build/newlib-obj/sparc64-sun-xomb/libgloss/sparc64 -L/home/att14/ultraxomb/build/newlib-obj/sparc64-sun-xomb/libgloss/libnosys -L/home/att14/ultraxomb/build/newlib-1.19.0/libgloss/sparc64    -S conftest.c -o - | fgrep _foo > /dev/null
configure:2221: $? = 1
configure:2229: result: none
configure:2264: checking for style of include used by make
configure:2292: result: GNU
configure:2319: checking for gcc
configure:2346: result: sparc64-sun-xomb-gcc -B/home/att14/ultraxomb/build/newlib-obj/sparc64-sun-xomb/newlib/ -isystem /home/att14/ultraxomb/build/newlib-obj/sparc64-sun-xomb/newlib/targ-include -isystem /home/att14/ultraxomb/build/newlib-1.19.0/newlib/libc/include -B/home/att14/ultraxomb/build/newlib-obj/sparc64-sun-xomb/libgloss/sparc64 -L/home/att14/ultraxomb/build/newlib-obj/sparc64-sun-xomb/libgloss/libnosys -L/home/att14/ultraxomb/build/newlib-1.19.0/libgloss/sparc64   
configure:2357: checking dependency style of sparc64-sun-xomb-gcc -B/home/att14/ultraxomb/build/newlib-obj/sparc64-sun-xomb/newlib/ -isystem /home/att14/ultraxomb/build/newlib-obj/sparc64-sun-xomb/newlib/targ-include -isystem /home/att14/ultraxomb/build/newlib-1.19.0/newlib/libc/include -B/home/att14/ultraxomb/build/newlib-obj/sparc64-sun-xomb/libgloss/sparc64 -L/home/att14/ultraxomb/build/newlib-obj/sparc64-sun-xomb/libgloss/libnosys -L/home/att14/ultraxomb/build/newlib-1.19.0/libgloss/sparc64   
configure:2447: result: gcc3
configure:2524: checking whether we are using GNU C
configure:2545: result: yes
configure:2555: checking whether sparc64-sun-xomb-gcc -B/home/att14/ultraxomb/build/newlib-obj/sparc64-sun-xomb/newlib/ -isystem /home/att14/ultraxomb/build/newlib-obj/sparc64-sun-xomb/newlib/targ-include -isystem /home/att14/ultraxomb/build/newlib-1.19.0/newlib/libc/include -B/home/att14/ultraxomb/build/newlib-obj/sparc64-sun-xomb/libgloss/sparc64 -L/home/att14/ultraxomb/build/newlib-obj/sparc64-sun-xomb/libgloss/libnosys -L/home/att14/ultraxomb/build/newlib-1.19.0/libgloss/sparc64    accepts -g
configure:2693: result: no
configure:2731: checking for sparc64-sun-xomb-ranlib
configure:2758: result: sparc64-sun-xomb-ranlib
configure:2952: creating ./config.status

## ---------------------- ##
## Running config.status. ##
## ---------------------- ##

This file was extended by config.status, which was
generated by GNU Autoconf 2.63.  Invocation command line was

  CONFIG_FILES    = 
  CONFIG_HEADERS  = 
  CONFIG_LINKS    = 
  CONFIG_COMMANDS = 
  $ ./config.status 

on deadreckoning

config.status:787: creating Makefile
config.status:787: creating config.h
config.status:1001: config.h is unchanged
config.status:1019: executing depfiles commands

## ---------------- ##
## Cache variables. ##
## ---------------- ##

ac_cv_build=x86_64-unknown-linux-gnu
ac_cv_c_compiler_gnu=yes
ac_cv_env_CCASFLAGS_set=
ac_cv_env_CCASFLAGS_value=
ac_cv_env_CCAS_set=
ac_cv_env_CCAS_value=
ac_cv_env_build_alias_set=set
ac_cv_env_build_alias_value=x86_64-unknown-linux-gnu
ac_cv_env_host_alias_set=set
ac_cv_env_host_alias_value=sparc64-sun-xomb
ac_cv_env_target_alias_set=set
ac_cv_env_target_alias_value=sparc64-sun-xomb
ac_cv_host=sparc64-sun-xomb
ac_cv_prog_AR=sparc64-sun-xomb-ar
ac_cv_prog_AWK=gawk
ac_cv_prog_CC='sparc64-sun-xomb-gcc -B/home/att14/ultraxomb/build/newlib-obj/sparc64-sun-xomb/newlib/ -isystem /home/att14/ultraxomb/build/newlib-obj/sparc64-sun-xomb/newlib/targ-include -isystem /home/att14/ultraxomb/build/newlib-1.19.0/newlib/libc/include -B/home/att14/ultraxomb/build/newlib-obj/sparc64-sun-xomb/libgloss/sparc64 -L/home/att14/ultraxomb/build/newlib-obj/sparc64-sun-xomb/libgloss/libnosys -L/home/att14/ultraxomb/build/newlib-1.19.0/libgloss/sparc64   '
ac_cv_prog_RANLIB=sparc64-sun-xomb-ranlib
ac_cv_prog_STRIP=sparc64-sun-xomb-strip
ac_cv_prog_cc_g=no
ac_cv_prog_make_make_set=yes
ac_cv_target=sparc64-sun-xomb
am_cv_CC_dependencies_compiler_type=gcc3

## ----------------- ##
## Output variables. ##
## ----------------- ##

AMDEPBACKSLASH='\'
AMDEP_FALSE='#'
AMDEP_TRUE=''
AR='sparc64-sun-xomb-ar'
AS='sparc64-sun-xomb-as'
CC='sparc64-sun-xomb-gcc -B/home/att14/ultraxomb/build/newlib-obj/sparc64-sun-xomb/newlib/ -isystem /home/att14/ultraxomb/build/newlib-obj/sparc64-sun-xomb/newlib/targ-include -isystem /home/att14/ultraxomb/build/newlib-1.19.0/newlib/libc/include -B/home/att14/ultraxomb/build/newlib-obj/sparc64-sun-xomb/libgloss/sparc64 -L/home/att14/ultraxomb/build/newlib-obj/sparc64-sun-xomb/libgloss/libnosys -L/home/att14/ultraxomb/build/newlib-1.19.0/libgloss/sparc64   '
CCAS='sparc64-sun-xomb-gcc -B/home/att14/ultraxomb/build/newlib-obj/sparc64-sun-xomb/newlib/ -isystem /home/att14/ultraxomb/build/newlib-obj/sparc64-sun-xomb/newlib/targ-include -isystem /home/att14/ultraxomb/build/newlib-1.19.0/newlib/libc/include -B/home/att14/ultraxomb/build/newlib-obj/sparc64-sun-xomb/libgloss/sparc64 -L/home/att14/ultraxomb/build/newlib-obj/sparc64-sun-xomb/libgloss/libnosys -L/home/att14/ultraxomb/build/newlib-1.19.0/libgloss/sparc64   '
CCASFLAGS=''
CCDEPMODE='depmode=gcc3'
DEFS='-DHAVE_CONFIG_H'
DEPDIR='.deps'
ECHO_C=''
ECHO_N='-n'
ECHO_T=''
INSTALL_DATA='/bin/install -c -m 644'
INSTALL_PROGRAM='/bin/install -c'
INSTALL_SCRIPT='/bin/install -c'
LD='sparc64-sun-xomb-ld'
LIBOBJS=''
LIBS=''
LTLIBOBJS=''
PACKAGE_BUGREPORT=''
PACKAGE_NAME=''
PACKAGE_STRING=''
PACKAGE_TARNAME=''
PACKAGE_VERSION=''
PATH_SEPARATOR=':'
RANLIB='sparc64-sun-xomb-ranlib'
SHELL='/bin/sh'
am__fastdepCC_FALSE='#'
am__fastdepCC_TRUE=''
am__include='include'
am__leading_dot='.'
am__quote=''
bindir='${exec_prefix}/bin'
build='x86_64-unknown-linux-gnu'
build_alias='x86_64-unknown-linux-gnu'
build_cpu='x86_64'
build_os='linux-gnu'
build_vendor='unknown'
datadir='${datarootdir}'
datarootdir='${prefix}/share'
docdir='${datarootdir}/doc/${PACKAGE}'
dvidir='${docdir}'
exec_prefix='${prefix}'
host='sparc64-sun-xomb'
host_alias='sparc64-sun-xomb'
host_cpu='sparc64'
host_makefile_frag_path='../../../../newlib-1.19.0/libgloss/libnosys/../config/default.mh'
host_os='xomb'
host_vendor='sun'
htmldir='${docdir}'
includedir='${prefix}/include'
infodir='${datarootdir}/info'
libdir='${exec_prefix}/lib'
libexecdir='${exec_prefix}/libexec'
localedir='${datarootdir}/locale'
localstatedir='${prefix}/var'
mandir='${datarootdir}/man'
oldincludedir='/usr/include'
pdfdir='${docdir}'
prefix='/home/att14/ultraxomb/local'
program_transform_name='s&^&sparc64-sun-xomb-&'
psdir='${docdir}'
sbindir='${exec_prefix}/sbin'
sharedstatedir='${prefix}/com'
sysconfdir='${prefix}/etc'
target='sparc64-sun-xomb'
target_alias='sparc64-sun-xomb'
target_cpu='sparc64'
target_os='xomb'
target_vendor='sun'

## ------------------- ##
## File substitutions. ##
## ------------------- ##

host_makefile_frag='../../../../newlib-1.19.0/libgloss/libnosys/../config/default.mh'

## ----------- ##
## confdefs.h. ##
## ----------- ##

#define PACKAGE_NAME ""
#define PACKAGE_TARNAME ""
#define PACKAGE_VERSION ""
#define PACKAGE_STRING ""
#define PACKAGE_BUGREPORT ""
#define HAVE_GNU_LD 1
#define __SYMBOL_PREFIX ""

configure: exit 0
