This file contains any messages produced by compilers while
running configure, to aid debugging if configure makes a mistake.

It was created by libphobos configure version-unused, which was
generated by GNU Autoconf 2.68.  Invocation command line was

  $ gcc/d/phobos/configure 

## --------- ##
## Platform. ##
## --------- ##

hostname = deadreckoning
uname -m = x86_64
uname -r = 3.0-ARCH
uname -s = Linux
uname -v = #1 SMP PREEMPT Wed Aug 17 21:55:57 CEST 2011

/usr/bin/uname -p = unknown
/bin/uname -X     = unknown

/bin/arch              = x86_64
/usr/bin/arch -k       = unknown
/usr/convex/getsysinfo = unknown
/usr/bin/hostinfo      = unknown
/bin/machine           = unknown
/usr/bin/oslevel       = unknown
/bin/universe          = unknown

PATH: /home/edf12/buildtools/local/bin
PATH: /bin
PATH: /usr/bin
PATH: /sbin
PATH: /usr/sbin
PATH: /usr/local/bin
PATH: /usr/local/games
PATH: /opt/google-appengine
PATH: /opt/java/bin
PATH: /opt/java/db/bin
PATH: /opt/java/jre/bin
PATH: /usr/bin/site_perl
PATH: /usr/bin/vendor_perl
PATH: /usr/bin/core_perl


## ----------- ##
## Core tests. ##
## ----------- ##

configure:2290: error: cannot find install-sh, install.sh, or shtool in "gcc/d/phobos" "gcc/d/phobos/.." "gcc/d/phobos/../.."

## ---------------- ##
## Cache variables. ##
## ---------------- ##

ac_cv_env_CPPFLAGS_set=
ac_cv_env_CPPFLAGS_value=
ac_cv_env_CPP_set=
ac_cv_env_CPP_value=
ac_cv_env_build_alias_set=
ac_cv_env_build_alias_value=
ac_cv_env_host_alias_set=
ac_cv_env_host_alias_value=
ac_cv_env_target_alias_set=
ac_cv_env_target_alias_value=

## ----------------- ##
## Output variables. ##
## ----------------- ##

ACLOCAL=''
AMTAR=''
AR=''
AUTOCONF=''
AUTOHEADER=''
AUTOMAKE=''
AWK=''
BUILD_LIBIBERTY=''
CC=''
CC_FOR_BUILD=''
CFLAGS=''
CFLAGS_FOR_BUILD=''
CPP=''
CPPFLAGS=''
CXX=''
CXXFLAGS=''
CYGPATH_W=''
DCFG_ARM_EABI_UNWINDER=''
DCFG_CBRIDGE_STDIO=''
DCFG_EXECVPE=''
DCFG_EXP2_LOG2=''
DCFG_FWIDE=''
DCFG_GETPWNAM_R=''
DCFG_HAVE_FGETLINE=''
DCFG_HAVE_FGETLN=''
DCFG_HAVE_GETDELIM=''
DCFG_HAVE_UNLOCKED_STDIO=''
DCFG_HAVE_UNLOCKED_WIDE_STDIO=''
DCFG_MMAP=''
DCFG_NAN=''
DCFG_NEARBYINT=''
DCFG_POSIX=''
DCFG_PTHREAD_SUSPEND=''
DCFG_ROUND=''
DCFG_SEMAPHORE_IMPL=''
DCFG_SPAWNVP=''
DCFG_STRTOLD=''
DCFG_TGAMMA=''
DCFG_TRUNC=''
DCFG_UNIX=''
DCFG_USE_IEEE_FPSB=''
DEFS=''
DFLAGS=''
D_EXTRA_OBJS=''
D_GC_FLAGS=''
D_GC_MODULES=''
D_PREREQ_SRCS=''
ECHO_C=''
ECHO_N='-n'
ECHO_T=''
EGREP=''
EXEEXT=''
GDC=''
GREP=''
INSTALL_DATA=''
INSTALL_PROGRAM=''
INSTALL_SCRIPT=''
INSTALL_STRIP_PROGRAM=''
LDFLAGS=''
LIBIBERTY_H_PATH=''
LIBOBJS=''
LIBS=''
LTLIBOBJS=''
MAKEINFO=''
OBJEXT=''
PACKAGE=''
PACKAGE_BUGREPORT=''
PACKAGE_NAME='libphobos'
PACKAGE_STRING='libphobos version-unused'
PACKAGE_TARNAME='libphobos'
PACKAGE_URL=''
PACKAGE_VERSION='version-unused'
PATH_SEPARATOR=':'
RANLIB=''
SET_MAKE=''
SHELL='/bin/sh'
STRIP=''
VERSION=''
ac_ct_CC=''
ac_ct_CXX=''
am__leading_dot=''
am__tar=''
am__untar=''
bindir='${exec_prefix}/bin'
build=''
build_alias=''
build_cpu=''
build_os=''
build_vendor=''
datadir='${datarootdir}'
datarootdir='${prefix}/share'
docdir='${datarootdir}/doc/${PACKAGE_TARNAME}'
dvidir='${docdir}'
exec_prefix='NONE'
gdc_include_dir=''
host=''
host_alias=''
host_cpu=''
host_os=''
host_vendor=''
htmldir='${docdir}'
includedir='${prefix}/include'
infodir='${datarootdir}/info'
install_sh=''
libdir='${exec_prefix}/lib'
libexecdir='${exec_prefix}/libexec'
localedir='${datarootdir}/locale'
localstatedir='${prefix}/var'
mandir='${datarootdir}/man'
mkdir_p=''
multi_basedir=''
oldincludedir='/usr/include'
pdfdir='${docdir}'
phobos_toolexecdir=''
phobos_toolexeclibdir=''
prefix='NONE'
program_transform_name='s,x,x,'
psdir='${docdir}'
sbindir='${exec_prefix}/sbin'
sharedstatedir='${prefix}/com'
srcdir='gcc/d/phobos'
sysconfdir='${prefix}/etc'
target=''
target_alias=''
target_cpu=''
target_os=''
target_vendor=''

## ------------------- ##
## File substitutions. ##
## ------------------- ##

DCFG_LONG_DOUBLE_FUNCS=''
DCFG_SQRTF=''

## ----------- ##
## confdefs.h. ##
## ----------- ##

/* confdefs.h */
#define PACKAGE_NAME "libphobos"
#define PACKAGE_TARNAME "libphobos"
#define PACKAGE_VERSION "version-unused"
#define PACKAGE_STRING "libphobos version-unused"
#define PACKAGE_BUGREPORT ""
#define PACKAGE_URL ""

configure: exit 1
