This file contains any messages produced by compilers while
running configure, to aid debugging if configure makes a mistake.

It was created by configure, which was
generated by GNU Autoconf 2.64.  Invocation command line was

  $ /home/att14/ultraxomb/build/gcc-4.5.3/gcc/configure --cache-file=./config.cache --prefix=/home/att14/ultraxomb/local --disable-libssp --with-gmp=/home/att14/ultraxomb/local --with-mpfr=/home/att14/ultraxomb/local --with-mpc=/home/att14/ultraxomb/local --without-headers --disable-nls --with-newlib --enable-languages=c,d,lto --program-transform-name=s&^&sparc64-sun-xomb-& --disable-option-checking --build=x86_64-unknown-linux-gnu --host=x86_64-unknown-linux-gnu --target=sparc64-sun-xomb --srcdir=../../gcc-4.5.3/gcc

## --------- ##
## Platform. ##
## --------- ##

hostname = deadreckoning
uname -m = x86_64
uname -r = 3.0-ARCH
uname -s = Linux
uname -v = #1 SMP PREEMPT Wed Aug 17 21:55:57 CEST 2011

/usr/bin/uname -p = unknown
/bin/uname -X     = unknown

/bin/arch              = x86_64
/usr/bin/arch -k       = unknown
/usr/convex/getsysinfo = unknown
/usr/bin/hostinfo      = unknown
/bin/machine           = unknown
/usr/bin/oslevel       = unknown
/bin/universe          = unknown

PATH: /home/att14/ultraxomb/local/bin
PATH: /bin
PATH: /usr/bin
PATH: /sbin
PATH: /usr/sbin
PATH: /usr/local/bin
PATH: /usr/local/games
PATH: /opt/google-appengine
PATH: /opt/java/bin
PATH: /opt/java/db/bin
PATH: /opt/java/jre/bin
PATH: /usr/bin/site_perl
PATH: /usr/bin/vendor_perl
PATH: /usr/bin/core_perl


## ----------- ##
## Core tests. ##
## ----------- ##

configure:2885: loading cache ./config.cache
configure:3003: checking build system type
configure:3017: result: x86_64-unknown-linux-gnu
configure:3037: checking host system type
configure:3050: result: x86_64-unknown-linux-gnu
configure:3070: checking target system type
configure:3083: result: sparc64-sun-xomb
configure:3181: checking LIBRARY_PATH variable
configure:3191: result: ok
configure:3207: checking GCC_EXEC_PREFIX variable
configure:3217: result: ok
configure:3294: checking whether to place generated files in the source directory
configure:3304: result: no
configure:3355: checking whether a default linker was specified
configure:3366: result: no
configure:3420: checking whether a default assembler was specified
configure:3431: result: no
configure:3457: checking for x86_64-unknown-linux-gnu-gcc
configure:3484: result: gcc
configure:3753: checking for C compiler version
configure:3762: gcc --version >&5
gcc (GCC) 4.6.1
Copyright (C) 2011 Free Software Foundation, Inc.
This is free software; see the source for copying conditions.  There is NO
warranty; not even for MERCHANTABILITY or FITNESS FOR A PARTICULAR PURPOSE.

configure:3773: $? = 0
configure:3762: gcc -v >&5
Using built-in specs.
COLLECT_GCC=gcc
COLLECT_LTO_WRAPPER=/usr/lib/gcc/x86_64-unknown-linux-gnu/4.6.1/lto-wrapper
Target: x86_64-unknown-linux-gnu
Configured with: /build/src/gcc-4.6.1/configure --prefix=/usr --libdir=/usr/lib --libexecdir=/usr/lib --mandir=/usr/share/man --infodir=/usr/share/info --with-bugurl=https://bugs.archlinux.org/ --enable-languages=c,c++,ada,fortran,go,lto,objc,obj-c++ --enable-shared --enable-threads=posix --with-system-zlib --enable-__cxa_atexit --disable-libunwind-exceptions --enable-clocale=gnu --enable-gnu-unique-object --enable-linker-build-id --with-ppl --enable-cloog-backend=isl --enable-lto --enable-gold --enable-ld=default --enable-plugin --with-plugin-ld=ld.gold --disable-multilib --disable-libstdcxx-pch --enable-checking=release
Thread model: posix
gcc version 4.6.1 (GCC) 
configure:3773: $? = 0
configure:3762: gcc -V >&5
gcc: error: unrecognized option '-V'
gcc: fatal error: no input files
compilation terminated.
configure:3773: $? = 1
configure:3762: gcc -qversion >&5
gcc: error: unrecognized option '-qversion'
gcc: fatal error: no input files
compilation terminated.
configure:3773: $? = 1
configure:3793: checking for C compiler default output file name
configure:3815: gcc -g -O2    conftest.c  >&5
configure:3819: $? = 0
configure:3856: result: a.out
configure:3872: checking whether the C compiler works
configure:3881: ./a.out
configure:3885: $? = 0
configure:3900: result: yes
configure:3907: checking whether we are cross compiling
configure:3909: result: no
configure:3912: checking for suffix of executables
configure:3919: gcc -o conftest -g -O2    conftest.c  >&5
configure:3923: $? = 0
configure:3945: result: 
configure:3951: checking for suffix of object files
configure:3998: result: o
configure:4002: checking whether we are using the GNU C compiler
configure:4030: result: yes
configure:4039: checking whether gcc accepts -g
configure:4100: result: yes
configure:4117: checking for gcc option to accept ISO C89
configure:4194: result: none needed
configure:4215: checking whether gcc and cc understand -c and -o together
configure:4315: result: yes
configure:4455: checking for C++ compiler version
configure:4464: g++ --version >&5
g++ (GCC) 4.6.1
Copyright (C) 2011 Free Software Foundation, Inc.
This is free software; see the source for copying conditions.  There is NO
warranty; not even for MERCHANTABILITY or FITNESS FOR A PARTICULAR PURPOSE.

configure:4475: $? = 0
configure:4464: g++ -v >&5
Using built-in specs.
COLLECT_GCC=g++
COLLECT_LTO_WRAPPER=/usr/lib/gcc/x86_64-unknown-linux-gnu/4.6.1/lto-wrapper
Target: x86_64-unknown-linux-gnu
Configured with: /build/src/gcc-4.6.1/configure --prefix=/usr --libdir=/usr/lib --libexecdir=/usr/lib --mandir=/usr/share/man --infodir=/usr/share/info --with-bugurl=https://bugs.archlinux.org/ --enable-languages=c,c++,ada,fortran,go,lto,objc,obj-c++ --enable-shared --enable-threads=posix --with-system-zlib --enable-__cxa_atexit --disable-libunwind-exceptions --enable-clocale=gnu --enable-gnu-unique-object --enable-linker-build-id --with-ppl --enable-cloog-backend=isl --enable-lto --enable-gold --enable-ld=default --enable-plugin --with-plugin-ld=ld.gold --disable-multilib --disable-libstdcxx-pch --enable-checking=release
Thread model: posix
gcc version 4.6.1 (GCC) 
configure:4475: $? = 0
configure:4464: g++ -V >&5
g++: error: unrecognized option '-V'
g++: fatal error: no input files
compilation terminated.
configure:4475: $? = 1
configure:4464: g++ -qversion >&5
g++: error: unrecognized option '-qversion'
g++: fatal error: no input files
compilation terminated.
configure:4475: $? = 1
configure:4479: checking whether we are using the GNU C++ compiler
configure:4507: result: yes
configure:4516: checking whether g++ accepts -g
configure:4577: result: yes
configure:4606: checking for x86_64-unknown-linux-gnu-gnatbind
configure:4636: result: no
configure:4646: checking for gnatbind
configure:4676: result: no
configure:4698: checking for x86_64-unknown-linux-gnu-gnatmake
configure:4728: result: no
configure:4738: checking for gnatmake
configure:4768: result: no
configure:4787: checking whether compiler driver understands Ada
configure:4810: result: no
configure:4847: checking how to run the C preprocessor
configure:4917: result: gcc -E
configure:4937: gcc -E  conftest.c
configure:4937: $? = 0
configure:4951: gcc -E  conftest.c
conftest.c:11:28: fatal error: ac_nonexistent.h: No such file or directory
compilation terminated.
configure:4951: $? = 1
configure: failed program was:
| /* confdefs.h */
| #define PACKAGE_NAME ""
| #define PACKAGE_TARNAME ""
| #define PACKAGE_VERSION ""
| #define PACKAGE_STRING ""
| #define PACKAGE_BUGREPORT ""
| #define PACKAGE_URL ""
| #define HAVE_GNU_LD 0
| #define HAVE_GNU_AS 0
| /* end confdefs.h.  */
| #include <ac_nonexistent.h>
configure:4980: checking for grep that handles long lines and -e
configure:5038: result: /bin/grep
configure:5043: checking for egrep
configure:5105: result: /bin/grep -E
configure:5110: checking for ANSI C header files
configure:5214: result: yes
configure:5227: checking for sys/types.h
configure:5227: result: yes
configure:5227: checking for sys/stat.h
configure:5227: result: yes
configure:5227: checking for stdlib.h
configure:5227: result: yes
configure:5227: checking for string.h
configure:5227: result: yes
configure:5227: checking for memory.h
configure:5227: result: yes
configure:5227: checking for strings.h
configure:5227: result: yes
configure:5227: checking for inttypes.h
configure:5227: result: yes
configure:5227: checking for stdint.h
configure:5227: result: yes
configure:5227: checking for unistd.h
configure:5227: result: yes
configure:5241: checking for minix/config.h
configure:5241: result: no
configure:5262: checking whether it is safe to define __EXTENSIONS__
configure:5287: result: yes
configure:5306: checking how to run the C preprocessor
configure:5376: result: gcc -E
configure:5396: gcc -E  conftest.c
configure:5396: $? = 0
configure:5410: gcc -E  conftest.c
conftest.c:26:28: fatal error: ac_nonexistent.h: No such file or directory
compilation terminated.
configure:5410: $? = 1
configure: failed program was:
| /* confdefs.h */
| #define PACKAGE_NAME ""
| #define PACKAGE_TARNAME ""
| #define PACKAGE_VERSION ""
| #define PACKAGE_STRING ""
| #define PACKAGE_BUGREPORT ""
| #define PACKAGE_URL ""
| #define HAVE_GNU_LD 0
| #define HAVE_GNU_AS 0
| #define STDC_HEADERS 1
| #define HAVE_SYS_TYPES_H 1
| #define HAVE_SYS_STAT_H 1
| #define HAVE_STDLIB_H 1
| #define HAVE_STRING_H 1
| #define HAVE_MEMORY_H 1
| #define HAVE_STRINGS_H 1
| #define HAVE_INTTYPES_H 1
| #define HAVE_STDINT_H 1
| #define HAVE_UNISTD_H 1
| #define __EXTENSIONS__ 1
| #define _ALL_SOURCE 1
| #define _GNU_SOURCE 1
| #define _POSIX_PTHREAD_SEMANTICS 1
| #define _TANDEM_SOURCE 1
| /* end confdefs.h.  */
| #include <ac_nonexistent.h>
configure:5438: checking for inline
configure:5462: result: inline
configure:5486: checking size of void *
configure:5506: result: 8
configure:5520: checking size of short
configure:5540: result: 2
configure:5554: checking size of int
configure:5574: result: 4
configure:5588: checking size of long
configure:5608: result: 8
configure:5618: checking for long long
configure:5618: result: yes
configure:5629: checking size of long long
configure:5649: result: 8
configure:5661: checking for __int64
configure:5661: result: no
configure:5704: checking for int8_t
configure:5704: result: yes
configure:5715: checking for int16_t
configure:5715: result: yes
configure:5726: checking for int32_t
configure:5726: result: yes
configure:5737: checking for int64_t
configure:5737: result: yes
configure:5749: checking for long long int
configure:5831: result: yes
configure:5841: checking for intmax_t
configure:5841: result: yes
configure:5859: checking for intptr_t
configure:5859: result: yes
configure:5893: checking for uint8_t
configure:5893: result: yes
configure:5907: checking for uint16_t
configure:5907: result: yes
configure:5919: checking for uint32_t
configure:5919: result: yes
configure:5933: checking for uint64_t
configure:5933: result: yes
configure:5948: checking for unsigned long long int
configure:5993: result: yes
configure:6003: checking for uintmax_t
configure:6003: result: yes
configure:6021: checking for uintptr_t
configure:6021: result: yes
configure:6085: checking whether gcc supports -W
configure:6111: result: yes
configure:6085: checking whether gcc supports -Wall
configure:6111: result: yes
configure:6085: checking whether gcc supports -Wwrite-strings
configure:6111: result: yes
configure:6085: checking whether gcc supports -Wcast-qual
configure:6111: result: yes
configure:6124: checking whether gcc supports -Wstrict-prototypes
configure:6150: result: yes
configure:6124: checking whether gcc supports -Wmissing-prototypes
configure:6150: result: yes
configure:6163: checking whether gcc supports -Wmissing-format-attribute
configure:6189: result: yes
configure:6202: checking whether gcc supports -Wold-style-definition
configure:6228: result: yes
configure:6202: checking whether gcc supports -Wc++-compat
configure:6228: result: yes
configure:6237: checking whether gcc supports -pedantic -Wno-long-long -Wno-variadic-macros -Wno-overlength-strings
configure:6263: result: yes
configure:6432: checking for valgrind.h
configure:6432: result: no
configure:6665: WARNING: decimal float is not supported for this target
configure:6729: WARNING: fixed-point is not supported for this target
configure:6974: checking whether make sets $(MAKE)
configure:6996: result: yes
configure:7011: checking for gawk
configure:7038: result: gawk
configure:7055: checking whether ln -s works
configure:7083: result: yes
configure:7095: checking whether ln works
configure:7117: result: yes
configure:7124: checking for x86_64-unknown-linux-gnu-ranlib
configure:7151: result: ranlib
configure:7236: checking for a BSD compatible install
configure:7278: result: /bin/install -c
configure:7289: checking for cmp's capabilities
configure:7316: result: gnucompare
configure:7325: checking for mktemp
configure:7353: result: yes
configure:7367: checking for makeinfo
configure:7394: result: makeinfo
configure:7404: checking for modern makeinfo
configure:7419: result: yes
configure:7442: checking for recent Pod::Man
configure:7445: result: yes
configure:7462: checking for flex
configure:7489: result: flex
configure:7507: checking for bison
configure:7534: result: bison
configure:7557: checking for nm
configure:7585: result: nm
configure:7602: checking for ar
configure:7630: result: ar
configure:7650: checking for ANSI C header files
configure:7754: result: yes
configure:7762: checking whether time.h and sys/time.h may both be included
configure:7789: result: yes
configure:7797: checking whether string.h and strings.h may both be included
configure:7821: result: yes
configure:7829: checking for sys/wait.h that is POSIX.1 compatible
configure:7862: result: yes
configure:7876: checking for limits.h
configure:7876: result: yes
configure:7876: checking for stddef.h
configure:7876: result: yes
configure:7876: checking for string.h
configure:7876: result: yes
configure:7876: checking for strings.h
configure:7876: result: yes
configure:7876: checking for stdlib.h
configure:7876: result: yes
configure:7876: checking for time.h
configure:7876: result: yes
configure:7876: checking for iconv.h
configure:7876: result: yes
configure:7876: checking for fcntl.h
configure:7876: result: yes
configure:7876: checking for unistd.h
configure:7876: result: yes
configure:7876: checking for sys/file.h
configure:7876: result: yes
configure:7876: checking for sys/time.h
configure:7876: result: yes
configure:7876: checking for sys/mman.h
configure:7876: result: yes
configure:7876: checking for sys/resource.h
configure:7876: result: yes
configure:7876: checking for sys/param.h
configure:7876: result: yes
configure:7876: checking for sys/times.h
configure:7876: result: yes
configure:7876: checking for sys/stat.h
configure:7876: result: yes
configure:7876: checking for direct.h
configure:7876: result: no
configure:7876: checking for malloc.h
configure:7876: result: yes
configure:7876: checking for langinfo.h
configure:7876: result: yes
configure:7876: checking for ldfcn.h
configure:7876: result: no
configure:7876: checking for locale.h
configure:7876: result: yes
configure:7876: checking for wchar.h
configure:7876: result: yes
configure:7888: checking for thread.h
configure:7888: result: no
configure:7895: checking for pthread.h
configure:7895: result: yes
configure:7904: checking for CHAR_BIT
configure:7928: result: yes
configure:7974: checking whether byte ordering is bigendian
configure:8180: result: no
configure:8206: checking for collect2 libraries
configure:8244: result: none required
configure:8256: checking for library containing exc_resume
configure:8304: result: no
configure:8320: checking for library containing ldexp
configure:8368: result: none required
configure:8382: checking for inttypes.h
configure:8407: result: yes
configure:8423: checking for times
configure:8423: result: yes
configure:8423: checking for clock
configure:8423: result: yes
configure:8423: checking for kill
configure:8423: result: yes
configure:8423: checking for getrlimit
configure:8423: result: yes
configure:8423: checking for setrlimit
configure:8423: result: yes
configure:8423: checking for atoll
configure:8423: result: yes
configure:8423: checking for atoq
configure:8423: result: no
configure:8423: checking for sysconf
configure:8423: result: yes
configure:8423: checking for strsignal
configure:8423: result: yes
configure:8423: checking for getrusage
configure:8423: result: yes
configure:8423: checking for nl_langinfo
configure:8423: result: yes
configure:8423: checking for gettimeofday
configure:8423: result: yes
configure:8423: checking for mbstowcs
configure:8423: result: yes
configure:8423: checking for wcswidth
configure:8423: result: yes
configure:8423: checking for mmap
configure:8423: result: yes
configure:8423: checking for mincore
configure:8423: result: yes
configure:8423: checking for setlocale
configure:8423: result: yes
configure:8423: checking for clearerr_unlocked
configure:8423: result: yes
configure:8423: checking for feof_unlocked
configure:8423: result: yes
configure:8423: checking for ferror_unlocked
configure:8423: result: yes
configure:8423: checking for fflush_unlocked
configure:8423: result: yes
configure:8423: checking for fgetc_unlocked
configure:8423: result: yes
configure:8423: checking for fgets_unlocked
configure:8423: result: yes
configure:8423: checking for fileno_unlocked
configure:8423: result: yes
configure:8423: checking for fprintf_unlocked
configure:8423: result: no
configure:8423: checking for fputc_unlocked
configure:8423: result: yes
configure:8423: checking for fputs_unlocked
configure:8423: result: yes
configure:8423: checking for fread_unlocked
configure:8423: result: yes
configure:8423: checking for fwrite_unlocked
configure:8423: result: yes
configure:8423: checking for getchar_unlocked
configure:8423: result: yes
configure:8423: checking for getc_unlocked
configure:8423: result: yes
configure:8423: checking for putchar_unlocked
configure:8423: result: yes
configure:8423: checking for putc_unlocked
configure:8423: result: yes
configure:8439: checking for elf_getshdrstrndx
configure:8439: result: yes
configure:8488: checking whether mbstowcs works
configure:8515: result: yes
configure:8524: checking for ssize_t
configure:8524: result: yes
configure:8535: checking for caddr_t
configure:8535: result: yes
configure:8548: checking for sys/mman.h
configure:8548: result: yes
configure:8555: checking for mmap
configure:8555: result: yes
configure:8568: checking whether read-only mmap of a plain file works
configure:8585: result: yes
configure:8587: checking whether mmap from /dev/zero works
configure:8609: result: yes
configure:8613: checking for MAP_ANON(YMOUS)
configure:8643: result: yes
configure:8649: checking whether mmap with MAP_ANON(YMOUS) works
configure:8666: result: yes
configure:8696: checking for pid_t
configure:8696: result: yes
configure:8709: checking for vfork.h
configure:8709: result: no
configure:8721: checking for fork
configure:8721: result: yes
configure:8721: checking for vfork
configure:8721: result: yes
configure:8732: checking for working fork
configure:8764: result: yes
configure:8785: checking for working vfork
configure:8895: result: yes
configure:8961: checking for ld used by GCC
configure:9024: result: ld
configure:9031: checking if the linker (ld) is GNU ld
configure:9043: result: yes
configure:9049: checking for shared library run path origin
configure:9062: result: done
configure:9492: checking for iconv
configure:9546: result: yes
configure:9567: checking for iconv declaration
configure:9607: result: install-shextern size_t iconv (iconv_t cd, char * *inbuf, size_t *inbytesleft, char * *outbuf, size_t *outbytesleft);
configure:9622: checking for LC_MESSAGES
configure:9646: result: yes
configure:9656: checking for nl_langinfo and CODESET
configure:9681: result: yes
configure:9699: checking whether getenv is declared
configure:9731: result: yes
configure:9699: checking whether atol is declared
configure:9731: result: yes
configure:9699: checking whether asprintf is declared
configure:9731: result: yes
configure:9699: checking whether sbrk is declared
configure:9731: result: yes
configure:9699: checking whether abort is declared
configure:9731: result: yes
configure:9699: checking whether atof is declared
configure:9731: result: yes
configure:9699: checking whether getcwd is declared
configure:9731: result: yes
configure:9699: checking whether getwd is declared
configure:9731: result: yes
configure:9699: checking whether strsignal is declared
configure:9731: result: yes
configure:9699: checking whether strstr is declared
configure:9731: result: yes
configure:9699: checking whether strverscmp is declared
configure:9731: result: yes
configure:9699: checking whether errno is declared
configure:9731: result: yes
configure:9699: checking whether snprintf is declared
configure:9731: result: yes
configure:9699: checking whether vsnprintf is declared
configure:9731: result: yes
configure:9699: checking whether vasprintf is declared
configure:9731: result: yes
configure:9699: checking whether malloc is declared
configure:9731: result: yes
configure:9699: checking whether realloc is declared
configure:9731: result: yes
configure:9699: checking whether calloc is declared
configure:9731: result: yes
configure:9699: checking whether free is declared
configure:9731: result: yes
configure:9699: checking whether basename is declared
configure:9731: result: yes
configure:9699: checking whether getopt is declared
configure:9737: result: no
configure:9699: checking whether clock is declared
configure:9731: result: yes
configure:9699: checking whether getpagesize is declared
configure:9731: result: yes
configure:9699: checking whether clearerr_unlocked is declared
configure:9731: result: yes
configure:9699: checking whether feof_unlocked is declared
configure:9731: result: yes
configure:9699: checking whether ferror_unlocked is declared
configure:9731: result: yes
configure:9699: checking whether fflush_unlocked is declared
configure:9731: result: yes
configure:9699: checking whether fgetc_unlocked is declared
configure:9731: result: yes
configure:9699: checking whether fgets_unlocked is declared
configure:9731: result: yes
configure:9699: checking whether fileno_unlocked is declared
configure:9731: result: yes
configure:9699: checking whether fprintf_unlocked is declared
configure:9737: result: no
configure:9699: checking whether fputc_unlocked is declared
configure:9731: result: yes
configure:9699: checking whether fputs_unlocked is declared
configure:9731: result: yes
configure:9699: checking whether fread_unlocked is declared
configure:9731: result: yes
configure:9699: checking whether fwrite_unlocked is declared
configure:9731: result: yes
configure:9699: checking whether getchar_unlocked is declared
configure:9731: result: yes
configure:9699: checking whether getc_unlocked is declared
configure:9731: result: yes
configure:9699: checking whether putchar_unlocked is declared
configure:9731: result: yes
configure:9699: checking whether putc_unlocked is declared
configure:9731: result: yes
configure:9750: checking whether getrlimit is declared
configure:9786: result: yes
configure:9750: checking whether setrlimit is declared
configure:9786: result: yes
configure:9750: checking whether getrusage is declared
configure:9786: result: yes
configure:9819: gcc -c -g  -I../../gcc-4.5.3/gcc -I../../gcc-4.5.3/gcc/../include  conftest.c >&5
configure:9819: $? = 0
configure:9835: checking whether ldgetname is declared
configure:9879: result: no
configure:9892: checking whether times is declared
configure:9928: result: yes
configure:9947: checking whether sigaltstack is declared
configure:9981: result: yes
configure:9998: checking for struct tms
configure:10028: result: yes
configure:10038: checking for clock_t
configure:10065: result: yes
configure:10081: checking for .preinit_array/.init_array/.fini_array support
configure:10107: result: yes
configure:10120: checking if mkdir takes one argument
configure:10153: result: no
configure:10621: checking whether NLS is requested
configure:10624: result: no
configure:11090: checking how to print strings
configure:11117: result: printf
configure:11138: checking for a sed that does not truncate output
configure:11202: result: /bin/sed
configure:11220: checking for fgrep
configure:11282: result: /bin/grep -F
configure:11317: checking for ld used by gcc
configure:11384: result: ld
configure:11391: checking if the linker (ld) is GNU ld
configure:11406: result: yes
configure:11418: checking for BSD- or MS-compatible name lister (nm)
configure:11467: result: nm
configure:11597: checking the name lister (nm) interface
configure:11617: result: BSD nm
configure:11620: checking whether ln -s works
configure:11624: result: yes
configure:11632: checking the maximum length of command line arguments
configure:11757: result: 1572864
configure:11774: checking whether the shell understands some XSI constructs
configure:11784: result: yes
configure:11788: checking whether the shell understands "+="
configure:11794: result: yes
configure:11829: checking for ld option to reload object files
configure:11836: result: -r
configure:11865: checking for x86_64-unknown-linux-gnu-objdump
configure:11892: result: objdump
configure:11964: checking how to recognize dependent libraries
configure:12165: result: pass_all
configure:12185: checking for x86_64-unknown-linux-gnu-ar
configure:12212: result: ar
configure:12290: checking for x86_64-unknown-linux-gnu-strip
configure:12320: result: no
configure:12330: checking for strip
configure:12357: result: strip
configure:12389: checking for x86_64-unknown-linux-gnu-ranlib
configure:12416: result: ranlib
configure:12558: checking command to parse nm output from gcc object
configure:12781: result: ok
configure:12876: gcc -c -g   conftest.c >&5
configure:12879: $? = 0
configure:13616: checking for dlfcn.h
configure:13616: result: yes
configure:13802: checking for objdir
configure:13817: result: .libs
configure:14088: checking if gcc supports -fno-rtti -fno-exceptions
configure:14123: result: no
configure:14143: checking for gcc option to produce PIC
configure:14428: result: -fPIC -DPIC
configure:14440: checking if gcc PIC flag -fPIC -DPIC works
configure:14475: result: yes
configure:14499: checking if gcc static flag -static works
configure:14527: result: yes
configure:14542: checking if gcc supports -c -o file.o
configure:14589: result: yes
configure:14597: checking if gcc supports -c -o file.o
configure:14644: result: yes
configure:14677: checking whether the gcc linker (ld -m elf_x86_64) supports shared libraries
configure:15752: result: yes
configure:15789: checking whether -lc should be explicitly linked in
configure:15832: result: no
configure:15997: checking dynamic linker characteristics
configure:16674: result: GNU/Linux ld.so
configure:16781: checking how to hardcode library paths into programs
configure:16806: result: immediate
configure:17346: checking whether stripping libraries is possible
configure:17351: result: yes
configure:17386: checking if libtool supports shared libraries
configure:17388: result: yes
configure:17391: checking whether to build shared libraries
configure:17412: result: yes
configure:17415: checking whether to build static libraries
configure:17419: result: yes
configure:17442: checking how to run the C++ preprocessor
configure:17508: result: g++ -E
configure:17528: g++ -E  conftest.cpp
configure:17528: $? = 0
configure:17542: g++ -E  conftest.cpp
conftest.cpp:166:28: fatal error: ac_nonexistent.h: No such file or directory
compilation terminated.
configure:17542: $? = 1
configure: failed program was:
| /* confdefs.h */
| #define PACKAGE_NAME ""
| #define PACKAGE_TARNAME ""
| #define PACKAGE_VERSION ""
| #define PACKAGE_STRING ""
| #define PACKAGE_BUGREPORT ""
| #define PACKAGE_URL ""
| #define HAVE_GNU_LD 0
| #define HAVE_GNU_AS 0
| #define STDC_HEADERS 1
| #define HAVE_SYS_TYPES_H 1
| #define HAVE_SYS_STAT_H 1
| #define HAVE_STDLIB_H 1
| #define HAVE_STRING_H 1
| #define HAVE_MEMORY_H 1
| #define HAVE_STRINGS_H 1
| #define HAVE_INTTYPES_H 1
| #define HAVE_STDINT_H 1
| #define HAVE_UNISTD_H 1
| #define __EXTENSIONS__ 1
| #define _ALL_SOURCE 1
| #define _GNU_SOURCE 1
| #define _POSIX_PTHREAD_SEMANTICS 1
| #define _TANDEM_SOURCE 1
| #define SIZEOF_VOID_P 8
| #define SIZEOF_SHORT 2
| #define SIZEOF_INT 4
| #define SIZEOF_LONG 8
| #define HAVE_LONG_LONG 1
| #define SIZEOF_LONG_LONG 8
| #define HAVE_LONG_LONG_INT 1
| #define HAVE_INTMAX_T 1
| #define HAVE_INTPTR_T 1
| #define HAVE_UNSIGNED_LONG_LONG_INT 1
| #define HAVE_UINTMAX_T 1
| #define HAVE_UINTPTR_T 1
| #define ENABLE_ASSERT_CHECKING 1
| #define ENABLE_RUNTIME_CHECKING 1
| #define ENABLE_DECIMAL_FLOAT 0
| #define ENABLE_DECIMAL_BID_FORMAT 0
| #define ENABLE_FIXED_POINT 0
| #define STDC_HEADERS 1
| #define TIME_WITH_SYS_TIME 1
| #define STRING_WITH_STRINGS 1
| #define HAVE_SYS_WAIT_H 1
| #define HAVE_LIMITS_H 1
| #define HAVE_STDDEF_H 1
| #define HAVE_STRING_H 1
| #define HAVE_STRINGS_H 1
| #define HAVE_STDLIB_H 1
| #define HAVE_TIME_H 1
| #define HAVE_ICONV_H 1
| #define HAVE_FCNTL_H 1
| #define HAVE_UNISTD_H 1
| #define HAVE_SYS_FILE_H 1
| #define HAVE_SYS_TIME_H 1
| #define HAVE_SYS_MMAN_H 1
| #define HAVE_SYS_RESOURCE_H 1
| #define HAVE_SYS_PARAM_H 1
| #define HAVE_SYS_TIMES_H 1
| #define HAVE_SYS_STAT_H 1
| #define HAVE_MALLOC_H 1
| #define HAVE_LANGINFO_H 1
| #define HAVE_LOCALE_H 1
| #define HAVE_WCHAR_H 1
| #define HAVE_INTTYPES_H 1
| #define HAVE_TIMES 1
| #define HAVE_CLOCK 1
| #define HAVE_KILL 1
| #define HAVE_GETRLIMIT 1
| #define HAVE_SETRLIMIT 1
| #define HAVE_ATOLL 1
| #define HAVE_SYSCONF 1
| #define HAVE_STRSIGNAL 1
| #define HAVE_GETRUSAGE 1
| #define HAVE_NL_LANGINFO 1
| #define HAVE_GETTIMEOFDAY 1
| #define HAVE_MBSTOWCS 1
| #define HAVE_WCSWIDTH 1
| #define HAVE_MMAP 1
| #define HAVE_MINCORE 1
| #define HAVE_SETLOCALE 1
| #define HAVE_CLEARERR_UNLOCKED 1
| #define HAVE_FEOF_UNLOCKED 1
| #define HAVE_FERROR_UNLOCKED 1
| #define HAVE_FFLUSH_UNLOCKED 1
| #define HAVE_FGETC_UNLOCKED 1
| #define HAVE_FGETS_UNLOCKED 1
| #define HAVE_FILENO_UNLOCKED 1
| #define HAVE_FPUTC_UNLOCKED 1
| #define HAVE_FPUTS_UNLOCKED 1
| #define HAVE_FREAD_UNLOCKED 1
| #define HAVE_FWRITE_UNLOCKED 1
| #define HAVE_GETCHAR_UNLOCKED 1
| #define HAVE_GETC_UNLOCKED 1
| #define HAVE_PUTCHAR_UNLOCKED 1
| #define HAVE_PUTC_UNLOCKED 1
| #define HAVE_ELF_GETSHDRSTRNDX 1
| #define HAVE_WORKING_MBSTOWCS 1
| #define HAVE_MMAP_FILE 1
| #define HAVE_MMAP_DEV_ZERO 1
| #define HAVE_MMAP_ANON 1
| #define HAVE_FORK 1
| #define HAVE_VFORK 1
| #define HAVE_WORKING_VFORK 1
| #define HAVE_WORKING_FORK 1
| #define HAVE_ICONV 1
| #define ICONV_CONST 
| #define HAVE_LC_MESSAGES 1
| #define HAVE_LANGINFO_CODESET 1
| #define HAVE_DECL_GETENV 1
| #define HAVE_DECL_ATOL 1
| #define HAVE_DECL_ASPRINTF 1
| #define HAVE_DECL_SBRK 1
| #define HAVE_DECL_ABORT 1
| #define HAVE_DECL_ATOF 1
| #define HAVE_DECL_GETCWD 1
| #define HAVE_DECL_GETWD 1
| #define HAVE_DECL_STRSIGNAL 1
| #define HAVE_DECL_STRSTR 1
| #define HAVE_DECL_STRVERSCMP 1
| #define HAVE_DECL_ERRNO 1
| #define HAVE_DECL_SNPRINTF 1
| #define HAVE_DECL_VSNPRINTF 1
| #define HAVE_DECL_VASPRINTF 1
| #define HAVE_DECL_MALLOC 1
| #define HAVE_DECL_REALLOC 1
| #define HAVE_DECL_CALLOC 1
| #define HAVE_DECL_FREE 1
| #define HAVE_DECL_BASENAME 1
| #define HAVE_DECL_GETOPT 0
| #define HAVE_DECL_CLOCK 1
| #define HAVE_DECL_GETPAGESIZE 1
| #define HAVE_DECL_CLEARERR_UNLOCKED 1
| #define HAVE_DECL_FEOF_UNLOCKED 1
| #define HAVE_DECL_FERROR_UNLOCKED 1
| #define HAVE_DECL_FFLUSH_UNLOCKED 1
| #define HAVE_DECL_FGETC_UNLOCKED 1
| #define HAVE_DECL_FGETS_UNLOCKED 1
| #define HAVE_DECL_FILENO_UNLOCKED 1
| #define HAVE_DECL_FPRINTF_UNLOCKED 0
| #define HAVE_DECL_FPUTC_UNLOCKED 1
| #define HAVE_DECL_FPUTS_UNLOCKED 1
| #define HAVE_DECL_FREAD_UNLOCKED 1
| #define HAVE_DECL_FWRITE_UNLOCKED 1
| #define HAVE_DECL_GETCHAR_UNLOCKED 1
| #define HAVE_DECL_GETC_UNLOCKED 1
| #define HAVE_DECL_PUTCHAR_UNLOCKED 1
| #define HAVE_DECL_PUTC_UNLOCKED 1
| #define HAVE_DECL_GETRLIMIT 1
| #define HAVE_DECL_SETRLIMIT 1
| #define HAVE_DECL_GETRUSAGE 1
| #define HAVE_DECL_LDGETNAME 0
| #define HAVE_DECL_TIMES 1
| #define HAVE_DECL_SIGALTSTACK 1
| #define HAVE_STRUCT_TMS 1
| #define HAVE_CLOCK_T 1
| #define HAVE_INITFINI_ARRAY 1
| #define HAVE_GETIPINFO 1
| #define NEED_64BIT_HOST_WIDE_INT 1
| #define DEFAULT_USE_CXA_ATEXIT 2
| #define EXTRA_MODES_FILE "config/sparc/sparc-modes.def"
| #define HAVE_DLFCN_H 1
| #define LT_OBJDIR ".libs/"
| /* end confdefs.h.  */
| #include <ac_nonexistent.h>
configure:17710: checking for ld used by g++
configure:17777: result: ld -m elf_x86_64
configure:17784: checking if the linker (ld -m elf_x86_64) is GNU ld
configure:17799: result: yes
configure:17854: checking whether the g++ linker (ld -m elf_x86_64) supports shared libraries
configure:18786: result: yes
configure:18814: g++ -c -g -O2  conftest.cpp >&5
configure:18817: $? = 0
configure:18999: checking for g++ option to produce PIC
configure:19321: result: -fPIC -DPIC
configure:19330: checking if g++ PIC flag -fPIC -DPIC works
configure:19365: result: yes
configure:19386: checking if g++ static flag -static works
configure:19414: result: yes
configure:19426: checking if g++ supports -c -o file.o
configure:19473: result: yes
configure:19478: checking if g++ supports -c -o file.o
configure:19525: result: yes
configure:19555: checking whether the g++ linker (ld -m elf_x86_64) supports shared libraries
configure:19583: result: yes
configure:19726: checking dynamic linker characteristics
configure:20337: result: GNU/Linux ld.so
configure:20390: checking how to hardcode library paths into programs
configure:20415: result: immediate
configure:20552: checking what assembler to use
configure:20589: result: /home/att14/ultraxomb/local/sparc64-sun-xomb/bin/as
configure:20691: checking what linker to use
configure:20716: result: /home/att14/ultraxomb/local/sparc64-sun-xomb/bin/ld
configure:20779: checking what nm to use
configure:20787: result: /home/att14/ultraxomb/local/sparc64-sun-xomb/bin/nm
configure:20859: checking what objdump to use
configure:20869: result: /home/att14/ultraxomb/local/sparc64-sun-xomb/bin/objdump
configure:20929: checking what readelf to use
configure:20939: result: /usr/bin/readelf
configure:20944: checking assembler flags
configure:20958: result:  
configure:20961: checking assembler for .balign and .p2align
configure:20989: result: yes
configure:20997: checking assembler for .p2align with maximum skip
configure:21024: result: yes
configure:21032: checking assembler for .literal16
configure:21059: result: no
configure:21067: checking assembler for working .subsection -1
configure:21106: result: yes
configure:21114: checking assembler for .weak
configure:21141: result: yes
configure:21149: checking assembler for .weakref
configure:21176: result: yes
configure:21184: checking assembler for .nsubspa comdat
configure:21212: result: no
configure:21227: checking assembler for .hidden
configure:21284: result: yes
configure:21321: checking linker for .hidden support
configure:21370: result: yes
configure:21382: checking linker read-only and read-write section mixing
configure:21418: result: unknown
configure:21422: checking assembler for .sleb128 and .uleb128
configure:21470: result: yes
configure:21479: checking assembler for cfi directives
configure:21548: result: yes
configure:21552: checking assembler for working cfi advance
configure:21585: result: yes
configure:21599: checking assembler for cfi personality directive
configure:21625: result: yes
configure:21635: checking assembler for cfi sections directive
configure:21661: result: yes
configure:21673: checking assembler for eh_frame optimization
configure:21764: result: yes
configure:21774: checking assembler for section merging support
configure:21802: result: yes
configure:21844: checking assembler for COMDAT group support
configure:21872: result: yes
configure:21965: checking assembler for line table discriminator support
configure:21994: result: yes
configure:22409: checking assembler for thread-local storage support
configure:22436: result: yes
configure:22462: checking linker -Bstatic/-Bdynamic option
configure:22481: result: yes
configure:22633: checking assembler for .register
configure:22656: result: yes
configure:22664: checking assembler for -relax option
configure:22687: result: yes
configure:22695: checking assembler for GOTDATA_OP relocs
configure:22739: result: no
configure:22747: checking assembler for unaligned pcrel relocs
configure:22780: result: no
configure:22839: checking assembler for offsetable %lo()
configure:22868: result: yes
configure:24318: checking assembler for dwarf2 debug_line support
configure:24350: result: yes
configure:24358: checking assembler for buggy dwarf2 .file directive
configure:24382: result: no
configure:24393: checking assembler for --gdwarf2 option
configure:24421: result: yes
configure:24429: checking assembler for --gstabs option
configure:24468: result: yes
configure:24476: checking assembler for --debug-prefix-map option
configure:24503: result: yes
configure:24512: checking assembler for .lcomm with alignment
configure:24535: result: no
configure:24551: checking assembler for gnu_unique_object
configure:24579: result: yes
configure:24601: checking assembler for tolerance to line number 0
configure:24631: result: yes
configure:24639: checking linker PT_GNU_EH_FRAME support
configure:24659: result: no
configure:24662: checking linker position independent executable support
configure:24681: result: yes
configure:24684: checking linker EH-compatible garbage collection of sections
configure:24764: result: yes
configure:24771: checking linker --as-needed support
configure:24790: result: yes
configure:24846: checking linker --build-id support
configure:24865: result: no
configure:24894: checking linker *_sol2 emulation support
configure:24914: result: no
configure:24922: checking linker --sysroot support
configure:24938: result: yes
configure:24957: checking __stack_chk_fail in target C library
configure:25020: result: no
configure:25118: checking whether to enable maintainer-specific portions of Makefiles
configure:25128: result: no
configure:25493: checking for exported symbols
configure:25503: result: yes
configure:25505: checking for -rdynamic
configure:25515: result: yes
configure:25525: checking for library containing dlopen
configure:25573: result: -ldl
configure:25596: checking for -fPIC -shared
configure:25609: gcc -o conftest -g     -fPIC -shared conftest.c  >&5
configure:25609: $? = 0
configure:25610: result: yes
configure:25755: creating ./config.status

## ---------------------- ##
## Running config.status. ##
## ---------------------- ##

This file was extended by config.status, which was
generated by GNU Autoconf 2.64.  Invocation command line was

  CONFIG_FILES    = 
  CONFIG_HEADERS  = 
  CONFIG_LINKS    = 
  CONFIG_COMMANDS = 
  $ ./config.status 

on deadreckoning

config.status:1235: creating as
config.status:1235: creating collect-ld
config.status:1235: creating nm
config.status:1235: creating Makefile
config.status:1235: creating gccbug
config.status:1235: creating auto-host.h
config.status:1394: auto-host.h is unchanged
config.status:1408: executing default commands

## ---------------- ##
## Cache variables. ##
## ---------------- ##

ac_cv_build=x86_64-unknown-linux-gnu
ac_cv_c_bigendian=no
ac_cv_c_compiler_gnu=yes
ac_cv_c_inline=inline
ac_cv_c_int16_t=yes
ac_cv_c_int32_t=yes
ac_cv_c_int64_t=yes
ac_cv_c_int8_t=yes
ac_cv_c_uint16_t=yes
ac_cv_c_uint32_t=yes
ac_cv_c_uint64_t=yes
ac_cv_c_uint8_t=yes
ac_cv_cxx_compiler_gnu=yes
ac_cv_env_CCC_set=
ac_cv_env_CCC_value=
ac_cv_env_CC_set=set
ac_cv_env_CC_value=gcc
ac_cv_env_CFLAGS_set=set
ac_cv_env_CFLAGS_value='-g -O2'
ac_cv_env_CLOOGINC_set=set
ac_cv_env_CLOOGINC_value=
ac_cv_env_CLOOGLIBS_set=set
ac_cv_env_CLOOGLIBS_value=
ac_cv_env_CPPFLAGS_set=
ac_cv_env_CPPFLAGS_value=
ac_cv_env_CPP_set=
ac_cv_env_CPP_value=
ac_cv_env_CXXCPP_set=
ac_cv_env_CXXCPP_value=
ac_cv_env_CXXFLAGS_set=set
ac_cv_env_CXXFLAGS_value='-g -O2'
ac_cv_env_CXX_set=set
ac_cv_env_CXX_value=g++
ac_cv_env_GMPINC_set=set
ac_cv_env_GMPINC_value='-I/home/att14/ultraxomb/local/include -I/home/att14/ultraxomb/local/include -I/home/att14/ultraxomb/local/include '
ac_cv_env_GMPLIBS_set=set
ac_cv_env_GMPLIBS_value='-L/home/att14/ultraxomb/local/lib -L/home/att14/ultraxomb/local/lib -L/home/att14/ultraxomb/local/lib -lmpc -lmpfr -lgmp'
ac_cv_env_LDFLAGS_set=set
ac_cv_env_LDFLAGS_value=' '
ac_cv_env_LIBELFINC_set=set
ac_cv_env_LIBELFINC_value=-I/usr/include/libelf
ac_cv_env_LIBELFLIBS_set=set
ac_cv_env_LIBELFLIBS_value=-lelf
ac_cv_env_LIBS_set=
ac_cv_env_LIBS_value=
ac_cv_env_PPLINC_set=set
ac_cv_env_PPLINC_value=
ac_cv_env_PPLLIBS_set=set
ac_cv_env_PPLLIBS_value='-lppl_c -lppl -lgmpxx'
ac_cv_env_build_alias_set=set
ac_cv_env_build_alias_value=x86_64-unknown-linux-gnu
ac_cv_env_host_alias_set=set
ac_cv_env_host_alias_value=x86_64-unknown-linux-gnu
ac_cv_env_target_alias_set=set
ac_cv_env_target_alias_value=sparc64-sun-xomb
ac_cv_func_atoll=yes
ac_cv_func_atoq=no
ac_cv_func_clearerr_unlocked=yes
ac_cv_func_clock=yes
ac_cv_func_elf_getshdrstrndx=yes
ac_cv_func_feof_unlocked=yes
ac_cv_func_ferror_unlocked=yes
ac_cv_func_fflush_unlocked=yes
ac_cv_func_fgetc_unlocked=yes
ac_cv_func_fgets_unlocked=yes
ac_cv_func_fileno_unlocked=yes
ac_cv_func_fork=yes
ac_cv_func_fork_works=yes
ac_cv_func_fprintf_unlocked=no
ac_cv_func_fputc_unlocked=yes
ac_cv_func_fputs_unlocked=yes
ac_cv_func_fread_unlocked=yes
ac_cv_func_fwrite_unlocked=yes
ac_cv_func_getc_unlocked=yes
ac_cv_func_getchar_unlocked=yes
ac_cv_func_getrlimit=yes
ac_cv_func_getrusage=yes
ac_cv_func_gettimeofday=yes
ac_cv_func_kill=yes
ac_cv_func_mbstowcs=yes
ac_cv_func_mincore=yes
ac_cv_func_mmap=yes
ac_cv_func_nl_langinfo=yes
ac_cv_func_putc_unlocked=yes
ac_cv_func_putchar_unlocked=yes
ac_cv_func_setlocale=yes
ac_cv_func_setrlimit=yes
ac_cv_func_strsignal=yes
ac_cv_func_sysconf=yes
ac_cv_func_times=yes
ac_cv_func_vfork=yes
ac_cv_func_vfork_works=yes
ac_cv_func_wcswidth=yes
ac_cv_header_direct_h=no
ac_cv_header_dlfcn_h=yes
ac_cv_header_fcntl_h=yes
ac_cv_header_iconv_h=yes
ac_cv_header_inttypes_h=yes
ac_cv_header_langinfo_h=yes
ac_cv_header_ldfcn_h=no
ac_cv_header_limits_h=yes
ac_cv_header_locale_h=yes
ac_cv_header_malloc_h=yes
ac_cv_header_memory_h=yes
ac_cv_header_minix_config_h=no
ac_cv_header_pthread_h=yes
ac_cv_header_stdc=yes
ac_cv_header_stddef_h=yes
ac_cv_header_stdint_h=yes
ac_cv_header_stdlib_h=yes
ac_cv_header_string_h=yes
ac_cv_header_strings_h=yes
ac_cv_header_sys_file_h=yes
ac_cv_header_sys_mman_h=yes
ac_cv_header_sys_param_h=yes
ac_cv_header_sys_resource_h=yes
ac_cv_header_sys_stat_h=yes
ac_cv_header_sys_time_h=yes
ac_cv_header_sys_times_h=yes
ac_cv_header_sys_types_h=yes
ac_cv_header_sys_wait_h=yes
ac_cv_header_thread_h=no
ac_cv_header_time=yes
ac_cv_header_time_h=yes
ac_cv_header_unistd_h=yes
ac_cv_header_valgrind_h=no
ac_cv_header_vfork_h=no
ac_cv_header_wchar_h=yes
ac_cv_host=x86_64-unknown-linux-gnu
ac_cv_objext=o
ac_cv_path_EGREP='/bin/grep -E'
ac_cv_path_FGREP='/bin/grep -F'
ac_cv_path_GREP=/bin/grep
ac_cv_path_SED=/bin/sed
ac_cv_path_gcc_cv_readelf=/usr/bin/readelf
ac_cv_path_install='/bin/install -c'
ac_cv_prog_AR=ar
ac_cv_prog_AWK=gawk
ac_cv_prog_BISON=bison
ac_cv_prog_CC=gcc
ac_cv_prog_CPP='gcc -E'
ac_cv_prog_CXXCPP='g++ -E'
ac_cv_prog_FLEX=flex
ac_cv_prog_MAKEINFO=makeinfo
ac_cv_prog_NM=nm
ac_cv_prog_OBJDUMP=objdump
ac_cv_prog_RANLIB=ranlib
ac_cv_prog_ac_ct_STRIP=strip
ac_cv_prog_cc_c89=
ac_cv_prog_cc_g=yes
ac_cv_prog_cc_gcc_c_o=yes
ac_cv_prog_cxx_g=yes
ac_cv_prog_have_mktemp_command=yes
ac_cv_prog_make_make_set=yes
ac_cv_safe_to_define___extensions__=yes
ac_cv_search_dlopen=-ldl
ac_cv_search_exc_resume=no
ac_cv_search_ldexp='none required'
ac_cv_sizeof_int=4
ac_cv_sizeof_long=8
ac_cv_sizeof_long_long=8
ac_cv_sizeof_short=2
ac_cv_sizeof_void_p=8
ac_cv_struct_tms=yes
ac_cv_target=sparc64-sun-xomb
ac_cv_type___int64=no
ac_cv_type_caddr_t=yes
ac_cv_type_intmax_t=yes
ac_cv_type_intptr_t=yes
ac_cv_type_long_long=yes
ac_cv_type_long_long_int=yes
ac_cv_type_pid_t=yes
ac_cv_type_ssize_t=yes
ac_cv_type_uintmax_t=yes
ac_cv_type_uintptr_t=yes
ac_cv_type_unsigned_long_long_int=yes
acl_cv_hardcode_direct=no
acl_cv_hardcode_libdir_flag_spec='${wl}-rpath ${wl}$libdir'
acl_cv_hardcode_libdir_separator=
acl_cv_hardcode_minus_L=no
acl_cv_libext=a
acl_cv_path_LD=ld
acl_cv_prog_gnu_ld=yes
acl_cv_rpath=done
acl_cv_shlibext=so
acl_cv_wl=-Wl,
acx_cv_cc_gcc_supports_ada=no
acx_cv_prog_LN=ln
acx_cv_prog_cc_pedantic__Wno_long_long__Wno_variadic_macros__Wno_overlength_strings=yes
acx_cv_prog_cc_warning__W=yes
acx_cv_prog_cc_warning__Wall=yes
acx_cv_prog_cc_warning__Wcast_qual=yes
acx_cv_prog_cc_warning__Wcpp_compat=yes
acx_cv_prog_cc_warning__Wmissing_format_attribute=yes
acx_cv_prog_cc_warning__Wmissing_prototypes=yes
acx_cv_prog_cc_warning__Wold_style_definition=yes
acx_cv_prog_cc_warning__Wstrict_prototypes=yes
acx_cv_prog_cc_warning__Wwrite_strings=yes
am_cv_func_iconv=yes
am_cv_langinfo_codeset=yes
am_cv_lib_iconv=no
am_cv_proto_iconv='extern size_t iconv (iconv_t cd, char * *inbuf, size_t *inbytesleft, char * *outbuf, size_t *outbytesleft);'
am_cv_proto_iconv_arg1=
am_cv_val_LC_MESSAGES=yes
gcc_cv_as=/home/att14/ultraxomb/local/sparc64-sun-xomb/bin/as
gcc_cv_as_balign_and_p2align=yes
gcc_cv_as_cfi_advance_working=yes
gcc_cv_as_cfi_directive=yes
gcc_cv_as_cfi_personality_directive=yes
gcc_cv_as_cfi_sections_directive=yes
gcc_cv_as_comdat_group=yes
gcc_cv_as_comdat_group_percent=no
gcc_cv_as_debug_prefix_map_flag=yes
gcc_cv_as_discriminator=yes
gcc_cv_as_dwarf2_debug_line=yes
gcc_cv_as_dwarf2_file_buggy=no
gcc_cv_as_eh_frame=yes
gcc_cv_as_flags=' '
gcc_cv_as_gas_srcdir=../../gcc-4.5.3/gas
gcc_cv_as_gdwarf2_flag=yes
gcc_cv_as_gnu_unique_object=yes
gcc_cv_as_gstabs_flag=yes
gcc_cv_as_hidden=yes
gcc_cv_as_lcomm_with_alignment=no
gcc_cv_as_leb128=yes
gcc_cv_as_line_zero=yes
gcc_cv_as_literal16=no
gcc_cv_as_max_skip_p2align=yes
gcc_cv_as_nsubspa_comdat=no
gcc_cv_as_shf_merge=yes
gcc_cv_as_sparc_gotdata_op=no
gcc_cv_as_sparc_offsetable_lo10=yes
gcc_cv_as_sparc_register_op=yes
gcc_cv_as_sparc_relax=yes
gcc_cv_as_sparc_ua_pcrel=no
gcc_cv_as_subsection_m1=yes
gcc_cv_as_tls=yes
gcc_cv_as_weak=yes
gcc_cv_as_weakref=yes
gcc_cv_binutils_srcdir=../../gcc-4.5.3/binutils
gcc_cv_collect2_libs='none required'
gcc_cv_decl_char_bit=yes
gcc_cv_decl_map_anon=yes
gcc_cv_func_mbstowcs_works=yes
gcc_cv_func_mmap_anon=yes
gcc_cv_func_mmap_dev_zero=yes
gcc_cv_func_mmap_file=yes
gcc_cv_gas_major_version=
gcc_cv_gas_minor_version=
gcc_cv_gld_major_version=
gcc_cv_gld_minor_version=
gcc_cv_have_decl_abort=yes
gcc_cv_have_decl_asprintf=yes
gcc_cv_have_decl_atof=yes
gcc_cv_have_decl_atol=yes
gcc_cv_have_decl_basename=yes
gcc_cv_have_decl_calloc=yes
gcc_cv_have_decl_clearerr_unlocked=yes
gcc_cv_have_decl_clock=yes
gcc_cv_have_decl_errno=yes
gcc_cv_have_decl_feof_unlocked=yes
gcc_cv_have_decl_ferror_unlocked=yes
gcc_cv_have_decl_fflush_unlocked=yes
gcc_cv_have_decl_fgetc_unlocked=yes
gcc_cv_have_decl_fgets_unlocked=yes
gcc_cv_have_decl_fileno_unlocked=yes
gcc_cv_have_decl_fprintf_unlocked=no
gcc_cv_have_decl_fputc_unlocked=yes
gcc_cv_have_decl_fputs_unlocked=yes
gcc_cv_have_decl_fread_unlocked=yes
gcc_cv_have_decl_free=yes
gcc_cv_have_decl_fwrite_unlocked=yes
gcc_cv_have_decl_getc_unlocked=yes
gcc_cv_have_decl_getchar_unlocked=yes
gcc_cv_have_decl_getcwd=yes
gcc_cv_have_decl_getenv=yes
gcc_cv_have_decl_getopt=no
gcc_cv_have_decl_getpagesize=yes
gcc_cv_have_decl_getrlimit=yes
gcc_cv_have_decl_getrusage=yes
gcc_cv_have_decl_getwd=yes
gcc_cv_have_decl_ldgetname=no
gcc_cv_have_decl_malloc=yes
gcc_cv_have_decl_putc_unlocked=yes
gcc_cv_have_decl_putchar_unlocked=yes
gcc_cv_have_decl_realloc=yes
gcc_cv_have_decl_sbrk=yes
gcc_cv_have_decl_setrlimit=yes
gcc_cv_have_decl_sigaltstack=yes
gcc_cv_have_decl_snprintf=yes
gcc_cv_have_decl_strsignal=yes
gcc_cv_have_decl_strstr=yes
gcc_cv_have_decl_strverscmp=yes
gcc_cv_have_decl_times=yes
gcc_cv_have_decl_vasprintf=yes
gcc_cv_have_decl_vsnprintf=yes
gcc_cv_header_inttypes_h=yes
gcc_cv_header_string=yes
gcc_cv_initfini_array=yes
gcc_cv_ld=/home/att14/ultraxomb/local/sparc64-sun-xomb/bin/ld
gcc_cv_ld_as_needed=yes
gcc_cv_ld_bfd_srcdir=../../gcc-4.5.3/bfd
gcc_cv_ld_buildid=no
gcc_cv_ld_eh_frame_hdr=no
gcc_cv_ld_eh_gc_sections=yes
gcc_cv_ld_gld_srcdir=../../gcc-4.5.3/ld
gcc_cv_ld_hidden=yes
gcc_cv_ld_pie=yes
gcc_cv_ld_ro_rw_mix=unknown
gcc_cv_ld_sol2_emulation=no
gcc_cv_ld_static_dynamic=yes
gcc_cv_ld_sysroot=yes
gcc_cv_libc_provides_ssp=no
gcc_cv_mkdir_takes_one_arg=no
gcc_cv_nm=/home/att14/ultraxomb/local/sparc64-sun-xomb/bin/nm
gcc_cv_objdump=/home/att14/ultraxomb/local/sparc64-sun-xomb/bin/objdump
gcc_cv_prog_LN_S='ln -s'
gcc_cv_prog_cmp_skip=gnucompare
gcc_cv_prog_makeinfo_modern=yes
gcc_cv_readelf=/usr/bin/readelf
gcc_cv_type_clock_t=yes
lt_cv_archive_cmds_need_lc=no
lt_cv_deplibs_check_method=pass_all
lt_cv_file_magic_cmd='$MAGIC_CMD'
lt_cv_file_magic_test_file=
lt_cv_ld_reload_flag=-r
lt_cv_nm_interface='BSD nm'
lt_cv_objdir=.libs
lt_cv_path_LD=ld
lt_cv_path_LDCXX='ld -m elf_x86_64'
lt_cv_path_NM=nm
lt_cv_prog_compiler_c_o=yes
lt_cv_prog_compiler_c_o_CXX=yes
lt_cv_prog_compiler_pic_works=yes
lt_cv_prog_compiler_pic_works_CXX=yes
lt_cv_prog_compiler_rtti_exceptions=no
lt_cv_prog_compiler_static_works=yes
lt_cv_prog_compiler_static_works_CXX=yes
lt_cv_prog_gnu_ld=yes
lt_cv_prog_gnu_ldcxx=yes
lt_cv_shlibpath_overrides_runpath=no
lt_cv_sys_global_symbol_pipe='sed -n -e '\''s/^.*[	 ]\([ABCDGIRSTW][ABCDGIRSTW]*\)[	 ][	 ]*\([_A-Za-z][_A-Za-z0-9]*\)$/\1 \2 \2/p'\'''
lt_cv_sys_global_symbol_to_c_name_address='sed -n -e '\''s/^: \([^ ]*\) $/  {\"\1\", (void *) 0},/p'\'' -e '\''s/^[ABCDGIRSTW]* \([^ ]*\) \([^ ]*\)$/  {"\2", (void *) \&\2},/p'\'''
lt_cv_sys_global_symbol_to_c_name_address_lib_prefix='sed -n -e '\''s/^: \([^ ]*\) $/  {\"\1\", (void *) 0},/p'\'' -e '\''s/^[ABCDGIRSTW]* \([^ ]*\) \(lib[^ ]*\)$/  {"\2", (void *) \&\2},/p'\'' -e '\''s/^[ABCDGIRSTW]* \([^ ]*\) \([^ ]*\)$/  {"lib\2", (void *) \&\2},/p'\'''
lt_cv_sys_global_symbol_to_cdecl='sed -n -e '\''s/^T .* \(.*\)$/extern int \1();/p'\'' -e '\''s/^[ABCDGIRSTW]* .* \(.*\)$/extern char \1;/p'\'''
lt_cv_sys_max_cmd_len=1572864

## ----------------- ##
## Output variables. ##
## ----------------- ##

ALL='all.cross'
AR='ar'
AWK='gawk'
BISON='bison'
BUILD_CFLAGS='$(ALL_CFLAGS)'
BUILD_INFO='info'
BUILD_LDFLAGS='$(LDFLAGS)'
CATALOGS=''
CATOBJEXT=''
CC='gcc'
CC_FOR_BUILD='$(CC)'
CFLAGS='-g '
CLOOGINC=''
CLOOGLIBS=''
COLLECT2_LIBS=''
CONFIGURE_SPECS=''
CPP='gcc -E'
CPPFLAGS=''
CROSS='-DCROSS_DIRECTORY_STRUCTURE'
CROSS_SYSTEM_HEADER_DIR='$(gcc_tooldir)/sys-include'
CXX='g++'
CXXCPP='g++ -E'
CXXFLAGS='-g -O2'
DATADIRNAME=''
DEFS='-DHAVE_CONFIG_H'
DSYMUTIL=''
DUMPBIN=''
ECHO_C=''
ECHO_N='-n'
ECHO_T=''
EGREP='/bin/grep -E'
ENABLE_BUILD_WITH_CXX='no'
EXEEXT=''
FGREP='/bin/grep -F'
FLEX='flex'
GENCAT=''
GENERATED_MANPAGES='generated-manpages'
GENINSRC='#'
GGC='ggc-page'
GMPINC='-I/home/att14/ultraxomb/local/include -I/home/att14/ultraxomb/local/include -I/home/att14/ultraxomb/local/include '
GMPLIBS='-L/home/att14/ultraxomb/local/lib -L/home/att14/ultraxomb/local/lib -L/home/att14/ultraxomb/local/lib -lmpc -lmpfr -lgmp'
GMSGFMT='/usr/bin/msgfmt'
GNATBIND='no'
GNATMAKE='no'
GNAT_LIBEXC=''
GREP='/bin/grep'
HOST_LIBS=''
INCINTL=''
INSTALL='/bin/install -c'
INSTALL_DATA='${INSTALL} -m 644'
INSTALL_PROGRAM='${INSTALL}'
INSTOBJEXT=''
LD='ld -m elf_x86_64'
LDEXP_LIB=''
LDFLAGS=' '
LIBELFINC='-I/usr/include/libelf'
LIBELFLIBS='-lelf'
LIBICONV=''
LIBICONV_DEP=''
LIBINTL=''
LIBINTL_DEP=''
LIBOBJS=''
LIBS=''
LIBTOOL='$(SHELL) $(top_builddir)/libtool'
LIPO=''
LN='ln'
LN_S='ln -s'
LTLIBICONV=''
LTLIBOBJS=''
LTO_BINARY_READER='lto-elf'
LTO_USE_LIBELF='-lelf'
MAINT='#'
MAKEINFO='makeinfo'
NM='nm'
NMEDIT=''
NO_MINUS_C_MINUS_O=''
OBJDUMP='objdump'
OBJEXT='o'
ORIGINAL_AS_FOR_TARGET='/home/att14/ultraxomb/local/sparc64-sun-xomb/bin/as'
ORIGINAL_LD_FOR_TARGET='/home/att14/ultraxomb/local/sparc64-sun-xomb/bin/ld'
ORIGINAL_NM_FOR_TARGET='/home/att14/ultraxomb/local/sparc64-sun-xomb/bin/nm'
ORIGINAL_PLUGIN_LD_FOR_TARGET='/home/att14/ultraxomb/local/sparc64-sun-xomb/bin/ld'
OTOOL64=''
OTOOL=''
OUTPUT_OPTION='-o $@'
PACKAGE_BUGREPORT=''
PACKAGE_NAME=''
PACKAGE_STRING=''
PACKAGE_TARNAME=''
PACKAGE_URL=''
PACKAGE_VERSION=''
PATH_SEPARATOR=':'
PKGVERSION='(GCC) '
POSUB=''
PPLINC=''
PPLLIBS='-lppl_c -lppl -lgmpxx'
RANLIB='ranlib'
REPORT_BUGS_TEXI='@uref{http://gcc.gnu.org/bugs.html}'
REPORT_BUGS_TO='<http://gcc.gnu.org/bugs.html>'
SED='/bin/sed'
SET_MAKE=''
SHELL='/bin/sh'
STMP_FIXINC='stmp-fixinc'
STRIP='strip'
SYSTEM_HEADER_DIR='$(CROSS_SYSTEM_HEADER_DIR)'
TARGET_SYSTEM_ROOT=''
TARGET_SYSTEM_ROOT_DEFINE=''
TM_ENDIAN_CONFIG=''
TM_MULTILIB_CONFIG=''
TM_MULTILIB_EXCEPTIONS_CONFIG=''
TREEBROWSER=''
USE_NLS='no'
XGETTEXT='/usr/bin/xgettext'
ac_ct_CC=''
ac_ct_CXX=''
ac_ct_DUMPBIN=''
all_compilers=' cc1plus$(exeext) cc1d$(exeext) f951$(exeext) lto1$(exeext)'
all_gtfiles=' [cp] $(srcdir)/cp/rtti.c $(srcdir)/cp/mangle.c $(srcdir)/cp/name-lookup.h $(srcdir)/cp/name-lookup.c $(srcdir)/cp/cp-tree.h $(srcdir)/cp/decl.h $(srcdir)/cp/call.c $(srcdir)/cp/decl.c $(srcdir)/cp/decl2.c $(srcdir)/cp/pt.c $(srcdir)/cp/repo.c $(srcdir)/cp/semantics.c $(srcdir)/cp/tree.c $(srcdir)/cp/parser.c $(srcdir)/cp/method.c $(srcdir)/cp/typeck2.c $(srcdir)/c-common.c $(srcdir)/c-common.h $(srcdir)/c-lex.c $(srcdir)/c-pragma.h $(srcdir)/c-pragma.c $(srcdir)/cp/class.c $(srcdir)/cp/cp-objcp-common.c $(srcdir)/cp/cp-lang.c [d] $(srcdir)/d/d-lang-45.h $(srcdir)/d/d-lang-type-45.h $(srcdir)/d/d-builtins.c [fortran] $(srcdir)/fortran/f95-lang.c $(srcdir)/fortran/trans-decl.c $(srcdir)/fortran/trans-intrinsic.c $(srcdir)/fortran/trans-io.c $(srcdir)/fortran/trans-types.c $(srcdir)/fortran/trans-types.h $(srcdir)/fortran/trans.h $(srcdir)/fortran/trans-const.h [lto] $(srcdir)/lto/lto-tree.h $(srcdir)/lto/lto-lang.c $(srcdir)/lto/lto.c [c] $(srcdir)/c-lang.c $(srcdir)/c-tree.h $(srcdir)/c-decl.c $(srcdir)/c-common.c $(srcdir)/c-common.h $(srcdir)/c-pragma.h $(srcdir)/c-pragma.c $(srcdir)/c-objc-common.c $(srcdir)/c-parser.c $(srcdir)/c-lang.h'
all_lang_makefiles=''
all_lang_makefrags=' $(srcdir)/cp/Make-lang.in $(srcdir)/d/Make-lang.in $(srcdir)/fortran/Make-lang.in $(srcdir)/lto/Make-lang.in'
all_languages=' c++ d fortran lto'
all_selected_languages=' d lto'
bindir='${exec_prefix}/bin'
build='x86_64-unknown-linux-gnu'
build_alias='x86_64-unknown-linux-gnu'
build_cpu='x86_64'
build_exeext=''
build_file_translate=''
build_install_headers_dir='install-headers-tar'
build_libsubdir='build-x86_64-unknown-linux-gnu'
build_os='linux-gnu'
build_subdir='build-x86_64-unknown-linux-gnu'
build_vendor='unknown'
build_xm_defines=''
build_xm_file_list=' auto-host.h $(srcdir)/../include/ansidecl.h'
build_xm_include_list=' auto-host.h ansidecl.h'
c_loose_warn='-Wstrict-prototypes -Wmissing-prototypes'
c_strict_warn='-Wold-style-definition -Wc++-compat'
c_target_objs=''
check_languages=' check-d check-lto'
collect2='collect2$(exeext)'
coverage_flags=''
cpp_install_dir=''
cxx_target_objs=''
datadir='${datarootdir}'
datarootdir='${prefix}/share'
docdir='${datarootdir}/doc/${PACKAGE}'
dollar=''
dvidir='${docdir}'
enable_decimal_float='dpd'
enable_fast_install='yes'
enable_fixed_point='no'
enable_lto='yes'
enable_multilib='yes'
enable_plugin='yes'
enable_shared='yes'
exec_prefix='${prefix}'
extra_gcc_objs=' '
extra_headers_list=' $(srcdir)/ginclude/tgmath.h'
extra_modes_file='$(srcdir)/config/sparc/sparc-modes.def'
extra_objs=' '
extra_opt_files=' $(srcdir)/config/sparc/sparc.opt $(srcdir)/config/sparc/little-endian.opt'
extra_parts='crtbegin.o crtend.o'
extra_passes=''
extra_programs=''
float_h_file=''
fortran_target_objs=''
gcc_config_arguments='../gcc-4.5.3/configure --target=sparc64-sun-xomb --prefix=/home/att14/ultraxomb/local --enable-languages=c,c++ --disable-libssp --with-gmp=/home/att14/ultraxomb/local --with-mpfr=/home/att14/ultraxomb/local --with-mpc=/home/att14/ultraxomb/local --without-headers --disable-nls --with-newlib : (reconfigured) ../gcc-4.5.3/configure --target=sparc64-sun-xomb --prefix=/home/att14/ultraxomb/local --enable-languages=d --disable-libssp --with-gmp=/home/att14/ultraxomb/local --with-mpfr=/home/att14/ultraxomb/local --with-mpc=/home/att14/ultraxomb/local --without-headers --disable-nls --with-newlib'
gcc_cv_as='/home/att14/ultraxomb/local/sparc64-sun-xomb/bin/as'
gcc_cv_ld='/home/att14/ultraxomb/local/sparc64-sun-xomb/bin/ld'
gcc_cv_nm='/home/att14/ultraxomb/local/sparc64-sun-xomb/bin/nm'
gcc_cv_objdump='/home/att14/ultraxomb/local/sparc64-sun-xomb/bin/objdump'
gcc_cv_readelf='/usr/bin/readelf'
gcc_gxx_include_dir='$(libsubdir)/$(libsubdir_to_prefix)sparc64-sun-xomb/include/c++/$(version)'
gcc_tooldir='$(libsubdir)/$(libsubdir_to_prefix)$(target_noncanonical)'
gthread_flags=''
have_mktemp_command='yes'
host='x86_64-unknown-linux-gnu'
host_alias='x86_64-unknown-linux-gnu'
host_cpu='x86_64'
host_exeext=''
host_os='linux-gnu'
host_subdir='.'
host_vendor='unknown'
host_xm_defines=''
host_xm_file_list=' auto-host.h $(srcdir)/../include/ansidecl.h'
host_xm_include_list=' auto-host.h ansidecl.h'
htmldir='${docdir}'
includedir='${prefix}/include'
infodir='${datarootdir}/info'
inhibit_libc='true'
install=''
lang_opt_files=' ../../gcc-4.5.3/gcc/d/lang.opt ../../gcc-4.5.3/gcc/fortran/lang.opt ../../gcc-4.5.3/gcc/lto/lang.opt'
lang_specs_files=' ../../gcc-4.5.3/gcc/d/lang-specs.h ../../gcc-4.5.3/gcc/lto/lang-specs.h'
lang_tree_files=' ../../gcc-4.5.3/gcc/cp/cp-tree.def ../../gcc-4.5.3/gcc/d/d-tree.def'
libdir='${exec_prefix}/lib'
libexecdir='${exec_prefix}/libexec'
libgcc_visibility='yes'
local_prefix='/usr/local'
localedir='${datarootdir}/locale'
localstatedir='${prefix}/var'
loose_warn='-W -Wall -Wwrite-strings -Wcast-qual'
make_compare_target='gnucompare'
mandir='${datarootdir}/man'
manext='.1'
md_file='sparc/sparc.md'
nocommon_flag=''
objc_boehm_gc=''
objdir='.libs'
objext='o'
oldincludedir='/usr/include'
onestep=''
out_file='sparc/sparc.c'
out_host_hook_obj='host-linux.o'
out_object_file='sparc.o'
pdfdir='${docdir}'
pluginlibs='-rdynamic -ldl'
prefix='/home/att14/ultraxomb/local'
program_transform_name='s&^&sparc64-sun-xomb-&'
psdir='${docdir}'
ranlib_flags=''
sbindir='${exec_prefix}/sbin'
sharedstatedir='${prefix}/com'
slibdir='$(build_tooldir)/lib'
srcdir='../../gcc-4.5.3/gcc'
strict_warn='-Wmissing-format-attribute -pedantic -Wno-long-long -Wno-variadic-macros -Wno-overlength-strings'
subdirs=' cp d fortran lto'
sysconfdir='${prefix}/etc'
target='sparc64-sun-xomb'
target_alias='sparc64-sun-xomb'
target_cpu='sparc64'
target_cpu_default='TARGET_CPU_v9'
target_noncanonical='sparc64-sun-xomb'
target_os='xomb'
target_subdir='sparc64-sun-xomb'
target_vendor='sun'
thread_file='single'
tm_defines=''
tm_file_list='options.h $(srcdir)/config/sparc/sparc.h $(srcdir)/config/dbxelf.h $(srcdir)/config/elfos.h $(srcdir)/config/svr4.h $(srcdir)/config/sparc/sysv4.h $(srcdir)/config/sparc/sp64-elf.h $(srcdir)/config/xomb.h $(srcdir)/defaults.h'
tm_include_list='options.h config/sparc/sparc.h config/dbxelf.h config/elfos.h config/svr4.h config/sparc/sysv4.h config/sparc/sp64-elf.h config/xomb.h defaults.h'
tm_p_file_list=' $(srcdir)/config/sparc/sparc-protos.h tm-preds.h'
tm_p_include_list=' config/sparc/sparc-protos.h tm-preds.h'
tmake_file=' $(srcdir)/config/sparc/t-crtfm'
use_gcc_stdint='none'
valgrind_command=''
valgrind_path=''
valgrind_path_defines=''
warn_cflags='$(GCC_WARN_CFLAGS)'
warn_cxxflags='$(GCC_WARN_CXXFLAGS)'
xm_defines=''
xm_file_list=' auto-host.h $(srcdir)/../include/ansidecl.h'
xm_include_list=' auto-host.h ansidecl.h'
xmake_file=' $(srcdir)/config/x-linux'
zlibdir='-L../zlib'
zlibinc='-I$(srcdir)/../zlib'

## ------------------- ##
## File substitutions. ##
## ------------------- ##

language_hooks='Make-hooks'

## ----------- ##
## confdefs.h. ##
## ----------- ##

/* confdefs.h */
#define PACKAGE_NAME ""
#define PACKAGE_TARNAME ""
#define PACKAGE_VERSION ""
#define PACKAGE_STRING ""
#define PACKAGE_BUGREPORT ""
#define PACKAGE_URL ""
#define HAVE_GNU_LD 0
#define HAVE_GNU_AS 0
#define STDC_HEADERS 1
#define HAVE_SYS_TYPES_H 1
#define HAVE_SYS_STAT_H 1
#define HAVE_STDLIB_H 1
#define HAVE_STRING_H 1
#define HAVE_MEMORY_H 1
#define HAVE_STRINGS_H 1
#define HAVE_INTTYPES_H 1
#define HAVE_STDINT_H 1
#define HAVE_UNISTD_H 1
#define __EXTENSIONS__ 1
#define _ALL_SOURCE 1
#define _GNU_SOURCE 1
#define _POSIX_PTHREAD_SEMANTICS 1
#define _TANDEM_SOURCE 1
#define SIZEOF_VOID_P 8
#define SIZEOF_SHORT 2
#define SIZEOF_INT 4
#define SIZEOF_LONG 8
#define HAVE_LONG_LONG 1
#define SIZEOF_LONG_LONG 8
#define HAVE_LONG_LONG_INT 1
#define HAVE_INTMAX_T 1
#define HAVE_INTPTR_T 1
#define HAVE_UNSIGNED_LONG_LONG_INT 1
#define HAVE_UINTMAX_T 1
#define HAVE_UINTPTR_T 1
#define ENABLE_ASSERT_CHECKING 1
#define ENABLE_RUNTIME_CHECKING 1
#define ENABLE_DECIMAL_FLOAT 0
#define ENABLE_DECIMAL_BID_FORMAT 0
#define ENABLE_FIXED_POINT 0
#define STDC_HEADERS 1
#define TIME_WITH_SYS_TIME 1
#define STRING_WITH_STRINGS 1
#define HAVE_SYS_WAIT_H 1
#define HAVE_LIMITS_H 1
#define HAVE_STDDEF_H 1
#define HAVE_STRING_H 1
#define HAVE_STRINGS_H 1
#define HAVE_STDLIB_H 1
#define HAVE_TIME_H 1
#define HAVE_ICONV_H 1
#define HAVE_FCNTL_H 1
#define HAVE_UNISTD_H 1
#define HAVE_SYS_FILE_H 1
#define HAVE_SYS_TIME_H 1
#define HAVE_SYS_MMAN_H 1
#define HAVE_SYS_RESOURCE_H 1
#define HAVE_SYS_PARAM_H 1
#define HAVE_SYS_TIMES_H 1
#define HAVE_SYS_STAT_H 1
#define HAVE_MALLOC_H 1
#define HAVE_LANGINFO_H 1
#define HAVE_LOCALE_H 1
#define HAVE_WCHAR_H 1
#define HAVE_INTTYPES_H 1
#define HAVE_TIMES 1
#define HAVE_CLOCK 1
#define HAVE_KILL 1
#define HAVE_GETRLIMIT 1
#define HAVE_SETRLIMIT 1
#define HAVE_ATOLL 1
#define HAVE_SYSCONF 1
#define HAVE_STRSIGNAL 1
#define HAVE_GETRUSAGE 1
#define HAVE_NL_LANGINFO 1
#define HAVE_GETTIMEOFDAY 1
#define HAVE_MBSTOWCS 1
#define HAVE_WCSWIDTH 1
#define HAVE_MMAP 1
#define HAVE_MINCORE 1
#define HAVE_SETLOCALE 1
#define HAVE_CLEARERR_UNLOCKED 1
#define HAVE_FEOF_UNLOCKED 1
#define HAVE_FERROR_UNLOCKED 1
#define HAVE_FFLUSH_UNLOCKED 1
#define HAVE_FGETC_UNLOCKED 1
#define HAVE_FGETS_UNLOCKED 1
#define HAVE_FILENO_UNLOCKED 1
#define HAVE_FPUTC_UNLOCKED 1
#define HAVE_FPUTS_UNLOCKED 1
#define HAVE_FREAD_UNLOCKED 1
#define HAVE_FWRITE_UNLOCKED 1
#define HAVE_GETCHAR_UNLOCKED 1
#define HAVE_GETC_UNLOCKED 1
#define HAVE_PUTCHAR_UNLOCKED 1
#define HAVE_PUTC_UNLOCKED 1
#define HAVE_ELF_GETSHDRSTRNDX 1
#define HAVE_WORKING_MBSTOWCS 1
#define HAVE_MMAP_FILE 1
#define HAVE_MMAP_DEV_ZERO 1
#define HAVE_MMAP_ANON 1
#define HAVE_FORK 1
#define HAVE_VFORK 1
#define HAVE_WORKING_VFORK 1
#define HAVE_WORKING_FORK 1
#define HAVE_ICONV 1
#define ICONV_CONST 
#define HAVE_LC_MESSAGES 1
#define HAVE_LANGINFO_CODESET 1
#define HAVE_DECL_GETENV 1
#define HAVE_DECL_ATOL 1
#define HAVE_DECL_ASPRINTF 1
#define HAVE_DECL_SBRK 1
#define HAVE_DECL_ABORT 1
#define HAVE_DECL_ATOF 1
#define HAVE_DECL_GETCWD 1
#define HAVE_DECL_GETWD 1
#define HAVE_DECL_STRSIGNAL 1
#define HAVE_DECL_STRSTR 1
#define HAVE_DECL_STRVERSCMP 1
#define HAVE_DECL_ERRNO 1
#define HAVE_DECL_SNPRINTF 1
#define HAVE_DECL_VSNPRINTF 1
#define HAVE_DECL_VASPRINTF 1
#define HAVE_DECL_MALLOC 1
#define HAVE_DECL_REALLOC 1
#define HAVE_DECL_CALLOC 1
#define HAVE_DECL_FREE 1
#define HAVE_DECL_BASENAME 1
#define HAVE_DECL_GETOPT 0
#define HAVE_DECL_CLOCK 1
#define HAVE_DECL_GETPAGESIZE 1
#define HAVE_DECL_CLEARERR_UNLOCKED 1
#define HAVE_DECL_FEOF_UNLOCKED 1
#define HAVE_DECL_FERROR_UNLOCKED 1
#define HAVE_DECL_FFLUSH_UNLOCKED 1
#define HAVE_DECL_FGETC_UNLOCKED 1
#define HAVE_DECL_FGETS_UNLOCKED 1
#define HAVE_DECL_FILENO_UNLOCKED 1
#define HAVE_DECL_FPRINTF_UNLOCKED 0
#define HAVE_DECL_FPUTC_UNLOCKED 1
#define HAVE_DECL_FPUTS_UNLOCKED 1
#define HAVE_DECL_FREAD_UNLOCKED 1
#define HAVE_DECL_FWRITE_UNLOCKED 1
#define HAVE_DECL_GETCHAR_UNLOCKED 1
#define HAVE_DECL_GETC_UNLOCKED 1
#define HAVE_DECL_PUTCHAR_UNLOCKED 1
#define HAVE_DECL_PUTC_UNLOCKED 1
#define HAVE_DECL_GETRLIMIT 1
#define HAVE_DECL_SETRLIMIT 1
#define HAVE_DECL_GETRUSAGE 1
#define HAVE_DECL_LDGETNAME 0
#define HAVE_DECL_TIMES 1
#define HAVE_DECL_SIGALTSTACK 1
#define HAVE_STRUCT_TMS 1
#define HAVE_CLOCK_T 1
#define HAVE_INITFINI_ARRAY 1
#define HAVE_GETIPINFO 1
#define NEED_64BIT_HOST_WIDE_INT 1
#define DEFAULT_USE_CXA_ATEXIT 2
#define EXTRA_MODES_FILE "config/sparc/sparc-modes.def"
#define HAVE_DLFCN_H 1
#define LT_OBJDIR ".libs/"
#define PLUGIN_LD "ld"
#define HAVE_GAS_BALIGN_AND_P2ALIGN 1
#define HAVE_GAS_MAX_SKIP_P2ALIGN 1
#define HAVE_GAS_SUBSECTION_ORDERING 1
#define HAVE_GAS_WEAK 1
#define HAVE_GAS_WEAKREF 1
#define HAVE_GAS_HIDDEN 1
#define HAVE_AS_LEB128 1
#define HAVE_GAS_CFI_DIRECTIVE 1
#define HAVE_GAS_CFI_PERSONALITY_DIRECTIVE 1
#define HAVE_GAS_CFI_SECTIONS_DIRECTIVE 1
#define HAVE_GAS_SHF_MERGE 1
#define HAVE_COMDAT_GROUP 1
#define HAVE_GAS_DISCRIMINATOR 1
#define HAVE_AS_TLS 1
#define HAVE_LD_STATIC_DYNAMIC 1
#define HAVE_AS_REGISTER_PSEUDO_OP 1
#define HAVE_AS_RELAX_OPTION 1
#define HAVE_AS_OFFSETABLE_LO10 1
#define HAVE_AS_DWARF2_DEBUG_LINE 1
#define HAVE_AS_GDWARF2_DEBUG_FLAG 1
#define HAVE_AS_GSTABS_DEBUG_FLAG 1
#define HAVE_AS_DEBUG_PREFIX_MAP 1
#define HAVE_AS_LINE_ZERO 1
#define HAVE_LD_PIE 1
#define HAVE_LD_EH_GC_SECTIONS 1
#define HAVE_LD_AS_NEEDED 1
#define HAVE_LD_SYSROOT 1
#define ENABLE_LTO 1
#define ENABLE_LTO 1
#define ENABLE_LTO 1
#define ENABLE_LTO 1
#define HAVE_libelf 1
#define ENABLE_PLUGIN 1

configure: exit 0
