This file contains any messages produced by compilers while
running configure, to aid debugging if configure makes a mistake.

It was created by configure, which was
generated by GNU Autoconf 2.64.  Invocation command line was

  $ /home/att14/ultraxomb/build/gcc-4.5.3/libiberty/configure --cache-file=./config.cache --enable-multilib --with-cross-host=x86_64-unknown-linux-gnu --prefix=/home/att14/ultraxomb/local --disable-libssp --with-gmp=/home/att14/ultraxomb/local --with-mpfr=/home/att14/ultraxomb/local --with-mpc=/home/att14/ultraxomb/local --without-headers --disable-nls --with-newlib --enable-languages=c,c++,lto --program-transform-name=s&^&sparc64-sun-xomb-& --disable-option-checking --with-target-subdir=sparc64-sun-xomb --build=x86_64-unknown-linux-gnu --host=sparc64-sun-xomb --target=sparc64-sun-xomb --srcdir=../../../gcc-4.5.3/libiberty

## --------- ##
## Platform. ##
## --------- ##

hostname = deadreckoning
uname -m = x86_64
uname -r = 3.0-ARCH
uname -s = Linux
uname -v = #1 SMP PREEMPT Wed Aug 17 21:55:57 CEST 2011

/usr/bin/uname -p = unknown
/bin/uname -X     = unknown

/bin/arch              = x86_64
/usr/bin/arch -k       = unknown
/usr/convex/getsysinfo = unknown
/usr/bin/hostinfo      = unknown
/bin/machine           = unknown
/usr/bin/oslevel       = unknown
/bin/universe          = unknown

PATH: /home/att14/ultraxomb/local/bin
PATH: /bin
PATH: /usr/bin
PATH: /sbin
PATH: /usr/sbin
PATH: /usr/local/bin
PATH: /usr/local/games
PATH: /opt/google-appengine
PATH: /opt/java/bin
PATH: /opt/java/db/bin
PATH: /opt/java/jre/bin
PATH: /usr/bin/site_perl
PATH: /usr/bin/vendor_perl
PATH: /usr/bin/core_perl


## ----------- ##
## Core tests. ##
## ----------- ##

configure:2217: creating cache ./config.cache
configure:2368: checking whether to enable maintainer-specific portions of Makefiles
configure:2378: result: no
configure:2393: checking for makeinfo
configure:2420: result: makeinfo
configure:2460: checking for perl
configure:2476: found /usr/bin/perl
configure:2487: result: perl
configure:2506: checking build system type
configure:2520: result: x86_64-unknown-linux-gnu
configure:2540: checking host system type
configure:2553: result: sparc64-sun-xomb
configure:2578: checking for sparc64-sun-xomb-ar
configure:2605: result: /home/att14/ultraxomb/local/sparc64-sun-xomb/bin/ar
configure:2670: checking for sparc64-sun-xomb-ranlib
configure:2697: result: /home/att14/ultraxomb/local/sparc64-sun-xomb/bin/ranlib
configure:2790: checking for sparc64-sun-xomb-gcc
configure:2817: result:  /home/att14/ultraxomb/build/gcc-obj/./gcc/xgcc -B/home/att14/ultraxomb/build/gcc-obj/./gcc/ -B/home/att14/ultraxomb/local/sparc64-sun-xomb/bin/ -B/home/att14/ultraxomb/local/sparc64-sun-xomb/lib/ -isystem /home/att14/ultraxomb/local/sparc64-sun-xomb/include -isystem /home/att14/ultraxomb/local/sparc64-sun-xomb/sys-include   
configure:3086: checking for C compiler version
configure:3095:  /home/att14/ultraxomb/build/gcc-obj/./gcc/xgcc -B/home/att14/ultraxomb/build/gcc-obj/./gcc/ -B/home/att14/ultraxomb/local/sparc64-sun-xomb/bin/ -B/home/att14/ultraxomb/local/sparc64-sun-xomb/lib/ -isystem /home/att14/ultraxomb/local/sparc64-sun-xomb/include -isystem /home/att14/ultraxomb/local/sparc64-sun-xomb/sys-include    --version >&5
xgcc (GCC) 4.5.3 20110428 (gdc 0.30, using dmd 1.070)
Copyright (C) 2010 Free Software Foundation, Inc.
This is free software; see the source for copying conditions.  There is NO
warranty; not even for MERCHANTABILITY or FITNESS FOR A PARTICULAR PURPOSE.

configure:3106: $? = 0
configure:3095:  /home/att14/ultraxomb/build/gcc-obj/./gcc/xgcc -B/home/att14/ultraxomb/build/gcc-obj/./gcc/ -B/home/att14/ultraxomb/local/sparc64-sun-xomb/bin/ -B/home/att14/ultraxomb/local/sparc64-sun-xomb/lib/ -isystem /home/att14/ultraxomb/local/sparc64-sun-xomb/include -isystem /home/att14/ultraxomb/local/sparc64-sun-xomb/sys-include    -v >&5
Reading specs from /home/att14/ultraxomb/build/gcc-obj/./gcc/specs
COLLECT_GCC=/home/att14/ultraxomb/build/gcc-obj/./gcc/xgcc
COLLECT_LTO_WRAPPER=/home/att14/ultraxomb/build/gcc-obj/./gcc/lto-wrapper
Target: sparc64-sun-xomb
Configured with: ../gcc-4.5.3/configure --target=sparc64-sun-xomb --prefix=/home/att14/ultraxomb/local --enable-languages=c,c++ --disable-libssp --with-gmp=/home/att14/ultraxomb/local --with-mpfr=/home/att14/ultraxomb/local --with-mpc=/home/att14/ultraxomb/local --without-headers --disable-nls --with-newlib
Thread model: single
gcc version 4.5.3 20110428 (gdc 0.30, using dmd 1.070) (GCC) 
configure:3106: $? = 0
configure:3095:  /home/att14/ultraxomb/build/gcc-obj/./gcc/xgcc -B/home/att14/ultraxomb/build/gcc-obj/./gcc/ -B/home/att14/ultraxomb/local/sparc64-sun-xomb/bin/ -B/home/att14/ultraxomb/local/sparc64-sun-xomb/lib/ -isystem /home/att14/ultraxomb/local/sparc64-sun-xomb/include -isystem /home/att14/ultraxomb/local/sparc64-sun-xomb/sys-include    -V >&5
xgcc: '-V' must come at the start of the command line
configure:3106: $? = 1
configure:3095:  /home/att14/ultraxomb/build/gcc-obj/./gcc/xgcc -B/home/att14/ultraxomb/build/gcc-obj/./gcc/ -B/home/att14/ultraxomb/local/sparc64-sun-xomb/bin/ -B/home/att14/ultraxomb/local/sparc64-sun-xomb/lib/ -isystem /home/att14/ultraxomb/local/sparc64-sun-xomb/include -isystem /home/att14/ultraxomb/local/sparc64-sun-xomb/sys-include    -qversion >&5
xgcc: unrecognized option '-qversion'
xgcc: no input files
configure:3106: $? = 1
configure:3122:  /home/att14/ultraxomb/build/gcc-obj/./gcc/xgcc -B/home/att14/ultraxomb/build/gcc-obj/./gcc/ -B/home/att14/ultraxomb/local/sparc64-sun-xomb/bin/ -B/home/att14/ultraxomb/local/sparc64-sun-xomb/lib/ -isystem /home/att14/ultraxomb/local/sparc64-sun-xomb/include -isystem /home/att14/ultraxomb/local/sparc64-sun-xomb/sys-include    -o conftest -g -O2   conftest.c  >&5
/home/att14/ultraxomb/local/sparc64-sun-xomb/bin/ld: warning: cannot find entry symbol _start; defaulting to 00000000004000c0
configure:3125: $? = 0
configure:3154: checking for C compiler default output file name
configure:3176:  /home/att14/ultraxomb/build/gcc-obj/./gcc/xgcc -B/home/att14/ultraxomb/build/gcc-obj/./gcc/ -B/home/att14/ultraxomb/local/sparc64-sun-xomb/bin/ -B/home/att14/ultraxomb/local/sparc64-sun-xomb/lib/ -isystem /home/att14/ultraxomb/local/sparc64-sun-xomb/include -isystem /home/att14/ultraxomb/local/sparc64-sun-xomb/sys-include    -g -O2   conftest.c  >&5
/home/att14/ultraxomb/local/sparc64-sun-xomb/bin/ld: warning: cannot find entry symbol _start; defaulting to 00000000004000c0
configure:3180: $? = 0
configure:3217: result: a.out
configure:3233: checking whether the C compiler works
configure:3261: result: yes
configure:3268: checking whether we are cross compiling
configure:3270: result: yes
configure:3273: checking for suffix of executables
configure:3280:  /home/att14/ultraxomb/build/gcc-obj/./gcc/xgcc -B/home/att14/ultraxomb/build/gcc-obj/./gcc/ -B/home/att14/ultraxomb/local/sparc64-sun-xomb/bin/ -B/home/att14/ultraxomb/local/sparc64-sun-xomb/lib/ -isystem /home/att14/ultraxomb/local/sparc64-sun-xomb/include -isystem /home/att14/ultraxomb/local/sparc64-sun-xomb/sys-include    -o conftest -g -O2   conftest.c  >&5
/home/att14/ultraxomb/local/sparc64-sun-xomb/bin/ld: warning: cannot find entry symbol _start; defaulting to 00000000004000c0
configure:3284: $? = 0
configure:3306: result: 
configure:3313: checking for suffix of object files
configure:3335:  /home/att14/ultraxomb/build/gcc-obj/./gcc/xgcc -B/home/att14/ultraxomb/build/gcc-obj/./gcc/ -B/home/att14/ultraxomb/local/sparc64-sun-xomb/bin/ -B/home/att14/ultraxomb/local/sparc64-sun-xomb/lib/ -isystem /home/att14/ultraxomb/local/sparc64-sun-xomb/include -isystem /home/att14/ultraxomb/local/sparc64-sun-xomb/sys-include    -c -g -O2  conftest.c >&5
configure:3339: $? = 0
configure:3360: result: o
configure:3364: checking whether we are using the GNU C compiler
configure:3383:  /home/att14/ultraxomb/build/gcc-obj/./gcc/xgcc -B/home/att14/ultraxomb/build/gcc-obj/./gcc/ -B/home/att14/ultraxomb/local/sparc64-sun-xomb/bin/ -B/home/att14/ultraxomb/local/sparc64-sun-xomb/lib/ -isystem /home/att14/ultraxomb/local/sparc64-sun-xomb/include -isystem /home/att14/ultraxomb/local/sparc64-sun-xomb/sys-include    -c -g -O2  conftest.c >&5
configure:3383: $? = 0
configure:3392: result: yes
configure:3401: checking whether  /home/att14/ultraxomb/build/gcc-obj/./gcc/xgcc -B/home/att14/ultraxomb/build/gcc-obj/./gcc/ -B/home/att14/ultraxomb/local/sparc64-sun-xomb/bin/ -B/home/att14/ultraxomb/local/sparc64-sun-xomb/lib/ -isystem /home/att14/ultraxomb/local/sparc64-sun-xomb/include -isystem /home/att14/ultraxomb/local/sparc64-sun-xomb/sys-include    accepts -g
configure:3421:  /home/att14/ultraxomb/build/gcc-obj/./gcc/xgcc -B/home/att14/ultraxomb/build/gcc-obj/./gcc/ -B/home/att14/ultraxomb/local/sparc64-sun-xomb/bin/ -B/home/att14/ultraxomb/local/sparc64-sun-xomb/lib/ -isystem /home/att14/ultraxomb/local/sparc64-sun-xomb/include -isystem /home/att14/ultraxomb/local/sparc64-sun-xomb/sys-include    -c -g  conftest.c >&5
configure:3421: $? = 0
configure:3462: result: yes
configure:3479: checking for  /home/att14/ultraxomb/build/gcc-obj/./gcc/xgcc -B/home/att14/ultraxomb/build/gcc-obj/./gcc/ -B/home/att14/ultraxomb/local/sparc64-sun-xomb/bin/ -B/home/att14/ultraxomb/local/sparc64-sun-xomb/lib/ -isystem /home/att14/ultraxomb/local/sparc64-sun-xomb/include -isystem /home/att14/ultraxomb/local/sparc64-sun-xomb/sys-include    option to accept ISO C89
configure:3543:  /home/att14/ultraxomb/build/gcc-obj/./gcc/xgcc -B/home/att14/ultraxomb/build/gcc-obj/./gcc/ -B/home/att14/ultraxomb/local/sparc64-sun-xomb/bin/ -B/home/att14/ultraxomb/local/sparc64-sun-xomb/lib/ -isystem /home/att14/ultraxomb/local/sparc64-sun-xomb/include -isystem /home/att14/ultraxomb/local/sparc64-sun-xomb/sys-include     -c -g -O2  conftest.c >&5
configure:3543: $? = 0
configure:3556: result: none needed
configure:3584: checking for special C compiler options needed for large files
configure:3629: result: no
configure:3635: checking for _FILE_OFFSET_BITS value needed for large files
configure:3660:  /home/att14/ultraxomb/build/gcc-obj/./gcc/xgcc -B/home/att14/ultraxomb/build/gcc-obj/./gcc/ -B/home/att14/ultraxomb/local/sparc64-sun-xomb/bin/ -B/home/att14/ultraxomb/local/sparc64-sun-xomb/lib/ -isystem /home/att14/ultraxomb/local/sparc64-sun-xomb/include -isystem /home/att14/ultraxomb/local/sparc64-sun-xomb/sys-include    -c -g -O2  conftest.c >&5
configure:3660: $? = 0
configure:3692: result: no
configure:3780: checking how to run the C preprocessor
configure:3811:  /home/att14/ultraxomb/build/gcc-obj/./gcc/xgcc -B/home/att14/ultraxomb/build/gcc-obj/./gcc/ -B/home/att14/ultraxomb/local/sparc64-sun-xomb/bin/ -B/home/att14/ultraxomb/local/sparc64-sun-xomb/lib/ -isystem /home/att14/ultraxomb/local/sparc64-sun-xomb/include -isystem /home/att14/ultraxomb/local/sparc64-sun-xomb/sys-include    -E  conftest.c
configure:3811: $? = 0
configure:3825:  /home/att14/ultraxomb/build/gcc-obj/./gcc/xgcc -B/home/att14/ultraxomb/build/gcc-obj/./gcc/ -B/home/att14/ultraxomb/local/sparc64-sun-xomb/bin/ -B/home/att14/ultraxomb/local/sparc64-sun-xomb/lib/ -isystem /home/att14/ultraxomb/local/sparc64-sun-xomb/include -isystem /home/att14/ultraxomb/local/sparc64-sun-xomb/sys-include    -E  conftest.c
conftest.c:9:28: fatal error: ac_nonexistent.h: No such file or directory
compilation terminated.
configure:3825: $? = 1
configure: failed program was:
| /* confdefs.h */
| #define PACKAGE_NAME ""
| #define PACKAGE_TARNAME ""
| #define PACKAGE_VERSION ""
| #define PACKAGE_STRING ""
| #define PACKAGE_BUGREPORT ""
| #define PACKAGE_URL ""
| /* end confdefs.h.  */
| #include <ac_nonexistent.h>
configure:3850: result:  /home/att14/ultraxomb/build/gcc-obj/./gcc/xgcc -B/home/att14/ultraxomb/build/gcc-obj/./gcc/ -B/home/att14/ultraxomb/local/sparc64-sun-xomb/bin/ -B/home/att14/ultraxomb/local/sparc64-sun-xomb/lib/ -isystem /home/att14/ultraxomb/local/sparc64-sun-xomb/include -isystem /home/att14/ultraxomb/local/sparc64-sun-xomb/sys-include    -E
configure:3870:  /home/att14/ultraxomb/build/gcc-obj/./gcc/xgcc -B/home/att14/ultraxomb/build/gcc-obj/./gcc/ -B/home/att14/ultraxomb/local/sparc64-sun-xomb/bin/ -B/home/att14/ultraxomb/local/sparc64-sun-xomb/lib/ -isystem /home/att14/ultraxomb/local/sparc64-sun-xomb/include -isystem /home/att14/ultraxomb/local/sparc64-sun-xomb/sys-include    -E  conftest.c
configure:3870: $? = 0
configure:3884:  /home/att14/ultraxomb/build/gcc-obj/./gcc/xgcc -B/home/att14/ultraxomb/build/gcc-obj/./gcc/ -B/home/att14/ultraxomb/local/sparc64-sun-xomb/bin/ -B/home/att14/ultraxomb/local/sparc64-sun-xomb/lib/ -isystem /home/att14/ultraxomb/local/sparc64-sun-xomb/include -isystem /home/att14/ultraxomb/local/sparc64-sun-xomb/sys-include    -E  conftest.c
conftest.c:9:28: fatal error: ac_nonexistent.h: No such file or directory
compilation terminated.
configure:3884: $? = 1
configure: failed program was:
| /* confdefs.h */
| #define PACKAGE_NAME ""
| #define PACKAGE_TARNAME ""
| #define PACKAGE_VERSION ""
| #define PACKAGE_STRING ""
| #define PACKAGE_BUGREPORT ""
| #define PACKAGE_URL ""
| /* end confdefs.h.  */
| #include <ac_nonexistent.h>
configure:3921: checking whether  /home/att14/ultraxomb/build/gcc-obj/./gcc/xgcc -B/home/att14/ultraxomb/build/gcc-obj/./gcc/ -B/home/att14/ultraxomb/local/sparc64-sun-xomb/bin/ -B/home/att14/ultraxomb/local/sparc64-sun-xomb/lib/ -isystem /home/att14/ultraxomb/local/sparc64-sun-xomb/include -isystem /home/att14/ultraxomb/local/sparc64-sun-xomb/sys-include    supports -W
configure:3938:  /home/att14/ultraxomb/build/gcc-obj/./gcc/xgcc -B/home/att14/ultraxomb/build/gcc-obj/./gcc/ -B/home/att14/ultraxomb/local/sparc64-sun-xomb/bin/ -B/home/att14/ultraxomb/local/sparc64-sun-xomb/lib/ -isystem /home/att14/ultraxomb/local/sparc64-sun-xomb/include -isystem /home/att14/ultraxomb/local/sparc64-sun-xomb/sys-include    -c -W  conftest.c >&5
configure:3938: $? = 0
configure:3947: result: yes
configure:3921: checking whether  /home/att14/ultraxomb/build/gcc-obj/./gcc/xgcc -B/home/att14/ultraxomb/build/gcc-obj/./gcc/ -B/home/att14/ultraxomb/local/sparc64-sun-xomb/bin/ -B/home/att14/ultraxomb/local/sparc64-sun-xomb/lib/ -isystem /home/att14/ultraxomb/local/sparc64-sun-xomb/include -isystem /home/att14/ultraxomb/local/sparc64-sun-xomb/sys-include    supports -Wall
configure:3938:  /home/att14/ultraxomb/build/gcc-obj/./gcc/xgcc -B/home/att14/ultraxomb/build/gcc-obj/./gcc/ -B/home/att14/ultraxomb/local/sparc64-sun-xomb/bin/ -B/home/att14/ultraxomb/local/sparc64-sun-xomb/lib/ -isystem /home/att14/ultraxomb/local/sparc64-sun-xomb/include -isystem /home/att14/ultraxomb/local/sparc64-sun-xomb/sys-include    -c -Wall  conftest.c >&5
configure:3938: $? = 0
configure:3947: result: yes
configure:3921: checking whether  /home/att14/ultraxomb/build/gcc-obj/./gcc/xgcc -B/home/att14/ultraxomb/build/gcc-obj/./gcc/ -B/home/att14/ultraxomb/local/sparc64-sun-xomb/bin/ -B/home/att14/ultraxomb/local/sparc64-sun-xomb/lib/ -isystem /home/att14/ultraxomb/local/sparc64-sun-xomb/include -isystem /home/att14/ultraxomb/local/sparc64-sun-xomb/sys-include    supports -Wwrite-strings
configure:3938:  /home/att14/ultraxomb/build/gcc-obj/./gcc/xgcc -B/home/att14/ultraxomb/build/gcc-obj/./gcc/ -B/home/att14/ultraxomb/local/sparc64-sun-xomb/bin/ -B/home/att14/ultraxomb/local/sparc64-sun-xomb/lib/ -isystem /home/att14/ultraxomb/local/sparc64-sun-xomb/include -isystem /home/att14/ultraxomb/local/sparc64-sun-xomb/sys-include    -c -Wwrite-strings  conftest.c >&5
configure:3938: $? = 0
configure:3947: result: yes
configure:3921: checking whether  /home/att14/ultraxomb/build/gcc-obj/./gcc/xgcc -B/home/att14/ultraxomb/build/gcc-obj/./gcc/ -B/home/att14/ultraxomb/local/sparc64-sun-xomb/bin/ -B/home/att14/ultraxomb/local/sparc64-sun-xomb/lib/ -isystem /home/att14/ultraxomb/local/sparc64-sun-xomb/include -isystem /home/att14/ultraxomb/local/sparc64-sun-xomb/sys-include    supports -Wc++-compat
configure:3938:  /home/att14/ultraxomb/build/gcc-obj/./gcc/xgcc -B/home/att14/ultraxomb/build/gcc-obj/./gcc/ -B/home/att14/ultraxomb/local/sparc64-sun-xomb/bin/ -B/home/att14/ultraxomb/local/sparc64-sun-xomb/lib/ -isystem /home/att14/ultraxomb/local/sparc64-sun-xomb/include -isystem /home/att14/ultraxomb/local/sparc64-sun-xomb/sys-include    -c -Wc++-compat  conftest.c >&5
configure:3938: $? = 0
configure:3947: result: yes
configure:3921: checking whether  /home/att14/ultraxomb/build/gcc-obj/./gcc/xgcc -B/home/att14/ultraxomb/build/gcc-obj/./gcc/ -B/home/att14/ultraxomb/local/sparc64-sun-xomb/bin/ -B/home/att14/ultraxomb/local/sparc64-sun-xomb/lib/ -isystem /home/att14/ultraxomb/local/sparc64-sun-xomb/include -isystem /home/att14/ultraxomb/local/sparc64-sun-xomb/sys-include    supports -Wstrict-prototypes
configure:3938:  /home/att14/ultraxomb/build/gcc-obj/./gcc/xgcc -B/home/att14/ultraxomb/build/gcc-obj/./gcc/ -B/home/att14/ultraxomb/local/sparc64-sun-xomb/bin/ -B/home/att14/ultraxomb/local/sparc64-sun-xomb/lib/ -isystem /home/att14/ultraxomb/local/sparc64-sun-xomb/include -isystem /home/att14/ultraxomb/local/sparc64-sun-xomb/sys-include    -c -Wstrict-prototypes  conftest.c >&5
conftest.c:11:1: warning: function declaration isn't a prototype
configure:3938: $? = 0
configure:3947: result: yes
configure:3956: checking whether  /home/att14/ultraxomb/build/gcc-obj/./gcc/xgcc -B/home/att14/ultraxomb/build/gcc-obj/./gcc/ -B/home/att14/ultraxomb/local/sparc64-sun-xomb/bin/ -B/home/att14/ultraxomb/local/sparc64-sun-xomb/lib/ -isystem /home/att14/ultraxomb/local/sparc64-sun-xomb/include -isystem /home/att14/ultraxomb/local/sparc64-sun-xomb/sys-include    supports -pedantic 
configure:3974:  /home/att14/ultraxomb/build/gcc-obj/./gcc/xgcc -B/home/att14/ultraxomb/build/gcc-obj/./gcc/ -B/home/att14/ultraxomb/local/sparc64-sun-xomb/bin/ -B/home/att14/ultraxomb/local/sparc64-sun-xomb/lib/ -isystem /home/att14/ultraxomb/local/sparc64-sun-xomb/include -isystem /home/att14/ultraxomb/local/sparc64-sun-xomb/sys-include    -c -pedantic   conftest.c >&5
configure:3974: $? = 0
configure:3982: result: yes
configure:3992: checking whether  /home/att14/ultraxomb/build/gcc-obj/./gcc/xgcc -B/home/att14/ultraxomb/build/gcc-obj/./gcc/ -B/home/att14/ultraxomb/local/sparc64-sun-xomb/bin/ -B/home/att14/ultraxomb/local/sparc64-sun-xomb/lib/ -isystem /home/att14/ultraxomb/local/sparc64-sun-xomb/include -isystem /home/att14/ultraxomb/local/sparc64-sun-xomb/sys-include    and cc understand -c and -o together
configure:4023:  /home/att14/ultraxomb/build/gcc-obj/./gcc/xgcc -B/home/att14/ultraxomb/build/gcc-obj/./gcc/ -B/home/att14/ultraxomb/local/sparc64-sun-xomb/bin/ -B/home/att14/ultraxomb/local/sparc64-sun-xomb/lib/ -isystem /home/att14/ultraxomb/local/sparc64-sun-xomb/include -isystem /home/att14/ultraxomb/local/sparc64-sun-xomb/sys-include    -c conftest.c -o conftest2.o >&5
configure:4027: $? = 0
configure:4033:  /home/att14/ultraxomb/build/gcc-obj/./gcc/xgcc -B/home/att14/ultraxomb/build/gcc-obj/./gcc/ -B/home/att14/ultraxomb/local/sparc64-sun-xomb/bin/ -B/home/att14/ultraxomb/local/sparc64-sun-xomb/lib/ -isystem /home/att14/ultraxomb/local/sparc64-sun-xomb/include -isystem /home/att14/ultraxomb/local/sparc64-sun-xomb/sys-include    -c conftest.c -o conftest2.o >&5
configure:4037: $? = 0
configure:4048: cc -c conftest.c >&5
configure:4052: $? = 0
configure:4060: cc -c conftest.c -o conftest2.o >&5
configure:4064: $? = 0
configure:4070: cc -c conftest.c -o conftest2.o >&5
configure:4074: $? = 0
configure:4092: result: yes
configure:4111: checking for an ANSI C-conforming const
configure:4176:  /home/att14/ultraxomb/build/gcc-obj/./gcc/xgcc -B/home/att14/ultraxomb/build/gcc-obj/./gcc/ -B/home/att14/ultraxomb/local/sparc64-sun-xomb/bin/ -B/home/att14/ultraxomb/local/sparc64-sun-xomb/lib/ -isystem /home/att14/ultraxomb/local/sparc64-sun-xomb/include -isystem /home/att14/ultraxomb/local/sparc64-sun-xomb/sys-include    -c -g -O2  conftest.c >&5
configure:4176: $? = 0
configure:4183: result: yes
configure:4191: checking for inline
configure:4207:  /home/att14/ultraxomb/build/gcc-obj/./gcc/xgcc -B/home/att14/ultraxomb/build/gcc-obj/./gcc/ -B/home/att14/ultraxomb/local/sparc64-sun-xomb/bin/ -B/home/att14/ultraxomb/local/sparc64-sun-xomb/lib/ -isystem /home/att14/ultraxomb/local/sparc64-sun-xomb/include -isystem /home/att14/ultraxomb/local/sparc64-sun-xomb/sys-include    -c -g -O2  conftest.c >&5
configure:4207: $? = 0
configure:4215: result: inline
configure:4234: checking for grep that handles long lines and -e
configure:4292: result: /bin/grep
configure:4297: checking for egrep
configure:4359: result: /bin/grep -E
configure:4364: checking for ANSI C header files
configure:4384:  /home/att14/ultraxomb/build/gcc-obj/./gcc/xgcc -B/home/att14/ultraxomb/build/gcc-obj/./gcc/ -B/home/att14/ultraxomb/local/sparc64-sun-xomb/bin/ -B/home/att14/ultraxomb/local/sparc64-sun-xomb/lib/ -isystem /home/att14/ultraxomb/local/sparc64-sun-xomb/include -isystem /home/att14/ultraxomb/local/sparc64-sun-xomb/sys-include    -c -g -O2  conftest.c >&5
configure:4384: $? = 0
configure:4468: result: yes
configure:4481: checking for sys/types.h
configure:4481:  /home/att14/ultraxomb/build/gcc-obj/./gcc/xgcc -B/home/att14/ultraxomb/build/gcc-obj/./gcc/ -B/home/att14/ultraxomb/local/sparc64-sun-xomb/bin/ -B/home/att14/ultraxomb/local/sparc64-sun-xomb/lib/ -isystem /home/att14/ultraxomb/local/sparc64-sun-xomb/include -isystem /home/att14/ultraxomb/local/sparc64-sun-xomb/sys-include    -E  conftest.c
configure:4481: $? = 0
configure:4481: result: yes
configure:4481: checking for sys/stat.h
configure:4481:  /home/att14/ultraxomb/build/gcc-obj/./gcc/xgcc -B/home/att14/ultraxomb/build/gcc-obj/./gcc/ -B/home/att14/ultraxomb/local/sparc64-sun-xomb/bin/ -B/home/att14/ultraxomb/local/sparc64-sun-xomb/lib/ -isystem /home/att14/ultraxomb/local/sparc64-sun-xomb/include -isystem /home/att14/ultraxomb/local/sparc64-sun-xomb/sys-include    -E  conftest.c
configure:4481: $? = 0
configure:4481: result: yes
configure:4481: checking for stdlib.h
configure:4481:  /home/att14/ultraxomb/build/gcc-obj/./gcc/xgcc -B/home/att14/ultraxomb/build/gcc-obj/./gcc/ -B/home/att14/ultraxomb/local/sparc64-sun-xomb/bin/ -B/home/att14/ultraxomb/local/sparc64-sun-xomb/lib/ -isystem /home/att14/ultraxomb/local/sparc64-sun-xomb/include -isystem /home/att14/ultraxomb/local/sparc64-sun-xomb/sys-include    -E  conftest.c
configure:4481: $? = 0
configure:4481: result: yes
configure:4481: checking for string.h
configure:4481:  /home/att14/ultraxomb/build/gcc-obj/./gcc/xgcc -B/home/att14/ultraxomb/build/gcc-obj/./gcc/ -B/home/att14/ultraxomb/local/sparc64-sun-xomb/bin/ -B/home/att14/ultraxomb/local/sparc64-sun-xomb/lib/ -isystem /home/att14/ultraxomb/local/sparc64-sun-xomb/include -isystem /home/att14/ultraxomb/local/sparc64-sun-xomb/sys-include    -E  conftest.c
configure:4481: $? = 0
configure:4481: result: yes
configure:4481: checking for memory.h
configure:4481:  /home/att14/ultraxomb/build/gcc-obj/./gcc/xgcc -B/home/att14/ultraxomb/build/gcc-obj/./gcc/ -B/home/att14/ultraxomb/local/sparc64-sun-xomb/bin/ -B/home/att14/ultraxomb/local/sparc64-sun-xomb/lib/ -isystem /home/att14/ultraxomb/local/sparc64-sun-xomb/include -isystem /home/att14/ultraxomb/local/sparc64-sun-xomb/sys-include    -E  conftest.c
conftest.c:14:20: fatal error: memory.h: No such file or directory
compilation terminated.
configure:4481: $? = 1
configure: failed program was:
| /* confdefs.h */
| #define PACKAGE_NAME ""
| #define PACKAGE_TARNAME ""
| #define PACKAGE_VERSION ""
| #define PACKAGE_STRING ""
| #define PACKAGE_BUGREPORT ""
| #define PACKAGE_URL ""
| #define STDC_HEADERS 1
| #define HAVE_SYS_TYPES_H 1
| #define HAVE_SYS_STAT_H 1
| #define HAVE_STDLIB_H 1
| #define HAVE_STRING_H 1
| /* end confdefs.h.  */
| #include <memory.h>
configure:4481: result: no
configure:4481: checking for strings.h
configure:4481:  /home/att14/ultraxomb/build/gcc-obj/./gcc/xgcc -B/home/att14/ultraxomb/build/gcc-obj/./gcc/ -B/home/att14/ultraxomb/local/sparc64-sun-xomb/bin/ -B/home/att14/ultraxomb/local/sparc64-sun-xomb/lib/ -isystem /home/att14/ultraxomb/local/sparc64-sun-xomb/include -isystem /home/att14/ultraxomb/local/sparc64-sun-xomb/sys-include    -E  conftest.c
configure:4481: $? = 0
configure:4481: result: yes
configure:4481: checking for inttypes.h
configure:4481:  /home/att14/ultraxomb/build/gcc-obj/./gcc/xgcc -B/home/att14/ultraxomb/build/gcc-obj/./gcc/ -B/home/att14/ultraxomb/local/sparc64-sun-xomb/bin/ -B/home/att14/ultraxomb/local/sparc64-sun-xomb/lib/ -isystem /home/att14/ultraxomb/local/sparc64-sun-xomb/include -isystem /home/att14/ultraxomb/local/sparc64-sun-xomb/sys-include    -E  conftest.c
configure:4481: $? = 0
configure:4481: result: yes
configure:4481: checking for stdint.h
configure:4481:  /home/att14/ultraxomb/build/gcc-obj/./gcc/xgcc -B/home/att14/ultraxomb/build/gcc-obj/./gcc/ -B/home/att14/ultraxomb/local/sparc64-sun-xomb/bin/ -B/home/att14/ultraxomb/local/sparc64-sun-xomb/lib/ -isystem /home/att14/ultraxomb/local/sparc64-sun-xomb/include -isystem /home/att14/ultraxomb/local/sparc64-sun-xomb/sys-include    -E  conftest.c
configure:4481: $? = 0
configure:4481: result: yes
configure:4481: checking for unistd.h
configure:4481:  /home/att14/ultraxomb/build/gcc-obj/./gcc/xgcc -B/home/att14/ultraxomb/build/gcc-obj/./gcc/ -B/home/att14/ultraxomb/local/sparc64-sun-xomb/bin/ -B/home/att14/ultraxomb/local/sparc64-sun-xomb/lib/ -isystem /home/att14/ultraxomb/local/sparc64-sun-xomb/include -isystem /home/att14/ultraxomb/local/sparc64-sun-xomb/sys-include    -E  conftest.c
configure:4481: $? = 0
configure:4481: result: yes
configure:4492: checking whether byte ordering is bigendian
configure:4507:  /home/att14/ultraxomb/build/gcc-obj/./gcc/xgcc -B/home/att14/ultraxomb/build/gcc-obj/./gcc/ -B/home/att14/ultraxomb/local/sparc64-sun-xomb/bin/ -B/home/att14/ultraxomb/local/sparc64-sun-xomb/lib/ -isystem /home/att14/ultraxomb/local/sparc64-sun-xomb/include -isystem /home/att14/ultraxomb/local/sparc64-sun-xomb/sys-include    -c -g -O2  conftest.c >&5
conftest.c:19:13: error: expected '=', ',', ';', 'asm' or '__attribute__' before 'a'
configure:4507: $? = 1
configure: failed program was:
| /* confdefs.h */
| #define PACKAGE_NAME ""
| #define PACKAGE_TARNAME ""
| #define PACKAGE_VERSION ""
| #define PACKAGE_STRING ""
| #define PACKAGE_BUGREPORT ""
| #define PACKAGE_URL ""
| #define STDC_HEADERS 1
| #define HAVE_SYS_TYPES_H 1
| #define HAVE_SYS_STAT_H 1
| #define HAVE_STDLIB_H 1
| #define HAVE_STRING_H 1
| #define HAVE_STRINGS_H 1
| #define HAVE_INTTYPES_H 1
| #define HAVE_STDINT_H 1
| #define HAVE_UNISTD_H 1
| /* end confdefs.h.  */
| #ifndef __APPLE_CC__
| 	       not a universal capable compiler
| 	     #endif
| 	     typedef int dummy;
| 
configure:4552:  /home/att14/ultraxomb/build/gcc-obj/./gcc/xgcc -B/home/att14/ultraxomb/build/gcc-obj/./gcc/ -B/home/att14/ultraxomb/local/sparc64-sun-xomb/bin/ -B/home/att14/ultraxomb/local/sparc64-sun-xomb/lib/ -isystem /home/att14/ultraxomb/local/sparc64-sun-xomb/include -isystem /home/att14/ultraxomb/local/sparc64-sun-xomb/sys-include    -c -g -O2  conftest.c >&5
configure:4552: $? = 0
configure:4570:  /home/att14/ultraxomb/build/gcc-obj/./gcc/xgcc -B/home/att14/ultraxomb/build/gcc-obj/./gcc/ -B/home/att14/ultraxomb/local/sparc64-sun-xomb/bin/ -B/home/att14/ultraxomb/local/sparc64-sun-xomb/lib/ -isystem /home/att14/ultraxomb/local/sparc64-sun-xomb/include -isystem /home/att14/ultraxomb/local/sparc64-sun-xomb/sys-include    -c -g -O2  conftest.c >&5
configure:4570: $? = 0
configure:4698: result: yes
configure:4737: checking for a BSD-compatible install
configure:4805: result: /bin/install -c
configure:4895: checking for sys/file.h
configure:4895:  /home/att14/ultraxomb/build/gcc-obj/./gcc/xgcc -B/home/att14/ultraxomb/build/gcc-obj/./gcc/ -B/home/att14/ultraxomb/local/sparc64-sun-xomb/bin/ -B/home/att14/ultraxomb/local/sparc64-sun-xomb/lib/ -isystem /home/att14/ultraxomb/local/sparc64-sun-xomb/include -isystem /home/att14/ultraxomb/local/sparc64-sun-xomb/sys-include    -E  conftest.c
configure:4895: $? = 0
configure:4895: result: yes
configure:4895: checking for sys/param.h
configure:4895:  /home/att14/ultraxomb/build/gcc-obj/./gcc/xgcc -B/home/att14/ultraxomb/build/gcc-obj/./gcc/ -B/home/att14/ultraxomb/local/sparc64-sun-xomb/bin/ -B/home/att14/ultraxomb/local/sparc64-sun-xomb/lib/ -isystem /home/att14/ultraxomb/local/sparc64-sun-xomb/include -isystem /home/att14/ultraxomb/local/sparc64-sun-xomb/sys-include    -E  conftest.c
configure:4895: $? = 0
configure:4895: result: yes
configure:4895: checking for limits.h
configure:4895:  /home/att14/ultraxomb/build/gcc-obj/./gcc/xgcc -B/home/att14/ultraxomb/build/gcc-obj/./gcc/ -B/home/att14/ultraxomb/local/sparc64-sun-xomb/bin/ -B/home/att14/ultraxomb/local/sparc64-sun-xomb/lib/ -isystem /home/att14/ultraxomb/local/sparc64-sun-xomb/include -isystem /home/att14/ultraxomb/local/sparc64-sun-xomb/sys-include    -E  conftest.c
configure:4895: $? = 0
configure:4895: result: yes
configure:4895: checking for stdlib.h
configure:4895: result: yes
configure:4895: checking for malloc.h
configure:4895:  /home/att14/ultraxomb/build/gcc-obj/./gcc/xgcc -B/home/att14/ultraxomb/build/gcc-obj/./gcc/ -B/home/att14/ultraxomb/local/sparc64-sun-xomb/bin/ -B/home/att14/ultraxomb/local/sparc64-sun-xomb/lib/ -isystem /home/att14/ultraxomb/local/sparc64-sun-xomb/include -isystem /home/att14/ultraxomb/local/sparc64-sun-xomb/sys-include    -E  conftest.c
configure:4895: $? = 0
configure:4895: result: yes
configure:4895: checking for string.h
configure:4895: result: yes
configure:4895: checking for unistd.h
configure:4895: result: yes
configure:4895: checking for strings.h
configure:4895: result: yes
configure:4895: checking for sys/time.h
configure:4895:  /home/att14/ultraxomb/build/gcc-obj/./gcc/xgcc -B/home/att14/ultraxomb/build/gcc-obj/./gcc/ -B/home/att14/ultraxomb/local/sparc64-sun-xomb/bin/ -B/home/att14/ultraxomb/local/sparc64-sun-xomb/lib/ -isystem /home/att14/ultraxomb/local/sparc64-sun-xomb/include -isystem /home/att14/ultraxomb/local/sparc64-sun-xomb/sys-include    -E  conftest.c
configure:4895: $? = 0
configure:4895: result: yes
configure:4895: checking for time.h
configure:4895:  /home/att14/ultraxomb/build/gcc-obj/./gcc/xgcc -B/home/att14/ultraxomb/build/gcc-obj/./gcc/ -B/home/att14/ultraxomb/local/sparc64-sun-xomb/bin/ -B/home/att14/ultraxomb/local/sparc64-sun-xomb/lib/ -isystem /home/att14/ultraxomb/local/sparc64-sun-xomb/include -isystem /home/att14/ultraxomb/local/sparc64-sun-xomb/sys-include    -E  conftest.c
configure:4895: $? = 0
configure:4895: result: yes
configure:4895: checking for sys/resource.h
configure:4895:  /home/att14/ultraxomb/build/gcc-obj/./gcc/xgcc -B/home/att14/ultraxomb/build/gcc-obj/./gcc/ -B/home/att14/ultraxomb/local/sparc64-sun-xomb/bin/ -B/home/att14/ultraxomb/local/sparc64-sun-xomb/lib/ -isystem /home/att14/ultraxomb/local/sparc64-sun-xomb/include -isystem /home/att14/ultraxomb/local/sparc64-sun-xomb/sys-include    -E  conftest.c
configure:4895: $? = 0
configure:4895: result: yes
configure:4895: checking for sys/stat.h
configure:4895: result: yes
configure:4895: checking for sys/mman.h
configure:4895:  /home/att14/ultraxomb/build/gcc-obj/./gcc/xgcc -B/home/att14/ultraxomb/build/gcc-obj/./gcc/ -B/home/att14/ultraxomb/local/sparc64-sun-xomb/bin/ -B/home/att14/ultraxomb/local/sparc64-sun-xomb/lib/ -isystem /home/att14/ultraxomb/local/sparc64-sun-xomb/include -isystem /home/att14/ultraxomb/local/sparc64-sun-xomb/sys-include    -E  conftest.c
conftest.c:31:22: fatal error: sys/mman.h: No such file or directory
compilation terminated.
configure:4895: $? = 1
configure: failed program was:
| /* confdefs.h */
| #define PACKAGE_NAME ""
| #define PACKAGE_TARNAME ""
| #define PACKAGE_VERSION ""
| #define PACKAGE_STRING ""
| #define PACKAGE_BUGREPORT ""
| #define PACKAGE_URL ""
| #define STDC_HEADERS 1
| #define HAVE_SYS_TYPES_H 1
| #define HAVE_SYS_STAT_H 1
| #define HAVE_STDLIB_H 1
| #define HAVE_STRING_H 1
| #define HAVE_STRINGS_H 1
| #define HAVE_INTTYPES_H 1
| #define HAVE_STDINT_H 1
| #define HAVE_UNISTD_H 1
| #define WORDS_BIGENDIAN 1
| #define HAVE_SYS_FILE_H 1
| #define HAVE_SYS_PARAM_H 1
| #define HAVE_LIMITS_H 1
| #define HAVE_STDLIB_H 1
| #define HAVE_MALLOC_H 1
| #define HAVE_STRING_H 1
| #define HAVE_UNISTD_H 1
| #define HAVE_STRINGS_H 1
| #define HAVE_SYS_TIME_H 1
| #define HAVE_TIME_H 1
| #define HAVE_SYS_RESOURCE_H 1
| #define HAVE_SYS_STAT_H 1
| /* end confdefs.h.  */
| #include <sys/mman.h>
configure:4895: result: no
configure:4895: checking for fcntl.h
configure:4895:  /home/att14/ultraxomb/build/gcc-obj/./gcc/xgcc -B/home/att14/ultraxomb/build/gcc-obj/./gcc/ -B/home/att14/ultraxomb/local/sparc64-sun-xomb/bin/ -B/home/att14/ultraxomb/local/sparc64-sun-xomb/lib/ -isystem /home/att14/ultraxomb/local/sparc64-sun-xomb/include -isystem /home/att14/ultraxomb/local/sparc64-sun-xomb/sys-include    -E  conftest.c
configure:4895: $? = 0
configure:4895: result: yes
configure:4895: checking for alloca.h
configure:4895:  /home/att14/ultraxomb/build/gcc-obj/./gcc/xgcc -B/home/att14/ultraxomb/build/gcc-obj/./gcc/ -B/home/att14/ultraxomb/local/sparc64-sun-xomb/bin/ -B/home/att14/ultraxomb/local/sparc64-sun-xomb/lib/ -isystem /home/att14/ultraxomb/local/sparc64-sun-xomb/include -isystem /home/att14/ultraxomb/local/sparc64-sun-xomb/sys-include    -E  conftest.c
configure:4895: $? = 0
configure:4895: result: yes
configure:4895: checking for sys/pstat.h
configure:4895:  /home/att14/ultraxomb/build/gcc-obj/./gcc/xgcc -B/home/att14/ultraxomb/build/gcc-obj/./gcc/ -B/home/att14/ultraxomb/local/sparc64-sun-xomb/bin/ -B/home/att14/ultraxomb/local/sparc64-sun-xomb/lib/ -isystem /home/att14/ultraxomb/local/sparc64-sun-xomb/include -isystem /home/att14/ultraxomb/local/sparc64-sun-xomb/sys-include    -E  conftest.c
conftest.c:33:23: fatal error: sys/pstat.h: No such file or directory
compilation terminated.
configure:4895: $? = 1
configure: failed program was:
| /* confdefs.h */
| #define PACKAGE_NAME ""
| #define PACKAGE_TARNAME ""
| #define PACKAGE_VERSION ""
| #define PACKAGE_STRING ""
| #define PACKAGE_BUGREPORT ""
| #define PACKAGE_URL ""
| #define STDC_HEADERS 1
| #define HAVE_SYS_TYPES_H 1
| #define HAVE_SYS_STAT_H 1
| #define HAVE_STDLIB_H 1
| #define HAVE_STRING_H 1
| #define HAVE_STRINGS_H 1
| #define HAVE_INTTYPES_H 1
| #define HAVE_STDINT_H 1
| #define HAVE_UNISTD_H 1
| #define WORDS_BIGENDIAN 1
| #define HAVE_SYS_FILE_H 1
| #define HAVE_SYS_PARAM_H 1
| #define HAVE_LIMITS_H 1
| #define HAVE_STDLIB_H 1
| #define HAVE_MALLOC_H 1
| #define HAVE_STRING_H 1
| #define HAVE_UNISTD_H 1
| #define HAVE_STRINGS_H 1
| #define HAVE_SYS_TIME_H 1
| #define HAVE_TIME_H 1
| #define HAVE_SYS_RESOURCE_H 1
| #define HAVE_SYS_STAT_H 1
| #define HAVE_FCNTL_H 1
| #define HAVE_ALLOCA_H 1
| /* end confdefs.h.  */
| #include <sys/pstat.h>
configure:4895: result: no
configure:4895: checking for sys/sysmp.h
configure:4895:  /home/att14/ultraxomb/build/gcc-obj/./gcc/xgcc -B/home/att14/ultraxomb/build/gcc-obj/./gcc/ -B/home/att14/ultraxomb/local/sparc64-sun-xomb/bin/ -B/home/att14/ultraxomb/local/sparc64-sun-xomb/lib/ -isystem /home/att14/ultraxomb/local/sparc64-sun-xomb/include -isystem /home/att14/ultraxomb/local/sparc64-sun-xomb/sys-include    -E  conftest.c
conftest.c:33:23: fatal error: sys/sysmp.h: No such file or directory
compilation terminated.
configure:4895: $? = 1
configure: failed program was:
| /* confdefs.h */
| #define PACKAGE_NAME ""
| #define PACKAGE_TARNAME ""
| #define PACKAGE_VERSION ""
| #define PACKAGE_STRING ""
| #define PACKAGE_BUGREPORT ""
| #define PACKAGE_URL ""
| #define STDC_HEADERS 1
| #define HAVE_SYS_TYPES_H 1
| #define HAVE_SYS_STAT_H 1
| #define HAVE_STDLIB_H 1
| #define HAVE_STRING_H 1
| #define HAVE_STRINGS_H 1
| #define HAVE_INTTYPES_H 1
| #define HAVE_STDINT_H 1
| #define HAVE_UNISTD_H 1
| #define WORDS_BIGENDIAN 1
| #define HAVE_SYS_FILE_H 1
| #define HAVE_SYS_PARAM_H 1
| #define HAVE_LIMITS_H 1
| #define HAVE_STDLIB_H 1
| #define HAVE_MALLOC_H 1
| #define HAVE_STRING_H 1
| #define HAVE_UNISTD_H 1
| #define HAVE_STRINGS_H 1
| #define HAVE_SYS_TIME_H 1
| #define HAVE_TIME_H 1
| #define HAVE_SYS_RESOURCE_H 1
| #define HAVE_SYS_STAT_H 1
| #define HAVE_FCNTL_H 1
| #define HAVE_ALLOCA_H 1
| /* end confdefs.h.  */
| #include <sys/sysmp.h>
configure:4895: result: no
configure:4895: checking for sys/sysinfo.h
configure:4895:  /home/att14/ultraxomb/build/gcc-obj/./gcc/xgcc -B/home/att14/ultraxomb/build/gcc-obj/./gcc/ -B/home/att14/ultraxomb/local/sparc64-sun-xomb/bin/ -B/home/att14/ultraxomb/local/sparc64-sun-xomb/lib/ -isystem /home/att14/ultraxomb/local/sparc64-sun-xomb/include -isystem /home/att14/ultraxomb/local/sparc64-sun-xomb/sys-include    -E  conftest.c
conftest.c:33:25: fatal error: sys/sysinfo.h: No such file or directory
compilation terminated.
configure:4895: $? = 1
configure: failed program was:
| /* confdefs.h */
| #define PACKAGE_NAME ""
| #define PACKAGE_TARNAME ""
| #define PACKAGE_VERSION ""
| #define PACKAGE_STRING ""
| #define PACKAGE_BUGREPORT ""
| #define PACKAGE_URL ""
| #define STDC_HEADERS 1
| #define HAVE_SYS_TYPES_H 1
| #define HAVE_SYS_STAT_H 1
| #define HAVE_STDLIB_H 1
| #define HAVE_STRING_H 1
| #define HAVE_STRINGS_H 1
| #define HAVE_INTTYPES_H 1
| #define HAVE_STDINT_H 1
| #define HAVE_UNISTD_H 1
| #define WORDS_BIGENDIAN 1
| #define HAVE_SYS_FILE_H 1
| #define HAVE_SYS_PARAM_H 1
| #define HAVE_LIMITS_H 1
| #define HAVE_STDLIB_H 1
| #define HAVE_MALLOC_H 1
| #define HAVE_STRING_H 1
| #define HAVE_UNISTD_H 1
| #define HAVE_STRINGS_H 1
| #define HAVE_SYS_TIME_H 1
| #define HAVE_TIME_H 1
| #define HAVE_SYS_RESOURCE_H 1
| #define HAVE_SYS_STAT_H 1
| #define HAVE_FCNTL_H 1
| #define HAVE_ALLOCA_H 1
| /* end confdefs.h.  */
| #include <sys/sysinfo.h>
configure:4895: result: no
configure:4895: checking for machine/hal_sysinfo.h
configure:4895:  /home/att14/ultraxomb/build/gcc-obj/./gcc/xgcc -B/home/att14/ultraxomb/build/gcc-obj/./gcc/ -B/home/att14/ultraxomb/local/sparc64-sun-xomb/bin/ -B/home/att14/ultraxomb/local/sparc64-sun-xomb/lib/ -isystem /home/att14/ultraxomb/local/sparc64-sun-xomb/include -isystem /home/att14/ultraxomb/local/sparc64-sun-xomb/sys-include    -E  conftest.c
conftest.c:33:33: fatal error: machine/hal_sysinfo.h: No such file or directory
compilation terminated.
configure:4895: $? = 1
configure: failed program was:
| /* confdefs.h */
| #define PACKAGE_NAME ""
| #define PACKAGE_TARNAME ""
| #define PACKAGE_VERSION ""
| #define PACKAGE_STRING ""
| #define PACKAGE_BUGREPORT ""
| #define PACKAGE_URL ""
| #define STDC_HEADERS 1
| #define HAVE_SYS_TYPES_H 1
| #define HAVE_SYS_STAT_H 1
| #define HAVE_STDLIB_H 1
| #define HAVE_STRING_H 1
| #define HAVE_STRINGS_H 1
| #define HAVE_INTTYPES_H 1
| #define HAVE_STDINT_H 1
| #define HAVE_UNISTD_H 1
| #define WORDS_BIGENDIAN 1
| #define HAVE_SYS_FILE_H 1
| #define HAVE_SYS_PARAM_H 1
| #define HAVE_LIMITS_H 1
| #define HAVE_STDLIB_H 1
| #define HAVE_MALLOC_H 1
| #define HAVE_STRING_H 1
| #define HAVE_UNISTD_H 1
| #define HAVE_STRINGS_H 1
| #define HAVE_SYS_TIME_H 1
| #define HAVE_TIME_H 1
| #define HAVE_SYS_RESOURCE_H 1
| #define HAVE_SYS_STAT_H 1
| #define HAVE_FCNTL_H 1
| #define HAVE_ALLOCA_H 1
| /* end confdefs.h.  */
| #include <machine/hal_sysinfo.h>
configure:4895: result: no
configure:4895: checking for sys/table.h
configure:4895:  /home/att14/ultraxomb/build/gcc-obj/./gcc/xgcc -B/home/att14/ultraxomb/build/gcc-obj/./gcc/ -B/home/att14/ultraxomb/local/sparc64-sun-xomb/bin/ -B/home/att14/ultraxomb/local/sparc64-sun-xomb/lib/ -isystem /home/att14/ultraxomb/local/sparc64-sun-xomb/include -isystem /home/att14/ultraxomb/local/sparc64-sun-xomb/sys-include    -E  conftest.c
conftest.c:33:23: fatal error: sys/table.h: No such file or directory
compilation terminated.
configure:4895: $? = 1
configure: failed program was:
| /* confdefs.h */
| #define PACKAGE_NAME ""
| #define PACKAGE_TARNAME ""
| #define PACKAGE_VERSION ""
| #define PACKAGE_STRING ""
| #define PACKAGE_BUGREPORT ""
| #define PACKAGE_URL ""
| #define STDC_HEADERS 1
| #define HAVE_SYS_TYPES_H 1
| #define HAVE_SYS_STAT_H 1
| #define HAVE_STDLIB_H 1
| #define HAVE_STRING_H 1
| #define HAVE_STRINGS_H 1
| #define HAVE_INTTYPES_H 1
| #define HAVE_STDINT_H 1
| #define HAVE_UNISTD_H 1
| #define WORDS_BIGENDIAN 1
| #define HAVE_SYS_FILE_H 1
| #define HAVE_SYS_PARAM_H 1
| #define HAVE_LIMITS_H 1
| #define HAVE_STDLIB_H 1
| #define HAVE_MALLOC_H 1
| #define HAVE_STRING_H 1
| #define HAVE_UNISTD_H 1
| #define HAVE_STRINGS_H 1
| #define HAVE_SYS_TIME_H 1
| #define HAVE_TIME_H 1
| #define HAVE_SYS_RESOURCE_H 1
| #define HAVE_SYS_STAT_H 1
| #define HAVE_FCNTL_H 1
| #define HAVE_ALLOCA_H 1
| /* end confdefs.h.  */
| #include <sys/table.h>
configure:4895: result: no
configure:4895: checking for sys/sysctl.h
configure:4895:  /home/att14/ultraxomb/build/gcc-obj/./gcc/xgcc -B/home/att14/ultraxomb/build/gcc-obj/./gcc/ -B/home/att14/ultraxomb/local/sparc64-sun-xomb/bin/ -B/home/att14/ultraxomb/local/sparc64-sun-xomb/lib/ -isystem /home/att14/ultraxomb/local/sparc64-sun-xomb/include -isystem /home/att14/ultraxomb/local/sparc64-sun-xomb/sys-include    -E  conftest.c
conftest.c:33:24: fatal error: sys/sysctl.h: No such file or directory
compilation terminated.
configure:4895: $? = 1
configure: failed program was:
| /* confdefs.h */
| #define PACKAGE_NAME ""
| #define PACKAGE_TARNAME ""
| #define PACKAGE_VERSION ""
| #define PACKAGE_STRING ""
| #define PACKAGE_BUGREPORT ""
| #define PACKAGE_URL ""
| #define STDC_HEADERS 1
| #define HAVE_SYS_TYPES_H 1
| #define HAVE_SYS_STAT_H 1
| #define HAVE_STDLIB_H 1
| #define HAVE_STRING_H 1
| #define HAVE_STRINGS_H 1
| #define HAVE_INTTYPES_H 1
| #define HAVE_STDINT_H 1
| #define HAVE_UNISTD_H 1
| #define WORDS_BIGENDIAN 1
| #define HAVE_SYS_FILE_H 1
| #define HAVE_SYS_PARAM_H 1
| #define HAVE_LIMITS_H 1
| #define HAVE_STDLIB_H 1
| #define HAVE_MALLOC_H 1
| #define HAVE_STRING_H 1
| #define HAVE_UNISTD_H 1
| #define HAVE_STRINGS_H 1
| #define HAVE_SYS_TIME_H 1
| #define HAVE_TIME_H 1
| #define HAVE_SYS_RESOURCE_H 1
| #define HAVE_SYS_STAT_H 1
| #define HAVE_FCNTL_H 1
| #define HAVE_ALLOCA_H 1
| /* end confdefs.h.  */
| #include <sys/sysctl.h>
configure:4895: result: no
configure:4895: checking for sys/systemcfg.h
configure:4895:  /home/att14/ultraxomb/build/gcc-obj/./gcc/xgcc -B/home/att14/ultraxomb/build/gcc-obj/./gcc/ -B/home/att14/ultraxomb/local/sparc64-sun-xomb/bin/ -B/home/att14/ultraxomb/local/sparc64-sun-xomb/lib/ -isystem /home/att14/ultraxomb/local/sparc64-sun-xomb/include -isystem /home/att14/ultraxomb/local/sparc64-sun-xomb/sys-include    -E  conftest.c
conftest.c:33:27: fatal error: sys/systemcfg.h: No such file or directory
compilation terminated.
configure:4895: $? = 1
configure: failed program was:
| /* confdefs.h */
| #define PACKAGE_NAME ""
| #define PACKAGE_TARNAME ""
| #define PACKAGE_VERSION ""
| #define PACKAGE_STRING ""
| #define PACKAGE_BUGREPORT ""
| #define PACKAGE_URL ""
| #define STDC_HEADERS 1
| #define HAVE_SYS_TYPES_H 1
| #define HAVE_SYS_STAT_H 1
| #define HAVE_STDLIB_H 1
| #define HAVE_STRING_H 1
| #define HAVE_STRINGS_H 1
| #define HAVE_INTTYPES_H 1
| #define HAVE_STDINT_H 1
| #define HAVE_UNISTD_H 1
| #define WORDS_BIGENDIAN 1
| #define HAVE_SYS_FILE_H 1
| #define HAVE_SYS_PARAM_H 1
| #define HAVE_LIMITS_H 1
| #define HAVE_STDLIB_H 1
| #define HAVE_MALLOC_H 1
| #define HAVE_STRING_H 1
| #define HAVE_UNISTD_H 1
| #define HAVE_STRINGS_H 1
| #define HAVE_SYS_TIME_H 1
| #define HAVE_TIME_H 1
| #define HAVE_SYS_RESOURCE_H 1
| #define HAVE_SYS_STAT_H 1
| #define HAVE_FCNTL_H 1
| #define HAVE_ALLOCA_H 1
| /* end confdefs.h.  */
| #include <sys/systemcfg.h>
configure:4895: result: no
configure:4895: checking for stdint.h
configure:4895: result: yes
configure:4895: checking for stdio_ext.h
configure:4895:  /home/att14/ultraxomb/build/gcc-obj/./gcc/xgcc -B/home/att14/ultraxomb/build/gcc-obj/./gcc/ -B/home/att14/ultraxomb/local/sparc64-sun-xomb/bin/ -B/home/att14/ultraxomb/local/sparc64-sun-xomb/lib/ -isystem /home/att14/ultraxomb/local/sparc64-sun-xomb/include -isystem /home/att14/ultraxomb/local/sparc64-sun-xomb/sys-include    -E  conftest.c
conftest.c:34:23: fatal error: stdio_ext.h: No such file or directory
compilation terminated.
configure:4895: $? = 1
configure: failed program was:
| /* confdefs.h */
| #define PACKAGE_NAME ""
| #define PACKAGE_TARNAME ""
| #define PACKAGE_VERSION ""
| #define PACKAGE_STRING ""
| #define PACKAGE_BUGREPORT ""
| #define PACKAGE_URL ""
| #define STDC_HEADERS 1
| #define HAVE_SYS_TYPES_H 1
| #define HAVE_SYS_STAT_H 1
| #define HAVE_STDLIB_H 1
| #define HAVE_STRING_H 1
| #define HAVE_STRINGS_H 1
| #define HAVE_INTTYPES_H 1
| #define HAVE_STDINT_H 1
| #define HAVE_UNISTD_H 1
| #define WORDS_BIGENDIAN 1
| #define HAVE_SYS_FILE_H 1
| #define HAVE_SYS_PARAM_H 1
| #define HAVE_LIMITS_H 1
| #define HAVE_STDLIB_H 1
| #define HAVE_MALLOC_H 1
| #define HAVE_STRING_H 1
| #define HAVE_UNISTD_H 1
| #define HAVE_STRINGS_H 1
| #define HAVE_SYS_TIME_H 1
| #define HAVE_TIME_H 1
| #define HAVE_SYS_RESOURCE_H 1
| #define HAVE_SYS_STAT_H 1
| #define HAVE_FCNTL_H 1
| #define HAVE_ALLOCA_H 1
| #define HAVE_STDINT_H 1
| /* end confdefs.h.  */
| #include <stdio_ext.h>
configure:4895: result: no
configure:4905: checking for sys/wait.h that is POSIX.1 compatible
configure:4931:  /home/att14/ultraxomb/build/gcc-obj/./gcc/xgcc -B/home/att14/ultraxomb/build/gcc-obj/./gcc/ -B/home/att14/ultraxomb/local/sparc64-sun-xomb/bin/ -B/home/att14/ultraxomb/local/sparc64-sun-xomb/lib/ -isystem /home/att14/ultraxomb/local/sparc64-sun-xomb/include -isystem /home/att14/ultraxomb/local/sparc64-sun-xomb/sys-include    -c -g -O2  conftest.c >&5
configure:4931: $? = 0
configure:4938: result: yes
configure:4946: checking whether time.h and sys/time.h may both be included
configure:4966:  /home/att14/ultraxomb/build/gcc-obj/./gcc/xgcc -B/home/att14/ultraxomb/build/gcc-obj/./gcc/ -B/home/att14/ultraxomb/local/sparc64-sun-xomb/bin/ -B/home/att14/ultraxomb/local/sparc64-sun-xomb/lib/ -isystem /home/att14/ultraxomb/local/sparc64-sun-xomb/include -isystem /home/att14/ultraxomb/local/sparc64-sun-xomb/sys-include    -c -g -O2  conftest.c >&5
configure:4966: $? = 0
configure:4973: result: yes
configure:4982: checking whether errno must be declared
configure:4998:  /home/att14/ultraxomb/build/gcc-obj/./gcc/xgcc -B/home/att14/ultraxomb/build/gcc-obj/./gcc/ -B/home/att14/ultraxomb/local/sparc64-sun-xomb/bin/ -B/home/att14/ultraxomb/local/sparc64-sun-xomb/lib/ -isystem /home/att14/ultraxomb/local/sparc64-sun-xomb/include -isystem /home/att14/ultraxomb/local/sparc64-sun-xomb/sys-include    -c -g -O2  conftest.c >&5
configure:4998: $? = 0
configure:5005: result: no
configure:5019: checking size of int
configure:5024:  /home/att14/ultraxomb/build/gcc-obj/./gcc/xgcc -B/home/att14/ultraxomb/build/gcc-obj/./gcc/ -B/home/att14/ultraxomb/local/sparc64-sun-xomb/bin/ -B/home/att14/ultraxomb/local/sparc64-sun-xomb/lib/ -isystem /home/att14/ultraxomb/local/sparc64-sun-xomb/include -isystem /home/att14/ultraxomb/local/sparc64-sun-xomb/sys-include    -c -g -O2  conftest.c >&5
configure:5024: $? = 0
configure:5024:  /home/att14/ultraxomb/build/gcc-obj/./gcc/xgcc -B/home/att14/ultraxomb/build/gcc-obj/./gcc/ -B/home/att14/ultraxomb/local/sparc64-sun-xomb/bin/ -B/home/att14/ultraxomb/local/sparc64-sun-xomb/lib/ -isystem /home/att14/ultraxomb/local/sparc64-sun-xomb/include -isystem /home/att14/ultraxomb/local/sparc64-sun-xomb/sys-include    -c -g -O2  conftest.c >&5
conftest.c: In function 'main':
conftest.c:72:12: error: size of array 'test_array' is negative
configure:5024: $? = 1
configure: failed program was:
| /* confdefs.h */
| #define PACKAGE_NAME ""
| #define PACKAGE_TARNAME ""
| #define PACKAGE_VERSION ""
| #define PACKAGE_STRING ""
| #define PACKAGE_BUGREPORT ""
| #define PACKAGE_URL ""
| #define STDC_HEADERS 1
| #define HAVE_SYS_TYPES_H 1
| #define HAVE_SYS_STAT_H 1
| #define HAVE_STDLIB_H 1
| #define HAVE_STRING_H 1
| #define HAVE_STRINGS_H 1
| #define HAVE_INTTYPES_H 1
| #define HAVE_STDINT_H 1
| #define HAVE_UNISTD_H 1
| #define WORDS_BIGENDIAN 1
| #define HAVE_SYS_FILE_H 1
| #define HAVE_SYS_PARAM_H 1
| #define HAVE_LIMITS_H 1
| #define HAVE_STDLIB_H 1
| #define HAVE_MALLOC_H 1
| #define HAVE_STRING_H 1
| #define HAVE_UNISTD_H 1
| #define HAVE_STRINGS_H 1
| #define HAVE_SYS_TIME_H 1
| #define HAVE_TIME_H 1
| #define HAVE_SYS_RESOURCE_H 1
| #define HAVE_SYS_STAT_H 1
| #define HAVE_FCNTL_H 1
| #define HAVE_ALLOCA_H 1
| #define HAVE_STDINT_H 1
| #define HAVE_SYS_WAIT_H 1
| #define TIME_WITH_SYS_TIME 1
| /* end confdefs.h.  */
| #include <stdio.h>
| #ifdef HAVE_SYS_TYPES_H
| # include <sys/types.h>
| #endif
| #ifdef HAVE_SYS_STAT_H
| # include <sys/stat.h>
| #endif
| #ifdef STDC_HEADERS
| # include <stdlib.h>
| # include <stddef.h>
| #else
| # ifdef HAVE_STDLIB_H
| #  include <stdlib.h>
| # endif
| #endif
| #ifdef HAVE_STRING_H
| # if !defined STDC_HEADERS && defined HAVE_MEMORY_H
| #  include <memory.h>
| # endif
| # include <string.h>
| #endif
| #ifdef HAVE_STRINGS_H
| # include <strings.h>
| #endif
| #ifdef HAVE_INTTYPES_H
| # include <inttypes.h>
| #endif
| #ifdef HAVE_STDINT_H
| # include <stdint.h>
| #endif
| #ifdef HAVE_UNISTD_H
| # include <unistd.h>
| #endif
| int
| main ()
| {
| static int test_array [1 - 2 * !(((long int) (sizeof (int))) <= 0)];
| test_array [0] = 0
| 
|   ;
|   return 0;
| }
configure:5024:  /home/att14/ultraxomb/build/gcc-obj/./gcc/xgcc -B/home/att14/ultraxomb/build/gcc-obj/./gcc/ -B/home/att14/ultraxomb/local/sparc64-sun-xomb/bin/ -B/home/att14/ultraxomb/local/sparc64-sun-xomb/lib/ -isystem /home/att14/ultraxomb/local/sparc64-sun-xomb/include -isystem /home/att14/ultraxomb/local/sparc64-sun-xomb/sys-include    -c -g -O2  conftest.c >&5
conftest.c: In function 'main':
conftest.c:72:12: error: size of array 'test_array' is negative
configure:5024: $? = 1
configure: failed program was:
| /* confdefs.h */
| #define PACKAGE_NAME ""
| #define PACKAGE_TARNAME ""
| #define PACKAGE_VERSION ""
| #define PACKAGE_STRING ""
| #define PACKAGE_BUGREPORT ""
| #define PACKAGE_URL ""
| #define STDC_HEADERS 1
| #define HAVE_SYS_TYPES_H 1
| #define HAVE_SYS_STAT_H 1
| #define HAVE_STDLIB_H 1
| #define HAVE_STRING_H 1
| #define HAVE_STRINGS_H 1
| #define HAVE_INTTYPES_H 1
| #define HAVE_STDINT_H 1
| #define HAVE_UNISTD_H 1
| #define WORDS_BIGENDIAN 1
| #define HAVE_SYS_FILE_H 1
| #define HAVE_SYS_PARAM_H 1
| #define HAVE_LIMITS_H 1
| #define HAVE_STDLIB_H 1
| #define HAVE_MALLOC_H 1
| #define HAVE_STRING_H 1
| #define HAVE_UNISTD_H 1
| #define HAVE_STRINGS_H 1
| #define HAVE_SYS_TIME_H 1
| #define HAVE_TIME_H 1
| #define HAVE_SYS_RESOURCE_H 1
| #define HAVE_SYS_STAT_H 1
| #define HAVE_FCNTL_H 1
| #define HAVE_ALLOCA_H 1
| #define HAVE_STDINT_H 1
| #define HAVE_SYS_WAIT_H 1
| #define TIME_WITH_SYS_TIME 1
| /* end confdefs.h.  */
| #include <stdio.h>
| #ifdef HAVE_SYS_TYPES_H
| # include <sys/types.h>
| #endif
| #ifdef HAVE_SYS_STAT_H
| # include <sys/stat.h>
| #endif
| #ifdef STDC_HEADERS
| # include <stdlib.h>
| # include <stddef.h>
| #else
| # ifdef HAVE_STDLIB_H
| #  include <stdlib.h>
| # endif
| #endif
| #ifdef HAVE_STRING_H
| # if !defined STDC_HEADERS && defined HAVE_MEMORY_H
| #  include <memory.h>
| # endif
| # include <string.h>
| #endif
| #ifdef HAVE_STRINGS_H
| # include <strings.h>
| #endif
| #ifdef HAVE_INTTYPES_H
| # include <inttypes.h>
| #endif
| #ifdef HAVE_STDINT_H
| # include <stdint.h>
| #endif
| #ifdef HAVE_UNISTD_H
| # include <unistd.h>
| #endif
| int
| main ()
| {
| static int test_array [1 - 2 * !(((long int) (sizeof (int))) <= 1)];
| test_array [0] = 0
| 
|   ;
|   return 0;
| }
configure:5024:  /home/att14/ultraxomb/build/gcc-obj/./gcc/xgcc -B/home/att14/ultraxomb/build/gcc-obj/./gcc/ -B/home/att14/ultraxomb/local/sparc64-sun-xomb/bin/ -B/home/att14/ultraxomb/local/sparc64-sun-xomb/lib/ -isystem /home/att14/ultraxomb/local/sparc64-sun-xomb/include -isystem /home/att14/ultraxomb/local/sparc64-sun-xomb/sys-include    -c -g -O2  conftest.c >&5
conftest.c: In function 'main':
conftest.c:72:12: error: size of array 'test_array' is negative
configure:5024: $? = 1
configure: failed program was:
| /* confdefs.h */
| #define PACKAGE_NAME ""
| #define PACKAGE_TARNAME ""
| #define PACKAGE_VERSION ""
| #define PACKAGE_STRING ""
| #define PACKAGE_BUGREPORT ""
| #define PACKAGE_URL ""
| #define STDC_HEADERS 1
| #define HAVE_SYS_TYPES_H 1
| #define HAVE_SYS_STAT_H 1
| #define HAVE_STDLIB_H 1
| #define HAVE_STRING_H 1
| #define HAVE_STRINGS_H 1
| #define HAVE_INTTYPES_H 1
| #define HAVE_STDINT_H 1
| #define HAVE_UNISTD_H 1
| #define WORDS_BIGENDIAN 1
| #define HAVE_SYS_FILE_H 1
| #define HAVE_SYS_PARAM_H 1
| #define HAVE_LIMITS_H 1
| #define HAVE_STDLIB_H 1
| #define HAVE_MALLOC_H 1
| #define HAVE_STRING_H 1
| #define HAVE_UNISTD_H 1
| #define HAVE_STRINGS_H 1
| #define HAVE_SYS_TIME_H 1
| #define HAVE_TIME_H 1
| #define HAVE_SYS_RESOURCE_H 1
| #define HAVE_SYS_STAT_H 1
| #define HAVE_FCNTL_H 1
| #define HAVE_ALLOCA_H 1
| #define HAVE_STDINT_H 1
| #define HAVE_SYS_WAIT_H 1
| #define TIME_WITH_SYS_TIME 1
| /* end confdefs.h.  */
| #include <stdio.h>
| #ifdef HAVE_SYS_TYPES_H
| # include <sys/types.h>
| #endif
| #ifdef HAVE_SYS_STAT_H
| # include <sys/stat.h>
| #endif
| #ifdef STDC_HEADERS
| # include <stdlib.h>
| # include <stddef.h>
| #else
| # ifdef HAVE_STDLIB_H
| #  include <stdlib.h>
| # endif
| #endif
| #ifdef HAVE_STRING_H
| # if !defined STDC_HEADERS && defined HAVE_MEMORY_H
| #  include <memory.h>
| # endif
| # include <string.h>
| #endif
| #ifdef HAVE_STRINGS_H
| # include <strings.h>
| #endif
| #ifdef HAVE_INTTYPES_H
| # include <inttypes.h>
| #endif
| #ifdef HAVE_STDINT_H
| # include <stdint.h>
| #endif
| #ifdef HAVE_UNISTD_H
| # include <unistd.h>
| #endif
| int
| main ()
| {
| static int test_array [1 - 2 * !(((long int) (sizeof (int))) <= 3)];
| test_array [0] = 0
| 
|   ;
|   return 0;
| }
configure:5024:  /home/att14/ultraxomb/build/gcc-obj/./gcc/xgcc -B/home/att14/ultraxomb/build/gcc-obj/./gcc/ -B/home/att14/ultraxomb/local/sparc64-sun-xomb/bin/ -B/home/att14/ultraxomb/local/sparc64-sun-xomb/lib/ -isystem /home/att14/ultraxomb/local/sparc64-sun-xomb/include -isystem /home/att14/ultraxomb/local/sparc64-sun-xomb/sys-include    -c -g -O2  conftest.c >&5
configure:5024: $? = 0
configure:5024:  /home/att14/ultraxomb/build/gcc-obj/./gcc/xgcc -B/home/att14/ultraxomb/build/gcc-obj/./gcc/ -B/home/att14/ultraxomb/local/sparc64-sun-xomb/bin/ -B/home/att14/ultraxomb/local/sparc64-sun-xomb/lib/ -isystem /home/att14/ultraxomb/local/sparc64-sun-xomb/include -isystem /home/att14/ultraxomb/local/sparc64-sun-xomb/sys-include    -c -g -O2  conftest.c >&5
configure:5024: $? = 0
configure:5024:  /home/att14/ultraxomb/build/gcc-obj/./gcc/xgcc -B/home/att14/ultraxomb/build/gcc-obj/./gcc/ -B/home/att14/ultraxomb/local/sparc64-sun-xomb/bin/ -B/home/att14/ultraxomb/local/sparc64-sun-xomb/lib/ -isystem /home/att14/ultraxomb/local/sparc64-sun-xomb/include -isystem /home/att14/ultraxomb/local/sparc64-sun-xomb/sys-include    -c -g -O2  conftest.c >&5
configure:5024: $? = 0
configure:5039: result: 4
configure:5051: checking for a 64-bit type
configure:5069:  /home/att14/ultraxomb/build/gcc-obj/./gcc/xgcc -B/home/att14/ultraxomb/build/gcc-obj/./gcc/ -B/home/att14/ultraxomb/local/sparc64-sun-xomb/bin/ -B/home/att14/ultraxomb/local/sparc64-sun-xomb/lib/ -isystem /home/att14/ultraxomb/local/sparc64-sun-xomb/include -isystem /home/att14/ultraxomb/local/sparc64-sun-xomb/sys-include    -c -g -O2  conftest.c >&5
configure:5069: $? = 0
configure:5119: result: uint64_t
configure:5130: checking for intptr_t
configure:5130:  /home/att14/ultraxomb/build/gcc-obj/./gcc/xgcc -B/home/att14/ultraxomb/build/gcc-obj/./gcc/ -B/home/att14/ultraxomb/local/sparc64-sun-xomb/bin/ -B/home/att14/ultraxomb/local/sparc64-sun-xomb/lib/ -isystem /home/att14/ultraxomb/local/sparc64-sun-xomb/include -isystem /home/att14/ultraxomb/local/sparc64-sun-xomb/sys-include    -c -g -O2  conftest.c >&5
configure:5130: $? = 0
configure:5130:  /home/att14/ultraxomb/build/gcc-obj/./gcc/xgcc -B/home/att14/ultraxomb/build/gcc-obj/./gcc/ -B/home/att14/ultraxomb/local/sparc64-sun-xomb/bin/ -B/home/att14/ultraxomb/local/sparc64-sun-xomb/lib/ -isystem /home/att14/ultraxomb/local/sparc64-sun-xomb/include -isystem /home/att14/ultraxomb/local/sparc64-sun-xomb/sys-include    -c -g -O2  conftest.c >&5
conftest.c: In function 'main':
conftest.c:74:23: error: expected expression before ')' token
configure:5130: $? = 1
configure: failed program was:
| /* confdefs.h */
| #define PACKAGE_NAME ""
| #define PACKAGE_TARNAME ""
| #define PACKAGE_VERSION ""
| #define PACKAGE_STRING ""
| #define PACKAGE_BUGREPORT ""
| #define PACKAGE_URL ""
| #define STDC_HEADERS 1
| #define HAVE_SYS_TYPES_H 1
| #define HAVE_SYS_STAT_H 1
| #define HAVE_STDLIB_H 1
| #define HAVE_STRING_H 1
| #define HAVE_STRINGS_H 1
| #define HAVE_INTTYPES_H 1
| #define HAVE_STDINT_H 1
| #define HAVE_UNISTD_H 1
| #define WORDS_BIGENDIAN 1
| #define HAVE_SYS_FILE_H 1
| #define HAVE_SYS_PARAM_H 1
| #define HAVE_LIMITS_H 1
| #define HAVE_STDLIB_H 1
| #define HAVE_MALLOC_H 1
| #define HAVE_STRING_H 1
| #define HAVE_UNISTD_H 1
| #define HAVE_STRINGS_H 1
| #define HAVE_SYS_TIME_H 1
| #define HAVE_TIME_H 1
| #define HAVE_SYS_RESOURCE_H 1
| #define HAVE_SYS_STAT_H 1
| #define HAVE_FCNTL_H 1
| #define HAVE_ALLOCA_H 1
| #define HAVE_STDINT_H 1
| #define HAVE_SYS_WAIT_H 1
| #define TIME_WITH_SYS_TIME 1
| #define SIZEOF_INT 4
| #define UNSIGNED_64BIT_TYPE uint64_t
| /* end confdefs.h.  */
| #include <stdio.h>
| #ifdef HAVE_SYS_TYPES_H
| # include <sys/types.h>
| #endif
| #ifdef HAVE_SYS_STAT_H
| # include <sys/stat.h>
| #endif
| #ifdef STDC_HEADERS
| # include <stdlib.h>
| # include <stddef.h>
| #else
| # ifdef HAVE_STDLIB_H
| #  include <stdlib.h>
| # endif
| #endif
| #ifdef HAVE_STRING_H
| # if !defined STDC_HEADERS && defined HAVE_MEMORY_H
| #  include <memory.h>
| # endif
| # include <string.h>
| #endif
| #ifdef HAVE_STRINGS_H
| # include <strings.h>
| #endif
| #ifdef HAVE_INTTYPES_H
| # include <inttypes.h>
| #endif
| #ifdef HAVE_STDINT_H
| # include <stdint.h>
| #endif
| #ifdef HAVE_UNISTD_H
| # include <unistd.h>
| #endif
| int
| main ()
| {
| if (sizeof ((intptr_t)))
| 	    return 0;
|   ;
|   return 0;
| }
configure:5130: result: yes
configure:5165: checking for uintptr_t
configure:5165:  /home/att14/ultraxomb/build/gcc-obj/./gcc/xgcc -B/home/att14/ultraxomb/build/gcc-obj/./gcc/ -B/home/att14/ultraxomb/local/sparc64-sun-xomb/bin/ -B/home/att14/ultraxomb/local/sparc64-sun-xomb/lib/ -isystem /home/att14/ultraxomb/local/sparc64-sun-xomb/include -isystem /home/att14/ultraxomb/local/sparc64-sun-xomb/sys-include    -c -g -O2  conftest.c >&5
configure:5165: $? = 0
configure:5165:  /home/att14/ultraxomb/build/gcc-obj/./gcc/xgcc -B/home/att14/ultraxomb/build/gcc-obj/./gcc/ -B/home/att14/ultraxomb/local/sparc64-sun-xomb/bin/ -B/home/att14/ultraxomb/local/sparc64-sun-xomb/lib/ -isystem /home/att14/ultraxomb/local/sparc64-sun-xomb/include -isystem /home/att14/ultraxomb/local/sparc64-sun-xomb/sys-include    -c -g -O2  conftest.c >&5
conftest.c: In function 'main':
conftest.c:75:24: error: expected expression before ')' token
configure:5165: $? = 1
configure: failed program was:
| /* confdefs.h */
| #define PACKAGE_NAME ""
| #define PACKAGE_TARNAME ""
| #define PACKAGE_VERSION ""
| #define PACKAGE_STRING ""
| #define PACKAGE_BUGREPORT ""
| #define PACKAGE_URL ""
| #define STDC_HEADERS 1
| #define HAVE_SYS_TYPES_H 1
| #define HAVE_SYS_STAT_H 1
| #define HAVE_STDLIB_H 1
| #define HAVE_STRING_H 1
| #define HAVE_STRINGS_H 1
| #define HAVE_INTTYPES_H 1
| #define HAVE_STDINT_H 1
| #define HAVE_UNISTD_H 1
| #define WORDS_BIGENDIAN 1
| #define HAVE_SYS_FILE_H 1
| #define HAVE_SYS_PARAM_H 1
| #define HAVE_LIMITS_H 1
| #define HAVE_STDLIB_H 1
| #define HAVE_MALLOC_H 1
| #define HAVE_STRING_H 1
| #define HAVE_UNISTD_H 1
| #define HAVE_STRINGS_H 1
| #define HAVE_SYS_TIME_H 1
| #define HAVE_TIME_H 1
| #define HAVE_SYS_RESOURCE_H 1
| #define HAVE_SYS_STAT_H 1
| #define HAVE_FCNTL_H 1
| #define HAVE_ALLOCA_H 1
| #define HAVE_STDINT_H 1
| #define HAVE_SYS_WAIT_H 1
| #define TIME_WITH_SYS_TIME 1
| #define SIZEOF_INT 4
| #define UNSIGNED_64BIT_TYPE uint64_t
| #define HAVE_INTPTR_T 1
| /* end confdefs.h.  */
| #include <stdio.h>
| #ifdef HAVE_SYS_TYPES_H
| # include <sys/types.h>
| #endif
| #ifdef HAVE_SYS_STAT_H
| # include <sys/stat.h>
| #endif
| #ifdef STDC_HEADERS
| # include <stdlib.h>
| # include <stddef.h>
| #else
| # ifdef HAVE_STDLIB_H
| #  include <stdlib.h>
| # endif
| #endif
| #ifdef HAVE_STRING_H
| # if !defined STDC_HEADERS && defined HAVE_MEMORY_H
| #  include <memory.h>
| # endif
| # include <string.h>
| #endif
| #ifdef HAVE_STRINGS_H
| # include <strings.h>
| #endif
| #ifdef HAVE_INTTYPES_H
| # include <inttypes.h>
| #endif
| #ifdef HAVE_STDINT_H
| # include <stdint.h>
| #endif
| #ifdef HAVE_UNISTD_H
| # include <unistd.h>
| #endif
| int
| main ()
| {
| if (sizeof ((uintptr_t)))
| 	    return 0;
|   ;
|   return 0;
| }
configure:5165: result: yes
configure:5208: checking for pid_t
configure:5208:  /home/att14/ultraxomb/build/gcc-obj/./gcc/xgcc -B/home/att14/ultraxomb/build/gcc-obj/./gcc/ -B/home/att14/ultraxomb/local/sparc64-sun-xomb/bin/ -B/home/att14/ultraxomb/local/sparc64-sun-xomb/lib/ -isystem /home/att14/ultraxomb/local/sparc64-sun-xomb/include -isystem /home/att14/ultraxomb/local/sparc64-sun-xomb/sys-include    -c -g -O2  conftest.c >&5
configure:5208: $? = 0
configure:5208:  /home/att14/ultraxomb/build/gcc-obj/./gcc/xgcc -B/home/att14/ultraxomb/build/gcc-obj/./gcc/ -B/home/att14/ultraxomb/local/sparc64-sun-xomb/bin/ -B/home/att14/ultraxomb/local/sparc64-sun-xomb/lib/ -isystem /home/att14/ultraxomb/local/sparc64-sun-xomb/include -isystem /home/att14/ultraxomb/local/sparc64-sun-xomb/sys-include    -c -g -O2  conftest.c >&5
conftest.c: In function 'main':
conftest.c:77:20: error: expected expression before ')' token
configure:5208: $? = 1
configure: failed program was:
| /* confdefs.h */
| #define PACKAGE_NAME ""
| #define PACKAGE_TARNAME ""
| #define PACKAGE_VERSION ""
| #define PACKAGE_STRING ""
| #define PACKAGE_BUGREPORT ""
| #define PACKAGE_URL ""
| #define STDC_HEADERS 1
| #define HAVE_SYS_TYPES_H 1
| #define HAVE_SYS_STAT_H 1
| #define HAVE_STDLIB_H 1
| #define HAVE_STRING_H 1
| #define HAVE_STRINGS_H 1
| #define HAVE_INTTYPES_H 1
| #define HAVE_STDINT_H 1
| #define HAVE_UNISTD_H 1
| #define WORDS_BIGENDIAN 1
| #define HAVE_SYS_FILE_H 1
| #define HAVE_SYS_PARAM_H 1
| #define HAVE_LIMITS_H 1
| #define HAVE_STDLIB_H 1
| #define HAVE_MALLOC_H 1
| #define HAVE_STRING_H 1
| #define HAVE_UNISTD_H 1
| #define HAVE_STRINGS_H 1
| #define HAVE_SYS_TIME_H 1
| #define HAVE_TIME_H 1
| #define HAVE_SYS_RESOURCE_H 1
| #define HAVE_SYS_STAT_H 1
| #define HAVE_FCNTL_H 1
| #define HAVE_ALLOCA_H 1
| #define HAVE_STDINT_H 1
| #define HAVE_SYS_WAIT_H 1
| #define TIME_WITH_SYS_TIME 1
| #define SIZEOF_INT 4
| #define UNSIGNED_64BIT_TYPE uint64_t
| #define HAVE_INTPTR_T 1
| #define HAVE_UINTPTR_T 1
| #define HAVE_UINTPTR_T 1
| /* end confdefs.h.  */
| #include <stdio.h>
| #ifdef HAVE_SYS_TYPES_H
| # include <sys/types.h>
| #endif
| #ifdef HAVE_SYS_STAT_H
| # include <sys/stat.h>
| #endif
| #ifdef STDC_HEADERS
| # include <stdlib.h>
| # include <stddef.h>
| #else
| # ifdef HAVE_STDLIB_H
| #  include <stdlib.h>
| # endif
| #endif
| #ifdef HAVE_STRING_H
| # if !defined STDC_HEADERS && defined HAVE_MEMORY_H
| #  include <memory.h>
| # endif
| # include <string.h>
| #endif
| #ifdef HAVE_STRINGS_H
| # include <strings.h>
| #endif
| #ifdef HAVE_INTTYPES_H
| # include <inttypes.h>
| #endif
| #ifdef HAVE_STDINT_H
| # include <stdint.h>
| #endif
| #ifdef HAVE_UNISTD_H
| # include <unistd.h>
| #endif
| int
| main ()
| {
| if (sizeof ((pid_t)))
| 	    return 0;
|   ;
|   return 0;
| }
configure:5208: result: yes
configure:6552: checking for stdlib.h
configure:6552: result: yes
configure:6552: checking for unistd.h
configure:6552: result: yes
configure:6564: checking for getpagesize
configure:6564:  /home/att14/ultraxomb/build/gcc-obj/./gcc/xgcc -B/home/att14/ultraxomb/build/gcc-obj/./gcc/ -B/home/att14/ultraxomb/local/sparc64-sun-xomb/bin/ -B/home/att14/ultraxomb/local/sparc64-sun-xomb/lib/ -isystem /home/att14/ultraxomb/local/sparc64-sun-xomb/include -isystem /home/att14/ultraxomb/local/sparc64-sun-xomb/sys-include    -o conftest -g -O2   conftest.c  >&5
/home/att14/ultraxomb/local/sparc64-sun-xomb/bin/ld: warning: cannot find entry symbol _start; defaulting to 00000000004000c0
/tmp/ccDKXpNO.o: In function `main':
/home/att14/ultraxomb/build/gcc-obj/sparc64-sun-xomb/libiberty/conftest.c:122: undefined reference to `getpagesize'
/home/att14/ultraxomb/build/gcc-obj/sparc64-sun-xomb/libiberty/conftest.c:122: undefined reference to `getpagesize'
/home/att14/ultraxomb/build/gcc-obj/sparc64-sun-xomb/libiberty/conftest.c:122: undefined reference to `getpagesize'
/home/att14/ultraxomb/build/gcc-obj/sparc64-sun-xomb/libiberty/conftest.c:122: undefined reference to `getpagesize'
/tmp/ccDKXpNO.o:(.data+0x0): undefined reference to `getpagesize'
collect2: ld returned 1 exit status
configure:6564: $? = 1
configure: failed program was:
| /* confdefs.h */
| #define PACKAGE_NAME ""
| #define PACKAGE_TARNAME ""
| #define PACKAGE_VERSION ""
| #define PACKAGE_STRING ""
| #define PACKAGE_BUGREPORT ""
| #define PACKAGE_URL ""
| #define STDC_HEADERS 1
| #define HAVE_SYS_TYPES_H 1
| #define HAVE_SYS_STAT_H 1
| #define HAVE_STDLIB_H 1
| #define HAVE_STRING_H 1
| #define HAVE_STRINGS_H 1
| #define HAVE_INTTYPES_H 1
| #define HAVE_STDINT_H 1
| #define HAVE_UNISTD_H 1
| #define WORDS_BIGENDIAN 1
| #define HAVE_SYS_FILE_H 1
| #define HAVE_SYS_PARAM_H 1
| #define HAVE_LIMITS_H 1
| #define HAVE_STDLIB_H 1
| #define HAVE_MALLOC_H 1
| #define HAVE_STRING_H 1
| #define HAVE_UNISTD_H 1
| #define HAVE_STRINGS_H 1
| #define HAVE_SYS_TIME_H 1
| #define HAVE_TIME_H 1
| #define HAVE_SYS_RESOURCE_H 1
| #define HAVE_SYS_STAT_H 1
| #define HAVE_FCNTL_H 1
| #define HAVE_ALLOCA_H 1
| #define HAVE_STDINT_H 1
| #define HAVE_SYS_WAIT_H 1
| #define TIME_WITH_SYS_TIME 1
| #define SIZEOF_INT 4
| #define UNSIGNED_64BIT_TYPE uint64_t
| #define HAVE_INTPTR_T 1
| #define HAVE_UINTPTR_T 1
| #define HAVE_UINTPTR_T 1
| #define HAVE_ATEXIT 1
| #define HAVE_BCMP 1
| #define HAVE_BCOPY 1
| #define HAVE_BSEARCH 1
| #define HAVE_BZERO 1
| #define HAVE_CALLOC 1
| #define HAVE_CLOCK 1
| #define HAVE_FFS 1
| #define HAVE_GETCWD 1
| #define HAVE_GETPAGESIZE 1
| #define HAVE_GETTIMEOFDAY 1
| #define HAVE_INDEX 1
| #define HAVE_MEMCHR 1
| #define HAVE_MEMCMP 1
| #define HAVE_MEMCPY 1
| #define HAVE_MEMMEM 1
| #define HAVE_MEMMOVE 1
| #define HAVE_MEMPCPY 1
| #define HAVE_MEMSET 1
| #define HAVE_MKSTEMPS 1
| #define HAVE_PUTENV 1
| #define HAVE_RENAME 1
| #define HAVE_RINDEX 1
| #define HAVE_SETENV 1
| #define HAVE_SNPRINTF 1
| #define HAVE_SIGSETMASK 1
| #define HAVE_STPCPY 1
| #define HAVE_STPNCPY 1
| #define HAVE_STRCASECMP 1
| #define HAVE_STRCHR 1
| #define HAVE_STRNCASECMP 1
| #define HAVE_STRNDUP 1
| #define HAVE_STRRCHR 1
| #define HAVE_STRSTR 1
| #define HAVE_STRTOD 1
| #define HAVE_STRTOL 1
| #define HAVE_STRTOUL 1
| #define HAVE_STRVERSCMP 1
| #define HAVE_TMPNAM 1
| #define HAVE_VFPRINTF 1
| #define HAVE_VPRINTF 1
| #define HAVE_VSNPRINTF 1
| #define HAVE_VSPRINTF 1
| #define HAVE_WAITPID 1
| #define HAVE_STRERROR 1
| #define HAVE_STDLIB_H 1
| #define HAVE_UNISTD_H 1
| /* end confdefs.h.  */
| /* System header to define __stub macros and hopefully few prototypes,
|     which can conflict with char getpagesize (); below.
|     Prefer <limits.h> to <assert.h> if __STDC__ is defined, since
|     <limits.h> exists even on freestanding compilers.  Under hpux,
|     including <limits.h> includes <sys/time.h> and causes problems
|     checking for functions defined therein.  */
| #if defined (__STDC__) && !defined (_HPUX_SOURCE)
| # include <limits.h>
| #else
| # include <assert.h>
| #endif
| /* Override any gcc2 internal prototype to avoid an error.  */
| #ifdef __cplusplus
| extern "C"
| {
| #endif
| /* We use char because int might match the return type of a gcc2
|    builtin and then its argument prototype would still apply.  */
| char getpagesize ();
| /* The GNU C library defines this for functions which it implements
|     to always fail with ENOSYS.  Some functions are actually named
|     something starting with __ and the normal name is an alias.  */
| #if defined (__stub_getpagesize) || defined (__stub___getpagesize)
| choke me
| #else
| char (*f) () = getpagesize;
| #endif
| #ifdef __cplusplus
| }
| #endif
| 
| int
| main ()
| {
| return f != getpagesize;
|   ;
|   return 0;
| }
configure:6564: result: no
configure:6573: checking for working mmap
configure:6720: result: no
configure:6731: checking for working strncmp
configure:6814: result: no
configure:6919: updating cache ./config.cache
configure:6957: creating ./config.status

## ---------------------- ##
## Running config.status. ##
## ---------------------- ##

This file was extended by config.status, which was
generated by GNU Autoconf 2.64.  Invocation command line was

  CONFIG_FILES    = 
  CONFIG_HEADERS  = 
  CONFIG_LINKS    = 
  CONFIG_COMMANDS = 
  $ ./config.status 

on deadreckoning

config.status:947: creating Makefile
config.status:947: creating testsuite/Makefile
config.status:947: creating config.h
config.status:1125: executing default commands

## ---------------- ##
## Cache variables. ##
## ---------------- ##

ac_cv_build=x86_64-unknown-linux-gnu
ac_cv_c_bigendian=yes
ac_cv_c_compiler_gnu=yes
ac_cv_c_const=yes
ac_cv_c_inline=inline
ac_cv_env_CC_set=set
ac_cv_env_CC_value=' /home/att14/ultraxomb/build/gcc-obj/./gcc/xgcc -B/home/att14/ultraxomb/build/gcc-obj/./gcc/ -B/home/att14/ultraxomb/local/sparc64-sun-xomb/bin/ -B/home/att14/ultraxomb/local/sparc64-sun-xomb/lib/ -isystem /home/att14/ultraxomb/local/sparc64-sun-xomb/include -isystem /home/att14/ultraxomb/local/sparc64-sun-xomb/sys-include   '
ac_cv_env_CFLAGS_set=set
ac_cv_env_CFLAGS_value='-g -O2'
ac_cv_env_CPPFLAGS_set=set
ac_cv_env_CPPFLAGS_value=
ac_cv_env_CPP_set=
ac_cv_env_CPP_value=
ac_cv_env_LDFLAGS_set=set
ac_cv_env_LDFLAGS_value=
ac_cv_env_LIBS_set=
ac_cv_env_LIBS_value=
ac_cv_env_build_alias_set=set
ac_cv_env_build_alias_value=x86_64-unknown-linux-gnu
ac_cv_env_host_alias_set=set
ac_cv_env_host_alias_value=sparc64-sun-xomb
ac_cv_env_target_alias_set=set
ac_cv_env_target_alias_value=sparc64-sun-xomb
ac_cv_func_getpagesize=no
ac_cv_func_mmap_fixed_mapped=no
ac_cv_func_strncmp_works=no
ac_cv_header_alloca_h=yes
ac_cv_header_fcntl_h=yes
ac_cv_header_inttypes_h=yes
ac_cv_header_limits_h=yes
ac_cv_header_machine_hal_sysinfo_h=no
ac_cv_header_malloc_h=yes
ac_cv_header_memory_h=no
ac_cv_header_stdc=yes
ac_cv_header_stdint_h=yes
ac_cv_header_stdio_ext_h=no
ac_cv_header_stdlib_h=yes
ac_cv_header_string_h=yes
ac_cv_header_strings_h=yes
ac_cv_header_sys_file_h=yes
ac_cv_header_sys_mman_h=no
ac_cv_header_sys_param_h=yes
ac_cv_header_sys_pstat_h=no
ac_cv_header_sys_resource_h=yes
ac_cv_header_sys_stat_h=yes
ac_cv_header_sys_sysctl_h=no
ac_cv_header_sys_sysinfo_h=no
ac_cv_header_sys_sysmp_h=no
ac_cv_header_sys_systemcfg_h=no
ac_cv_header_sys_table_h=no
ac_cv_header_sys_time_h=yes
ac_cv_header_sys_types_h=yes
ac_cv_header_sys_wait_h=yes
ac_cv_header_time=yes
ac_cv_header_time_h=yes
ac_cv_header_unistd_h=yes
ac_cv_host=sparc64-sun-xomb
ac_cv_objext=o
ac_cv_path_EGREP='/bin/grep -E'
ac_cv_path_GREP=/bin/grep
ac_cv_path_install='/bin/install -c'
ac_cv_prog_AR=/home/att14/ultraxomb/local/sparc64-sun-xomb/bin/ar
ac_cv_prog_CC=' /home/att14/ultraxomb/build/gcc-obj/./gcc/xgcc -B/home/att14/ultraxomb/build/gcc-obj/./gcc/ -B/home/att14/ultraxomb/local/sparc64-sun-xomb/bin/ -B/home/att14/ultraxomb/local/sparc64-sun-xomb/lib/ -isystem /home/att14/ultraxomb/local/sparc64-sun-xomb/include -isystem /home/att14/ultraxomb/local/sparc64-sun-xomb/sys-include   '
ac_cv_prog_CPP=' /home/att14/ultraxomb/build/gcc-obj/./gcc/xgcc -B/home/att14/ultraxomb/build/gcc-obj/./gcc/ -B/home/att14/ultraxomb/local/sparc64-sun-xomb/bin/ -B/home/att14/ultraxomb/local/sparc64-sun-xomb/lib/ -isystem /home/att14/ultraxomb/local/sparc64-sun-xomb/include -isystem /home/att14/ultraxomb/local/sparc64-sun-xomb/sys-include    -E'
ac_cv_prog_MAKEINFO=makeinfo
ac_cv_prog_PERL=perl
ac_cv_prog_RANLIB=/home/att14/ultraxomb/local/sparc64-sun-xomb/bin/ranlib
ac_cv_prog_cc__home_att14_ultraxomb_build_gcc_obj___gcc_xgcc_c_o=yes
ac_cv_prog_cc_c89=
ac_cv_prog_cc_g=yes
ac_cv_sizeof_int=4
ac_cv_sys_file_offset_bits=no
ac_cv_sys_largefile_CC=no
ac_cv_type_intptr_t=yes
ac_cv_type_pid_t=yes
ac_cv_type_uintptr_t=yes
acx_cv_prog_cc_pedantic_=yes
acx_cv_prog_cc_warning__W=yes
acx_cv_prog_cc_warning__Wall=yes
acx_cv_prog_cc_warning__Wcpp_compat=yes
acx_cv_prog_cc_warning__Wstrict_prototypes=yes
acx_cv_prog_cc_warning__Wwrite_strings=yes
liberty_cv_uint64=uint64_t
libiberty_cv_declare_errno=no

## ----------------- ##
## Output variables. ##
## ----------------- ##

AR='/home/att14/ultraxomb/local/sparc64-sun-xomb/bin/ar'
BUILD_INFO='info'
CC=' /home/att14/ultraxomb/build/gcc-obj/./gcc/xgcc -B/home/att14/ultraxomb/build/gcc-obj/./gcc/ -B/home/att14/ultraxomb/local/sparc64-sun-xomb/bin/ -B/home/att14/ultraxomb/local/sparc64-sun-xomb/lib/ -isystem /home/att14/ultraxomb/local/sparc64-sun-xomb/include -isystem /home/att14/ultraxomb/local/sparc64-sun-xomb/sys-include   '
CFLAGS='-g -O2'
CHECK=''
CPP=' /home/att14/ultraxomb/build/gcc-obj/./gcc/xgcc -B/home/att14/ultraxomb/build/gcc-obj/./gcc/ -B/home/att14/ultraxomb/local/sparc64-sun-xomb/bin/ -B/home/att14/ultraxomb/local/sparc64-sun-xomb/lib/ -isystem /home/att14/ultraxomb/local/sparc64-sun-xomb/include -isystem /home/att14/ultraxomb/local/sparc64-sun-xomb/sys-include    -E'
CPPFLAGS=''
DEFS='-DHAVE_CONFIG_H'
ECHO_C=''
ECHO_N='-n'
ECHO_T=''
EGREP='/bin/grep -E'
EXEEXT=''
GREP='/bin/grep'
HAVE_PERL=''
INSTALL_DATA='${INSTALL} -m 644'
INSTALL_DEST='tooldir'
INSTALL_PROGRAM='${INSTALL}'
INSTALL_SCRIPT='${INSTALL}'
LDFLAGS=''
LIBOBJS=' ${LIBOBJDIR}./asprintf$U.o ${LIBOBJDIR}./basename$U.o ${LIBOBJDIR}./insque$U.o ${LIBOBJDIR}./random$U.o ${LIBOBJDIR}./strdup$U.o ${LIBOBJDIR}./vasprintf$U.o ${LIBOBJDIR}./strncmp$U.o'
LIBS=''
LTLIBOBJS=' ${LIBOBJDIR}./asprintf$U.lo ${LIBOBJDIR}./basename$U.lo ${LIBOBJDIR}./insque$U.lo ${LIBOBJDIR}./random$U.lo ${LIBOBJDIR}./strdup$U.lo ${LIBOBJDIR}./vasprintf$U.lo ${LIBOBJDIR}./strncmp$U.lo'
MAINT='#'
MAKEINFO='makeinfo'
NOTMAINT=''
NO_MINUS_C_MINUS_O=''
OBJEXT='o'
OUTPUT_OPTION='-o $@'
PACKAGE_BUGREPORT=''
PACKAGE_NAME=''
PACKAGE_STRING=''
PACKAGE_TARNAME=''
PACKAGE_URL=''
PACKAGE_VERSION=''
PATH_SEPARATOR=':'
PERL='perl'
PICFLAG=''
RANLIB='/home/att14/ultraxomb/local/sparc64-sun-xomb/bin/ranlib'
SHELL='/bin/sh'
ac_ct_CC=''
ac_libiberty_warn_cflags='-W -Wall -Wwrite-strings -Wc++-compat -Wstrict-prototypes -pedantic '
bindir='${exec_prefix}/bin'
build='x86_64-unknown-linux-gnu'
build_alias='x86_64-unknown-linux-gnu'
build_cpu='x86_64'
build_os='linux-gnu'
build_vendor='unknown'
datadir='${datarootdir}'
datarootdir='${prefix}/share'
docdir='${datarootdir}/doc/${PACKAGE}'
dvidir='${docdir}'
exec_prefix='${prefix}'
host='sparc64-sun-xomb'
host_alias='sparc64-sun-xomb'
host_cpu='sparc64'
host_os='xomb'
host_vendor='sun'
htmldir='${docdir}'
includedir='${prefix}/include'
infodir='${datarootdir}/info'
libdir='${exec_prefix}/lib'
libexecdir='${exec_prefix}/libexec'
libiberty_topdir='../../../gcc-4.5.3/libiberty/..'
localedir='${datarootdir}/locale'
localstatedir='${prefix}/var'
mandir='${datarootdir}/man'
oldincludedir='/usr/include'
pdfdir='${docdir}'
pexecute='./pex-unix.o'
prefix='/home/att14/ultraxomb/local'
program_transform_name='s&^&sparc64-sun-xomb-&'
psdir='${docdir}'
sbindir='${exec_prefix}/sbin'
sharedstatedir='${prefix}/com'
sysconfdir='${prefix}/etc'
target_alias='sparc64-sun-xomb'
target_header_dir=''

## ------------------- ##
## File substitutions. ##
## ------------------- ##

host_makefile_frag='xhost-mkfrag'

## ----------- ##
## confdefs.h. ##
## ----------- ##

/* confdefs.h */
#define PACKAGE_NAME ""
#define PACKAGE_TARNAME ""
#define PACKAGE_VERSION ""
#define PACKAGE_STRING ""
#define PACKAGE_BUGREPORT ""
#define PACKAGE_URL ""
#define STDC_HEADERS 1
#define HAVE_SYS_TYPES_H 1
#define HAVE_SYS_STAT_H 1
#define HAVE_STDLIB_H 1
#define HAVE_STRING_H 1
#define HAVE_STRINGS_H 1
#define HAVE_INTTYPES_H 1
#define HAVE_STDINT_H 1
#define HAVE_UNISTD_H 1
#define WORDS_BIGENDIAN 1
#define HAVE_SYS_FILE_H 1
#define HAVE_SYS_PARAM_H 1
#define HAVE_LIMITS_H 1
#define HAVE_STDLIB_H 1
#define HAVE_MALLOC_H 1
#define HAVE_STRING_H 1
#define HAVE_UNISTD_H 1
#define HAVE_STRINGS_H 1
#define HAVE_SYS_TIME_H 1
#define HAVE_TIME_H 1
#define HAVE_SYS_RESOURCE_H 1
#define HAVE_SYS_STAT_H 1
#define HAVE_FCNTL_H 1
#define HAVE_ALLOCA_H 1
#define HAVE_STDINT_H 1
#define HAVE_SYS_WAIT_H 1
#define TIME_WITH_SYS_TIME 1
#define SIZEOF_INT 4
#define UNSIGNED_64BIT_TYPE uint64_t
#define HAVE_INTPTR_T 1
#define HAVE_UINTPTR_T 1
#define HAVE_UINTPTR_T 1
#define HAVE_ATEXIT 1
#define HAVE_BCMP 1
#define HAVE_BCOPY 1
#define HAVE_BSEARCH 1
#define HAVE_BZERO 1
#define HAVE_CALLOC 1
#define HAVE_CLOCK 1
#define HAVE_FFS 1
#define HAVE_GETCWD 1
#define HAVE_GETPAGESIZE 1
#define HAVE_GETTIMEOFDAY 1
#define HAVE_INDEX 1
#define HAVE_MEMCHR 1
#define HAVE_MEMCMP 1
#define HAVE_MEMCPY 1
#define HAVE_MEMMEM 1
#define HAVE_MEMMOVE 1
#define HAVE_MEMPCPY 1
#define HAVE_MEMSET 1
#define HAVE_MKSTEMPS 1
#define HAVE_PUTENV 1
#define HAVE_RENAME 1
#define HAVE_RINDEX 1
#define HAVE_SETENV 1
#define HAVE_SNPRINTF 1
#define HAVE_SIGSETMASK 1
#define HAVE_STPCPY 1
#define HAVE_STPNCPY 1
#define HAVE_STRCASECMP 1
#define HAVE_STRCHR 1
#define HAVE_STRNCASECMP 1
#define HAVE_STRNDUP 1
#define HAVE_STRRCHR 1
#define HAVE_STRSTR 1
#define HAVE_STRTOD 1
#define HAVE_STRTOL 1
#define HAVE_STRTOUL 1
#define HAVE_STRVERSCMP 1
#define HAVE_TMPNAM 1
#define HAVE_VFPRINTF 1
#define HAVE_VPRINTF 1
#define HAVE_VSNPRINTF 1
#define HAVE_VSPRINTF 1
#define HAVE_WAITPID 1
#define HAVE_STRERROR 1
#define HAVE_STDLIB_H 1
#define HAVE_UNISTD_H 1

configure: exit 0
