This file contains any messages produced by compilers while
running configure, to aid debugging if configure makes a mistake.

It was created by libgloss configure LIBGLOSS_VERSION, which was
generated by GNU Autoconf 2.63.  Invocation command line was

  $ /home/att14/ultraxomb/build/newlib-1.19.0/libgloss/configure --cache-file=./config.cache --with-newlib --enable-multilib --with-cross-host=x86_64-unknown-linux-gnu --prefix=/home/att14/ultraxomb/local --with-gmp=/home/att14/ultraxomb/local --with-mpfr=/home/att14/ultraxomb/local -enable-newlib-hw-fp --program-transform-name=s&^&sparc64-sun-xomb-& --disable-option-checking --with-target-subdir=sparc64-sun-xomb --build=x86_64-unknown-linux-gnu --host=sparc64-sun-xomb --target=sparc64-sun-xomb --srcdir=../../../newlib-1.19.0/libgloss

## --------- ##
## Platform. ##
## --------- ##

hostname = deadreckoning
uname -m = x86_64
uname -r = 3.0-ARCH
uname -s = Linux
uname -v = #1 SMP PREEMPT Wed Aug 17 21:55:57 CEST 2011

/usr/bin/uname -p = unknown
/bin/uname -X     = unknown

/bin/arch              = x86_64
/usr/bin/arch -k       = unknown
/usr/convex/getsysinfo = unknown
/usr/bin/hostinfo      = unknown
/bin/machine           = unknown
/usr/bin/oslevel       = unknown
/bin/universe          = unknown

PATH: /home/att14/ultraxomb/local/bin
PATH: /bin
PATH: /usr/bin
PATH: /sbin
PATH: /usr/sbin
PATH: /usr/local/bin
PATH: /usr/local/games
PATH: /opt/google-appengine
PATH: /opt/java/bin
PATH: /opt/java/db/bin
PATH: /opt/java/jre/bin
PATH: /usr/bin/site_perl
PATH: /usr/bin/vendor_perl
PATH: /usr/bin/core_perl


## ----------- ##
## Core tests. ##
## ----------- ##

configure:1719: loading cache ./config.cache
configure:1884: checking for a BSD-compatible install
configure:1952: result: /bin/install -c
configure:1970: checking build system type
configure:1988: result: x86_64-unknown-linux-gnu
configure:2010: checking host system type
configure:2025: result: sparc64-sun-xomb
configure:2047: checking target system type
configure:2062: result: sparc64-sun-xomb
configure:2091: checking whether build environment is sane
configure:2134: result: yes
configure:2196: checking for gawk
configure:2223: result: gawk
configure:2234: checking whether make sets $(MAKE)
configure:2256: result: yes
configure:2323: checking for sparc64-sun-xomb-strip
configure:2350: result: sparc64-sun-xomb-strip
configure:2599: checking for style of include used by make
configure:2627: result: GNU
configure:2654: checking for gcc
configure:2681: result: sparc64-sun-xomb-gcc -B/home/att14/ultraxomb/build/newlib-obj/sparc64-sun-xomb/newlib/ -isystem /home/att14/ultraxomb/build/newlib-obj/sparc64-sun-xomb/newlib/targ-include -isystem /home/att14/ultraxomb/build/newlib-1.19.0/newlib/libc/include -B/home/att14/ultraxomb/build/newlib-obj/sparc64-sun-xomb/libgloss/sparc64 -L/home/att14/ultraxomb/build/newlib-obj/sparc64-sun-xomb/libgloss/libnosys -L/home/att14/ultraxomb/build/newlib-1.19.0/libgloss/sparc64   
configure:2692: checking dependency style of sparc64-sun-xomb-gcc -B/home/att14/ultraxomb/build/newlib-obj/sparc64-sun-xomb/newlib/ -isystem /home/att14/ultraxomb/build/newlib-obj/sparc64-sun-xomb/newlib/targ-include -isystem /home/att14/ultraxomb/build/newlib-1.19.0/newlib/libc/include -B/home/att14/ultraxomb/build/newlib-obj/sparc64-sun-xomb/libgloss/sparc64 -L/home/att14/ultraxomb/build/newlib-obj/sparc64-sun-xomb/libgloss/libnosys -L/home/att14/ultraxomb/build/newlib-1.19.0/libgloss/sparc64   
configure:2782: result: gcc3
configure:2859: checking whether we are using GNU C
configure:2880: result: yes
configure:2890: checking whether sparc64-sun-xomb-gcc -B/home/att14/ultraxomb/build/newlib-obj/sparc64-sun-xomb/newlib/ -isystem /home/att14/ultraxomb/build/newlib-obj/sparc64-sun-xomb/newlib/targ-include -isystem /home/att14/ultraxomb/build/newlib-1.19.0/newlib/libc/include -B/home/att14/ultraxomb/build/newlib-obj/sparc64-sun-xomb/libgloss/sparc64 -L/home/att14/ultraxomb/build/newlib-obj/sparc64-sun-xomb/libgloss/libnosys -L/home/att14/ultraxomb/build/newlib-1.19.0/libgloss/sparc64    accepts -g
configure:3028: result: no
configure:3061: checking for ar
configure:3089: result: sparc64-sun-xomb-ar
configure:3104: checking for sparc64-sun-xomb-ranlib
configure:3131: result: sparc64-sun-xomb-ranlib
configure:3368: creating ./config.status

## ---------------------- ##
## Running config.status. ##
## ---------------------- ##

This file was extended by libgloss config.status LIBGLOSS_VERSION, which was
generated by GNU Autoconf 2.63.  Invocation command line was

  CONFIG_FILES    = 
  CONFIG_HEADERS  = 
  CONFIG_LINKS    = 
  CONFIG_COMMANDS = 
  $ ./config.status 

on deadreckoning

config.status:739: creating Makefile
config.status:942: executing depfiles commands
configure:4607: === configuring in doc (/home/att14/ultraxomb/build/newlib-obj/sparc64-sun-xomb/libgloss/doc)
configure:4710: running /bin/sh ../../../../newlib-1.19.0/libgloss/doc/configure --disable-option-checking '--prefix=/home/att14/ultraxomb/local'  '--with-newlib' '--enable-multilib' '--with-cross-host=x86_64-unknown-linux-gnu' '--with-gmp=/home/att14/ultraxomb/local' '--with-mpfr=/home/att14/ultraxomb/local' '-enable-newlib-hw-fp' '--program-transform-name=s&^&sparc64-sun-xomb-&' '--with-target-subdir=sparc64-sun-xomb' '--build=x86_64-unknown-linux-gnu' '--host=sparc64-sun-xomb' '--target=sparc64-sun-xomb' 'build_alias=x86_64-unknown-linux-gnu' 'host_alias=sparc64-sun-xomb' 'target_alias=sparc64-sun-xomb' --cache-file=.././config.cache --srcdir=../../../../newlib-1.19.0/libgloss/doc
configure:4607: === configuring in libnosys (/home/att14/ultraxomb/build/newlib-obj/sparc64-sun-xomb/libgloss/libnosys)
configure:4710: running /bin/sh ../../../../newlib-1.19.0/libgloss/libnosys/configure --disable-option-checking '--prefix=/home/att14/ultraxomb/local'  '--with-newlib' '--enable-multilib' '--with-cross-host=x86_64-unknown-linux-gnu' '--with-gmp=/home/att14/ultraxomb/local' '--with-mpfr=/home/att14/ultraxomb/local' '-enable-newlib-hw-fp' '--program-transform-name=s&^&sparc64-sun-xomb-&' '--with-target-subdir=sparc64-sun-xomb' '--build=x86_64-unknown-linux-gnu' '--host=sparc64-sun-xomb' '--target=sparc64-sun-xomb' 'build_alias=x86_64-unknown-linux-gnu' 'host_alias=sparc64-sun-xomb' 'target_alias=sparc64-sun-xomb' --cache-file=.././config.cache --srcdir=../../../../newlib-1.19.0/libgloss/libnosys

## ---------------- ##
## Cache variables. ##
## ---------------- ##

ac_cv_build=x86_64-unknown-linux-gnu
ac_cv_c_compiler_gnu=yes
ac_cv_env_CCASFLAGS_set=
ac_cv_env_CCASFLAGS_value=
ac_cv_env_CCAS_set=
ac_cv_env_CCAS_value=
ac_cv_env_build_alias_set=set
ac_cv_env_build_alias_value=x86_64-unknown-linux-gnu
ac_cv_env_host_alias_set=set
ac_cv_env_host_alias_value=sparc64-sun-xomb
ac_cv_env_target_alias_set=set
ac_cv_env_target_alias_value=sparc64-sun-xomb
ac_cv_host=sparc64-sun-xomb
ac_cv_prog_AR=sparc64-sun-xomb-ar
ac_cv_prog_AWK=gawk
ac_cv_prog_CC='sparc64-sun-xomb-gcc -B/home/att14/ultraxomb/build/newlib-obj/sparc64-sun-xomb/newlib/ -isystem /home/att14/ultraxomb/build/newlib-obj/sparc64-sun-xomb/newlib/targ-include -isystem /home/att14/ultraxomb/build/newlib-1.19.0/newlib/libc/include -B/home/att14/ultraxomb/build/newlib-obj/sparc64-sun-xomb/libgloss/sparc64 -L/home/att14/ultraxomb/build/newlib-obj/sparc64-sun-xomb/libgloss/libnosys -L/home/att14/ultraxomb/build/newlib-1.19.0/libgloss/sparc64   '
ac_cv_prog_RANLIB=sparc64-sun-xomb-ranlib
ac_cv_prog_STRIP=sparc64-sun-xomb-strip
ac_cv_prog_cc_g=no
ac_cv_prog_make_make_set=yes
ac_cv_target=sparc64-sun-xomb
am_cv_CC_dependencies_compiler_type=gcc3

## ----------------- ##
## Output variables. ##
## ----------------- ##

ACLOCAL='${SHELL} /home/att14/ultraxomb/build/newlib-1.19.0/missing --run aclocal-1.9'
AMDEPBACKSLASH='\'
AMDEP_FALSE='#'
AMDEP_TRUE=''
AMTAR='${SHELL} /home/att14/ultraxomb/build/newlib-1.19.0/missing --run tar'
AR='sparc64-sun-xomb-ar'
AS='sparc64-sun-xomb-as'
AUTOCONF='${SHELL} /home/att14/ultraxomb/build/newlib-1.19.0/missing --run autoconf'
AUTOHEADER='${SHELL} /home/att14/ultraxomb/build/newlib-1.19.0/missing --run autoheader'
AUTOMAKE='${SHELL} /home/att14/ultraxomb/build/newlib-1.19.0/missing --run automake-1.9'
AWK='gawk'
CC='sparc64-sun-xomb-gcc -B/home/att14/ultraxomb/build/newlib-obj/sparc64-sun-xomb/newlib/ -isystem /home/att14/ultraxomb/build/newlib-obj/sparc64-sun-xomb/newlib/targ-include -isystem /home/att14/ultraxomb/build/newlib-1.19.0/newlib/libc/include -B/home/att14/ultraxomb/build/newlib-obj/sparc64-sun-xomb/libgloss/sparc64 -L/home/att14/ultraxomb/build/newlib-obj/sparc64-sun-xomb/libgloss/libnosys -L/home/att14/ultraxomb/build/newlib-1.19.0/libgloss/sparc64   '
CCAS='sparc64-sun-xomb-gcc -B/home/att14/ultraxomb/build/newlib-obj/sparc64-sun-xomb/newlib/ -isystem /home/att14/ultraxomb/build/newlib-obj/sparc64-sun-xomb/newlib/targ-include -isystem /home/att14/ultraxomb/build/newlib-1.19.0/newlib/libc/include -B/home/att14/ultraxomb/build/newlib-obj/sparc64-sun-xomb/libgloss/sparc64 -L/home/att14/ultraxomb/build/newlib-obj/sparc64-sun-xomb/libgloss/libnosys -L/home/att14/ultraxomb/build/newlib-1.19.0/libgloss/sparc64   '
CCASFLAGS=''
CCDEPMODE='depmode=gcc3'
CYGPATH_W='echo'
DEFS='-DPACKAGE_NAME=\"libgloss\" -DPACKAGE_TARNAME=\"libgloss\" -DPACKAGE_VERSION=\"LIBGLOSS_VERSION\" -DPACKAGE_STRING=\"libgloss\ LIBGLOSS_VERSION\" -DPACKAGE_BUGREPORT=\"\"'
DEPDIR='.deps'
ECHO_C=''
ECHO_N='-n'
ECHO_T=''
INSTALL_DATA='/bin/install -c -m 644'
INSTALL_PROGRAM='/bin/install -c'
INSTALL_SCRIPT='/bin/install -c'
INSTALL_STRIP_PROGRAM='${SHELL} $(install_sh) -c -s'
LD='sparc64-sun-xomb-ld'
LIBOBJS=''
LIBS=''
LTLIBOBJS=''
MAKEINFO='makeinfo --split-size=5000000'
PACKAGE='libgloss'
PACKAGE_BUGREPORT=''
PACKAGE_NAME='libgloss'
PACKAGE_STRING='libgloss LIBGLOSS_VERSION'
PACKAGE_TARNAME='libgloss'
PACKAGE_VERSION='LIBGLOSS_VERSION'
PATH_SEPARATOR=':'
RANLIB='sparc64-sun-xomb-ranlib'
SET_MAKE=''
SHELL='/bin/sh'
STRIP='sparc64-sun-xomb-strip'
VERSION='LIBGLOSS_VERSION'
am__fastdepCC_FALSE='#'
am__fastdepCC_TRUE=''
am__include='include'
am__leading_dot='.'
am__quote=''
am__tar='${AMTAR} chof - "$$tardir"'
am__untar='${AMTAR} xf -'
bindir='${exec_prefix}/bin'
build='x86_64-unknown-linux-gnu'
build_alias='x86_64-unknown-linux-gnu'
build_cpu='x86_64'
build_os='linux-gnu'
build_vendor='unknown'
datadir='${datarootdir}'
datarootdir='${prefix}/share'
docdir='${datarootdir}/doc/${PACKAGE_TARNAME}'
dvidir='${docdir}'
exec_prefix='${prefix}'
host='sparc64-sun-xomb'
host_alias='sparc64-sun-xomb'
host_cpu='sparc64'
host_makefile_frag_path='../../../newlib-1.19.0/libgloss/config/default.mh'
host_os='xomb'
host_vendor='sun'
htmldir='${docdir}'
includedir='${prefix}/include'
infodir='${datarootdir}/info'
install_sh='/home/att14/ultraxomb/build/newlib-1.19.0/install-sh'
libdir='${exec_prefix}/lib'
libexecdir='${exec_prefix}/libexec'
localedir='${datarootdir}/locale'
localstatedir='${prefix}/var'
mandir='${datarootdir}/man'
mkdir_p='mkdir -p --'
oldincludedir='/usr/include'
pdfdir='${docdir}'
prefix='/home/att14/ultraxomb/local'
program_transform_name='s&^&sparc64-sun-xomb-&'
psdir='${docdir}'
sbindir='${exec_prefix}/sbin'
sharedstatedir='${prefix}/com'
subdirs=' doc libnosys'
sysconfdir='${prefix}/etc'
target='sparc64-sun-xomb'
target_alias='sparc64-sun-xomb'
target_cpu='sparc64'
target_os='xomb'
target_vendor='sun'

## ------------------- ##
## File substitutions. ##
## ------------------- ##

host_makefile_frag='../../../newlib-1.19.0/libgloss/config/default.mh'

## ----------- ##
## confdefs.h. ##
## ----------- ##

#define PACKAGE_NAME "libgloss"
#define PACKAGE_TARNAME "libgloss"
#define PACKAGE_VERSION "LIBGLOSS_VERSION"
#define PACKAGE_STRING "libgloss LIBGLOSS_VERSION"
#define PACKAGE_BUGREPORT ""

configure: exit 0
