This file contains any messages produced by compilers while
running configure, to aid debugging if configure makes a mistake.

It was created by configure, which was
generated by GNU Autoconf 2.64.  Invocation command line was

  $ /home/att14/ultraxomb/build/binutils-2.21.1/gas/configure --cache-file=./config.cache --with-gnu-as --with-gnu-ld --with-system-zlib --prefix=/home/att14/ultraxomb/local --disable-werror --enable-gold --enable-plugins --program-transform-name=s&^&sparc64-pc-xomb-& --disable-option-checking --build=x86_64-unknown-linux-gnu --host=x86_64-unknown-linux-gnu --target=sparc64-pc-xomb --srcdir=../../binutils-2.21.1/gas

## --------- ##
## Platform. ##
## --------- ##

hostname = deadreckoning
uname -m = x86_64
uname -r = 3.0-ARCH
uname -s = Linux
uname -v = #1 SMP PREEMPT Wed Aug 17 21:55:57 CEST 2011

/usr/bin/uname -p = unknown
/bin/uname -X     = unknown

/bin/arch              = x86_64
/usr/bin/arch -k       = unknown
/usr/convex/getsysinfo = unknown
/usr/bin/hostinfo      = unknown
/bin/machine           = unknown
/usr/bin/oslevel       = unknown
/bin/universe          = unknown

PATH: /home/att14/ultraxomb/local/bin
PATH: /bin
PATH: /usr/bin
PATH: /sbin
PATH: /usr/sbin
PATH: /usr/local/bin
PATH: /usr/local/games
PATH: /opt/google-appengine
PATH: /opt/java/bin
PATH: /opt/java/db/bin
PATH: /opt/java/jre/bin
PATH: /usr/bin/site_perl
PATH: /usr/bin/vendor_perl
PATH: /usr/bin/core_perl


## ----------- ##
## Core tests. ##
## ----------- ##

configure:2182: loading cache ./config.cache
configure:2295: checking build system type
configure:2309: result: x86_64-unknown-linux-gnu
configure:2329: checking host system type
configure:2342: result: x86_64-unknown-linux-gnu
configure:2362: checking target system type
configure:2375: result: sparc64-pc-xomb
configure:2409: checking for x86_64-unknown-linux-gnu-gcc
configure:2436: result: gcc
configure:2705: checking for C compiler version
configure:2714: gcc --version >&5
gcc (GCC) 4.6.1
Copyright (C) 2011 Free Software Foundation, Inc.
This is free software; see the source for copying conditions.  There is NO
warranty; not even for MERCHANTABILITY or FITNESS FOR A PARTICULAR PURPOSE.

configure:2725: $? = 0
configure:2714: gcc -v >&5
Using built-in specs.
COLLECT_GCC=gcc
COLLECT_LTO_WRAPPER=/usr/lib/gcc/x86_64-unknown-linux-gnu/4.6.1/lto-wrapper
Target: x86_64-unknown-linux-gnu
Configured with: /build/src/gcc-4.6.1/configure --prefix=/usr --libdir=/usr/lib --libexecdir=/usr/lib --mandir=/usr/share/man --infodir=/usr/share/info --with-bugurl=https://bugs.archlinux.org/ --enable-languages=c,c++,ada,fortran,go,lto,objc,obj-c++ --enable-shared --enable-threads=posix --with-system-zlib --enable-__cxa_atexit --disable-libunwind-exceptions --enable-clocale=gnu --enable-gnu-unique-object --enable-linker-build-id --with-ppl --enable-cloog-backend=isl --enable-lto --enable-gold --enable-ld=default --enable-plugin --with-plugin-ld=ld.gold --disable-multilib --disable-libstdcxx-pch --enable-checking=release
Thread model: posix
gcc version 4.6.1 (GCC) 
configure:2725: $? = 0
configure:2714: gcc -V >&5
gcc: error: unrecognized option '-V'
gcc: fatal error: no input files
compilation terminated.
configure:2725: $? = 1
configure:2714: gcc -qversion >&5
gcc: error: unrecognized option '-qversion'
gcc: fatal error: no input files
compilation terminated.
configure:2725: $? = 1
configure:2745: checking for C compiler default output file name
configure:2767: gcc -g -O2    conftest.c  >&5
configure:2771: $? = 0
configure:2808: result: a.out
configure:2824: checking whether the C compiler works
configure:2833: ./a.out
configure:2837: $? = 0
configure:2852: result: yes
configure:2859: checking whether we are cross compiling
configure:2861: result: no
configure:2864: checking for suffix of executables
configure:2871: gcc -o conftest -g -O2    conftest.c  >&5
configure:2875: $? = 0
configure:2897: result: 
configure:2903: checking for suffix of object files
configure:2950: result: o
configure:2954: checking whether we are using the GNU C compiler
configure:2982: result: yes
configure:2991: checking whether gcc accepts -g
configure:3052: result: yes
configure:3069: checking for gcc option to accept ISO C89
configure:3146: result: none needed
configure:3167: checking for library containing strerror
configure:3215: result: none required
configure:3241: checking for a BSD-compatible install
configure:3309: result: /bin/install -c
configure:3320: checking whether build environment is sane
configure:3370: result: yes
configure:3511: checking for a thread-safe mkdir -p
configure:3550: result: /bin/mkdir -p
configure:3563: checking for gawk
configure:3590: result: gawk
configure:3601: checking whether make sets $(MAKE)
configure:3623: result: yes
configure:3653: checking for style of include used by make
configure:3681: result: GNU
configure:3766: checking dependency style of gcc
configure:3876: result: gcc3
configure:3901: checking for x86_64-unknown-linux-gnu-gcc
configure:3928: result: gcc
configure:4197: checking for C compiler version
configure:4206: gcc --version >&5
gcc (GCC) 4.6.1
Copyright (C) 2011 Free Software Foundation, Inc.
This is free software; see the source for copying conditions.  There is NO
warranty; not even for MERCHANTABILITY or FITNESS FOR A PARTICULAR PURPOSE.

configure:4217: $? = 0
configure:4206: gcc -v >&5
Using built-in specs.
COLLECT_GCC=gcc
COLLECT_LTO_WRAPPER=/usr/lib/gcc/x86_64-unknown-linux-gnu/4.6.1/lto-wrapper
Target: x86_64-unknown-linux-gnu
Configured with: /build/src/gcc-4.6.1/configure --prefix=/usr --libdir=/usr/lib --libexecdir=/usr/lib --mandir=/usr/share/man --infodir=/usr/share/info --with-bugurl=https://bugs.archlinux.org/ --enable-languages=c,c++,ada,fortran,go,lto,objc,obj-c++ --enable-shared --enable-threads=posix --with-system-zlib --enable-__cxa_atexit --disable-libunwind-exceptions --enable-clocale=gnu --enable-gnu-unique-object --enable-linker-build-id --with-ppl --enable-cloog-backend=isl --enable-lto --enable-gold --enable-ld=default --enable-plugin --with-plugin-ld=ld.gold --disable-multilib --disable-libstdcxx-pch --enable-checking=release
Thread model: posix
gcc version 4.6.1 (GCC) 
configure:4217: $? = 0
configure:4206: gcc -V >&5
gcc: error: unrecognized option '-V'
gcc: fatal error: no input files
compilation terminated.
configure:4217: $? = 1
configure:4206: gcc -qversion >&5
gcc: error: unrecognized option '-qversion'
gcc: fatal error: no input files
compilation terminated.
configure:4217: $? = 1
configure:4221: checking whether we are using the GNU C compiler
configure:4249: result: yes
configure:4258: checking whether gcc accepts -g
configure:4319: result: yes
configure:4336: checking for gcc option to accept ISO C89
configure:4413: result: none needed
configure:4438: checking how to run the C preprocessor
configure:4508: result: gcc -E
configure:4528: gcc -E  conftest.c
configure:4528: $? = 0
configure:4542: gcc -E  conftest.c
conftest.c:11:28: fatal error: ac_nonexistent.h: No such file or directory
compilation terminated.
configure:4542: $? = 1
configure: failed program was:
| /* confdefs.h */
| #define PACKAGE_NAME ""
| #define PACKAGE_TARNAME ""
| #define PACKAGE_VERSION ""
| #define PACKAGE_STRING ""
| #define PACKAGE_BUGREPORT ""
| #define PACKAGE_URL ""
| #define PACKAGE "gas"
| #define VERSION "2.21.1"
| /* end confdefs.h.  */
| #include <ac_nonexistent.h>
configure:4571: checking for grep that handles long lines and -e
configure:4629: result: /bin/grep
configure:4634: checking for egrep
configure:4696: result: /bin/grep -E
configure:4701: checking for ANSI C header files
configure:4805: result: yes
configure:4818: checking for sys/types.h
configure:4818: result: yes
configure:4818: checking for sys/stat.h
configure:4818: result: yes
configure:4818: checking for stdlib.h
configure:4818: result: yes
configure:4818: checking for string.h
configure:4818: result: yes
configure:4818: checking for memory.h
configure:4818: result: yes
configure:4818: checking for strings.h
configure:4818: result: yes
configure:4818: checking for inttypes.h
configure:4818: result: yes
configure:4818: checking for stdint.h
configure:4818: result: yes
configure:4818: checking for unistd.h
configure:4818: result: yes
configure:4832: checking for minix/config.h
configure:4832: result: no
configure:4853: checking whether it is safe to define __EXTENSIONS__
configure:4878: result: yes
configure:4937: checking for special C compiler options needed for large files
configure:4982: result: no
configure:4988: checking for _FILE_OFFSET_BITS value needed for large files
configure:5045: result: no
configure:5176: checking how to print strings
configure:5203: result: printf
configure:5224: checking for a sed that does not truncate output
configure:5288: result: /bin/sed
configure:5306: checking for fgrep
configure:5368: result: /bin/grep -F
configure:5403: checking for ld used by gcc
configure:5470: result: ld
configure:5477: checking if the linker (ld) is GNU ld
configure:5492: result: yes
configure:5504: checking for BSD- or MS-compatible name lister (nm)
configure:5553: result: nm
configure:5683: checking the name lister (nm) interface
configure:5703: result: BSD nm
configure:5706: checking whether ln -s works
configure:5710: result: yes
configure:5718: checking the maximum length of command line arguments
configure:5843: result: 1572864
configure:5860: checking whether the shell understands some XSI constructs
configure:5870: result: yes
configure:5874: checking whether the shell understands "+="
configure:5880: result: yes
configure:5915: checking for ld option to reload object files
configure:5922: result: -r
configure:5951: checking for x86_64-unknown-linux-gnu-objdump
configure:5978: result: objdump
configure:6050: checking how to recognize dependent libraries
configure:6251: result: pass_all
configure:6271: checking for x86_64-unknown-linux-gnu-ar
configure:6298: result: ar
configure:6376: checking for x86_64-unknown-linux-gnu-strip
configure:6406: result: no
configure:6416: checking for strip
configure:6443: result: strip
configure:6475: checking for x86_64-unknown-linux-gnu-ranlib
configure:6502: result: ranlib
configure:6644: checking command to parse nm output from gcc object
configure:6867: result: ok
configure:6962: gcc -c -g -O2  conftest.c >&5
configure:6965: $? = 0
configure:7702: checking for dlfcn.h
configure:7702: result: yes
configure:7889: checking for objdir
configure:7904: result: .libs
configure:8175: checking if gcc supports -fno-rtti -fno-exceptions
configure:8210: result: no
configure:8230: checking for gcc option to produce PIC
configure:8515: result: -fPIC -DPIC
configure:8527: checking if gcc PIC flag -fPIC -DPIC works
configure:8562: result: yes
configure:8586: checking if gcc static flag -static works
configure:8614: result: yes
configure:8629: checking if gcc supports -c -o file.o
configure:8676: result: yes
configure:8684: checking if gcc supports -c -o file.o
configure:8731: result: yes
configure:8764: checking whether the gcc linker (ld -m elf_x86_64) supports shared libraries
configure:9839: result: yes
configure:9876: checking whether -lc should be explicitly linked in
configure:9919: result: no
configure:10084: checking dynamic linker characteristics
configure:10761: result: GNU/Linux ld.so
configure:10868: checking how to hardcode library paths into programs
configure:10893: result: immediate
configure:11433: checking whether stripping libraries is possible
configure:11438: result: yes
configure:11473: checking if libtool supports shared libraries
configure:11475: result: yes
configure:11478: checking whether to build shared libraries
configure:11499: result: yes
configure:11502: checking whether to build static libraries
configure:11506: result: yes
configure:11666: checking whether byte ordering is bigendian
configure:11872: result: no
configure:12551: checking for bison
configure:12578: result: bison -y
configure:12594: checking for flex
configure:12621: result: flex
configure:12658: flex conftest.l
configure:12662: $? = 0
configure:12664: checking lex output file root
configure:12678: result: lex.yy
configure:12683: checking lex library
configure:12707: result: -lfl
configure:12713: checking whether yytext is a pointer
configure:12737: result: yes
configure:12765: checking whether NLS is requested
configure:12771: result: yes
configure:12777: checking for catalogs to be installed
configure:12809: result:  es fr id ja ru rw tr es fr id ja ru rw tr
configure:12836: checking whether NLS is requested
configure:12845: result: yes
configure:12883: checking for msgfmt
configure:12914: result: /usr/bin/msgfmt
configure:12923: checking for gmsgfmt
configure:12954: result: /usr/bin/msgfmt
configure:12994: checking for xgettext
configure:13025: result: /usr/bin/xgettext
configure:13065: checking for msgmerge
configure:13095: result: /usr/bin/msgmerge
configure:13132: checking whether to enable maintainer-specific portions of Makefiles
configure:13141: result: no
configure:13167: checking for string.h
configure:13167: result: yes
configure:13167: checking for stdlib.h
configure:13167: result: yes
configure:13167: checking for memory.h
configure:13167: result: yes
configure:13167: checking for strings.h
configure:13167: result: yes
configure:13167: checking for unistd.h
configure:13167: result: yes
configure:13167: checking for errno.h
configure:13167: result: yes
configure:13167: checking for sys/types.h
configure:13167: result: yes
configure:13167: checking for limits.h
configure:13167: result: yes
configure:13167: checking for time.h
configure:13167: result: yes
configure:13167: checking for sys/stat.h
configure:13167: result: yes
configure:13181: checking whether compiling a cross-assembler
configure:13191: result: yes
configure:13196: checking for working alloca.h
configure:13221: result: yes
configure:13229: checking for alloca
configure:13274: result: yes
configure:13384: checking for inline
configure:13408: result: inline
configure:13431: checking for unlink
configure:13431: result: yes
configure:13445: checking for sbrk
configure:13445: result: yes
configure:13597: checking for working assert macro
configure:13630: result: yes
configure:13662: checking whether declaration is required for errno
configure:13694: result: no
configure:13703: checking for a known getopt prototype in unistd.h
configure:13727: result: yes
configure:13736: checking whether declaration is required for environ
configure:13764: result: no
configure:13773: checking whether declaration is required for ffs
configure:13801: result: no
configure:13810: checking whether declaration is required for free
configure:13838: result: no
configure:13847: checking whether declaration is required for malloc
configure:13875: result: no
configure:13884: checking whether declaration is required for sbrk
configure:13912: result: no
configure:13921: checking whether declaration is required for strstr
configure:13949: result: no
configure:13958: checking whether mempcpy is declared
configure:13958: result: yes
configure:13969: checking whether vsnprintf is declared
configure:13969: result: yes
configure:14002: checking for library containing zlibVersion
configure:14050: result: -lz
configure:14057: checking for zlib.h
configure:14057: result: yes
configure:14078: checking for struct tm.tm_gmtoff in time.h
configure:14110: result: yes
configure:14116: checking for struct stat.st_mtim.tv_sec in sys/stat.h
configure:14148: result: yes
configure:14151: checking for struct stat.st_mtim.tv_nsec in sys/stat.h
configure:14183: result: yes
configure:14328: creating ./config.status

## ---------------------- ##
## Running config.status. ##
## ---------------------- ##

This file was extended by config.status, which was
generated by GNU Autoconf 2.64.  Invocation command line was

  CONFIG_FILES    = 
  CONFIG_HEADERS  = 
  CONFIG_LINKS    = 
  CONFIG_COMMANDS = 
  $ ./config.status 

on deadreckoning

config.status:1157: creating .gdbinit
config.status:1157: creating Makefile
config.status:1157: creating doc/Makefile
config.status:1157: creating po/Makefile.in
config.status:1157: creating config.h
config.status:1322: config.h is unchanged
config.status:1370: executing depfiles commands
config.status:1370: executing libtool commands
config.status:1370: executing default-1 commands
config.status:1370: executing default commands

## ---------------- ##
## Cache variables. ##
## ---------------- ##

ac_cv_build=x86_64-unknown-linux-gnu
ac_cv_c_bigendian=no
ac_cv_c_compiler_gnu=yes
ac_cv_c_inline=inline
ac_cv_env_CC_set=set
ac_cv_env_CC_value=gcc
ac_cv_env_CFLAGS_set=set
ac_cv_env_CFLAGS_value='-g -O2'
ac_cv_env_CPPFLAGS_set=
ac_cv_env_CPPFLAGS_value=
ac_cv_env_CPP_set=
ac_cv_env_CPP_value=
ac_cv_env_LDFLAGS_set=set
ac_cv_env_LDFLAGS_value=' '
ac_cv_env_LIBS_set=
ac_cv_env_LIBS_value=
ac_cv_env_YACC_set=set
ac_cv_env_YACC_value='bison -y'
ac_cv_env_YFLAGS_set=
ac_cv_env_YFLAGS_value=
ac_cv_env_build_alias_set=set
ac_cv_env_build_alias_value=x86_64-unknown-linux-gnu
ac_cv_env_host_alias_set=set
ac_cv_env_host_alias_value=x86_64-unknown-linux-gnu
ac_cv_env_target_alias_set=set
ac_cv_env_target_alias_value=sparc64-pc-xomb
ac_cv_func_alloca_works=yes
ac_cv_func_sbrk=yes
ac_cv_func_unlink=yes
ac_cv_have_decl_mempcpy=yes
ac_cv_have_decl_vsnprintf=yes
ac_cv_header_dlfcn_h=yes
ac_cv_header_errno_h=yes
ac_cv_header_inttypes_h=yes
ac_cv_header_limits_h=yes
ac_cv_header_memory_h=yes
ac_cv_header_minix_config_h=no
ac_cv_header_stdc=yes
ac_cv_header_stdint_h=yes
ac_cv_header_stdlib_h=yes
ac_cv_header_string_h=yes
ac_cv_header_strings_h=yes
ac_cv_header_sys_stat_h=yes
ac_cv_header_sys_types_h=yes
ac_cv_header_time_h=yes
ac_cv_header_unistd_h=yes
ac_cv_header_zlib_h=yes
ac_cv_host=x86_64-unknown-linux-gnu
ac_cv_lib_lex=-lfl
ac_cv_objext=o
ac_cv_path_EGREP='/bin/grep -E'
ac_cv_path_FGREP='/bin/grep -F'
ac_cv_path_GMSGFMT=/usr/bin/msgfmt
ac_cv_path_GREP=/bin/grep
ac_cv_path_MSGFMT=/usr/bin/msgfmt
ac_cv_path_MSGMERGE=/usr/bin/msgmerge
ac_cv_path_SED=/bin/sed
ac_cv_path_XGETTEXT=/usr/bin/xgettext
ac_cv_path_mkdir=/bin/mkdir
ac_cv_prog_AR=ar
ac_cv_prog_AWK=gawk
ac_cv_prog_CC=gcc
ac_cv_prog_CPP='gcc -E'
ac_cv_prog_LEX=flex
ac_cv_prog_OBJDUMP=objdump
ac_cv_prog_RANLIB=ranlib
ac_cv_prog_YACC='bison -y'
ac_cv_prog_ac_ct_STRIP=strip
ac_cv_prog_cc_c89=
ac_cv_prog_cc_g=yes
ac_cv_prog_lex_root=lex.yy
ac_cv_prog_lex_yytext_pointer=yes
ac_cv_prog_make_make_set=yes
ac_cv_safe_to_define___extensions__=yes
ac_cv_search_strerror='none required'
ac_cv_search_zlibVersion=-lz
ac_cv_sys_file_offset_bits=no
ac_cv_sys_largefile_CC=no
ac_cv_target=sparc64-pc-xomb
ac_cv_working_alloca_h=yes
am_cv_CC_dependencies_compiler_type=gcc3
gas_cv_assert_ok=yes
gas_cv_decl_getopt_unistd_h=yes
gas_cv_decl_needed_environ=no
gas_cv_decl_needed_errno=no
gas_cv_decl_needed_ffs=no
gas_cv_decl_needed_free=no
gas_cv_decl_needed_malloc=no
gas_cv_decl_needed_sbrk=no
gas_cv_decl_needed_strstr=no
gas_cv_have_sys_stat_type_member_st_mtim_tv_nsec=yes
gas_cv_have_sys_stat_type_member_st_mtim_tv_sec=yes
gas_cv_have_time_type_member_tm_gmtoff=yes
lt_cv_archive_cmds_need_lc=no
lt_cv_deplibs_check_method=pass_all
lt_cv_file_magic_cmd='$MAGIC_CMD'
lt_cv_file_magic_test_file=
lt_cv_ld_reload_flag=-r
lt_cv_nm_interface='BSD nm'
lt_cv_objdir=.libs
lt_cv_path_LD=ld
lt_cv_path_NM=nm
lt_cv_prog_compiler_c_o=yes
lt_cv_prog_compiler_pic_works=yes
lt_cv_prog_compiler_rtti_exceptions=no
lt_cv_prog_compiler_static_works=yes
lt_cv_prog_gnu_ld=yes
lt_cv_shlibpath_overrides_runpath=no
lt_cv_sys_global_symbol_pipe='sed -n -e '\''s/^.*[	 ]\([ABCDGIRSTW][ABCDGIRSTW]*\)[	 ][	 ]*\([_A-Za-z][_A-Za-z0-9]*\)$/\1 \2 \2/p'\'''
lt_cv_sys_global_symbol_to_c_name_address='sed -n -e '\''s/^: \([^ ]*\) $/  {\"\1\", (void *) 0},/p'\'' -e '\''s/^[ABCDGIRSTW]* \([^ ]*\) \([^ ]*\)$/  {"\2", (void *) \&\2},/p'\'''
lt_cv_sys_global_symbol_to_c_name_address_lib_prefix='sed -n -e '\''s/^: \([^ ]*\) $/  {\"\1\", (void *) 0},/p'\'' -e '\''s/^[ABCDGIRSTW]* \([^ ]*\) \(lib[^ ]*\)$/  {"\2", (void *) \&\2},/p'\'' -e '\''s/^[ABCDGIRSTW]* \([^ ]*\) \([^ ]*\)$/  {"lib\2", (void *) \&\2},/p'\'''
lt_cv_sys_global_symbol_to_cdecl='sed -n -e '\''s/^T .* \(.*\)$/extern int \1();/p'\'' -e '\''s/^[ABCDGIRSTW]* .* \(.*\)$/extern char \1;/p'\'''
lt_cv_sys_max_cmd_len=1572864

## ----------------- ##
## Output variables. ##
## ----------------- ##

ACLOCAL='${SHELL} /home/att14/ultraxomb/build/binutils-2.21.1/missing --run aclocal-1.11'
ALLOCA=''
AMDEPBACKSLASH='\'
AMDEP_FALSE='#'
AMDEP_TRUE=''
AMTAR='${SHELL} /home/att14/ultraxomb/build/binutils-2.21.1/missing --run tar'
AR='ar'
AUTOCONF='${SHELL} /home/att14/ultraxomb/build/binutils-2.21.1/missing --run autoconf'
AUTOHEADER='${SHELL} /home/att14/ultraxomb/build/binutils-2.21.1/missing --run autoheader'
AUTOMAKE='${SHELL} /home/att14/ultraxomb/build/binutils-2.21.1/missing --run automake-1.11'
AWK='gawk'
CATALOGS=' es.gmo fr.gmo id.gmo ja.gmo ru.gmo rw.gmo tr.gmo es.gmo fr.gmo id.gmo ja.gmo ru.gmo rw.gmo tr.gmo'
CATOBJEXT='.gmo'
CC='gcc'
CCDEPMODE='depmode=gcc3'
CFLAGS='-g -O2'
CPP='gcc -E'
CPPFLAGS=''
CYGPATH_W='echo'
DATADIRNAME='share'
DEFS='-DHAVE_CONFIG_H'
DEPDIR='.deps'
DSYMUTIL=''
DUMPBIN=''
ECHO_C=''
ECHO_N='-n'
ECHO_T=''
EGREP='/bin/grep -E'
EXEEXT=''
FGREP='/bin/grep -F'
GDBINIT='.gdbinit'
GENCAT='gencat'
GENINSRC_NEVER_FALSE=''
GENINSRC_NEVER_TRUE='#'
GMSGFMT='/usr/bin/msgfmt'
GREP='/bin/grep'
INCINTL=''
INSTALL_DATA='/bin/install -c -m 644'
INSTALL_PROGRAM='/bin/install -c'
INSTALL_SCRIPT='/bin/install -c'
INSTALL_STRIP_PROGRAM='$(install_sh) -c -s'
INSTOBJEXT='.mo'
LD='ld -m elf_x86_64'
LDFLAGS=' '
LEX='flex'
LEXLIB='-lfl'
LEX_OUTPUT_ROOT='lex.yy'
LIBINTL=''
LIBINTL_DEP=''
LIBM=''
LIBOBJS=''
LIBS='-lz '
LIBTOOL='$(SHELL) $(top_builddir)/libtool'
LIPO=''
LN_S='ln -s'
LTLIBOBJS=''
MAINT='#'
MAINTAINER_MODE_FALSE=''
MAINTAINER_MODE_TRUE='#'
MAKEINFO='makeinfo --split-size=5000000'
MKDIR_P='/bin/mkdir -p'
MKINSTALLDIRS='$(top_builddir)/../../binutils-2.21.1/gas/../mkinstalldirs'
MSGFMT='/usr/bin/msgfmt'
MSGMERGE='/usr/bin/msgmerge'
NM='nm'
NMEDIT=''
NO_WERROR=''
OBJDUMP='objdump'
OBJEXT='o'
OPCODES_LIB='../opcodes/libopcodes.la'
OTOOL64=''
OTOOL=''
PACKAGE='gas'
PACKAGE_BUGREPORT=''
PACKAGE_NAME=''
PACKAGE_STRING=''
PACKAGE_TARNAME=''
PACKAGE_URL=''
PACKAGE_VERSION=''
PATH_SEPARATOR=':'
POSUB='po'
RANLIB='ranlib'
SED='/bin/sed'
SET_MAKE=''
SHELL='/bin/sh'
STRIP='strip'
USE_NLS='yes'
VERSION='2.21.1'
WARN_CFLAGS='-W -Wall -Wstrict-prototypes -Wmissing-prototypes -Wshadow'
XGETTEXT='/usr/bin/xgettext'
YACC='bison -y'
YFLAGS=''
ac_ct_CC=''
ac_ct_DUMPBIN=''
am__EXEEXT_FALSE=''
am__EXEEXT_TRUE='#'
am__fastdepCC_FALSE='#'
am__fastdepCC_TRUE=''
am__include='include'
am__isrc=' -I$(srcdir)'
am__leading_dot='.'
am__quote=''
am__tar='${AMTAR} chof - "$$tardir"'
am__untar='${AMTAR} xf -'
atof='ieee'
bindir='${exec_prefix}/bin'
build='x86_64-unknown-linux-gnu'
build_alias='x86_64-unknown-linux-gnu'
build_cpu='x86_64'
build_os='linux-gnu'
build_vendor='unknown'
cgen_cpu_prefix=''
datadir='${datarootdir}'
datarootdir='${prefix}/share'
docdir='${datarootdir}/doc/${PACKAGE}'
dvidir='${docdir}'
exec_prefix='${prefix}'
extra_objects=''
host='x86_64-unknown-linux-gnu'
host_alias='x86_64-unknown-linux-gnu'
host_cpu='x86_64'
host_os='linux-gnu'
host_vendor='unknown'
htmldir='${docdir}'
includedir='${prefix}/include'
infodir='${datarootdir}/info'
install_sh='${SHELL} /home/att14/ultraxomb/build/binutils-2.21.1/install-sh'
install_tooldir='install-exec-tooldir'
libdir='${exec_prefix}/lib'
libexecdir='${exec_prefix}/libexec'
localedir='${datarootdir}/locale'
localstatedir='${prefix}/var'
mandir='${datarootdir}/man'
mkdir_p='/bin/mkdir -p'
obj_format='elf'
oldincludedir='/usr/include'
pdfdir='${docdir}'
prefix='/home/att14/ultraxomb/local'
program_transform_name='s&^&sparc64-pc-xomb-&'
psdir='${docdir}'
sbindir='${exec_prefix}/sbin'
sharedstatedir='${prefix}/com'
sysconfdir='${prefix}/etc'
target='sparc64-pc-xomb'
target_alias='sparc64-pc-xomb'
target_cpu='sparc64'
target_cpu_type='sparc'
target_os='xomb'
target_vendor='pc'
te_file='generic'

## ----------- ##
## confdefs.h. ##
## ----------- ##

/* confdefs.h */
#define PACKAGE_NAME ""
#define PACKAGE_TARNAME ""
#define PACKAGE_VERSION ""
#define PACKAGE_STRING ""
#define PACKAGE_BUGREPORT ""
#define PACKAGE_URL ""
#define PACKAGE "gas"
#define VERSION "2.21.1"
#define STDC_HEADERS 1
#define HAVE_SYS_TYPES_H 1
#define HAVE_SYS_STAT_H 1
#define HAVE_STDLIB_H 1
#define HAVE_STRING_H 1
#define HAVE_MEMORY_H 1
#define HAVE_STRINGS_H 1
#define HAVE_INTTYPES_H 1
#define HAVE_STDINT_H 1
#define HAVE_UNISTD_H 1
#define __EXTENSIONS__ 1
#define _ALL_SOURCE 1
#define _GNU_SOURCE 1
#define _POSIX_PTHREAD_SEMANTICS 1
#define _TANDEM_SOURCE 1
#define HAVE_DLFCN_H 1
#define LT_OBJDIR ".libs/"
#define DEFAULT_ARCH "v9-64"
#define EMULATIONS 
#define DEFAULT_EMULATION ""
#define TARGET_ALIAS "sparc64-pc-xomb"
#define TARGET_CANONICAL "sparc64-pc-xomb"
#define TARGET_CPU "sparc64"
#define TARGET_VENDOR "pc"
#define TARGET_OS "xomb"
#define YYTEXT_POINTER 1
#define ENABLE_NLS 1
#define HAVE_STRING_H 1
#define HAVE_STDLIB_H 1
#define HAVE_MEMORY_H 1
#define HAVE_STRINGS_H 1
#define HAVE_UNISTD_H 1
#define HAVE_ERRNO_H 1
#define HAVE_SYS_TYPES_H 1
#define HAVE_LIMITS_H 1
#define HAVE_TIME_H 1
#define HAVE_SYS_STAT_H 1
#define CROSS_COMPILE 1
#define HAVE_ALLOCA_H 1
#define HAVE_ALLOCA 1
#define HAVE_UNLINK 1
#define HAVE_SBRK 1
#define HAVE_DECL_GETOPT 1
#define HAVE_DECL_MEMPCPY 1
#define HAVE_DECL_VSNPRINTF 1
#define HAVE_ZLIB_H 1
#define HAVE_TM_GMTOFF 1
#define HAVE_ST_MTIM_TV_SEC 1
#define HAVE_ST_MTIM_TV_NSEC 1

configure: exit 0
