This file contains any messages produced by compilers while
running configure, to aid debugging if configure makes a mistake.

It was created by configure, which was
generated by GNU Autoconf 2.64.  Invocation command line was

  $ /home/att14/ultraxomb/build/binutils-2.21.1/ld/configure --cache-file=./config.cache --with-gnu-as --with-gnu-ld --with-system-zlib --prefix=/home/att14/ultraxomb/local --disable-werror --enable-gold --enable-plugins --program-transform-name=s&^&sparc64-pc-xomb-& --disable-option-checking --build=x86_64-unknown-linux-gnu --host=x86_64-unknown-linux-gnu --target=sparc64-pc-xomb --srcdir=../../binutils-2.21.1/ld

## --------- ##
## Platform. ##
## --------- ##

hostname = deadreckoning
uname -m = x86_64
uname -r = 3.0-ARCH
uname -s = Linux
uname -v = #1 SMP PREEMPT Wed Aug 17 21:55:57 CEST 2011

/usr/bin/uname -p = unknown
/bin/uname -X     = unknown

/bin/arch              = x86_64
/usr/bin/arch -k       = unknown
/usr/convex/getsysinfo = unknown
/usr/bin/hostinfo      = unknown
/bin/machine           = unknown
/usr/bin/oslevel       = unknown
/bin/universe          = unknown

PATH: /home/att14/ultraxomb/local/bin
PATH: /bin
PATH: /usr/bin
PATH: /sbin
PATH: /usr/sbin
PATH: /usr/local/bin
PATH: /usr/local/games
PATH: /opt/google-appengine
PATH: /opt/java/bin
PATH: /opt/java/db/bin
PATH: /opt/java/jre/bin
PATH: /usr/bin/site_perl
PATH: /usr/bin/vendor_perl
PATH: /usr/bin/core_perl


## ----------- ##
## Core tests. ##
## ----------- ##

configure:2510: loading cache ./config.cache
configure:2623: checking build system type
configure:2637: result: x86_64-unknown-linux-gnu
configure:2657: checking host system type
configure:2670: result: x86_64-unknown-linux-gnu
configure:2690: checking target system type
configure:2703: result: sparc64-pc-xomb
configure:2737: checking for x86_64-unknown-linux-gnu-gcc
configure:2764: result: gcc
configure:3033: checking for C compiler version
configure:3042: gcc --version >&5
gcc (GCC) 4.6.1
Copyright (C) 2011 Free Software Foundation, Inc.
This is free software; see the source for copying conditions.  There is NO
warranty; not even for MERCHANTABILITY or FITNESS FOR A PARTICULAR PURPOSE.

configure:3053: $? = 0
configure:3042: gcc -v >&5
Using built-in specs.
COLLECT_GCC=gcc
COLLECT_LTO_WRAPPER=/usr/lib/gcc/x86_64-unknown-linux-gnu/4.6.1/lto-wrapper
Target: x86_64-unknown-linux-gnu
Configured with: /build/src/gcc-4.6.1/configure --prefix=/usr --libdir=/usr/lib --libexecdir=/usr/lib --mandir=/usr/share/man --infodir=/usr/share/info --with-bugurl=https://bugs.archlinux.org/ --enable-languages=c,c++,ada,fortran,go,lto,objc,obj-c++ --enable-shared --enable-threads=posix --with-system-zlib --enable-__cxa_atexit --disable-libunwind-exceptions --enable-clocale=gnu --enable-gnu-unique-object --enable-linker-build-id --with-ppl --enable-cloog-backend=isl --enable-lto --enable-gold --enable-ld=default --enable-plugin --with-plugin-ld=ld.gold --disable-multilib --disable-libstdcxx-pch --enable-checking=release
Thread model: posix
gcc version 4.6.1 (GCC) 
configure:3053: $? = 0
configure:3042: gcc -V >&5
gcc: error: unrecognized option '-V'
gcc: fatal error: no input files
compilation terminated.
configure:3053: $? = 1
configure:3042: gcc -qversion >&5
gcc: error: unrecognized option '-qversion'
gcc: fatal error: no input files
compilation terminated.
configure:3053: $? = 1
configure:3073: checking for C compiler default output file name
configure:3095: gcc -g -O2    conftest.c  >&5
configure:3099: $? = 0
configure:3136: result: a.out
configure:3152: checking whether the C compiler works
configure:3161: ./a.out
configure:3165: $? = 0
configure:3180: result: yes
configure:3187: checking whether we are cross compiling
configure:3189: result: no
configure:3192: checking for suffix of executables
configure:3199: gcc -o conftest -g -O2    conftest.c  >&5
configure:3203: $? = 0
configure:3225: result: 
configure:3231: checking for suffix of object files
configure:3278: result: o
configure:3282: checking whether we are using the GNU C compiler
configure:3310: result: yes
configure:3319: checking whether gcc accepts -g
configure:3380: result: yes
configure:3397: checking for gcc option to accept ISO C89
configure:3474: result: none needed
configure:3495: checking for library containing strerror
configure:3543: result: none required
configure:3569: checking for a BSD-compatible install
configure:3637: result: /bin/install -c
configure:3648: checking whether build environment is sane
configure:3698: result: yes
configure:3839: checking for a thread-safe mkdir -p
configure:3878: result: /bin/mkdir -p
configure:3891: checking for gawk
configure:3918: result: gawk
configure:3929: checking whether make sets $(MAKE)
configure:3951: result: yes
configure:3981: checking for style of include used by make
configure:4009: result: GNU
configure:4094: checking dependency style of gcc
configure:4204: result: gcc3
configure:4221: checking whether to enable maintainer-specific portions of Makefiles
configure:4230: result: no
configure:4373: checking how to run the C preprocessor
configure:4443: result: gcc -E
configure:4463: gcc -E  conftest.c
configure:4463: $? = 0
configure:4477: gcc -E  conftest.c
conftest.c:12:28: fatal error: ac_nonexistent.h: No such file or directory
compilation terminated.
configure:4477: $? = 1
configure: failed program was:
| /* confdefs.h */
| #define PACKAGE_NAME ""
| #define PACKAGE_TARNAME ""
| #define PACKAGE_VERSION ""
| #define PACKAGE_STRING ""
| #define PACKAGE_BUGREPORT ""
| #define PACKAGE_URL ""
| #define PACKAGE "ld"
| #define VERSION "2.21.1"
| #define GOT_HANDLING_DEFAULT GOT_HANDLING_TARGET_DEFAULT
| /* end confdefs.h.  */
| #include <ac_nonexistent.h>
configure:4506: checking for grep that handles long lines and -e
configure:4564: result: /bin/grep
configure:4569: checking for egrep
configure:4631: result: /bin/grep -E
configure:4730: checking for x86_64-unknown-linux-gnu-gcc
configure:4757: result: gcc
configure:5026: checking for C compiler version
configure:5035: gcc --version >&5
gcc (GCC) 4.6.1
Copyright (C) 2011 Free Software Foundation, Inc.
This is free software; see the source for copying conditions.  There is NO
warranty; not even for MERCHANTABILITY or FITNESS FOR A PARTICULAR PURPOSE.

configure:5046: $? = 0
configure:5035: gcc -v >&5
Using built-in specs.
COLLECT_GCC=gcc
COLLECT_LTO_WRAPPER=/usr/lib/gcc/x86_64-unknown-linux-gnu/4.6.1/lto-wrapper
Target: x86_64-unknown-linux-gnu
Configured with: /build/src/gcc-4.6.1/configure --prefix=/usr --libdir=/usr/lib --libexecdir=/usr/lib --mandir=/usr/share/man --infodir=/usr/share/info --with-bugurl=https://bugs.archlinux.org/ --enable-languages=c,c++,ada,fortran,go,lto,objc,obj-c++ --enable-shared --enable-threads=posix --with-system-zlib --enable-__cxa_atexit --disable-libunwind-exceptions --enable-clocale=gnu --enable-gnu-unique-object --enable-linker-build-id --with-ppl --enable-cloog-backend=isl --enable-lto --enable-gold --enable-ld=default --enable-plugin --with-plugin-ld=ld.gold --disable-multilib --disable-libstdcxx-pch --enable-checking=release
Thread model: posix
gcc version 4.6.1 (GCC) 
configure:5046: $? = 0
configure:5035: gcc -V >&5
gcc: error: unrecognized option '-V'
gcc: fatal error: no input files
compilation terminated.
configure:5046: $? = 1
configure:5035: gcc -qversion >&5
gcc: error: unrecognized option '-qversion'
gcc: fatal error: no input files
compilation terminated.
configure:5046: $? = 1
configure:5050: checking whether we are using the GNU C compiler
configure:5078: result: yes
configure:5087: checking whether gcc accepts -g
configure:5148: result: yes
configure:5165: checking for gcc option to accept ISO C89
configure:5242: result: none needed
configure:5374: checking for C++ compiler version
configure:5383: g++ --version >&5
g++ (GCC) 4.6.1
Copyright (C) 2011 Free Software Foundation, Inc.
This is free software; see the source for copying conditions.  There is NO
warranty; not even for MERCHANTABILITY or FITNESS FOR A PARTICULAR PURPOSE.

configure:5394: $? = 0
configure:5383: g++ -v >&5
Using built-in specs.
COLLECT_GCC=g++
COLLECT_LTO_WRAPPER=/usr/lib/gcc/x86_64-unknown-linux-gnu/4.6.1/lto-wrapper
Target: x86_64-unknown-linux-gnu
Configured with: /build/src/gcc-4.6.1/configure --prefix=/usr --libdir=/usr/lib --libexecdir=/usr/lib --mandir=/usr/share/man --infodir=/usr/share/info --with-bugurl=https://bugs.archlinux.org/ --enable-languages=c,c++,ada,fortran,go,lto,objc,obj-c++ --enable-shared --enable-threads=posix --with-system-zlib --enable-__cxa_atexit --disable-libunwind-exceptions --enable-clocale=gnu --enable-gnu-unique-object --enable-linker-build-id --with-ppl --enable-cloog-backend=isl --enable-lto --enable-gold --enable-ld=default --enable-plugin --with-plugin-ld=ld.gold --disable-multilib --disable-libstdcxx-pch --enable-checking=release
Thread model: posix
gcc version 4.6.1 (GCC) 
configure:5394: $? = 0
configure:5383: g++ -V >&5
g++: error: unrecognized option '-V'
g++: fatal error: no input files
compilation terminated.
configure:5394: $? = 1
configure:5383: g++ -qversion >&5
g++: error: unrecognized option '-qversion'
g++: fatal error: no input files
compilation terminated.
configure:5394: $? = 1
configure:5398: checking whether we are using the GNU C++ compiler
configure:5426: result: yes
configure:5435: checking whether g++ accepts -g
configure:5496: result: yes
configure:5521: checking dependency style of g++
configure:5631: result: gcc3
configure:5646: checking for ANSI C header files
configure:5750: result: yes
configure:5763: checking for sys/types.h
configure:5763: result: yes
configure:5763: checking for sys/stat.h
configure:5763: result: yes
configure:5763: checking for stdlib.h
configure:5763: result: yes
configure:5763: checking for string.h
configure:5763: result: yes
configure:5763: checking for memory.h
configure:5763: result: yes
configure:5763: checking for strings.h
configure:5763: result: yes
configure:5763: checking for inttypes.h
configure:5763: result: yes
configure:5763: checking for stdint.h
configure:5763: result: yes
configure:5763: checking for unistd.h
configure:5763: result: yes
configure:5777: checking for minix/config.h
configure:5777: result: no
configure:5798: checking whether it is safe to define __EXTENSIONS__
configure:5823: result: yes
configure:5882: checking for special C compiler options needed for large files
configure:5927: result: no
configure:5933: checking for _FILE_OFFSET_BITS value needed for large files
configure:5990: result: no
configure:6122: checking how to print strings
configure:6149: result: printf
configure:6170: checking for a sed that does not truncate output
configure:6234: result: /bin/sed
configure:6252: checking for fgrep
configure:6314: result: /bin/grep -F
configure:6349: checking for ld used by gcc
configure:6416: result: ld
configure:6423: checking if the linker (ld) is GNU ld
configure:6438: result: yes
configure:6450: checking for BSD- or MS-compatible name lister (nm)
configure:6499: result: nm
configure:6629: checking the name lister (nm) interface
configure:6649: result: BSD nm
configure:6652: checking whether ln -s works
configure:6656: result: yes
configure:6664: checking the maximum length of command line arguments
configure:6789: result: 1572864
configure:6806: checking whether the shell understands some XSI constructs
configure:6816: result: yes
configure:6820: checking whether the shell understands "+="
configure:6826: result: yes
configure:6861: checking for ld option to reload object files
configure:6868: result: -r
configure:6897: checking for x86_64-unknown-linux-gnu-objdump
configure:6924: result: objdump
configure:6996: checking how to recognize dependent libraries
configure:7197: result: pass_all
configure:7217: checking for x86_64-unknown-linux-gnu-ar
configure:7244: result: ar
configure:7322: checking for x86_64-unknown-linux-gnu-strip
configure:7352: result: no
configure:7362: checking for strip
configure:7389: result: strip
configure:7421: checking for x86_64-unknown-linux-gnu-ranlib
configure:7448: result: ranlib
configure:7590: checking command to parse nm output from gcc object
configure:7813: result: ok
configure:7908: gcc -c -g -O2  conftest.c >&5
configure:7911: $? = 0
configure:8648: checking for dlfcn.h
configure:8648: result: yes
configure:8836: checking for objdir
configure:8851: result: .libs
configure:9122: checking if gcc supports -fno-rtti -fno-exceptions
configure:9157: result: no
configure:9177: checking for gcc option to produce PIC
configure:9462: result: -fPIC -DPIC
configure:9474: checking if gcc PIC flag -fPIC -DPIC works
configure:9509: result: yes
configure:9533: checking if gcc static flag -static works
configure:9561: result: yes
configure:9576: checking if gcc supports -c -o file.o
configure:9623: result: yes
configure:9631: checking if gcc supports -c -o file.o
configure:9678: result: yes
configure:9711: checking whether the gcc linker (ld -m elf_x86_64) supports shared libraries
configure:10786: result: yes
configure:10823: checking whether -lc should be explicitly linked in
configure:10866: result: no
configure:11031: checking dynamic linker characteristics
configure:11708: result: GNU/Linux ld.so
configure:11815: checking how to hardcode library paths into programs
configure:11840: result: immediate
configure:12380: checking whether stripping libraries is possible
configure:12385: result: yes
configure:12420: checking if libtool supports shared libraries
configure:12422: result: yes
configure:12425: checking whether to build shared libraries
configure:12446: result: yes
configure:12449: checking whether to build static libraries
configure:12453: result: yes
configure:12476: checking how to run the C++ preprocessor
configure:12542: result: g++ -E
configure:12562: g++ -E  conftest.cpp
configure:12562: $? = 0
configure:12576: g++ -E  conftest.cpp
conftest.cpp:29:28: fatal error: ac_nonexistent.h: No such file or directory
compilation terminated.
configure:12576: $? = 1
configure: failed program was:
| /* confdefs.h */
| #define PACKAGE_NAME ""
| #define PACKAGE_TARNAME ""
| #define PACKAGE_VERSION ""
| #define PACKAGE_STRING ""
| #define PACKAGE_BUGREPORT ""
| #define PACKAGE_URL ""
| #define PACKAGE "ld"
| #define VERSION "2.21.1"
| #define GOT_HANDLING_DEFAULT GOT_HANDLING_TARGET_DEFAULT
| #define STDC_HEADERS 1
| #define HAVE_SYS_TYPES_H 1
| #define HAVE_SYS_STAT_H 1
| #define HAVE_STDLIB_H 1
| #define HAVE_STRING_H 1
| #define HAVE_MEMORY_H 1
| #define HAVE_STRINGS_H 1
| #define HAVE_INTTYPES_H 1
| #define HAVE_STDINT_H 1
| #define HAVE_UNISTD_H 1
| #define __EXTENSIONS__ 1
| #define _ALL_SOURCE 1
| #define _GNU_SOURCE 1
| #define _POSIX_PTHREAD_SEMANTICS 1
| #define _TANDEM_SOURCE 1
| #define HAVE_DLFCN_H 1
| #define LT_OBJDIR ".libs/"
| /* end confdefs.h.  */
| #include <ac_nonexistent.h>
configure:12744: checking for ld used by g++
configure:12811: result: ld -m elf_x86_64
configure:12818: checking if the linker (ld -m elf_x86_64) is GNU ld
configure:12833: result: yes
configure:12888: checking whether the g++ linker (ld -m elf_x86_64) supports shared libraries
configure:13820: result: yes
configure:13848: g++ -c -g -O2  conftest.cpp >&5
configure:13851: $? = 0
configure:14033: checking for g++ option to produce PIC
configure:14355: result: -fPIC -DPIC
configure:14364: checking if g++ PIC flag -fPIC -DPIC works
configure:14399: result: yes
configure:14420: checking if g++ static flag -static works
configure:14448: result: yes
configure:14460: checking if g++ supports -c -o file.o
configure:14507: result: yes
configure:14512: checking if g++ supports -c -o file.o
configure:14559: result: yes
configure:14589: checking whether the g++ linker (ld -m elf_x86_64) supports shared libraries
configure:14617: result: yes
configure:14760: checking dynamic linker characteristics
configure:15371: result: GNU/Linux ld.so
configure:15424: checking how to hardcode library paths into programs
configure:15449: result: immediate
configure:15522: checking whether NLS is requested
configure:15528: result: yes
configure:15534: checking for catalogs to be installed
configure:15566: result:  bg da es fi fr ga id ja sv tr vi zh_CN zh_TW bg da es fi fr ga id ja sv tr vi zh_CN zh_TW
configure:15593: checking whether NLS is requested
configure:15602: result: yes
configure:15640: checking for msgfmt
configure:15671: result: /usr/bin/msgfmt
configure:15680: checking for gmsgfmt
configure:15711: result: /usr/bin/msgfmt
configure:15751: checking for xgettext
configure:15782: result: /usr/bin/xgettext
configure:15822: checking for msgmerge
configure:15852: result: /usr/bin/msgmerge
configure:15894: checking for bison
configure:15921: result: bison -y
configure:15937: checking for flex
configure:15964: result: flex
configure:16001: flex conftest.l
configure:16005: $? = 0
configure:16007: checking lex output file root
configure:16021: result: lex.yy
configure:16026: checking lex library
configure:16050: result: -lfl
configure:16056: checking whether yytext is a pointer
configure:16080: result: yes
configure:16095: checking whether to enable maintainer-specific portions of Makefiles
configure:16104: result: no
configure:16125: checking how to compare bootstrapped objects
configure:16150: result: cmp --ignore-initial=16 $$f1 $$f2
configure:16166: checking for string.h
configure:16166: result: yes
configure:16166: checking for strings.h
configure:16166: result: yes
configure:16166: checking for stdlib.h
configure:16166: result: yes
configure:16166: checking for unistd.h
configure:16166: result: yes
configure:16166: checking for elf-hints.h
configure:16166: result: no
configure:16166: checking for limits.h
configure:16166: result: yes
configure:16166: checking for sys/param.h
configure:16166: result: yes
configure:16180: checking for fcntl.h
configure:16180: result: yes
configure:16180: checking for sys/file.h
configure:16180: result: yes
configure:16180: checking for sys/time.h
configure:16180: result: yes
configure:16180: checking for sys/stat.h
configure:16180: result: yes
configure:16194: checking for glob
configure:16194: result: yes
configure:16194: checking for mkstemp
configure:16194: result: yes
configure:16194: checking for realpath
configure:16194: result: yes
configure:16194: checking for sbrk
configure:16194: result: yes
configure:16194: checking for waitpid
configure:16194: result: yes
configure:16207: checking for open
configure:16207: result: yes
configure:16207: checking for lseek
configure:16207: result: yes
configure:16207: checking for close
configure:16207: result: yes
configure:16220: checking for dirent.h that defines DIR
configure:16247: result: yes
configure:16261: checking for library containing opendir
configure:16309: result: none required
configure:16379: checking for dlfcn.h
configure:16379: result: yes
configure:16388: checking for library containing dlopen
configure:16436: result: -ldl
configure:16449: checking for dlopen
configure:16449: result: yes
configure:16449: checking for dlsym
configure:16449: result: yes
configure:16449: checking for dlclose
configure:16449: result: yes
configure:16486: checking for a known getopt prototype in unistd.h
configure:16510: result: yes
configure:16526: checking whether strstr is declared
configure:16526: result: yes
configure:16536: checking whether free is declared
configure:16536: result: yes
configure:16546: checking whether sbrk is declared
configure:16546: result: yes
configure:16556: checking whether getenv is declared
configure:16556: result: yes
configure:16566: checking whether environ is declared
configure:16566: result: yes
configure:16580: checking for library containing zlibVersion
configure:16628: result: -lz
configure:16635: checking for zlib.h
configure:16635: result: yes
configure:16654: checking whether ANSI C string concatenation works
configure:16678: result: yes
configure:16993: creating ./config.status

## ---------------------- ##
## Running config.status. ##
## ---------------------- ##

This file was extended by config.status, which was
generated by GNU Autoconf 2.64.  Invocation command line was

  CONFIG_FILES    = 
  CONFIG_HEADERS  = 
  CONFIG_LINKS    = 
  CONFIG_COMMANDS = 
  $ ./config.status 

on deadreckoning

config.status:1255: creating Makefile
config.status:1255: creating po/Makefile.in
config.status:1255: creating config.h
config.status:1425: config.h is unchanged
config.status:1473: executing depfiles commands
config.status:1473: executing libtool commands
config.status:1473: executing default-1 commands

## ---------------- ##
## Cache variables. ##
## ---------------- ##

ac_cv_build=x86_64-unknown-linux-gnu
ac_cv_c_compiler_gnu=yes
ac_cv_cxx_compiler_gnu=yes
ac_cv_env_CCC_set=
ac_cv_env_CCC_value=
ac_cv_env_CC_set=set
ac_cv_env_CC_value=gcc
ac_cv_env_CFLAGS_set=set
ac_cv_env_CFLAGS_value='-g -O2'
ac_cv_env_CPPFLAGS_set=
ac_cv_env_CPPFLAGS_value=
ac_cv_env_CPP_set=
ac_cv_env_CPP_value=
ac_cv_env_CXXCPP_set=
ac_cv_env_CXXCPP_value=
ac_cv_env_CXXFLAGS_set=set
ac_cv_env_CXXFLAGS_value='-g -O2'
ac_cv_env_CXX_set=set
ac_cv_env_CXX_value=g++
ac_cv_env_LDFLAGS_set=set
ac_cv_env_LDFLAGS_value=' '
ac_cv_env_LIBS_set=
ac_cv_env_LIBS_value=
ac_cv_env_YACC_set=set
ac_cv_env_YACC_value='bison -y'
ac_cv_env_YFLAGS_set=
ac_cv_env_YFLAGS_value=
ac_cv_env_build_alias_set=set
ac_cv_env_build_alias_value=x86_64-unknown-linux-gnu
ac_cv_env_host_alias_set=set
ac_cv_env_host_alias_value=x86_64-unknown-linux-gnu
ac_cv_env_target_alias_set=set
ac_cv_env_target_alias_value=sparc64-pc-xomb
ac_cv_func_close=yes
ac_cv_func_dlclose=yes
ac_cv_func_dlopen=yes
ac_cv_func_dlsym=yes
ac_cv_func_glob=yes
ac_cv_func_lseek=yes
ac_cv_func_mkstemp=yes
ac_cv_func_open=yes
ac_cv_func_realpath=yes
ac_cv_func_sbrk=yes
ac_cv_func_waitpid=yes
ac_cv_have_decl_environ=yes
ac_cv_have_decl_free=yes
ac_cv_have_decl_getenv=yes
ac_cv_have_decl_sbrk=yes
ac_cv_have_decl_strstr=yes
ac_cv_header_dirent_dirent_h=yes
ac_cv_header_dlfcn_h=yes
ac_cv_header_elf_hints_h=no
ac_cv_header_fcntl_h=yes
ac_cv_header_inttypes_h=yes
ac_cv_header_limits_h=yes
ac_cv_header_memory_h=yes
ac_cv_header_minix_config_h=no
ac_cv_header_stdc=yes
ac_cv_header_stdint_h=yes
ac_cv_header_stdlib_h=yes
ac_cv_header_string_h=yes
ac_cv_header_strings_h=yes
ac_cv_header_sys_file_h=yes
ac_cv_header_sys_param_h=yes
ac_cv_header_sys_stat_h=yes
ac_cv_header_sys_time_h=yes
ac_cv_header_sys_types_h=yes
ac_cv_header_unistd_h=yes
ac_cv_header_zlib_h=yes
ac_cv_host=x86_64-unknown-linux-gnu
ac_cv_lib_lex=-lfl
ac_cv_objext=o
ac_cv_path_EGREP='/bin/grep -E'
ac_cv_path_FGREP='/bin/grep -F'
ac_cv_path_GMSGFMT=/usr/bin/msgfmt
ac_cv_path_GREP=/bin/grep
ac_cv_path_MSGFMT=/usr/bin/msgfmt
ac_cv_path_MSGMERGE=/usr/bin/msgmerge
ac_cv_path_SED=/bin/sed
ac_cv_path_XGETTEXT=/usr/bin/xgettext
ac_cv_path_mkdir=/bin/mkdir
ac_cv_prog_AR=ar
ac_cv_prog_AWK=gawk
ac_cv_prog_CC=gcc
ac_cv_prog_CPP='gcc -E'
ac_cv_prog_CXXCPP='g++ -E'
ac_cv_prog_LEX=flex
ac_cv_prog_OBJDUMP=objdump
ac_cv_prog_RANLIB=ranlib
ac_cv_prog_YACC='bison -y'
ac_cv_prog_ac_ct_STRIP=strip
ac_cv_prog_cc_c89=
ac_cv_prog_cc_g=yes
ac_cv_prog_cxx_g=yes
ac_cv_prog_lex_root=lex.yy
ac_cv_prog_lex_yytext_pointer=yes
ac_cv_prog_make_make_set=yes
ac_cv_safe_to_define___extensions__=yes
ac_cv_search_dlopen=-ldl
ac_cv_search_opendir='none required'
ac_cv_search_strerror='none required'
ac_cv_search_zlibVersion=-lz
ac_cv_sys_file_offset_bits=no
ac_cv_sys_largefile_CC=no
ac_cv_target=sparc64-pc-xomb
am_cv_CC_dependencies_compiler_type=gcc3
am_cv_CXX_dependencies_compiler_type=gcc3
gcc_cv_prog_cmp_skip='cmp --ignore-initial=16 $$f1 $$f2'
ld_cv_decl_getopt_unistd_h=yes
ld_cv_string_concatenation=yes
lt_cv_archive_cmds_need_lc=no
lt_cv_deplibs_check_method=pass_all
lt_cv_file_magic_cmd='$MAGIC_CMD'
lt_cv_file_magic_test_file=
lt_cv_ld_reload_flag=-r
lt_cv_nm_interface='BSD nm'
lt_cv_objdir=.libs
lt_cv_path_LD=ld
lt_cv_path_LDCXX='ld -m elf_x86_64'
lt_cv_path_NM=nm
lt_cv_prog_compiler_c_o=yes
lt_cv_prog_compiler_c_o_CXX=yes
lt_cv_prog_compiler_pic_works=yes
lt_cv_prog_compiler_pic_works_CXX=yes
lt_cv_prog_compiler_rtti_exceptions=no
lt_cv_prog_compiler_static_works=yes
lt_cv_prog_compiler_static_works_CXX=yes
lt_cv_prog_gnu_ld=yes
lt_cv_prog_gnu_ldcxx=yes
lt_cv_shlibpath_overrides_runpath=no
lt_cv_sys_global_symbol_pipe='sed -n -e '\''s/^.*[	 ]\([ABCDGIRSTW][ABCDGIRSTW]*\)[	 ][	 ]*\([_A-Za-z][_A-Za-z0-9]*\)$/\1 \2 \2/p'\'''
lt_cv_sys_global_symbol_to_c_name_address='sed -n -e '\''s/^: \([^ ]*\) $/  {\"\1\", (void *) 0},/p'\'' -e '\''s/^[ABCDGIRSTW]* \([^ ]*\) \([^ ]*\)$/  {"\2", (void *) \&\2},/p'\'''
lt_cv_sys_global_symbol_to_c_name_address_lib_prefix='sed -n -e '\''s/^: \([^ ]*\) $/  {\"\1\", (void *) 0},/p'\'' -e '\''s/^[ABCDGIRSTW]* \([^ ]*\) \(lib[^ ]*\)$/  {"\2", (void *) \&\2},/p'\'' -e '\''s/^[ABCDGIRSTW]* \([^ ]*\) \([^ ]*\)$/  {"lib\2", (void *) \&\2},/p'\'''
lt_cv_sys_global_symbol_to_cdecl='sed -n -e '\''s/^T .* \(.*\)$/extern int \1();/p'\'' -e '\''s/^[ABCDGIRSTW]* .* \(.*\)$/extern char \1;/p'\'''
lt_cv_sys_max_cmd_len=1572864

## ----------------- ##
## Output variables. ##
## ----------------- ##

ACLOCAL='${SHELL} /home/att14/ultraxomb/build/binutils-2.21.1/missing --run aclocal-1.11'
AMDEPBACKSLASH='\'
AMDEP_FALSE='#'
AMDEP_TRUE=''
AMTAR='${SHELL} /home/att14/ultraxomb/build/binutils-2.21.1/missing --run tar'
AR='ar'
AUTOCONF='${SHELL} /home/att14/ultraxomb/build/binutils-2.21.1/missing --run autoconf'
AUTOHEADER='${SHELL} /home/att14/ultraxomb/build/binutils-2.21.1/missing --run autoheader'
AUTOMAKE='${SHELL} /home/att14/ultraxomb/build/binutils-2.21.1/missing --run automake-1.11'
AWK='gawk'
CATALOGS=' bg.gmo da.gmo es.gmo fi.gmo fr.gmo ga.gmo id.gmo ja.gmo sv.gmo tr.gmo vi.gmo zh_CN.gmo zh_TW.gmo bg.gmo da.gmo es.gmo fi.gmo fr.gmo ga.gmo id.gmo ja.gmo sv.gmo tr.gmo vi.gmo zh_CN.gmo zh_TW.gmo'
CATOBJEXT='.gmo'
CC='gcc'
CCDEPMODE='depmode=gcc3'
CFLAGS='-g -O2'
CPP='gcc -E'
CPPFLAGS=''
CXX='g++'
CXXCPP='g++ -E'
CXXDEPMODE='depmode=gcc3'
CXXFLAGS='-g -O2'
CYGPATH_W='echo'
DATADIRNAME='share'
DEFS='-DHAVE_CONFIG_H'
DEPDIR='.deps'
DSYMUTIL=''
DUMPBIN=''
ECHO_C=''
ECHO_N='-n'
ECHO_T=''
EGREP='/bin/grep -E'
EMUL='xomb_sparc'
EMULATION_LIBPATH='xomb_sparc'
EMULATION_OFILES=' exomb_sparc.o'
EMUL_EXTRA_OFILES=''
ENABLE_PLUGINS_FALSE='#'
ENABLE_PLUGINS_TRUE=''
EXEEXT=''
FGREP='/bin/grep -F'
GENCAT='gencat'
GENINSRC_NEVER_FALSE=''
GENINSRC_NEVER_TRUE='#'
GMSGFMT='/usr/bin/msgfmt'
GREP='/bin/grep'
HDEFINES=''
HOSTING_CRT0='-dynamic-linker `${CC} --help --verbose 2>&1 | egrep "ld[^ ]*\.so" | sed -e "s,.*-dynamic-linker[ 	][ 	]*\(.*/ld[^ ]*\.so..\).*,\1,"` `${CC} --print-file-name=crt1.o` `${CC} --print-file-name=crti.o` `if [ -f ../gcc/crtbegin.o ]; then echo ../gcc/crtbegin.o; else ${CC} --print-file-name=crtbegin.o; fi`'
HOSTING_LIBS='-L`dirname \`${CC} --print-file-name=libc.so\`` `if [ -f ../gcc/libgcc.a ]; then libgcc=../gcc/libgcc.a; else libgcc=\`${CC} -print-libgcc-file-name\`; fi; if [ -f ../gcc/libgcc_eh.a ]; then libgcc="$$libgcc ../gcc/libgcc_eh.a"; else libgcc_eh=\`${CC} -print-file-name=libgcc_eh.a\`; if [ x"$$libgcc_eh" != xlibgcc_eh.a ]; then libgcc="$$libgcc $$libgcc_eh"; fi; fi; if [ -f ../gcc/libunwind.a ]; then libgcc="$$libgcc ../gcc/libunwind.a"; else libunwind=\`${CC} -print-file-name=libunwind.a\`; if [ x"$$libunwind" != xlibunwind.a ]; then libgcc="$$libgcc $$libunwind"; fi; fi; echo --start-group $$libgcc -lc --end-group` `if [ -f ../gcc/crtend.o ]; then echo ../gcc/crtend.o; else ${CC} --print-file-name=crtend.o; fi` `${CC} --print-file-name=crtn.o`'
INCINTL=''
INSTALL_DATA='/bin/install -c -m 644'
INSTALL_PROGRAM='/bin/install -c'
INSTALL_SCRIPT='/bin/install -c'
INSTALL_STRIP_PROGRAM='$(install_sh) -c -s'
INSTOBJEXT='.mo'
LD='ld -m elf_x86_64'
LDFLAGS=' '
LEX='flex'
LEXLIB='-lfl'
LEX_OUTPUT_ROOT='lex.yy'
LIBINTL=''
LIBINTL_DEP=''
LIBOBJS=''
LIBS='-lz -ldl '
LIBTOOL='$(SHELL) $(top_builddir)/libtool'
LIB_PATH=''
LIPO=''
LN_S='ln -s'
LTLIBOBJS=''
MAINT='#'
MAINTAINER_MODE_FALSE=''
MAINTAINER_MODE_TRUE='#'
MAKEINFO='makeinfo --split-size=5000000'
MKDIR_P='/bin/mkdir -p'
MKINSTALLDIRS='$(top_builddir)/../../binutils-2.21.1/ld/../mkinstalldirs'
MSGFMT='/usr/bin/msgfmt'
MSGMERGE='/usr/bin/msgmerge'
NATIVE_LIB_DIRS='/usr/local/lib /lib /usr/lib'
NM='nm'
NMEDIT=''
NO_WERROR=''
OBJDUMP='objdump'
OBJEXT='o'
OTOOL64=''
OTOOL=''
PACKAGE='ld'
PACKAGE_BUGREPORT=''
PACKAGE_NAME=''
PACKAGE_STRING=''
PACKAGE_TARNAME=''
PACKAGE_URL=''
PACKAGE_VERSION=''
PATH_SEPARATOR=':'
POSUB='po'
RANLIB='ranlib'
SED='/bin/sed'
SET_MAKE=''
SHELL='/bin/sh'
STRINGIFY='astring.sed'
STRIP='strip'
TARGET_SYSTEM_ROOT=''
TARGET_SYSTEM_ROOT_DEFINE='-DTARGET_SYSTEM_ROOT=\"\"'
TESTBFDLIB='../bfd/.libs/libbfd.a'
USE_NLS='yes'
VERSION='2.21.1'
WARN_CFLAGS='-W -Wall -Wstrict-prototypes -Wmissing-prototypes -Wshadow'
XGETTEXT='/usr/bin/xgettext'
YACC='bison -y'
YFLAGS=''
ac_ct_CC=''
ac_ct_CXX=''
ac_ct_DUMPBIN=''
am__EXEEXT_FALSE=''
am__EXEEXT_TRUE='#'
am__fastdepCC_FALSE='#'
am__fastdepCC_TRUE=''
am__fastdepCXX_FALSE='#'
am__fastdepCXX_TRUE=''
am__include='include'
am__isrc=' -I$(srcdir)'
am__leading_dot='.'
am__quote=''
am__tar='${AMTAR} chof - "$$tardir"'
am__untar='${AMTAR} xf -'
bindir='${exec_prefix}/bin'
build='x86_64-unknown-linux-gnu'
build_alias='x86_64-unknown-linux-gnu'
build_cpu='x86_64'
build_os='linux-gnu'
build_vendor='unknown'
datadir='${datarootdir}'
datarootdir='${prefix}/share'
do_compare='cmp --ignore-initial=16 $$f1 $$f2'
docdir='${datarootdir}/doc/${PACKAGE}'
dvidir='${docdir}'
exec_prefix='${prefix}'
host='x86_64-unknown-linux-gnu'
host_alias='x86_64-unknown-linux-gnu'
host_cpu='x86_64'
host_os='linux-gnu'
host_vendor='unknown'
htmldir='${docdir}'
includedir='${prefix}/include'
infodir='${datarootdir}/info'
install_as_default='yes'
install_sh='${SHELL} /home/att14/ultraxomb/build/binutils-2.21.1/install-sh'
installed_linker='ld.bfd'
libdir='${exec_prefix}/lib'
libexecdir='${exec_prefix}/libexec'
localedir='${datarootdir}/locale'
localstatedir='${prefix}/var'
mandir='${datarootdir}/man'
mkdir_p='/bin/mkdir -p'
oldincludedir='/usr/include'
pdfdir='${docdir}'
prefix='/home/att14/ultraxomb/local'
program_transform_name='s&^&sparc64-pc-xomb-&'
psdir='${docdir}'
sbindir='${exec_prefix}/sbin'
sharedstatedir='${prefix}/com'
sysconfdir='${prefix}/etc'
target='sparc64-pc-xomb'
target_alias='sparc64-pc-xomb'
target_cpu='sparc64'
target_os='xomb'
target_vendor='pc'
use_sysroot='no'

## ------------------- ##
## File substitutions. ##
## ------------------- ##

TDIRS='tdirs'

## ----------- ##
## confdefs.h. ##
## ----------- ##

/* confdefs.h */
#define PACKAGE_NAME ""
#define PACKAGE_TARNAME ""
#define PACKAGE_VERSION ""
#define PACKAGE_STRING ""
#define PACKAGE_BUGREPORT ""
#define PACKAGE_URL ""
#define PACKAGE "ld"
#define VERSION "2.21.1"
#define GOT_HANDLING_DEFAULT GOT_HANDLING_TARGET_DEFAULT
#define STDC_HEADERS 1
#define HAVE_SYS_TYPES_H 1
#define HAVE_SYS_STAT_H 1
#define HAVE_STDLIB_H 1
#define HAVE_STRING_H 1
#define HAVE_MEMORY_H 1
#define HAVE_STRINGS_H 1
#define HAVE_INTTYPES_H 1
#define HAVE_STDINT_H 1
#define HAVE_UNISTD_H 1
#define __EXTENSIONS__ 1
#define _ALL_SOURCE 1
#define _GNU_SOURCE 1
#define _POSIX_PTHREAD_SEMANTICS 1
#define _TANDEM_SOURCE 1
#define HAVE_DLFCN_H 1
#define LT_OBJDIR ".libs/"
#define ENABLE_NLS 1
#define YYTEXT_POINTER 1
#define HAVE_STRING_H 1
#define HAVE_STRINGS_H 1
#define HAVE_STDLIB_H 1
#define HAVE_UNISTD_H 1
#define HAVE_LIMITS_H 1
#define HAVE_SYS_PARAM_H 1
#define HAVE_FCNTL_H 1
#define HAVE_SYS_FILE_H 1
#define HAVE_SYS_TIME_H 1
#define HAVE_SYS_STAT_H 1
#define HAVE_GLOB 1
#define HAVE_MKSTEMP 1
#define HAVE_REALPATH 1
#define HAVE_SBRK 1
#define HAVE_WAITPID 1
#define HAVE_OPEN 1
#define HAVE_LSEEK 1
#define HAVE_CLOSE 1
#define HAVE_DIRENT_H 1
#define HAVE_DLOPEN 1
#define HAVE_DLSYM 1
#define HAVE_DLCLOSE 1
#define HAVE_DECL_GETOPT 1
#define HAVE_DECL_STRSTR 1
#define HAVE_DECL_FREE 1
#define HAVE_DECL_SBRK 1
#define HAVE_DECL_GETENV 1
#define HAVE_DECL_ENVIRON 1
#define HAVE_ZLIB_H 1

configure: exit 0
