This file contains any messages produced by compilers while
running configure, to aid debugging if configure makes a mistake.

It was created by newlib configure 1.19.0, which was
generated by GNU Autoconf 2.68.  Invocation command line was

  $ ../../../../../../newlib-1.19.0/newlib/libc/sys/xomb/configure --disable-option-checking --prefix=/home/att14/ultraxomb/local --with-newlib --enable-multilib --with-cross-host=x86_64-unknown-linux-gnu --with-gmp=/home/att14/ultraxomb/local --with-mpfr=/home/att14/ultraxomb/local -enable-newlib-hw-fp --program-transform-name=s&^&sparc64-sun-xomb-& --with-target-subdir=sparc64-sun-xomb --build=x86_64-unknown-linux-gnu --host=sparc64-sun-xomb --target=sparc64-sun-xomb build_alias=x86_64-unknown-linux-gnu host_alias=sparc64-sun-xomb target_alias=sparc64-sun-xomb CC=sparc64-sun-xomb-gcc -B/home/att14/ultraxomb/build/newlib-obj/sparc64-sun-xomb/newlib/ -isystem /home/att14/ultraxomb/build/newlib-obj/sparc64-sun-xomb/newlib/targ-include -isystem /home/att14/ultraxomb/build/newlib-1.19.0/newlib/libc/include -B/home/att14/ultraxomb/build/newlib-obj/sparc64-sun-xomb/libgloss/sparc64 -L/home/att14/ultraxomb/build/newlib-obj/sparc64-sun-xomb/libgloss/libnosys -L/home/att14/ultraxomb/build/newlib-1.19.0/libgloss/sparc64    CFLAGS=-g -O2 LDFLAGS= CPPFLAGS= --cache-file=../../.././config.cache --srcdir=../../../../../../newlib-1.19.0/newlib/libc/sys/xomb

## --------- ##
## Platform. ##
## --------- ##

hostname = deadreckoning
uname -m = x86_64
uname -r = 3.0-ARCH
uname -s = Linux
uname -v = #1 SMP PREEMPT Wed Aug 17 21:55:57 CEST 2011

/usr/bin/uname -p = unknown
/bin/uname -X     = unknown

/bin/arch              = x86_64
/usr/bin/arch -k       = unknown
/usr/convex/getsysinfo = unknown
/usr/bin/hostinfo      = unknown
/bin/machine           = unknown
/usr/bin/oslevel       = unknown
/bin/universe          = unknown

PATH: /home/att14/ultraxomb/local/bin
PATH: /bin
PATH: /usr/bin
PATH: /sbin
PATH: /usr/sbin
PATH: /usr/local/bin
PATH: /usr/local/games
PATH: /opt/google-appengine
PATH: /opt/java/bin
PATH: /opt/java/db/bin
PATH: /opt/java/jre/bin
PATH: /usr/bin/site_perl
PATH: /usr/bin/vendor_perl
PATH: /usr/bin/core_perl


## ----------- ##
## Core tests. ##
## ----------- ##

configure:1723: loading cache ../../.././config.cache
configure:1839: checking build system type
configure:1853: result: x86_64-unknown-linux-gnu
configure:1873: checking host system type
configure:1886: result: sparc64-sun-xomb
configure:1922: checking for a BSD-compatible install
configure:1990: result: /bin/install -c
configure:2001: checking whether build environment is sane
configure:2051: result: yes
configure:2100: checking for sparc64-sun-xomb-strip
configure:2127: result: sparc64-sun-xomb-strip
configure:2192: checking for a thread-safe mkdir -p
configure:2231: result: /bin/mkdir -p
configure:2244: checking for gawk
configure:2271: result: gawk
configure:2282: checking whether make sets $(MAKE)
configure:2304: result: yes
configure:2334: checking for style of include used by make
configure:2362: result: GNU
configure:2571: checking for gcc
configure:2598: result: sparc64-sun-xomb-gcc -B/home/att14/ultraxomb/build/newlib-obj/sparc64-sun-xomb/newlib/ -isystem /home/att14/ultraxomb/build/newlib-obj/sparc64-sun-xomb/newlib/targ-include -isystem /home/att14/ultraxomb/build/newlib-1.19.0/newlib/libc/include -B/home/att14/ultraxomb/build/newlib-obj/sparc64-sun-xomb/libgloss/sparc64 -L/home/att14/ultraxomb/build/newlib-obj/sparc64-sun-xomb/libgloss/libnosys -L/home/att14/ultraxomb/build/newlib-1.19.0/libgloss/sparc64   
configure:2609: checking dependency style of sparc64-sun-xomb-gcc -B/home/att14/ultraxomb/build/newlib-obj/sparc64-sun-xomb/newlib/ -isystem /home/att14/ultraxomb/build/newlib-obj/sparc64-sun-xomb/newlib/targ-include -isystem /home/att14/ultraxomb/build/newlib-1.19.0/newlib/libc/include -B/home/att14/ultraxomb/build/newlib-obj/sparc64-sun-xomb/libgloss/sparc64 -L/home/att14/ultraxomb/build/newlib-obj/sparc64-sun-xomb/libgloss/libnosys -L/home/att14/ultraxomb/build/newlib-1.19.0/libgloss/sparc64   
configure:2719: result: gcc3
configure:2792: checking whether we are using GNU C
configure:2813: result: yes
configure:2822: checking whether sparc64-sun-xomb-gcc -B/home/att14/ultraxomb/build/newlib-obj/sparc64-sun-xomb/newlib/ -isystem /home/att14/ultraxomb/build/newlib-obj/sparc64-sun-xomb/newlib/targ-include -isystem /home/att14/ultraxomb/build/newlib-1.19.0/newlib/libc/include -B/home/att14/ultraxomb/build/newlib-obj/sparc64-sun-xomb/libgloss/sparc64 -L/home/att14/ultraxomb/build/newlib-obj/sparc64-sun-xomb/libgloss/libnosys -L/home/att14/ultraxomb/build/newlib-1.19.0/libgloss/sparc64    accepts -g
configure:2883: result: no
configure:2916: checking for sparc64-sun-xomb-as
configure:2943: result: sparc64-sun-xomb-as
configure:3008: checking for sparc64-sun-xomb-ar
configure:3035: result: sparc64-sun-xomb-ar
configure:3100: checking for sparc64-sun-xomb-ranlib
configure:3127: result: sparc64-sun-xomb-ranlib
configure:3192: checking for sparc64-sun-xomb-readelf
configure:3219: result: sparc64-sun-xomb-readelf
configure:3288: checking whether to enable maintainer-specific portions of Makefiles
configure:3297: result: no
configure:3596: creating ./config.status

## ---------------------- ##
## Running config.status. ##
## ---------------------- ##

This file was extended by newlib config.status 1.19.0, which was
generated by GNU Autoconf 2.68.  Invocation command line was

  CONFIG_FILES    = 
  CONFIG_HEADERS  = 
  CONFIG_LINKS    = 
  CONFIG_COMMANDS = 
  $ ./config.status 

on deadreckoning

config.status:818: creating Makefile
config.status:975: executing depfiles commands

## ---------------- ##
## Cache variables. ##
## ---------------- ##

ac_cv_build=x86_64-unknown-linux-gnu
ac_cv_c_compiler_gnu=yes
ac_cv_env_CCASFLAGS_set=
ac_cv_env_CCASFLAGS_value=
ac_cv_env_CCAS_set=
ac_cv_env_CCAS_value=
ac_cv_env_CC_set=set
ac_cv_env_CC_value='sparc64-sun-xomb-gcc -B/home/att14/ultraxomb/build/newlib-obj/sparc64-sun-xomb/newlib/ -isystem /home/att14/ultraxomb/build/newlib-obj/sparc64-sun-xomb/newlib/targ-include -isystem /home/att14/ultraxomb/build/newlib-1.19.0/newlib/libc/include -B/home/att14/ultraxomb/build/newlib-obj/sparc64-sun-xomb/libgloss/sparc64 -L/home/att14/ultraxomb/build/newlib-obj/sparc64-sun-xomb/libgloss/libnosys -L/home/att14/ultraxomb/build/newlib-1.19.0/libgloss/sparc64   '
ac_cv_env_CFLAGS_set=set
ac_cv_env_CFLAGS_value='-g -O2'
ac_cv_env_CPPFLAGS_set=set
ac_cv_env_CPPFLAGS_value=
ac_cv_env_CPP_set=
ac_cv_env_CPP_value=
ac_cv_env_LDFLAGS_set=set
ac_cv_env_LDFLAGS_value=
ac_cv_env_LIBS_set=
ac_cv_env_LIBS_value=
ac_cv_env_build_alias_set=set
ac_cv_env_build_alias_value=x86_64-unknown-linux-gnu
ac_cv_env_host_alias_set=set
ac_cv_env_host_alias_value=sparc64-sun-xomb
ac_cv_env_target_alias_set=set
ac_cv_env_target_alias_value=sparc64-sun-xomb
ac_cv_host=sparc64-sun-xomb
ac_cv_path_SED=/bin/sed
ac_cv_path_mkdir=/bin/mkdir
ac_cv_prog_AR=sparc64-sun-xomb-ar
ac_cv_prog_AS=sparc64-sun-xomb-as
ac_cv_prog_AWK=gawk
ac_cv_prog_CC='sparc64-sun-xomb-gcc -B/home/att14/ultraxomb/build/newlib-obj/sparc64-sun-xomb/newlib/ -isystem /home/att14/ultraxomb/build/newlib-obj/sparc64-sun-xomb/newlib/targ-include -isystem /home/att14/ultraxomb/build/newlib-1.19.0/newlib/libc/include -B/home/att14/ultraxomb/build/newlib-obj/sparc64-sun-xomb/libgloss/sparc64 -L/home/att14/ultraxomb/build/newlib-obj/sparc64-sun-xomb/libgloss/libnosys -L/home/att14/ultraxomb/build/newlib-1.19.0/libgloss/sparc64   '
ac_cv_prog_RANLIB=sparc64-sun-xomb-ranlib
ac_cv_prog_READELF=sparc64-sun-xomb-readelf
ac_cv_prog_STRIP=sparc64-sun-xomb-strip
ac_cv_prog_cc_g=no
ac_cv_prog_make_make_set=yes
acnewlib_cv_type_long_double=yes
am_cv_CC_dependencies_compiler_type=gcc3
libc_cv_initfinit_array=yes
newlib_cv_build_exeext=no
newlib_cv_ldbl_eq_dbl=no

## ----------------- ##
## Output variables. ##
## ----------------- ##

ACLOCAL='${SHELL} /home/att14/ultraxomb/build/newlib-1.19.0/missing --run aclocal-1.11'
AMDEPBACKSLASH='\'
AMDEP_FALSE='#'
AMDEP_TRUE=''
AMTAR='${SHELL} /home/att14/ultraxomb/build/newlib-1.19.0/missing --run tar'
AR='sparc64-sun-xomb-ar'
AS='sparc64-sun-xomb-as'
AUTOCONF='${SHELL} /home/att14/ultraxomb/build/newlib-1.19.0/missing --run autoconf'
AUTOHEADER='${SHELL} /home/att14/ultraxomb/build/newlib-1.19.0/missing --run autoheader'
AUTOMAKE='${SHELL} /home/att14/ultraxomb/build/newlib-1.19.0/missing --run automake-1.11'
AWK='gawk'
CC='sparc64-sun-xomb-gcc -B/home/att14/ultraxomb/build/newlib-obj/sparc64-sun-xomb/newlib/ -isystem /home/att14/ultraxomb/build/newlib-obj/sparc64-sun-xomb/newlib/targ-include -isystem /home/att14/ultraxomb/build/newlib-1.19.0/newlib/libc/include -B/home/att14/ultraxomb/build/newlib-obj/sparc64-sun-xomb/libgloss/sparc64 -L/home/att14/ultraxomb/build/newlib-obj/sparc64-sun-xomb/libgloss/libnosys -L/home/att14/ultraxomb/build/newlib-1.19.0/libgloss/sparc64   '
CCAS='sparc64-sun-xomb-gcc -B/home/att14/ultraxomb/build/newlib-obj/sparc64-sun-xomb/newlib/ -isystem /home/att14/ultraxomb/build/newlib-obj/sparc64-sun-xomb/newlib/targ-include -isystem /home/att14/ultraxomb/build/newlib-1.19.0/newlib/libc/include -B/home/att14/ultraxomb/build/newlib-obj/sparc64-sun-xomb/libgloss/sparc64 -L/home/att14/ultraxomb/build/newlib-obj/sparc64-sun-xomb/libgloss/libnosys -L/home/att14/ultraxomb/build/newlib-1.19.0/libgloss/sparc64   '
CCASFLAGS='-g -O2'
CCDEPMODE='depmode=gcc3'
CYGPATH_W='echo'
DEFS='-DPACKAGE_NAME=\"newlib\" -DPACKAGE_TARNAME=\"newlib\" -DPACKAGE_VERSION=\"1.19.0\" -DPACKAGE_STRING=\"newlib\ 1.19.0\" -DPACKAGE_BUGREPORT=\"\" -DPACKAGE_URL=\"\"'
DEPDIR='.deps'
ECHO_C=''
ECHO_N='-n'
ECHO_T=''
ELIX_LEVEL_0_FALSE='#'
ELIX_LEVEL_0_TRUE=''
ELIX_LEVEL_1_FALSE=''
ELIX_LEVEL_1_TRUE='#'
ELIX_LEVEL_2_FALSE=''
ELIX_LEVEL_2_TRUE='#'
ELIX_LEVEL_3_FALSE=''
ELIX_LEVEL_3_TRUE='#'
ELIX_LEVEL_4_FALSE=''
ELIX_LEVEL_4_TRUE='#'
INSTALL_DATA='/bin/install -c -m 644'
INSTALL_PROGRAM='/bin/install -c'
INSTALL_SCRIPT='/bin/install -c'
INSTALL_STRIP_PROGRAM='$(install_sh) -c -s'
LDFLAGS=''
LIBOBJS=''
LIBS=''
LTLIBOBJS=''
MAINT='#'
MAINTAINER_MODE_FALSE=''
MAINTAINER_MODE_TRUE='#'
MAKEINFO='makeinfo --split-size=5000000'
MAY_SUPPLY_SYSCALLS_FALSE='#'
MAY_SUPPLY_SYSCALLS_TRUE=''
MKDIR_P='/bin/mkdir -p'
NEWLIB_CFLAGS=' -DMALLOC_ALIGNMENT=8 -DREENTRANT_SYSCALLS_PROVIDED -DHAVE_BLKSIZE -DHAVE_FCNTL -DTARGET_PTR_SIZE=64 -fno-builtin'
OBJEXT='o'
PACKAGE='newlib'
PACKAGE_BUGREPORT=''
PACKAGE_NAME='newlib'
PACKAGE_STRING='newlib 1.19.0'
PACKAGE_TARNAME='newlib'
PACKAGE_URL=''
PACKAGE_VERSION='1.19.0'
PATH_SEPARATOR=':'
RANLIB='sparc64-sun-xomb-ranlib'
READELF='sparc64-sun-xomb-readelf'
SET_MAKE=''
SHELL='/bin/sh'
STRIP='sparc64-sun-xomb-strip'
USE_LIBTOOL_FALSE=''
USE_LIBTOOL_TRUE='#'
VERSION='1.19.0'
aext='a'
am__fastdepCC_FALSE='#'
am__fastdepCC_TRUE=''
am__include='include'
am__isrc=' -I$(srcdir)'
am__leading_dot='.'
am__quote=''
am__tar='${AMTAR} chof - "$$tardir"'
am__untar='${AMTAR} xf -'
bindir='${exec_prefix}/bin'
build='x86_64-unknown-linux-gnu'
build_alias='x86_64-unknown-linux-gnu'
build_cpu='x86_64'
build_os='linux-gnu'
build_vendor='unknown'
datadir='${datarootdir}'
datarootdir='${prefix}/share'
docdir='${datarootdir}/doc/${PACKAGE_TARNAME}'
dvidir='${docdir}'
exec_prefix='${prefix}'
host='sparc64-sun-xomb'
host_alias='sparc64-sun-xomb'
host_cpu='sparc64'
host_os='xomb'
host_vendor='sun'
htmldir='${docdir}'
includedir='${prefix}/include'
infodir='${datarootdir}/info'
install_sh='${SHELL} /home/att14/ultraxomb/build/newlib-1.19.0/install-sh'
libdir='${exec_prefix}/lib'
libexecdir='${exec_prefix}/libexec'
libm_machine_dir=''
localedir='${datarootdir}/locale'
localstatedir='${prefix}/var'
lpfx='lib_a-'
machine_dir='sparc'
mandir='${datarootdir}/man'
mkdir_p='/bin/mkdir -p'
newlib_basedir='../../../../../../newlib-1.19.0/newlib/libc/sys/xomb/../../..'
oext='o'
oldincludedir='/usr/include'
pdfdir='${docdir}'
prefix='/home/att14/ultraxomb/local'
program_transform_name='s&^&sparc64-sun-xomb-&'
psdir='${docdir}'
sbindir='${exec_prefix}/sbin'
sharedstatedir='${prefix}/com'
sys_dir='xomb'
sysconfdir='${prefix}/etc'
target_alias='sparc64-sun-xomb'

## ----------- ##
## confdefs.h. ##
## ----------- ##

/* confdefs.h */
#define PACKAGE_NAME "newlib"
#define PACKAGE_TARNAME "newlib"
#define PACKAGE_VERSION "1.19.0"
#define PACKAGE_STRING "newlib 1.19.0"
#define PACKAGE_BUGREPORT ""
#define PACKAGE_URL ""

configure: exit 0
