This file contains any messages produced by compilers while
running configure, to aid debugging if configure makes a mistake.

It was created by configure, which was
generated by GNU Autoconf 2.64.  Invocation command line was

  $ /home/edf12/buildtools_cross/build/binutils-2.21.1/etc/configure --cache-file=./config.cache --with-gnu-as --with-gnu-ld --with-system-zlib --prefix=/home/edf12/buildtools_cross/local --disable-werror --enable-gold --enable-plugins --program-transform-name=s&^&sparc64-pc-xomb-& --disable-option-checking --build=x86_64-unknown-linux-gnu --host=x86_64-unknown-linux-gnu --target=sparc64-pc-xomb --srcdir=../../binutils-2.21.1/etc

## --------- ##
## Platform. ##
## --------- ##

hostname = deadreckoning
uname -m = x86_64
uname -r = 3.0-ARCH
uname -s = Linux
uname -v = #1 SMP PREEMPT Wed Aug 17 21:55:57 CEST 2011

/usr/bin/uname -p = unknown
/bin/uname -X     = unknown

/bin/arch              = x86_64
/usr/bin/arch -k       = unknown
/usr/convex/getsysinfo = unknown
/usr/bin/hostinfo      = unknown
/bin/machine           = unknown
/usr/bin/oslevel       = unknown
/bin/universe          = unknown

PATH: /home/edf12/buildtools_cross/local/bin
PATH: /home/edf12/buildtools/local/bin
PATH: /bin
PATH: /usr/bin
PATH: /sbin
PATH: /usr/sbin
PATH: /usr/local/bin
PATH: /usr/local/games
PATH: /opt/google-appengine
PATH: /opt/java/bin
PATH: /opt/java/db/bin
PATH: /opt/java/jre/bin
PATH: /usr/bin/site_perl
PATH: /usr/bin/vendor_perl
PATH: /usr/bin/core_perl


## ----------- ##
## Core tests. ##
## ----------- ##

configure:1572: creating cache ./config.cache
configure:1683: checking for a BSD-compatible install
configure:1751: result: /bin/install -c
configure:1850: updating cache ./config.cache
configure:1923: creating ./config.status

## ---------------------- ##
## Running config.status. ##
## ---------------------- ##

This file was extended by config.status, which was
generated by GNU Autoconf 2.64.  Invocation command line was

  CONFIG_FILES    = 
  CONFIG_HEADERS  = 
  CONFIG_LINKS    = 
  CONFIG_COMMANDS = 
  $ ./config.status 

on deadreckoning

config.status:715: creating Makefile

## ---------------- ##
## Cache variables. ##
## ---------------- ##

ac_cv_env_build_alias_set=set
ac_cv_env_build_alias_value=x86_64-unknown-linux-gnu
ac_cv_env_host_alias_set=set
ac_cv_env_host_alias_value=x86_64-unknown-linux-gnu
ac_cv_env_target_alias_set=set
ac_cv_env_target_alias_value=sparc64-pc-xomb

## ----------------- ##
## Output variables. ##
## ----------------- ##

DEFS='-DPACKAGE_NAME=\"\" -DPACKAGE_TARNAME=\"\" -DPACKAGE_VERSION=\"\" -DPACKAGE_STRING=\"\" -DPACKAGE_BUGREPORT=\"\" -DPACKAGE_URL=\"\"'
ECHO_C=''
ECHO_N='-n'
ECHO_T=''
INSTALL_DATA='/bin/install -c -m 644'
INSTALL_PROGRAM='/bin/install -c'
INSTALL_SCRIPT='/bin/install -c'
LIBOBJS=''
LIBS=''
LTLIBOBJS=''
MAINT='#'
PACKAGE_BUGREPORT=''
PACKAGE_NAME=''
PACKAGE_STRING=''
PACKAGE_TARNAME=''
PACKAGE_URL=''
PACKAGE_VERSION=''
PATH_SEPARATOR=':'
SHELL='/bin/sh'
bindir='${exec_prefix}/bin'
build_alias='x86_64-unknown-linux-gnu'
datadir='${datarootdir}'
datarootdir='${prefix}/share'
docdir='${datarootdir}/doc/${PACKAGE}'
dvidir='${docdir}'
exec_prefix='${prefix}'
host_alias='x86_64-unknown-linux-gnu'
htmldir='${docdir}'
includedir='${prefix}/include'
infodir='${datarootdir}/info'
libdir='${exec_prefix}/lib'
libexecdir='${exec_prefix}/libexec'
localedir='${datarootdir}/locale'
localstatedir='${prefix}/var'
mandir='${datarootdir}/man'
oldincludedir='/usr/include'
pdfdir='${docdir}'
prefix='/home/edf12/buildtools_cross/local'
program_transform_name='s&^&sparc64-pc-xomb-&'
psdir='${docdir}'
sbindir='${exec_prefix}/sbin'
sharedstatedir='${prefix}/com'
sysconfdir='${prefix}/etc'
target_alias='sparc64-pc-xomb'

## ----------- ##
## confdefs.h. ##
## ----------- ##

/* confdefs.h */
#define PACKAGE_NAME ""
#define PACKAGE_TARNAME ""
#define PACKAGE_VERSION ""
#define PACKAGE_STRING ""
#define PACKAGE_BUGREPORT ""
#define PACKAGE_URL ""

configure: exit 0
