This file contains any messages produced by compilers while
running configure, to aid debugging if configure makes a mistake.

It was created by configure, which was
generated by GNU Autoconf 2.64.  Invocation command line was

  $ ../gcc-4.6.1/configure --target=sparc64-pc-xomb --prefix=/home/edf12/buildtools_cross/local --enable-languages=c,c++ --disable-libssp --with-gmp=/home/edf12/buildtools_cross/local --with-mpfr=/home/edf12/buildtools_cross/local --with-mpc=/home/edf12/buildtools_cross/local --without-headers --disable-nls --with-newlib

## --------- ##
## Platform. ##
## --------- ##

hostname = deadreckoning
uname -m = x86_64
uname -r = 3.0-ARCH
uname -s = Linux
uname -v = #1 SMP PREEMPT Wed Aug 17 21:55:57 CEST 2011

/usr/bin/uname -p = unknown
/bin/uname -X     = unknown

/bin/arch              = x86_64
/usr/bin/arch -k       = unknown
/usr/convex/getsysinfo = unknown
/usr/bin/hostinfo      = unknown
/bin/machine           = unknown
/usr/bin/oslevel       = unknown
/bin/universe          = unknown

PATH: /home/edf12/buildtools/local/bin
PATH: /bin
PATH: /usr/bin
PATH: /sbin
PATH: /usr/sbin
PATH: /usr/local/bin
PATH: /usr/local/games
PATH: /opt/google-appengine
PATH: /opt/java/bin
PATH: /opt/java/db/bin
PATH: /opt/java/jre/bin
PATH: /usr/bin/site_perl
PATH: /usr/bin/vendor_perl
PATH: /usr/bin/core_perl


## ----------- ##
## Core tests. ##
## ----------- ##

configure:2222: checking build system type
configure:2236: result: x86_64-unknown-linux-gnu
configure:2283: checking host system type
configure:2296: result: x86_64-unknown-linux-gnu
configure:2316: checking target system type
configure:2329: result: sparc64-pc-xomb
configure:2383: checking for a BSD-compatible install
configure:2451: result: /bin/install -c
configure:2462: checking whether ln works
configure:2484: result: yes
configure:2488: checking whether ln -s works
configure:2492: result: yes
configure:2499: checking for a sed that does not truncate output
configure:2563: result: /bin/sed
configure:2572: checking for gawk
configure:2588: found /bin/gawk
configure:2599: result: gawk
configure:3919: checking for gcc
configure:3935: found /usr/bin/gcc
configure:3946: result: gcc
configure:4175: checking for C compiler version
configure:4184: gcc --version >&5
gcc (GCC) 4.6.1
Copyright (C) 2011 Free Software Foundation, Inc.
This is free software; see the source for copying conditions.  There is NO
warranty; not even for MERCHANTABILITY or FITNESS FOR A PARTICULAR PURPOSE.

configure:4195: $? = 0
configure:4184: gcc -v >&5
Using built-in specs.
COLLECT_GCC=gcc
COLLECT_LTO_WRAPPER=/usr/lib/gcc/x86_64-unknown-linux-gnu/4.6.1/lto-wrapper
Target: x86_64-unknown-linux-gnu
Configured with: /build/src/gcc-4.6.1/configure --prefix=/usr --libdir=/usr/lib --libexecdir=/usr/lib --mandir=/usr/share/man --infodir=/usr/share/info --with-bugurl=https://bugs.archlinux.org/ --enable-languages=c,c++,ada,fortran,go,lto,objc,obj-c++ --enable-shared --enable-threads=posix --with-system-zlib --enable-__cxa_atexit --disable-libunwind-exceptions --enable-clocale=gnu --enable-gnu-unique-object --enable-linker-build-id --with-ppl --enable-cloog-backend=isl --enable-lto --enable-gold --enable-ld=default --enable-plugin --with-plugin-ld=ld.gold --disable-multilib --disable-libstdcxx-pch --enable-checking=release
Thread model: posix
gcc version 4.6.1 (GCC) 
configure:4195: $? = 0
configure:4184: gcc -V >&5
gcc: error: unrecognized option '-V'
gcc: fatal error: no input files
compilation terminated.
configure:4195: $? = 1
configure:4184: gcc -qversion >&5
gcc: error: unrecognized option '-qversion'
gcc: fatal error: no input files
compilation terminated.
configure:4195: $? = 1
configure:4215: checking for C compiler default output file name
configure:4237: gcc    conftest.c  >&5
configure:4241: $? = 0
configure:4278: result: a.out
configure:4294: checking whether the C compiler works
configure:4303: ./a.out
configure:4307: $? = 0
configure:4322: result: yes
configure:4329: checking whether we are cross compiling
configure:4331: result: no
configure:4334: checking for suffix of executables
configure:4341: gcc -o conftest    conftest.c  >&5
configure:4345: $? = 0
configure:4367: result: 
configure:4373: checking for suffix of object files
configure:4395: gcc -c   conftest.c >&5
configure:4399: $? = 0
configure:4420: result: o
configure:4424: checking whether we are using the GNU C compiler
configure:4443: gcc -c   conftest.c >&5
configure:4443: $? = 0
configure:4452: result: yes
configure:4461: checking whether gcc accepts -g
configure:4481: gcc -c -g  conftest.c >&5
configure:4481: $? = 0
configure:4522: result: yes
configure:4539: checking for gcc option to accept ISO C89
configure:4603: gcc  -c -g -O2  conftest.c >&5
configure:4603: $? = 0
configure:4616: result: none needed
configure:4694: checking for g++
configure:4710: found /usr/bin/g++
configure:4721: result: g++
configure:4748: checking for C++ compiler version
configure:4757: g++ --version >&5
g++ (GCC) 4.6.1
Copyright (C) 2011 Free Software Foundation, Inc.
This is free software; see the source for copying conditions.  There is NO
warranty; not even for MERCHANTABILITY or FITNESS FOR A PARTICULAR PURPOSE.

configure:4768: $? = 0
configure:4757: g++ -v >&5
Using built-in specs.
COLLECT_GCC=g++
COLLECT_LTO_WRAPPER=/usr/lib/gcc/x86_64-unknown-linux-gnu/4.6.1/lto-wrapper
Target: x86_64-unknown-linux-gnu
Configured with: /build/src/gcc-4.6.1/configure --prefix=/usr --libdir=/usr/lib --libexecdir=/usr/lib --mandir=/usr/share/man --infodir=/usr/share/info --with-bugurl=https://bugs.archlinux.org/ --enable-languages=c,c++,ada,fortran,go,lto,objc,obj-c++ --enable-shared --enable-threads=posix --with-system-zlib --enable-__cxa_atexit --disable-libunwind-exceptions --enable-clocale=gnu --enable-gnu-unique-object --enable-linker-build-id --with-ppl --enable-cloog-backend=isl --enable-lto --enable-gold --enable-ld=default --enable-plugin --with-plugin-ld=ld.gold --disable-multilib --disable-libstdcxx-pch --enable-checking=release
Thread model: posix
gcc version 4.6.1 (GCC) 
configure:4768: $? = 0
configure:4757: g++ -V >&5
g++: error: unrecognized option '-V'
g++: fatal error: no input files
compilation terminated.
configure:4768: $? = 1
configure:4757: g++ -qversion >&5
g++: error: unrecognized option '-qversion'
g++: fatal error: no input files
compilation terminated.
configure:4768: $? = 1
configure:4772: checking whether we are using the GNU C++ compiler
configure:4791: g++ -c   conftest.cpp >&5
configure:4791: $? = 0
configure:4800: result: yes
configure:4809: checking whether g++ accepts -g
configure:4829: g++ -c -g  conftest.cpp >&5
configure:4829: $? = 0
configure:4870: result: yes
configure:4959: checking for gnatbind
configure:4989: result: no
configure:5051: checking for gnatmake
configure:5081: result: no
configure:5100: checking whether compiler driver understands Ada
configure:5123: result: no
configure:5132: checking how to compare bootstrapped objects
configure:5157: result: cmp --ignore-initial=16 $$f1 $$f2
configure:5173: checking for objdir
configure:5188: result: .libs
configure:5354: checking for the correct version of gmp.h
configure:5374: gcc -c -g -O2 -I/home/edf12/buildtools_cross/local/include -I/home/edf12/buildtools_cross/local/include -I/home/edf12/buildtools_cross/local/include   conftest.c >&5
configure:5374: $? = 0
configure:5392: gcc -c -g -O2 -I/home/edf12/buildtools_cross/local/include -I/home/edf12/buildtools_cross/local/include -I/home/edf12/buildtools_cross/local/include   conftest.c >&5
configure:5392: $? = 0
configure:5393: result: yes
configure:5409: checking for the correct version of mpfr.h
configure:5427: gcc -c -g -O2 -I/home/edf12/buildtools_cross/local/include -I/home/edf12/buildtools_cross/local/include -I/home/edf12/buildtools_cross/local/include   conftest.c >&5
configure:5427: $? = 0
configure:5444: gcc -c -g -O2 -I/home/edf12/buildtools_cross/local/include -I/home/edf12/buildtools_cross/local/include -I/home/edf12/buildtools_cross/local/include   conftest.c >&5
configure:5444: $? = 0
configure:5445: result: yes
configure:5462: checking for the correct version of mpc.h
configure:5479: gcc -c -g -O2 -I/home/edf12/buildtools_cross/local/include -I/home/edf12/buildtools_cross/local/include -I/home/edf12/buildtools_cross/local/include   conftest.c >&5
configure:5479: $? = 0
configure:5495: gcc -c -g -O2 -I/home/edf12/buildtools_cross/local/include -I/home/edf12/buildtools_cross/local/include -I/home/edf12/buildtools_cross/local/include   conftest.c >&5
configure:5495: $? = 0
configure:5496: result: yes
configure:5514: checking for the correct version of the gmp/mpfr/mpc libraries
configure:5545: gcc -o conftest -g -O2 -I/home/edf12/buildtools_cross/local/include -I/home/edf12/buildtools_cross/local/include -I/home/edf12/buildtools_cross/local/include    conftest.c  -L/home/edf12/buildtools_cross/local/lib -L/home/edf12/buildtools_cross/local/lib -L/home/edf12/buildtools_cross/local/lib -lmpc -lmpfr -lgmp >&5
configure:5545: $? = 0
configure:5546: result: yes
configure:5730: checking for PWL_handle_timeout in -lpwl
configure:5755: gcc -o conftest -g -O2    conftest.c -lpwl   >&5
configure:5755: $? = 0
configure:5764: result: yes
configure:5778: checking for version 0.11 (revision 0 or later) of PPL
configure:5795: gcc -c -g -O2  -I/home/edf12/buildtools_cross/local/include -I/home/edf12/buildtools_cross/local/include -I/home/edf12/buildtools_cross/local/include   conftest.c >&5
configure:5795: $? = 0
configure:5796: result: yes
configure:5923: checking for installed CLooG PPL Legacy
configure:5942: gcc -o conftest -g -O2  -I/home/edf12/buildtools_cross/local/include -I/home/edf12/buildtools_cross/local/include -I/home/edf12/buildtools_cross/local/include    -DCLOOG_INT_GMP -DCLOOG_ORG    -lppl_c -lppl -lpwl -lgmpxx conftest.c -lcloog  >&5
conftest.c: In function 'main':
conftest.c:15:5: error: unknown type name 'choke'
configure:5942: $? = 1
configure: failed program was:
| /* confdefs.h */
| #define PACKAGE_NAME ""
| #define PACKAGE_TARNAME ""
| #define PACKAGE_VERSION ""
| #define PACKAGE_STRING ""
| #define PACKAGE_BUGREPORT ""
| #define PACKAGE_URL ""
| #define LT_OBJDIR ".libs/"
| /* end confdefs.h.  */
| #include "cloog/cloog.h"
| int
| main ()
| {
| #ifndef CLOOG_PPL_BACKEND
|     choke me
|    #endif
|   ;
|   return 0;
| }
configure:5950: result: no
configure:7245: checking for default BUILD_CONFIG
configure:7277: result: 
configure:7767: checking for bison
configure:7783: found /usr/bin/bison
configure:7794: result: bison -y
configure:7815: checking for bison
configure:7831: found /usr/bin/bison
configure:7842: result: bison
configure:7862: checking for gm4
configure:7892: result: no
configure:7862: checking for gnum4
configure:7892: result: no
configure:7862: checking for m4
configure:7878: found /usr/bin/m4
configure:7889: result: m4
configure:7909: checking for flex
configure:7925: found /usr/bin/flex
configure:7936: result: flex
configure:7957: checking for flex
configure:7973: found /usr/bin/flex
configure:7984: result: flex
configure:8004: checking for makeinfo
configure:8020: found /usr/bin/makeinfo
configure:8031: result: makeinfo
configure:8065: checking for expect
configure:8081: found /usr/bin/expect
configure:8092: result: expect
configure:8114: checking for runtest
configure:8144: result: no
configure:8259: checking for ar
configure:8275: found /usr/bin/ar
configure:8286: result: ar
configure:8400: checking for as
configure:8416: found /usr/bin/as
configure:8427: result: as
configure:8541: checking for dlltool
configure:8571: result: no
configure:8682: checking for ld
configure:8698: found /usr/bin/ld
configure:8709: result: ld
configure:8823: checking for lipo
configure:8853: result: no
configure:8964: checking for nm
configure:8980: found /usr/bin/nm
configure:8991: result: nm
configure:9105: checking for ranlib
configure:9121: found /usr/bin/ranlib
configure:9132: result: ranlib
configure:9241: checking for strip
configure:9257: found /usr/bin/strip
configure:9268: result: strip
configure:9377: checking for windres
configure:9407: result: no
configure:9518: checking for windmc
configure:9548: result: no
configure:9659: checking for objcopy
configure:9675: found /usr/bin/objcopy
configure:9686: result: objcopy
configure:9800: checking for objdump
configure:9816: found /usr/bin/objdump
configure:9827: result: objdump
configure:9941: checking for sparc64-pc-xomb-cc
configure:9971: result: no
configure:9941: checking for sparc64-pc-xomb-gcc
configure:9971: result: no
configure:10102: checking for sparc64-pc-xomb-c++
configure:10132: result: no
configure:10102: checking for sparc64-pc-xomb-g++
configure:10132: result: no
configure:10102: checking for sparc64-pc-xomb-cxx
configure:10132: result: no
configure:10102: checking for sparc64-pc-xomb-gxx
configure:10132: result: no
configure:10263: checking for sparc64-pc-xomb-gcc
configure:10293: result: no
configure:10419: checking for sparc64-pc-xomb-gcj
configure:10449: result: no
configure:10580: checking for sparc64-pc-xomb-gfortran
configure:10610: result: no
configure:10741: checking for sparc64-pc-xomb-gccgo
configure:10771: result: no
configure:10871: checking for ar
configure:10889: found /home/edf12/buildtools_cross/local/sparc64-pc-xomb/bin/ar
configure:10901: result: /home/edf12/buildtools_cross/local/sparc64-pc-xomb/bin/ar
configure:11101: checking for as
configure:11119: found /home/edf12/buildtools_cross/local/sparc64-pc-xomb/bin/as
configure:11131: result: /home/edf12/buildtools_cross/local/sparc64-pc-xomb/bin/as
configure:11331: checking for dlltool
configure:11364: result: no
configure:11442: checking for sparc64-pc-xomb-dlltool
configure:11472: result: no
configure:11561: checking for ld
configure:11579: found /home/edf12/buildtools_cross/local/sparc64-pc-xomb/bin/ld
configure:11591: result: /home/edf12/buildtools_cross/local/sparc64-pc-xomb/bin/ld
configure:11791: checking for lipo
configure:11824: result: no
configure:11902: checking for sparc64-pc-xomb-lipo
configure:11932: result: no
configure:12021: checking for nm
configure:12039: found /home/edf12/buildtools_cross/local/sparc64-pc-xomb/bin/nm
configure:12051: result: /home/edf12/buildtools_cross/local/sparc64-pc-xomb/bin/nm
configure:12251: checking for objdump
configure:12269: found /home/edf12/buildtools_cross/local/sparc64-pc-xomb/bin/objdump
configure:12281: result: /home/edf12/buildtools_cross/local/sparc64-pc-xomb/bin/objdump
configure:12481: checking for ranlib
configure:12499: found /home/edf12/buildtools_cross/local/sparc64-pc-xomb/bin/ranlib
configure:12511: result: /home/edf12/buildtools_cross/local/sparc64-pc-xomb/bin/ranlib
configure:12711: checking for strip
configure:12729: found /home/edf12/buildtools_cross/local/sparc64-pc-xomb/bin/strip
configure:12741: result: /home/edf12/buildtools_cross/local/sparc64-pc-xomb/bin/strip
configure:12941: checking for windres
configure:12974: result: no
configure:13052: checking for sparc64-pc-xomb-windres
configure:13082: result: no
configure:13171: checking for windmc
configure:13204: result: no
configure:13282: checking for sparc64-pc-xomb-windmc
configure:13312: result: no
configure:13379: checking where to find the target ar
configure:13407: result: pre-installed in /home/edf12/buildtools_cross/local/sparc64-pc-xomb/bin
configure:13421: checking where to find the target as
configure:13449: result: pre-installed in /home/edf12/buildtools_cross/local/sparc64-pc-xomb/bin
configure:13463: checking where to find the target cc
configure:13486: result: just compiled
configure:13505: checking where to find the target c++
configure:13531: result: just compiled
configure:13550: checking where to find the target c++ for libstdc++
configure:13576: result: just compiled
configure:13595: checking where to find the target dlltool
configure:13632: result: pre-installed
configure:13637: checking where to find the target gcc
configure:13660: result: just compiled
configure:13679: checking where to find the target gcj
configure:13719: result: pre-installed
configure:13724: checking where to find the target gfortran
configure:13764: result: pre-installed
configure:13769: checking where to find the target gccgo
configure:13809: result: pre-installed
configure:13814: checking where to find the target ld
configure:13842: result: pre-installed in /home/edf12/buildtools_cross/local/sparc64-pc-xomb/bin
configure:13856: checking where to find the target lipo
configure:13882: result: pre-installed
configure:13887: checking where to find the target nm
configure:13915: result: pre-installed in /home/edf12/buildtools_cross/local/sparc64-pc-xomb/bin
configure:13929: checking where to find the target objdump
configure:13957: result: pre-installed in /home/edf12/buildtools_cross/local/sparc64-pc-xomb/bin
configure:13971: checking where to find the target ranlib
configure:13999: result: pre-installed in /home/edf12/buildtools_cross/local/sparc64-pc-xomb/bin
configure:14013: checking where to find the target strip
configure:14041: result: pre-installed in /home/edf12/buildtools_cross/local/sparc64-pc-xomb/bin
configure:14055: checking where to find the target windres
configure:14092: result: pre-installed
configure:14097: checking where to find the target windmc
configure:14134: result: pre-installed
configure:14167: checking whether to enable maintainer-specific portions of Makefiles
configure:14176: result: no
configure:14209: checking whether -fkeep-inline-functions is supported
configure:14228: gcc -c -g -O2 -fkeep-inline-functions  conftest.c >&5
configure:14228: $? = 0
configure:14229: result: yes
configure:14426: creating ./config.status

## ---------------------- ##
## Running config.status. ##
## ---------------------- ##

This file was extended by config.status, which was
generated by GNU Autoconf 2.64.  Invocation command line was

  CONFIG_FILES    = 
  CONFIG_HEADERS  = 
  CONFIG_LINKS    = 
  CONFIG_COMMANDS = 
  $ ./config.status 

on deadreckoning

config.status:957: creating Makefile

## ---------------- ##
## Cache variables. ##
## ---------------- ##

ac_cv_build=x86_64-unknown-linux-gnu
ac_cv_c_compiler_gnu=yes
ac_cv_cxx_compiler_gnu=yes
ac_cv_env_AR_FOR_TARGET_set=
ac_cv_env_AR_FOR_TARGET_value=
ac_cv_env_AR_set=
ac_cv_env_AR_value=
ac_cv_env_AS_FOR_TARGET_set=
ac_cv_env_AS_FOR_TARGET_value=
ac_cv_env_AS_set=
ac_cv_env_AS_value=
ac_cv_env_CCC_set=
ac_cv_env_CCC_value=
ac_cv_env_CC_FOR_TARGET_set=
ac_cv_env_CC_FOR_TARGET_value=
ac_cv_env_CC_set=
ac_cv_env_CC_value=
ac_cv_env_CFLAGS_set=
ac_cv_env_CFLAGS_value=
ac_cv_env_CPPFLAGS_set=
ac_cv_env_CPPFLAGS_value=
ac_cv_env_CXXFLAGS_set=
ac_cv_env_CXXFLAGS_value=
ac_cv_env_CXX_FOR_TARGET_set=
ac_cv_env_CXX_FOR_TARGET_value=
ac_cv_env_CXX_set=
ac_cv_env_CXX_value=
ac_cv_env_DLLTOOL_FOR_TARGET_set=
ac_cv_env_DLLTOOL_FOR_TARGET_value=
ac_cv_env_DLLTOOL_set=
ac_cv_env_DLLTOOL_value=
ac_cv_env_GCC_FOR_TARGET_set=
ac_cv_env_GCC_FOR_TARGET_value=
ac_cv_env_GCJ_FOR_TARGET_set=
ac_cv_env_GCJ_FOR_TARGET_value=
ac_cv_env_GFORTRAN_FOR_TARGET_set=
ac_cv_env_GFORTRAN_FOR_TARGET_value=
ac_cv_env_GOC_FOR_TARGET_set=
ac_cv_env_GOC_FOR_TARGET_value=
ac_cv_env_LDFLAGS_set=
ac_cv_env_LDFLAGS_value=
ac_cv_env_LD_FOR_TARGET_set=
ac_cv_env_LD_FOR_TARGET_value=
ac_cv_env_LD_set=
ac_cv_env_LD_value=
ac_cv_env_LIBS_set=
ac_cv_env_LIBS_value=
ac_cv_env_LIPO_FOR_TARGET_set=
ac_cv_env_LIPO_FOR_TARGET_value=
ac_cv_env_LIPO_set=
ac_cv_env_LIPO_value=
ac_cv_env_NM_FOR_TARGET_set=
ac_cv_env_NM_FOR_TARGET_value=
ac_cv_env_NM_set=
ac_cv_env_NM_value=
ac_cv_env_OBJCOPY_set=
ac_cv_env_OBJCOPY_value=
ac_cv_env_OBJDUMP_FOR_TARGET_set=
ac_cv_env_OBJDUMP_FOR_TARGET_value=
ac_cv_env_OBJDUMP_set=
ac_cv_env_OBJDUMP_value=
ac_cv_env_RANLIB_FOR_TARGET_set=
ac_cv_env_RANLIB_FOR_TARGET_value=
ac_cv_env_RANLIB_set=
ac_cv_env_RANLIB_value=
ac_cv_env_STRIP_FOR_TARGET_set=
ac_cv_env_STRIP_FOR_TARGET_value=
ac_cv_env_STRIP_set=
ac_cv_env_STRIP_value=
ac_cv_env_WINDMC_FOR_TARGET_set=
ac_cv_env_WINDMC_FOR_TARGET_value=
ac_cv_env_WINDMC_set=
ac_cv_env_WINDMC_value=
ac_cv_env_WINDRES_FOR_TARGET_set=
ac_cv_env_WINDRES_FOR_TARGET_value=
ac_cv_env_WINDRES_set=
ac_cv_env_WINDRES_value=
ac_cv_env_build_alias_set=
ac_cv_env_build_alias_value=
ac_cv_env_build_configargs_set=
ac_cv_env_build_configargs_value=
ac_cv_env_host_alias_set=
ac_cv_env_host_alias_value=
ac_cv_env_host_configargs_set=
ac_cv_env_host_configargs_value=
ac_cv_env_target_alias_set=set
ac_cv_env_target_alias_value=sparc64-pc-xomb
ac_cv_env_target_configargs_set=
ac_cv_env_target_configargs_value=
ac_cv_host=x86_64-unknown-linux-gnu
ac_cv_lib_pwl_PWL_handle_timeout=yes
ac_cv_objext=o
ac_cv_path_AR_FOR_TARGET=/home/edf12/buildtools_cross/local/sparc64-pc-xomb/bin/ar
ac_cv_path_AS_FOR_TARGET=/home/edf12/buildtools_cross/local/sparc64-pc-xomb/bin/as
ac_cv_path_LD_FOR_TARGET=/home/edf12/buildtools_cross/local/sparc64-pc-xomb/bin/ld
ac_cv_path_NM_FOR_TARGET=/home/edf12/buildtools_cross/local/sparc64-pc-xomb/bin/nm
ac_cv_path_OBJDUMP_FOR_TARGET=/home/edf12/buildtools_cross/local/sparc64-pc-xomb/bin/objdump
ac_cv_path_RANLIB_FOR_TARGET=/home/edf12/buildtools_cross/local/sparc64-pc-xomb/bin/ranlib
ac_cv_path_SED=/bin/sed
ac_cv_path_STRIP_FOR_TARGET=/home/edf12/buildtools_cross/local/sparc64-pc-xomb/bin/strip
ac_cv_path_install='/bin/install -c'
ac_cv_prog_AR=ar
ac_cv_prog_AS=as
ac_cv_prog_AWK=gawk
ac_cv_prog_BISON=bison
ac_cv_prog_EXPECT=expect
ac_cv_prog_FLEX=flex
ac_cv_prog_LD=ld
ac_cv_prog_LEX=flex
ac_cv_prog_M4=m4
ac_cv_prog_MAKEINFO=makeinfo
ac_cv_prog_NM=nm
ac_cv_prog_OBJCOPY=objcopy
ac_cv_prog_OBJDUMP=objdump
ac_cv_prog_RANLIB=ranlib
ac_cv_prog_STRIP=strip
ac_cv_prog_YACC='bison -y'
ac_cv_prog_ac_ct_CC=gcc
ac_cv_prog_ac_ct_CXX=g++
ac_cv_prog_cc_c89=
ac_cv_prog_cc_g=yes
ac_cv_prog_cxx_g=yes
ac_cv_target=sparc64-pc-xomb
acx_cv_cc_gcc_supports_ada=no
acx_cv_prog_LN=ln
gcc_cv_cloog_type=no
gcc_cv_prog_cmp_skip='cmp --ignore-initial=16 $$f1 $$f2'
gcc_cv_tool_dirs=/home/edf12/buildtools_cross/local/libexec/gcc/sparc64-pc-xomb/4.6.1:/home/edf12/buildtools_cross/local/libexec/gcc/sparc64-pc-xomb:/usr/lib/gcc/sparc64-pc-xomb/4.6.1:/usr/lib/gcc/sparc64-pc-xomb:/home/edf12/buildtools_cross/local/sparc64-pc-xomb/bin/sparc64-pc-xomb/4.6.1:/home/edf12/buildtools_cross/local/sparc64-pc-xomb/bin:
gcc_cv_tool_prefix=/home/edf12/buildtools_cross/local
lt_cv_objdir=.libs

## ----------------- ##
## Output variables. ##
## ----------------- ##

AR='ar'
AR_FOR_BUILD='$(AR)'
AR_FOR_TARGET='/home/edf12/buildtools_cross/local/sparc64-pc-xomb/bin/ar'
AS='as'
AS_FOR_BUILD='$(AS)'
AS_FOR_TARGET='/home/edf12/buildtools_cross/local/sparc64-pc-xomb/bin/as'
AWK='gawk'
BISON='bison'
BUILD_CONFIG=''
CC='gcc'
CC_FOR_BUILD='$(CC)'
CC_FOR_TARGET='$$r/$(HOST_SUBDIR)/gcc/xgcc -B$$r/$(HOST_SUBDIR)/gcc/'
CFLAGS='-g -O2'
CFLAGS_FOR_BUILD='-g -O2'
CFLAGS_FOR_TARGET='-g -O2'
COMPILER_AS_FOR_TARGET='$$r/$(HOST_SUBDIR)/gcc/as'
COMPILER_LD_FOR_TARGET='$$r/$(HOST_SUBDIR)/gcc/collect-ld'
COMPILER_NM_FOR_TARGET='$$r/$(HOST_SUBDIR)/gcc/nm'
CONFIGURE_GDB_TK=''
CPPFLAGS=''
CXX='g++'
CXXFLAGS='-g -O2'
CXXFLAGS_FOR_BUILD='-g -O2'
CXXFLAGS_FOR_TARGET='-g -O2'
CXX_FOR_BUILD='$(CXX)'
CXX_FOR_TARGET='$$r/$(HOST_SUBDIR)/gcc/g++ -B$$r/$(HOST_SUBDIR)/gcc/ -nostdinc++ `if test -f $$r/$(TARGET_SUBDIR)/libstdc++-v3/scripts/testsuite_flags; then $(SHELL) $$r/$(TARGET_SUBDIR)/libstdc++-v3/scripts/testsuite_flags --build-includes; else echo -funconfigured-libstdc++-v3 ; fi` -L$$r/$(TARGET_SUBDIR)/libstdc++-v3/src -L$$r/$(TARGET_SUBDIR)/libstdc++-v3/src/.libs'
DEBUG_PREFIX_CFLAGS_FOR_TARGET=''
DEFS='-DPACKAGE_NAME=\"\" -DPACKAGE_TARNAME=\"\" -DPACKAGE_VERSION=\"\" -DPACKAGE_STRING=\"\" -DPACKAGE_BUGREPORT=\"\" -DPACKAGE_URL=\"\" -DLT_OBJDIR=\".libs/\"'
DLLTOOL='dlltool'
DLLTOOL_FOR_BUILD='$(DLLTOOL)'
DLLTOOL_FOR_TARGET='sparc64-pc-xomb-dlltool'
ECHO_C=''
ECHO_N='-n'
ECHO_T=''
EXEEXT=''
EXPECT='expect'
FLAGS_FOR_TARGET=' -B$(build_tooldir)/bin/ -B$(build_tooldir)/lib/ -isystem $(build_tooldir)/include -isystem $(build_tooldir)/sys-include'
FLEX='flex'
GCC_FOR_TARGET='$$r/$(HOST_SUBDIR)/gcc/xgcc -B$$r/$(HOST_SUBDIR)/gcc/'
GCC_SHLIB_SUBDIR=''
GCJ_FOR_BUILD='$(GCJ)'
GCJ_FOR_TARGET='sparc64-pc-xomb-gcj'
GDB_TK=''
GFORTRAN_FOR_BUILD='$(GFORTRAN)'
GFORTRAN_FOR_TARGET='sparc64-pc-xomb-gfortran'
GNATBIND='no'
GNATMAKE='no'
GOC_FOR_BUILD='$(GOC)'
GOC_FOR_TARGET='sparc64-pc-xomb-gccgo'
INSTALL_DATA='${INSTALL} -m 644'
INSTALL_GDB_TK=''
INSTALL_PROGRAM='${INSTALL}'
INSTALL_SCRIPT='${INSTALL}'
LD='ld'
LDFLAGS=''
LDFLAGS_FOR_BUILD=''
LD_FOR_BUILD='$(LD)'
LD_FOR_TARGET='/home/edf12/buildtools_cross/local/sparc64-pc-xomb/bin/ld'
LEX='flex'
LIBOBJS=''
LIBS=''
LIPO='lipo'
LIPO_FOR_TARGET='sparc64-pc-xomb-lipo'
LN='ln'
LN_S='ln -s'
LTLIBOBJS=''
M4='m4'
MAINT='#'
MAINTAINER_MODE_FALSE=''
MAINTAINER_MODE_TRUE='#'
MAKEINFO='makeinfo'
NM='nm'
NM_FOR_BUILD='$(NM)'
NM_FOR_TARGET='/home/edf12/buildtools_cross/local/sparc64-pc-xomb/bin/nm'
OBJCOPY='objcopy'
OBJDUMP='objdump'
OBJDUMP_FOR_TARGET='/home/edf12/buildtools_cross/local/sparc64-pc-xomb/bin/objdump'
OBJEXT='o'
PACKAGE_BUGREPORT=''
PACKAGE_NAME=''
PACKAGE_STRING=''
PACKAGE_TARNAME=''
PACKAGE_URL=''
PACKAGE_VERSION=''
PATH_SEPARATOR=':'
RANLIB='ranlib'
RANLIB_FOR_BUILD='$(RANLIB)'
RANLIB_FOR_TARGET='/home/edf12/buildtools_cross/local/sparc64-pc-xomb/bin/ranlib'
RAW_CXX_FOR_TARGET='$$r/$(HOST_SUBDIR)/gcc/xgcc -shared-libgcc -B$$r/$(HOST_SUBDIR)/gcc -nostdinc++ -L$$r/$(TARGET_SUBDIR)/libstdc++-v3/src -L$$r/$(TARGET_SUBDIR)/libstdc++-v3/src/.libs'
RPATH_ENVVAR='LD_LIBRARY_PATH'
RUNTEST='runtest'
SED='/bin/sed'
SHELL='/bin/sh'
STRIP='strip'
STRIP_FOR_TARGET='/home/edf12/buildtools_cross/local/sparc64-pc-xomb/bin/strip'
SYSROOT_CFLAGS_FOR_TARGET=''
TOPLEVEL_CONFIGURE_ARGUMENTS='../gcc-4.6.1/configure --target=sparc64-pc-xomb --prefix=/home/edf12/buildtools_cross/local --enable-languages=c,c++ --disable-libssp --with-gmp=/home/edf12/buildtools_cross/local --with-mpfr=/home/edf12/buildtools_cross/local --with-mpc=/home/edf12/buildtools_cross/local --without-headers --disable-nls --with-newlib'
WINDMC='windmc'
WINDMC_FOR_BUILD='$(WINDMC)'
WINDMC_FOR_TARGET='sparc64-pc-xomb-windmc'
WINDRES='windres'
WINDRES_FOR_BUILD='$(WINDRES)'
WINDRES_FOR_TARGET='sparc64-pc-xomb-windres'
YACC='bison -y'
ac_ct_CC='gcc'
ac_ct_CXX='g++'
bindir='${exec_prefix}/bin'
build='x86_64-unknown-linux-gnu'
build_alias=''
build_configargs=' --cache-file=../config.cache '\''--prefix=/home/edf12/buildtools_cross/local'\'' '\''--disable-libssp'\'' '\''--with-gmp=/home/edf12/buildtools_cross/local'\'' '\''--with-mpfr=/home/edf12/buildtools_cross/local'\'' '\''--with-mpc=/home/edf12/buildtools_cross/local'\'' '\''--without-headers'\'' '\''--disable-nls'\'' '\''--with-newlib'\'' '\''--enable-languages=c,c++,lto'\'' --program-transform-name='\''s&^&sparc64-pc-xomb-&'\'' --disable-option-checking'
build_configdirs=' libiberty fixincludes'
build_cpu='x86_64'
build_libsubdir='build-x86_64-unknown-linux-gnu'
build_noncanonical='x86_64-unknown-linux-gnu'
build_os='linux-gnu'
build_subdir='build-x86_64-unknown-linux-gnu'
build_tooldir='${exec_prefix}/sparc64-pc-xomb'
build_vendor='unknown'
clooginc=''
clooglibs=''
compare_exclusions='gcc/cc*-checksum$(objext) | gcc/ada/*tools/*'
config_shell='/bin/sh'
configdirs=' intl libiberty zlib libcpp libdecnumber fixincludes gcc lto-plugin'
datadir='${datarootdir}'
datarootdir='${prefix}/share'
do_compare='cmp --ignore-initial=16 $$f1 $$f2'
docdir='${datarootdir}/doc/${PACKAGE}'
dvidir='${docdir}'
exec_prefix='${prefix}'
extra_host_libiberty_configure_flags='--enable-shared'
extra_mpc_gmp_configure_flags=''
extra_mpc_mpfr_configure_flags=''
extra_mpfr_configure_flags=''
gmpinc='-I/home/edf12/buildtools_cross/local/include -I/home/edf12/buildtools_cross/local/include -I/home/edf12/buildtools_cross/local/include '
gmplibs='-L/home/edf12/buildtools_cross/local/lib -L/home/edf12/buildtools_cross/local/lib -L/home/edf12/buildtools_cross/local/lib -lmpc -lmpfr -lgmp'
host='x86_64-unknown-linux-gnu'
host_alias=''
host_configargs=' --cache-file=./config.cache  '\''--prefix=/home/edf12/buildtools_cross/local'\'' '\''--disable-libssp'\'' '\''--with-gmp=/home/edf12/buildtools_cross/local'\'' '\''--with-mpfr=/home/edf12/buildtools_cross/local'\'' '\''--with-mpc=/home/edf12/buildtools_cross/local'\'' '\''--without-headers'\'' '\''--disable-nls'\'' '\''--with-newlib'\'' '\''--enable-languages=c,c++,lto'\'' --program-transform-name='\''s&^&sparc64-pc-xomb-&'\'' --disable-option-checking'
host_cpu='x86_64'
host_noncanonical='x86_64-unknown-linux-gnu'
host_os='linux-gnu'
host_subdir='.'
host_vendor='unknown'
htmldir='${docdir}'
includedir='${prefix}/include'
infodir='${datarootdir}/info'
libdir='${exec_prefix}/lib'
libexecdir='${exec_prefix}/libexec'
localedir='${datarootdir}/locale'
localstatedir='${prefix}/var'
mandir='${datarootdir}/man'
oldincludedir='/usr/include'
pdfdir='${docdir}'
poststage1_ldflags='-static-libstdc++ -static-libgcc'
poststage1_libs=''
pplinc=''
ppllibs=' -lppl_c -lppl -lpwl -lgmpxx'
prefix='/home/edf12/buildtools_cross/local'
program_transform_name='s&^&sparc64-pc-xomb-&'
psdir='${docdir}'
sbindir='${exec_prefix}/sbin'
sharedstatedir='${prefix}/com'
stage1_cflags='-g -fkeep-inline-functions'
stage1_checking='--enable-checking=yes,types'
stage1_languages='c,lto'
stage1_ldflags=''
stage1_libs=''
stage2_werror_flag=''
sysconfdir='${prefix}/etc'
target='sparc64-pc-xomb'
target_alias='sparc64-pc-xomb'
target_configargs='--cache-file=./config.cache --enable-multilib --with-cross-host=x86_64-unknown-linux-gnu   '\''--prefix=/home/edf12/buildtools_cross/local'\'' '\''--disable-libssp'\'' '\''--without-headers'\'' '\''--disable-nls'\'' '\''--with-newlib'\'' '\''--enable-languages=c,c++,lto'\'' --program-transform-name='\''s&^&sparc64-pc-xomb-&'\'' --disable-option-checking'
target_configdirs=' libgcc libiberty libstdc++-v3 libquadmath'
target_cpu='sparc64'
target_noncanonical='sparc64-pc-xomb'
target_os='xomb'
target_subdir='sparc64-pc-xomb'
target_vendor='pc'
tooldir='${exec_prefix}/sparc64-pc-xomb'

## ------------------- ##
## File substitutions. ##
## ------------------- ##

alphaieee_frag='/dev/null'
host_makefile_frag='/dev/null'
ospace_frag='/dev/null'
serialization_dependencies='serdep.tmp'
target_makefile_frag='/dev/null'

## ----------- ##
## confdefs.h. ##
## ----------- ##

/* confdefs.h */
#define PACKAGE_NAME ""
#define PACKAGE_TARNAME ""
#define PACKAGE_VERSION ""
#define PACKAGE_STRING ""
#define PACKAGE_BUGREPORT ""
#define PACKAGE_URL ""
#define LT_OBJDIR ".libs/"

configure: exit 0
